==== LHAPDF6 USING DEFAULT-TYPE LHAGLUE INTERFACE ====
LHAPDF 6.2.1 loading /cvmfs/cms.cern.ch/slc6_amd64_gcc481/external/lhapdf/6.2.1/share/LHAPDF/NNPDF31_nnlo_as_0118_nf_4/NNPDF31_nnlo_as_0118_nf_4_0000.dat
NNPDF31_nnlo_as_0118_nf_4 PDF set, member #0, version 1; LHAPDF ID = 320900
 A PDF is used, so alpha_s(MZ) is going to be modified
 Old value of alpha_s from param_card:   0.11799999999999999     
 New value of alpha_s from PDF lhapdf :  0.11800240511781991     
 using LHAPDF
WARNING: the value of maxjetflavorspecified in the run_card (  4) is inconsistent with the number of light flavours inthe model. Hence it will be set to:  5
 *****************************************************
 *               MadGraph/MadEvent                   *
 *        --------------------------------           *
 *          http://madgraph.hep.uiuc.edu             *
 *          http://madgraph.phys.ucl.ac.be           *
 *          http://madgraph.roma2.infn.it            *
 *        --------------------------------           *
 *                                                   *
 *          PARAMETER AND COUPLING VALUES            *
 *                                                   *
 *****************************************************

  External Params
  ---------------------------------
  
 MU_R =    91.188000000000002     
 aEWM1 =    132.50700000000001     
 mdl_Gf =    1.1663900000000000E-005
 aS =   0.11799999999999999     
 mdl_ymt =    173.00000000000000     
 mdl_ymtau =    1.7769999999999999     
 mdl_MT =    173.00000000000000     
 mdl_MZ =    91.188000000000002     
 mdl_MH =    125.00000000000000     
 mdl_MTA =    1.7769999999999999     
 mdl_WT =    1.4915000000000000     
 mdl_WZ =    2.4414039999999999     
 mdl_WW =    2.0476000000000001     
 mdl_WH =    6.3823389999999999E-003
  Internal Params
  ---------------------------------
  
 mdl_conjg__CKM3x3 =    1.0000000000000000     
 mdl_CKM22 =    1.0000000000000000     
 mdl_I4x33 =    0.0000000000000000     
 mdl_I1x33 =    0.0000000000000000     
 mdl_lhv =    1.0000000000000000     
 mdl_CKM3x3 =    1.0000000000000000     
 mdl_conjg__CKM22 =    1.0000000000000000     
 mdl_conjg__CKM33 =    1.0000000000000000     
 mdl_Ncol =    3.0000000000000000     
 mdl_CA =    3.0000000000000000     
 mdl_TF =   0.50000000000000000     
 mdl_CF =    1.3333333333333333     
 mdl_complexi =  (  0.0000000000000000     ,  1.0000000000000000     )
 mdl_MZ__exp__2 =    8315.2513440000002     
 mdl_MZ__exp__4 =    69143404.913893804     
 mdl_sqrt__2 =    1.4142135623730951     
 mdl_MH__exp__2 =    15625.000000000000     
 mdl_Ncol__exp__2 =    9.0000000000000000     
 mdl_MT__exp__2 =    29929.000000000000     
 mdl_aEW =    7.5467711139788835E-003
 mdl_MW =    80.419002445756163     
 mdl_sqrt__aEW =    8.6872153846781555E-002
 mdl_ee =   0.30795376724436879     
 mdl_MW__exp__2 =    6467.2159543705357     
 mdl_sw2 =   0.22224648578577766     
 mdl_cw =   0.88190334743339216     
 mdl_sqrt__sw2 =   0.47143025548407230     
 mdl_sw =   0.47143025548407230     
 mdl_g1 =   0.34919219678733299     
 mdl_gw =   0.65323293034757990     
 mdl_v =    246.21845810181637     
 mdl_v__exp__2 =    60623.529110035903     
 mdl_lam =   0.12886910601690263     
 mdl_yt =   0.99366614581500623     
 mdl_ytau =    1.0206617000654717E-002
 mdl_muH =    88.388347648318430     
 mdl_AxialZUp =  -0.18517701861793787     
 mdl_AxialZDown =   0.18517701861793787     
 mdl_VectorZUp =    7.5430507588273299E-002
 mdl_VectorZDown =  -0.13030376310310560     
 mdl_VectorAUp =   0.20530251149624587     
 mdl_VectorADown =  -0.10265125574812294     
 mdl_VectorWmDxU =   0.23095271737156670     
 mdl_AxialWmDxU =  -0.23095271737156670     
 mdl_VectorWpUxD =   0.23095271737156670     
 mdl_AxialWpUxD =  -0.23095271737156670     
 mdl_I2x33 =  ( 0.99366614581500623     ,  0.0000000000000000     )
 mdl_I3x33 =  ( 0.99366614581500623     ,  0.0000000000000000     )
 mdl_Vector_tbGp =  (-0.99366614581500623     ,  0.0000000000000000     )
 mdl_Axial_tbGp =  (-0.99366614581500623     , -0.0000000000000000     )
 mdl_Vector_tbGm =  ( 0.99366614581500623     ,  0.0000000000000000     )
 mdl_Axial_tbGm =  (-0.99366614581500623     ,  0.0000000000000000     )
 mdl_gw__exp__2 =   0.42671326129048615     
 mdl_cw__exp__2 =   0.77775351421422245     
 mdl_ee__exp__2 =    9.4835522759998875E-002
 mdl_sw__exp__2 =   0.22224648578577769     
 mdl_yt__exp__2 =   0.98737240933884918     
  Internal Params evaluated point by point
  ----------------------------------------
  
 mdl_sqrt__aS =   0.34351128074635334     
 mdl_G__exp__4 =    2.1987899468922913     
 mdl_G__exp__2 =    1.4828317324943823     
 mdl_R2MixedFactor_FIN_ =   -2.5040377713124864E-002
 mdl_G_UVg_1EPS_ =   -5.1645779033320030E-002
 mdl_G_UVq_1EPS_ =    3.1300472141406080E-003
 mdl_GWcft_UV_t_1EPS_ =   -3.1300472141406080E-003
 mdl_tWcft_UV_1EPS_ =   -1.8780283284843650E-002
 mdl_G__exp__3 =    1.8056676068262196     
 mdl_MU_R__exp__2 =    8315.2513440000002     
 mdl_G_UVt_FIN_ =   -4.0087659331150384E-003
 mdl_GWcft_UV_t_FIN_ =    4.0087659331150384E-003
 mdl_tWcft_UV_FIN_ =   -9.8778211443463623E-004
  Couplings of loop_sm-no_b_mass
  ---------------------------------
  
      UV_GQQt =   0.00000E+00  -0.48815E-02
   UVWfct_G_2 =   0.40088E-02   0.00000E+00
       R2_DDA =   0.00000E+00   0.25704E-02
       R2_UUA =  -0.00000E+00  -0.51409E-02
    R2_DDZ_V2 =   0.00000E+00   0.72127E-02
    R2_UUZ_V2 =  -0.00000E+00  -0.72127E-02
    R2_UUZ_V5 =   0.00000E+00   0.68702E-03
      R2_GGHt =   0.00000E+00  -0.45657E+01
     R2_GGZup =  -0.46369E-02   0.00000E+00
   R2_GGZdown =   0.46369E-02   0.00000E+00
    R2_GGZAup =   0.00000E+00   0.19389E-03
  R2_GGZAdown =   0.00000E+00   0.16747E-03
  R2_GGAAdown =   0.00000E+00   0.13193E-03
    R2_GGAAup =   0.00000E+00   0.52771E-03
         GC_4 =  -0.12177E+01   0.00000E+00
         GC_5 =   0.00000E+00   0.12177E+01
       R2_GQQ =  -0.00000E+00  -0.30492E-01
       R2_QQq =   0.00000E+00   0.12520E-01
 UV_GQQg_1eps =   0.00000E+00  -0.62890E-01
 UV_GQQq_1eps =   0.00000E+00   0.38115E-02
 UVWfct_G_2_1eps -0.31300E-02   0.00000E+00
         GC_1 =  -0.00000E+00  -0.10265E+00
         GC_2 =   0.00000E+00   0.20530E+00
        GC_21 =  -0.00000E+00  -0.28804E+00
        GC_22 =   0.00000E+00   0.28804E+00
        GC_23 =  -0.00000E+00  -0.27437E-01
        GC_24 =   0.00000E+00   0.82310E-01
        GC_37 =  -0.00000E+00  -0.70263E+00
        GC_38 =  -0.00000E+00  -0.72172E-02
      GC_1003 =  -0.00000E+00  -0.30795E+00

 Collider parameters:
 --------------------

 Running at P P   machine @    13000.000000000000       GeV
 PDF set = lhapdf 
 alpha_s(Mz)= 0.1180 running at 3 loops.
 alpha_s(Mz)= 0.1180 running at 3 loops.
 Renormalization scale set on event-by-event basis
 Factorization   scale set on event-by-event basis


 ===============================================================
 INFO: MadFKS read these parameters from FKS_params.dat
 ===============================================================
  > IRPoleCheckThreshold      =    1.0000000000000001E-005
  > PrecisionVirtualAtRunTime =    1.0000000000000000E-003
  > NHelForMCoverHels         =            4
  > VirtualFraction           =    1.0000000000000000     
  > MinVirtualFraction        =    5.0000000000000001E-003
 ===============================================================
  Insert the number of points to test
 Insert the relative tolerance
  A negative number will mean use the default one:    1.0000000000000001E-005
Using random seed offsets:     1 ,     13 ,      0
  with seed                   32
 Ranmar initialization seeds       10730        9419
  ========================================================================================== 
 {                                                                                          }
 {       [32m                                                                            [0m       }
 {       [32m                               ,,                                           [0m       }
 {       [32m`7MMM.     ,MMF'             `7MM  `7MMF'                                   [0m       }
 {       [32m  MMMb    dPMM                 MM    MM                                     [0m       }
 {       [32m  M YM   ,M MM   ,6"Yb.   ,M""bMM    MM         ,pW"Wq.   ,pW"Wq.`7MMpdMAo. [0m       }
 {       [32m  M  Mb  M' MM  8)   MM ,AP    MM    MM        6W'   `Wb 6W'   `Wb MM   `Wb [0m       }
 {       [32m  M  YM.P'  MM   ,pm9MM 8MI    MM    MM      , 8M     M8 8M     M8 MM    M8 [0m       }
 {       [32m  M  `YM'   MM  8M   MM `Mb    MM    MM     ,M YA.   ,A9 YA.   ,A9 MM   ,AP [0m       }
 {       [32m.JML. `'  .JMML.`Moo9^Yo.`Wbmd"MML..JMMmmmmMMM  `Ybmd9'   `Ybmd9'  MMbmmd'  [0m       }
 {       [32m                                                                   MM       [0m       }
 {       [32m                                                                 .JMML.     [0m       }
 {       [32m[0mv2.6.1 (2017-12-12), Ref: arXiv:1103.0621v2, arXiv:1405.0301[32m                [0m       }
 {       [32m                                                                            [0m       }
 {                                                                                          }
  ========================================================================================== 
 ===============================================================
 INFO: MadLoop read these parameters from ./MadLoop5_resources/MadLoopParams.dat                                                                                                                                                                                                                                                                                                                                                                                                                                                                                          
 ===============================================================
  > MLReductionLib            = 6|7|1
  > CTModeRun                 =           -1
  > MLStabThres               =    1.0000000000000000E-003
  > NRotations_DP             =            0
  > NRotations_QP             =            0
  > CTStabThres               =    1.0000000000000000E-002
  > CTLoopLibrary             =            2
  > CTModeInit                =            1
  > CheckCycle                =            3
  > MaxAttempts               =           10
  > UseLoopFilter             =  F
  > HelicityFilterLevel       =            2
  > ImprovePSPoint            =            2
  > DoubleCheckHelicityFilter =  T
  > LoopInitStartOver         =  F
  > HelInitStartOver          =  F
  > ZeroThres                 =    1.0000000000000001E-009
  > OSThres                   =    1.0000000000000000E-008
  > WriteOutFilters           =  T
  > UseQPIntegrandForNinja    =  T
  > UseQPIntegrandForCutTools =  T
  > IREGIMODE                 =            2
  > IREGIRECY                 =  T
  > COLLIERMode               =            1
  > COLLIERRequiredAccuracy   =    1.0000000000000000E-008
  > COLLIERCanOutput          =  F
  > COLLIERComputeUVpoles     =  T
  > COLLIERComputeIRpoles     =  T
  > COLLIERGlobalCache        =           -1
  > COLLIERUseCacheForPoles   =  F
  > COLLIERUseInternalStabilityTest =  T
 ===============================================================
  
------------------------------------------------------------------------
|              You are using CutTools - Version 1.9.3                  |
|              Authors: G. Ossola, C. Papadopoulos, R. Pittau          |
|              Published in JHEP 0803:042,2008                         |
|              http://www.ugr.es/~pittau/CutTools                      |
|                                                                      |
|              Compiler with  34  significant digits detetected        |
 ---------------------------------------------------------------------- 
   
########################################################################
#                                                                      #
#                      You are using OneLOop-3.6                       #
#                                                                      #
# for the evaluation of 1-loop scalar 1-, 2-, 3- and 4-point functions #
#                                                                      #
# author: Andreas van Hameren <hamerenREMOVETHIS@ifj.edu.pl>           #
#   date: 18-02-2015                                                   #
#                                                                      #
# Please cite                                                          #
#    A. van Hameren,                                                   #
#      Comput.Phys.Commun. 182 (2011) 2427-2438, arXiv:1007.4716       #
#    A. van Hameren, C.G. Papadopoulos and R. Pittau,                  #
#      JHEP 0909:106,2009, arXiv:0903.4665                             #
# in publications with results obtained with the help of this program. #
#                                                                      #
########################################################################
 PASSED   1.0000000000000001E-005
 MU_R    =    325.00000000000000     
 ALPHA_S =   0.11799999999999999     
 BORN                    8.1057163831103426E-012
 SINGLE POLE (MadFKS)   -1.1235880093236861E-012
 DOUBLE POLE (MadFKS)   -8.6262334944132606E-013
 SINGLE POLE (MadLoop)  -1.1235880093236443E-012
 DOUBLE POLE (MadLoop)  -8.6262334944132545E-013
 FINITE PART (MadLoop)   1.8445043489109127E-013
   325.00000000000000        0.0000000000000000        0.0000000000000000        325.00000000000000        0.0000000000000000     
   325.00000000000000        0.0000000000000000        0.0000000000000000       -325.00000000000000        0.0000000000000000     
   122.94899044145242        17.510239910951512        111.98407034940323        47.638364128223330        0.0000000000000000     
   182.51632112831871        115.07943941437411        119.16099208752550       -76.613236891581892        0.0000000000000000     
   227.29846710254233       -170.69774100407417       -144.57909442601871       -40.295903243678559        0.0000000000000000     
   117.23622132768659        38.108061678748570       -86.565968010910012        69.270776007037156        0.0000000000000000     

 PASSED   1.0000000000000001E-005
 MU_R    =    325.00000000000000     
 ALPHA_S =   0.11799999999999999     
 BORN                    7.6087635703585561E-013
 SINGLE POLE (MadFKS)   -1.0091773086246878E-014
 DOUBLE POLE (MadFKS)   -8.0973683335948162E-014
 SINGLE POLE (MadLoop)  -1.0091773016251233E-014
 DOUBLE POLE (MadLoop)  -8.0973683335952844E-014
 FINITE PART (MadLoop)   1.4599543745365900E-012
   325.00000000000000        0.0000000000000000        0.0000000000000000        325.00000000000000        0.0000000000000000     
   325.00000000000000        0.0000000000000000        0.0000000000000000       -325.00000000000000        0.0000000000000000     
   236.34213940946663        23.727318938697902        4.8707374747965861        235.09763315073303        0.0000000000000000     
   118.59604008979684        33.844172283688259        110.79999629875886       -25.356528697906530        0.0000000000000000     
   168.19717843377020       -60.321573625601516       -132.62056787166500       -84.043938304970951        0.0000000000000000     
   126.86464206696644        2.7500824032152869        16.949834098109523       -125.69716614785553        0.0000000000000000     

 PASSED   1.0000000000000001E-005
 MU_R    =    325.00000000000000     
 ALPHA_S =   0.11799999999999999     
 BORN                    7.1847037178064262E-012
 SINGLE POLE (MadFKS)   -8.9667698005017568E-013
 DOUBLE POLE (MadFKS)   -7.6460770311575298E-013
 SINGLE POLE (MadLoop)  -8.9667698005061704E-013
 DOUBLE POLE (MadLoop)  -7.6460770311575288E-013
 FINITE PART (MadLoop)   3.1983825219728875E-013
   325.00000000000000        0.0000000000000000        0.0000000000000000        325.00000000000000        0.0000000000000000     
   325.00000000000000        0.0000000000000000        0.0000000000000000       -325.00000000000000        0.0000000000000000     
   188.85381749271505       -27.232477742668266       -162.44326690497837        92.392324220168703        0.0000000000000000     
   230.76839644371427       -133.44696835126859        186.05104550284972        28.826513877944752        0.0000000000000000     
   164.35115779636615        98.140468031072331       -5.2247853391504915       -131.72871069667357        0.0000000000000000     
   66.026628267204387        62.538978062864537       -18.382993258720866        10.509872598560177        0.0000000000000000     

 PASSED   1.0000000000000001E-005
 MU_R    =    325.00000000000000     
 ALPHA_S =   0.11799999999999999     
 BORN                    2.0547603207103587E-012
 SINGLE POLE (MadFKS)   -6.3593586010856375E-014
 DOUBLE POLE (MadFKS)   -2.1867089179724811E-013
 SINGLE POLE (MadLoop)  -6.3593586010794238E-014
 DOUBLE POLE (MadLoop)  -2.1867089179724854E-013
 FINITE PART (MadLoop)   1.6158056790051957E-013
   325.00000000000000        0.0000000000000000        0.0000000000000000        325.00000000000000        0.0000000000000000     
   325.00000000000000        0.0000000000000000        0.0000000000000000       -325.00000000000000        0.0000000000000000     
   128.86774078730917       -7.6054537883067495       -91.467548332666553       -90.458494848799887        0.0000000000000000     
   241.87888436000711        119.63972225538720        133.62339363854312        162.28530503534336        0.0000000000000000     
   92.059649368646049        37.234131839871125       -76.158048639740812        35.896379976204017        0.0000000000000000     
   187.19372548403760       -149.26840030695158        34.002203333864252       -107.72319016274750        0.0000000000000000     

 PASSED   1.0000000000000001E-005
 MU_R    =    325.00000000000000     
 ALPHA_S =   0.11799999999999999     
 BORN                    5.0893918634488183E-011
 SINGLE POLE (MadFKS)   -1.1858719631028056E-012
 DOUBLE POLE (MadFKS)   -5.4162125201116690E-012
 SINGLE POLE (MadLoop)  -1.1858719631154070E-012
 DOUBLE POLE (MadLoop)  -5.4162125201107465E-012
 FINITE PART (MadLoop)  -6.9257572465912240E-012
   325.00000000000000        0.0000000000000000        0.0000000000000000        325.00000000000000        0.0000000000000000     
   325.00000000000000        0.0000000000000000        0.0000000000000000       -325.00000000000000        0.0000000000000000     
   296.77435985579541       -147.25554896803584       -96.722811437212158        238.82110818271707        0.0000000000000000     
   71.980589826258040        70.407501900931010       -12.979367359056926        7.4515106364446382        0.0000000000000000     
   137.11131229872072        45.383755511283439        59.575980939316217       -114.85002912967674        0.0000000000000000     
   144.13373801922583        31.464291555821394        50.126197856952849       -131.42258968948494        0.0000000000000000     

 PASSED   1.0000000000000001E-005
 MU_R    =    325.00000000000000     
 ALPHA_S =   0.11799999999999999     
 BORN                    1.9190015728947050E-010
 SINGLE POLE (MadFKS)   -1.9671325843110619E-011
 DOUBLE POLE (MadFKS)   -2.0422322792379756E-011
 SINGLE POLE (MadLoop)  -1.9671325843119476E-011
 DOUBLE POLE (MadLoop)  -2.0422322792392070E-011
 FINITE PART (MadLoop)  -4.4565153770587088E-011
   325.00000000000000        0.0000000000000000        0.0000000000000000        325.00000000000000        0.0000000000000000     
   325.00000000000000        0.0000000000000000        0.0000000000000000       -325.00000000000000        0.0000000000000000     
   192.99689862515712       -177.65146330995404        6.0561369098282984        75.173690001826202        0.0000000000000000     
   141.48074297672818       -121.98946056762929        68.783850021713604       -20.103584751388020        0.0000000000000000     
   232.41457295694434        219.84310045678862       -51.619305958454412       -54.963552984433321        0.0000000000000000     
   83.107785441170478        79.797823420794671       -23.220680973087518      -0.10655226600484423        0.0000000000000000     

 PASSED   1.0000000000000001E-005
 MU_R    =    325.00000000000000     
 ALPHA_S =   0.11799999999999999     
 BORN                    8.4645699437060834E-012
 SINGLE POLE (MadFKS)   -3.0505042600076433E-013
 DOUBLE POLE (MadFKS)   -9.0081312142064869E-013
 SINGLE POLE (MadLoop)  -3.0505042600089444E-013
 DOUBLE POLE (MadLoop)  -9.0081312142064294E-013
 FINITE PART (MadLoop)   8.6272217373688695E-013
   325.00000000000000        0.0000000000000000        0.0000000000000000        325.00000000000000        0.0000000000000000     
   325.00000000000000        0.0000000000000000        0.0000000000000000       -325.00000000000000        0.0000000000000000     
   124.82994958087248       -34.810123816985914       -118.00384651320121        21.115487214320474        0.0000000000000000     
   238.14111847894355        232.32933387919584        20.101213947680915        48.272291508493254        0.0000000000000000     
   69.555194630849698       -51.459329906884292       -46.770560398534059        1.5417994930946584        0.0000000000000000     
   217.47373730933407       -146.05988015532563        144.67319296405429       -70.929578215908379        0.0000000000000000     

 PASSED   1.0000000000000001E-005
 MU_R    =    325.00000000000000     
 ALPHA_S =   0.11799999999999999     
 BORN                    1.0341737307333683E-010
 SINGLE POLE (MadFKS)   -2.2284227005396236E-011
 DOUBLE POLE (MadFKS)   -1.1005842856385888E-011
 SINGLE POLE (MadLoop)  -2.2284227005394248E-011
 DOUBLE POLE (MadLoop)  -1.1005842856385933E-011
 FINITE PART (MadLoop)   9.4458119681251311E-012
   325.00000000000000        0.0000000000000000        0.0000000000000000        325.00000000000000        0.0000000000000000     
   325.00000000000000        0.0000000000000000        0.0000000000000000       -325.00000000000000        0.0000000000000000     
   178.25139239642525       -158.27508171052787       -15.763390494831906       -80.461623901693116        0.0000000000000000     
   173.46156584059889        146.00180419061428        23.954118210691966       -90.546055782160607        0.0000000000000000     
   77.731245125693391        12.833331904537697        67.630427666404714       -36.105087102481903        0.0000000000000000     
   220.55579663728264      -0.56005438462410473       -75.821155382264791        207.11276678633564        0.0000000000000000     

 PASSED   1.0000000000000001E-005
 MU_R    =    325.00000000000000     
 ALPHA_S =   0.11799999999999999     
 BORN                    6.3499399831317172E-013
 SINGLE POLE (MadFKS)   -8.2277615355634776E-014
 DOUBLE POLE (MadFKS)   -6.7577080644149077E-014
 SINGLE POLE (MadLoop)  -8.2277615355587545E-014
 DOUBLE POLE (MadLoop)  -6.7577080644149152E-014
 FINITE PART (MadLoop)   5.5501129226402545E-014
   325.00000000000000        0.0000000000000000        0.0000000000000000        325.00000000000000        0.0000000000000000     
   325.00000000000000        0.0000000000000000        0.0000000000000000       -325.00000000000000        0.0000000000000000     
   186.08834135624252       -57.422683888548725        93.878936375965694       -150.06082589626988        0.0000000000000000     
   153.89777615774591       -47.179962108542171       -145.55151423735978        16.532797251156531        0.0000000000000000     
   178.05476521399208        67.866867889553518        153.85222043549206        58.541283939972530        0.0000000000000000     
   131.95911727201954        36.735778107537392       -102.17964257409798        74.986744705140850        0.0000000000000000     

 PASSED   1.0000000000000001E-005
 MU_R    =    325.00000000000000     
 ALPHA_S =   0.11799999999999999     
 BORN                    7.1838557264922621E-012
 SINGLE POLE (MadFKS)   -9.9086457943743836E-013
 DOUBLE POLE (MadFKS)   -7.6451745851883536E-013
 SINGLE POLE (MadLoop)  -9.9086457943757589E-013
 DOUBLE POLE (MadLoop)  -7.6451745851884232E-013
 FINITE PART (MadLoop)   1.8345491383863046E-012
   325.00000000000000        0.0000000000000000        0.0000000000000000        325.00000000000000        0.0000000000000000     
   325.00000000000000        0.0000000000000000        0.0000000000000000       -325.00000000000000        0.0000000000000000     
   211.85749118934874       -33.524277814607743       -67.307810575467528       -198.06407550485011        0.0000000000000000     
   100.32567592422252        86.965321696238846        31.326325060902434       -38.999172171989564        0.0000000000000000     
   217.13799714276556       -47.728253594211075        132.69723261709615        165.11319773955873        0.0000000000000000     
   120.67883574366307       -5.7127902874200469       -96.715747102531054        71.950049937280951        0.0000000000000000     

 PASSED   1.0000000000000001E-005
 MU_R    =    325.00000000000000     
 ALPHA_S =   0.11799999999999999     
 BORN                    6.1973818532976109E-011
 SINGLE POLE (MadFKS)   -2.0181177857851381E-012
 DOUBLE POLE (MadFKS)   -6.5953532536591138E-012
 SINGLE POLE (MadLoop)  -2.0181177857900491E-012
 DOUBLE POLE (MadLoop)  -6.5953532536592956E-012
 FINITE PART (MadLoop)   3.6439352397102448E-012
   325.00000000000000        0.0000000000000000        0.0000000000000000        325.00000000000000        0.0000000000000000     
   325.00000000000000        0.0000000000000000        0.0000000000000000       -325.00000000000000        0.0000000000000000     
   246.20023636683104        15.768248339168604        212.43285792041110        123.44310271199528        0.0000000000000000     
   12.724990151443730        12.008646974962566       -3.4624120444664381       -2.3936321813085732        0.0000000000000000     
   251.00545792374814       -107.84034039437677       -226.53570982817999       -7.4681365666459820        0.0000000000000000     
   140.06931555797709        80.063445080245586        17.565263952235338       -113.58133396404075        0.0000000000000000     

 PASSED   1.0000000000000001E-005
 MU_R    =    325.00000000000000     
 ALPHA_S =   0.11799999999999999     
 BORN                    3.8490748068664238E-010
 SINGLE POLE (MadFKS)   -5.5349434874785294E-011
 DOUBLE POLE (MadFKS)   -4.0962471979253566E-011
 SINGLE POLE (MadLoop)  -5.5349434874501707E-011
 DOUBLE POLE (MadLoop)  -4.0962471979248693E-011
 FINITE PART (MadLoop)   2.8496481710978984E-011
   325.00000000000000        0.0000000000000000        0.0000000000000000        325.00000000000000        0.0000000000000000     
   325.00000000000000        0.0000000000000000        0.0000000000000000       -325.00000000000000        0.0000000000000000     
   309.83124788816593       -184.37944114057063       -171.29734740733508       -180.71204338349912        0.0000000000000000     
   306.91410644387400        156.68324306619161        184.62059796632312        188.57853770527441        0.0000000000000000     
   10.750333757256023        9.7132542679133174       -4.1234105811797885        2.0542279810859840        0.0000000000000000     
   22.504311910704399        17.982943806465734       -9.1998399778082316       -9.9207223028612539        0.0000000000000000     

 PASSED   1.0000000000000001E-005
 MU_R    =    325.00000000000000     
 ALPHA_S =   0.11799999999999999     
 BORN                    1.7003513658534819E-009
 SINGLE POLE (MadFKS)   -5.7565570288914204E-010
 DOUBLE POLE (MadFKS)   -1.8095412189549555E-010
 SINGLE POLE (MadLoop)  -5.7565570288924151E-010
 DOUBLE POLE (MadLoop)  -1.8095412189551299E-010
 FINITE PART (MadLoop)  -5.1019996072257864E-010
   325.00000000000000        0.0000000000000000        0.0000000000000000        325.00000000000000        0.0000000000000000     
   325.00000000000000        0.0000000000000000        0.0000000000000000       -325.00000000000000        0.0000000000000000     
   66.313405079200109        21.539847493364562       -14.563955335413061        61.003228342021153        0.0000000000000000     
   302.40242977429023       -99.208335470947262       -70.577647580175480       -276.80991920183618        0.0000000000000000     
   99.431383353241003        58.370418347985328        72.274205040475792        35.439152687213252        0.0000000000000000     
   181.85278179326866        19.298069629597382        12.867397875112740        180.36753817260171        0.0000000000000000     

 PASSED   1.0000000000000001E-005
 MU_R    =    325.00000000000000     
 ALPHA_S =   0.11799999999999999     
 BORN                    5.8286847886935412E-011
 SINGLE POLE (MadFKS)   -9.1566668598622973E-012
 DOUBLE POLE (MadFKS)   -6.2029799188843458E-012
 SINGLE POLE (MadLoop)  -9.1566668581678340E-012
 DOUBLE POLE (MadLoop)  -6.2029799188843119E-012
 FINITE PART (MadLoop)   8.1040472776521939E-012
   325.00000000000000        0.0000000000000000        0.0000000000000000        325.00000000000000        0.0000000000000000     
   325.00000000000000        0.0000000000000000        0.0000000000000000       -325.00000000000000        0.0000000000000000     
   223.07328215400912        40.414667908182317        63.072375021476248       -210.11953583135426        0.0000000000000000     
   77.413797565368412        57.387264094601242       -41.436869873975368       -31.346192564258338        0.0000000000000000     
   84.808821387433539        27.140578299327249       -78.890813494928139        15.236953134145878        0.0000000000000000     
   264.70409889318898       -124.94251030211080        57.255308347427274        226.22877526146664        0.0000000000000000     

 PASSED   1.0000000000000001E-005
 MU_R    =    325.00000000000000     
 ALPHA_S =   0.11799999999999999     
 BORN                    2.9102781821276005E-013
 SINGLE POLE (MadFKS)   -2.5435005750139182E-014
 DOUBLE POLE (MadFKS)   -3.0971647595565143E-014
 SINGLE POLE (MadLoop)  -2.5435005750101096E-014
 DOUBLE POLE (MadLoop)  -3.0971647595564935E-014
 FINITE PART (MadLoop)   5.3783950224003401E-016
   325.00000000000000        0.0000000000000000        0.0000000000000000        325.00000000000000        0.0000000000000000     
   325.00000000000000        0.0000000000000000        0.0000000000000000       -325.00000000000000        0.0000000000000000     
   160.05908506823963       -33.669479562172853       -55.713148906733799       -146.22353400800611        0.0000000000000000     
   209.08043783558117       -86.226176637259314        130.42520240573020        138.81261659324340        0.0000000000000000     
   138.58207076069934       -5.4236277743965591       -137.39494599063931       -17.268567234069415        0.0000000000000000     
   142.27840633547981        125.31928397382866        62.682892491642953        24.679484648832144        0.0000000000000000     

 PASSED   1.0000000000000001E-005
 MU_R    =    325.00000000000000     
 ALPHA_S =   0.11799999999999999     
 BORN                    3.4870243101549477E-011
 SINGLE POLE (MadFKS)   -2.1638047890790329E-012
 DOUBLE POLE (MadFKS)   -3.7109472473979637E-012
 SINGLE POLE (MadLoop)  -2.1638047890520837E-012
 DOUBLE POLE (MadLoop)  -3.7109472473979564E-012
 FINITE PART (MadLoop)   9.7538679281124265E-012
   325.00000000000000        0.0000000000000000        0.0000000000000000        325.00000000000000        0.0000000000000000     
   325.00000000000000        0.0000000000000000        0.0000000000000000       -325.00000000000000        0.0000000000000000     
   246.47477111429669       -93.761759058539766       -57.872916306178112        220.47510265857994        0.0000000000000000     
   48.847280465137182       -17.886370869738062        31.460096960272399        32.808487395797712        0.0000000000000000     
   258.37696502865509        169.48832598856069       -22.389689713739013       -193.72936072143713        0.0000000000000000     
   96.300983391911032       -57.840196060282743        48.802509059644706       -59.554229332940537        0.0000000000000000     

 PASSED   1.0000000000000001E-005
 MU_R    =    325.00000000000000     
 ALPHA_S =   0.11799999999999999     
 BORN                    3.9349082137846261E-011
 SINGLE POLE (MadFKS)   -3.7429789204694490E-012
 DOUBLE POLE (MadFKS)   -4.1875924874348924E-012
 SINGLE POLE (MadLoop)  -3.7429789204690064E-012
 DOUBLE POLE (MadLoop)  -4.1875924874350006E-012
Thanks for using LHAPDF 6.2.1. Please make sure to cite the paper:
  Eur.Phys.J. C75 (2015) 3, 132  (http://arxiv.org/abs/1412.7420)
 FINITE PART (MadLoop)  -5.0978278856481901E-013
   325.00000000000000        0.0000000000000000        0.0000000000000000        325.00000000000000        0.0000000000000000     
   325.00000000000000        0.0000000000000000        0.0000000000000000       -325.00000000000000        0.0000000000000000     
   9.0132727135675061      -0.76046659674632389       -8.9181810318137682       -1.0615190286427647        0.0000000000000000     
   298.53206403831985        283.81298535971183        66.893750414045826       -64.006318092285710        0.0000000000000000     
   257.76219752557375       -219.40533665257112       -113.08888064653046        74.253308314846109        0.0000000000000000     
   84.692465722538984       -63.647182110394390        55.113311264298389       -9.1854711939176727        0.0000000000000000     

 PASSED   1.0000000000000001E-005
 MU_R    =    325.00000000000000     
 ALPHA_S =   0.11799999999999999     
 BORN                    9.7003338543707900E-013
 SINGLE POLE (MadFKS)   -5.6923977840053266E-014
 DOUBLE POLE (MadFKS)   -1.0323251005416421E-013
 SINGLE POLE (MadLoop)  -5.6923977840046576E-014
 DOUBLE POLE (MadLoop)  -1.0323251005416422E-013
 FINITE PART (MadLoop)   8.9026857066527964E-014
   325.00000000000000        0.0000000000000000        0.0000000000000000        325.00000000000000        0.0000000000000000     
   325.00000000000000        0.0000000000000000        0.0000000000000000       -325.00000000000000        0.0000000000000000     
   176.00010998455272        121.58806824638380       -117.05990190765108       -49.893483943882600        0.0000000000000000     
   123.86868806636380       -93.665813748763000        80.205482378944950       -11.715281235417335        0.0000000000000000     
   200.25314619477280        24.020472318487485        172.35793207908537        99.081192564094607        0.0000000000000000     
   149.87805575431108       -51.942726816108177       -135.50351255037930       -37.472427384794713        0.0000000000000000     

 PASSED   1.0000000000000001E-005
 MU_R    =    325.00000000000000     
 ALPHA_S =   0.11799999999999999     
 BORN                    1.4628310394549300E-012
 SINGLE POLE (MadFKS)   -1.9990624217117841E-013
 DOUBLE POLE (MadFKS)   -1.5567682747334668E-013
 SINGLE POLE (MadLoop)  -1.9990624217127348E-013
 DOUBLE POLE (MadLoop)  -1.5567682747334625E-013
 FINITE PART (MadLoop)  -2.1763967760571938E-013
   325.00000000000000        0.0000000000000000        0.0000000000000000        325.00000000000000        0.0000000000000000     
   325.00000000000000        0.0000000000000000        0.0000000000000000       -325.00000000000000        0.0000000000000000     
   121.50493525881103        28.264111381427551        40.044299330941868       -111.18022931780654        0.0000000000000000     
   230.24492616513319        169.66399115997166        86.236324303813277        129.57682084008795        0.0000000000000000     
   182.89859741855091       -103.22263865258950       -125.29932461561617       -84.244068385498522        0.0000000000000000     
   115.35154115750476       -94.705463888809746      -0.98129901913896211        65.847476863217096        0.0000000000000000     

 PASSED   1.0000000000000001E-005
 MU_R    =    325.00000000000000     
 ALPHA_S =   0.11799999999999999     
 BORN                    1.1865325339527933E-012
 SINGLE POLE (MadFKS)   -1.3411666696822634E-013
 DOUBLE POLE (MadFKS)   -1.2627269698112867E-013
 SINGLE POLE (MadLoop)  -1.3411666696623603E-013
 DOUBLE POLE (MadLoop)  -1.2627269698112824E-013
 FINITE PART (MadLoop)   1.5424725666286289E-013
   325.00000000000000        0.0000000000000000        0.0000000000000000        325.00000000000000        0.0000000000000000     
   325.00000000000000        0.0000000000000000        0.0000000000000000       -325.00000000000000        0.0000000000000000     
   109.53896530585455       -50.660741006135048        88.010070312911026       -41.067039879968966        0.0000000000000000     
   139.17873603966987        64.809905405543375        24.883613872140916        120.62836518657959        0.0000000000000000     
   253.44370165005344        97.331593237810210       -179.18065580683549       -150.51432971150322        0.0000000000000000     
   147.83859700442252       -111.48075763721832        66.286971621783579        70.953004404892496        0.0000000000000000     

 NUMBER OF POINTS PASSING THE CHECK          20
 NUMBER OF POINTS FAILING THE CHECK           0
 TOLERANCE    1.0000000000000001E-005
