==== LHAPDF6 USING DEFAULT-TYPE LHAGLUE INTERFACE ====
LHAPDF 6.2.1 loading /cvmfs/cms.cern.ch/slc6_amd64_gcc481/external/lhapdf/6.2.1/share/LHAPDF/NNPDF31_nnlo_as_0118_nf_4/NNPDF31_nnlo_as_0118_nf_4_0000.dat
NNPDF31_nnlo_as_0118_nf_4 PDF set, member #0, version 1; LHAPDF ID = 320900
 A PDF is used, so alpha_s(MZ) is going to be modified
 Old value of alpha_s from param_card:   0.11799999999999999     
 New value of alpha_s from PDF lhapdf :  0.11800240511781991     
 using LHAPDF
WARNING: the value of maxjetflavorspecified in the run_card (  4) is inconsistent with the number of light flavours inthe model. Hence it will be set to:  5
 *****************************************************
 *               MadGraph/MadEvent                   *
 *        --------------------------------           *
 *          http://madgraph.hep.uiuc.edu             *
 *          http://madgraph.phys.ucl.ac.be           *
 *          http://madgraph.roma2.infn.it            *
 *        --------------------------------           *
 *                                                   *
 *          PARAMETER AND COUPLING VALUES            *
 *                                                   *
 *****************************************************

  External Params
  ---------------------------------
  
 MU_R =    91.188000000000002     
 aEWM1 =    132.50700000000001     
 mdl_Gf =    1.1663900000000000E-005
 aS =   0.11799999999999999     
 mdl_ymt =    173.00000000000000     
 mdl_ymtau =    1.7769999999999999     
 mdl_MT =    173.00000000000000     
 mdl_MZ =    91.188000000000002     
 mdl_MH =    125.00000000000000     
 mdl_MTA =    1.7769999999999999     
 mdl_WT =    1.4915000000000000     
 mdl_WZ =    2.4414039999999999     
 mdl_WW =    2.0476000000000001     
 mdl_WH =    6.3823389999999999E-003
  Internal Params
  ---------------------------------
  
 mdl_conjg__CKM3x3 =    1.0000000000000000     
 mdl_CKM22 =    1.0000000000000000     
 mdl_I4x33 =    0.0000000000000000     
 mdl_I1x33 =    0.0000000000000000     
 mdl_lhv =    1.0000000000000000     
 mdl_CKM3x3 =    1.0000000000000000     
 mdl_conjg__CKM22 =    1.0000000000000000     
 mdl_conjg__CKM33 =    1.0000000000000000     
 mdl_Ncol =    3.0000000000000000     
 mdl_CA =    3.0000000000000000     
 mdl_TF =   0.50000000000000000     
 mdl_CF =    1.3333333333333333     
 mdl_complexi =  (  0.0000000000000000     ,  1.0000000000000000     )
 mdl_MZ__exp__2 =    8315.2513440000002     
 mdl_MZ__exp__4 =    69143404.913893804     
 mdl_sqrt__2 =    1.4142135623730951     
 mdl_MH__exp__2 =    15625.000000000000     
 mdl_Ncol__exp__2 =    9.0000000000000000     
 mdl_MT__exp__2 =    29929.000000000000     
 mdl_aEW =    7.5467711139788835E-003
 mdl_MW =    80.419002445756163     
 mdl_sqrt__aEW =    8.6872153846781555E-002
 mdl_ee =   0.30795376724436879     
 mdl_MW__exp__2 =    6467.2159543705357     
 mdl_sw2 =   0.22224648578577766     
 mdl_cw =   0.88190334743339216     
 mdl_sqrt__sw2 =   0.47143025548407230     
 mdl_sw =   0.47143025548407230     
 mdl_g1 =   0.34919219678733299     
 mdl_gw =   0.65323293034757990     
 mdl_v =    246.21845810181637     
 mdl_v__exp__2 =    60623.529110035903     
 mdl_lam =   0.12886910601690263     
 mdl_yt =   0.99366614581500623     
 mdl_ytau =    1.0206617000654717E-002
 mdl_muH =    88.388347648318430     
 mdl_AxialZUp =  -0.18517701861793787     
 mdl_AxialZDown =   0.18517701861793787     
 mdl_VectorZUp =    7.5430507588273299E-002
 mdl_VectorZDown =  -0.13030376310310560     
 mdl_VectorAUp =   0.20530251149624587     
 mdl_VectorADown =  -0.10265125574812294     
 mdl_VectorWmDxU =   0.23095271737156670     
 mdl_AxialWmDxU =  -0.23095271737156670     
 mdl_VectorWpUxD =   0.23095271737156670     
 mdl_AxialWpUxD =  -0.23095271737156670     
 mdl_I2x33 =  ( 0.99366614581500623     ,  0.0000000000000000     )
 mdl_I3x33 =  ( 0.99366614581500623     ,  0.0000000000000000     )
 mdl_Vector_tbGp =  (-0.99366614581500623     ,  0.0000000000000000     )
 mdl_Axial_tbGp =  (-0.99366614581500623     , -0.0000000000000000     )
 mdl_Vector_tbGm =  ( 0.99366614581500623     ,  0.0000000000000000     )
 mdl_Axial_tbGm =  (-0.99366614581500623     ,  0.0000000000000000     )
 mdl_gw__exp__2 =   0.42671326129048615     
 mdl_cw__exp__2 =   0.77775351421422245     
 mdl_ee__exp__2 =    9.4835522759998875E-002
 mdl_sw__exp__2 =   0.22224648578577769     
 mdl_yt__exp__2 =   0.98737240933884918     
  Internal Params evaluated point by point
  ----------------------------------------
  
 mdl_sqrt__aS =   0.34351128074635334     
 mdl_G__exp__4 =    2.1987899468922913     
 mdl_G__exp__2 =    1.4828317324943823     
 mdl_R2MixedFactor_FIN_ =   -2.5040377713124864E-002
 mdl_G_UVg_1EPS_ =   -5.1645779033320030E-002
 mdl_G_UVq_1EPS_ =    3.1300472141406080E-003
 mdl_GWcft_UV_t_1EPS_ =   -3.1300472141406080E-003
 mdl_tWcft_UV_1EPS_ =   -1.8780283284843650E-002
 mdl_G__exp__3 =    1.8056676068262196     
 mdl_MU_R__exp__2 =    8315.2513440000002     
 mdl_G_UVt_FIN_ =   -4.0087659331150384E-003
 mdl_GWcft_UV_t_FIN_ =    4.0087659331150384E-003
 mdl_tWcft_UV_FIN_ =   -9.8778211443463623E-004
  Couplings of loop_sm-no_b_mass
  ---------------------------------
  
      UV_GQQt =   0.00000E+00  -0.48815E-02
   UVWfct_G_2 =   0.40088E-02   0.00000E+00
       R2_DDA =   0.00000E+00   0.25704E-02
       R2_UUA =  -0.00000E+00  -0.51409E-02
    R2_DDZ_V2 =   0.00000E+00   0.72127E-02
    R2_UUZ_V2 =  -0.00000E+00  -0.72127E-02
    R2_UUZ_V5 =   0.00000E+00   0.68702E-03
      R2_GGHt =   0.00000E+00  -0.45657E+01
     R2_GGZup =  -0.46369E-02   0.00000E+00
   R2_GGZdown =   0.46369E-02   0.00000E+00
    R2_GGZAup =   0.00000E+00   0.19389E-03
  R2_GGZAdown =   0.00000E+00   0.16747E-03
  R2_GGAAdown =   0.00000E+00   0.13193E-03
    R2_GGAAup =   0.00000E+00   0.52771E-03
         GC_4 =  -0.12177E+01   0.00000E+00
         GC_5 =   0.00000E+00   0.12177E+01
       R2_GQQ =  -0.00000E+00  -0.30492E-01
       R2_QQq =   0.00000E+00   0.12520E-01
 UV_GQQg_1eps =   0.00000E+00  -0.62890E-01
 UV_GQQq_1eps =   0.00000E+00   0.38115E-02
 UVWfct_G_2_1eps -0.31300E-02   0.00000E+00
         GC_1 =  -0.00000E+00  -0.10265E+00
         GC_2 =   0.00000E+00   0.20530E+00
        GC_21 =  -0.00000E+00  -0.28804E+00
        GC_22 =   0.00000E+00   0.28804E+00
        GC_23 =  -0.00000E+00  -0.27437E-01
        GC_24 =   0.00000E+00   0.82310E-01
        GC_37 =  -0.00000E+00  -0.70263E+00
        GC_38 =  -0.00000E+00  -0.72172E-02
      GC_1003 =  -0.00000E+00  -0.30795E+00

 Collider parameters:
 --------------------

 Running at P P   machine @    13000.000000000000       GeV
 PDF set = lhapdf 
 alpha_s(Mz)= 0.1180 running at 3 loops.
 alpha_s(Mz)= 0.1180 running at 3 loops.
 Renormalization scale set on event-by-event basis
 Factorization   scale set on event-by-event basis


 ===============================================================
 INFO: MadFKS read these parameters from FKS_params.dat
 ===============================================================
  > IRPoleCheckThreshold      =    1.0000000000000001E-005
  > PrecisionVirtualAtRunTime =    1.0000000000000000E-003
  > NHelForMCoverHels         =            4
  > VirtualFraction           =    1.0000000000000000     
  > MinVirtualFraction        =    5.0000000000000001E-003
 ===============================================================
  Insert the number of points to test
 Insert the relative tolerance
  A negative number will mean use the default one:    1.0000000000000001E-005
Using random seed offsets:     1 ,     31 ,      0
  with seed                   32
 Ranmar initialization seeds       10730        9437
  ========================================================================================== 
 {                                                                                          }
 {       [32m                                                                            [0m       }
 {       [32m                               ,,                                           [0m       }
 {       [32m`7MMM.     ,MMF'             `7MM  `7MMF'                                   [0m       }
 {       [32m  MMMb    dPMM                 MM    MM                                     [0m       }
 {       [32m  M YM   ,M MM   ,6"Yb.   ,M""bMM    MM         ,pW"Wq.   ,pW"Wq.`7MMpdMAo. [0m       }
 {       [32m  M  Mb  M' MM  8)   MM ,AP    MM    MM        6W'   `Wb 6W'   `Wb MM   `Wb [0m       }
 {       [32m  M  YM.P'  MM   ,pm9MM 8MI    MM    MM      , 8M     M8 8M     M8 MM    M8 [0m       }
 {       [32m  M  `YM'   MM  8M   MM `Mb    MM    MM     ,M YA.   ,A9 YA.   ,A9 MM   ,AP [0m       }
 {       [32m.JML. `'  .JMML.`Moo9^Yo.`Wbmd"MML..JMMmmmmMMM  `Ybmd9'   `Ybmd9'  MMbmmd'  [0m       }
 {       [32m                                                                   MM       [0m       }
 {       [32m                                                                 .JMML.     [0m       }
 {       [32m[0mv2.6.1 (2017-12-12), Ref: arXiv:1103.0621v2, arXiv:1405.0301[32m                [0m       }
 {       [32m                                                                            [0m       }
 {                                                                                          }
  ========================================================================================== 
 ===============================================================
 INFO: MadLoop read these parameters from ./MadLoop5_resources/MadLoopParams.dat                                                                                                                                                                                                                                                                                                                                                                                                                                                                                          
 ===============================================================
  > MLReductionLib            = 6|7|1
  > CTModeRun                 =           -1
  > MLStabThres               =    1.0000000000000000E-003
  > NRotations_DP             =            0
  > NRotations_QP             =            0
  > CTStabThres               =    1.0000000000000000E-002
  > CTLoopLibrary             =            2
  > CTModeInit                =            1
  > CheckCycle                =            3
  > MaxAttempts               =           10
  > UseLoopFilter             =  F
  > HelicityFilterLevel       =            2
  > ImprovePSPoint            =            2
  > DoubleCheckHelicityFilter =  T
  > LoopInitStartOver         =  F
  > HelInitStartOver          =  F
  > ZeroThres                 =    1.0000000000000001E-009
  > OSThres                   =    1.0000000000000000E-008
  > WriteOutFilters           =  T
  > UseQPIntegrandForNinja    =  T
  > UseQPIntegrandForCutTools =  T
  > IREGIMODE                 =            2
  > IREGIRECY                 =  T
  > COLLIERMode               =            1
  > COLLIERRequiredAccuracy   =    1.0000000000000000E-008
  > COLLIERCanOutput          =  F
  > COLLIERComputeUVpoles     =  T
  > COLLIERComputeIRpoles     =  T
  > COLLIERGlobalCache        =           -1
  > COLLIERUseCacheForPoles   =  F
  > COLLIERUseInternalStabilityTest =  T
 ===============================================================
  
------------------------------------------------------------------------
|              You are using CutTools - Version 1.9.3                  |
|              Authors: G. Ossola, C. Papadopoulos, R. Pittau          |
|              Published in JHEP 0803:042,2008                         |
|              http://www.ugr.es/~pittau/CutTools                      |
|                                                                      |
|              Compiler with  34  significant digits detetected        |
 ---------------------------------------------------------------------- 
   
########################################################################
#                                                                      #
#                      You are using OneLOop-3.6                       #
#                                                                      #
# for the evaluation of 1-loop scalar 1-, 2-, 3- and 4-point functions #
#                                                                      #
# author: Andreas van Hameren <hamerenREMOVETHIS@ifj.edu.pl>           #
#   date: 18-02-2015                                                   #
#                                                                      #
# Please cite                                                          #
#    A. van Hameren,                                                   #
#      Comput.Phys.Commun. 182 (2011) 2427-2438, arXiv:1007.4716       #
#    A. van Hameren, C.G. Papadopoulos and R. Pittau,                  #
#      JHEP 0909:106,2009, arXiv:0903.4665                             #
# in publications with results obtained with the help of this program. #
#                                                                      #
########################################################################
 PASSED   1.0000000000000001E-005
 MU_R    =    325.00000000000000     
 ALPHA_S =   0.11799999999999999     
 BORN                    5.4052243873201135E-011
 SINGLE POLE (MadFKS)   -9.2263722450501606E-012
 DOUBLE POLE (MadFKS)   -5.7523265620143065E-012
 SINGLE POLE (MadLoop)  -9.2263722450466257E-012
 DOUBLE POLE (MadLoop)  -5.7523265620143000E-012
 FINITE PART (MadLoop)   1.0660744868768470E-011
   325.00000000000000        0.0000000000000000        0.0000000000000000        325.00000000000000        0.0000000000000000     
   325.00000000000000        0.0000000000000000        0.0000000000000000       -325.00000000000000        0.0000000000000000     
   50.738864662985534       -25.000493725195167       -43.980981881791664        3.8834177600090434        0.0000000000000000     
   167.77731114655930        25.438121283900074        165.06215735010653       -16.019123947446008        0.0000000000000000     
   214.35349007718617       -133.68205709055408       -70.933752147375642       -151.80556355615849        0.0000000000000000     
   217.13033411326873        133.24442953184925       -50.147423320939204        163.94126974359546        0.0000000000000000     

 PASSED   1.0000000000000001E-005
 MU_R    =    325.00000000000000     
 ALPHA_S =   0.11799999999999999     
 BORN                    1.5851106251253722E-010
 SINGLE POLE (MadFKS)   -6.3832907568411871E-011
 DOUBLE POLE (MadFKS)   -1.6869001727346385E-011
 SINGLE POLE (MadLoop)  -6.3832907570537764E-011
 DOUBLE POLE (MadLoop)  -1.6869001727346540E-011
 FINITE PART (MadLoop)  -1.0109426883570391E-010
   325.00000000000000        0.0000000000000000        0.0000000000000000        325.00000000000000        0.0000000000000000     
   325.00000000000000        0.0000000000000000        0.0000000000000000       -325.00000000000000        0.0000000000000000     
   58.603325598986807       -53.723503410327226       -3.1687905473592688E-002   23.412260643903355        0.0000000000000000     
   288.63654350475173       -109.12585120699678        151.64341513980938       -220.01563010262288        0.0000000000000000     
   284.04319189389719        144.69118857002150       -151.15380967796602        192.08727347563914        0.0000000000000000     
   18.716939002364615        18.158166047302526      -0.45791755636976178        4.5160959830804899        0.0000000000000000     

 PASSED   1.0000000000000001E-005
 MU_R    =    325.00000000000000     
 ALPHA_S =   0.11799999999999999     
 BORN                    8.3847244914348610E-012
 SINGLE POLE (MadFKS)   -8.9819245604663215E-013
 DOUBLE POLE (MadFKS)   -8.9231584021557518E-013
 SINGLE POLE (MadLoop)  -8.9819245604633741E-013
 DOUBLE POLE (MadLoop)  -8.9231584021557185E-013
 FINITE PART (MadLoop)   1.3721820921382579E-012
   325.00000000000000        0.0000000000000000        0.0000000000000000        325.00000000000000        0.0000000000000000     
   325.00000000000000        0.0000000000000000        0.0000000000000000       -325.00000000000000        0.0000000000000000     
   80.638342642674914       -67.943639215494059        12.795815765795000       -41.502666097493723        0.0000000000000000     
   141.17453897676165       -116.09031303697520       -67.904659283650588        42.921404006039012        0.0000000000000000     
   175.82294364424823       -39.338785269415112        168.00417705635681       -33.775197658513598        0.0000000000000000     
   252.36417473631514        223.37273752188437       -112.89533353850122        32.356459749968302        0.0000000000000000     

 PASSED   1.0000000000000001E-005
 MU_R    =    325.00000000000000     
 ALPHA_S =   0.11799999999999999     
 BORN                    5.0873151404394731E-011
 SINGLE POLE (MadFKS)   -8.5205456149260153E-012
 DOUBLE POLE (MadFKS)   -5.4140024381478896E-012
 SINGLE POLE (MadLoop)  -8.5205456149252640E-012
 DOUBLE POLE (MadLoop)  -5.4140024381479324E-012
 FINITE PART (MadLoop)   8.0039398114399654E-012
   325.00000000000000        0.0000000000000000        0.0000000000000000        325.00000000000000        0.0000000000000000     
   325.00000000000000        0.0000000000000000        0.0000000000000000       -325.00000000000000        0.0000000000000000     
   130.95265057623422       -45.525066052426361       -55.531453976927374        109.50946385163209        0.0000000000000000     
   97.075371793914101       -56.282386997199112        15.761093980804198        77.508119828521373        0.0000000000000000     
   173.52016152809932        139.96196282807600       -101.65264577685394        13.661442991697866        0.0000000000000000     
   248.45181610175240       -38.154509778450468        141.42300577297709       -200.67902667185132        0.0000000000000000     

 PASSED   1.0000000000000001E-005
 MU_R    =    325.00000000000000     
 ALPHA_S =   0.11799999999999999     
 BORN                    2.1046637620961961E-011
 SINGLE POLE (MadFKS)   -3.7366945434795126E-012
 DOUBLE POLE (MadFKS)   -2.2398169613856426E-012
 SINGLE POLE (MadLoop)  -3.7366945434805046E-012
 DOUBLE POLE (MadLoop)  -2.2398169613856063E-012
 FINITE PART (MadLoop)   3.6395901975671867E-012
   325.00000000000000        0.0000000000000000        0.0000000000000000        325.00000000000000        0.0000000000000000     
   325.00000000000000        0.0000000000000000        0.0000000000000000       -325.00000000000000        0.0000000000000000     
   214.32173124219210        211.24125544219299       -14.138588103221519       -33.332218772596669        0.0000000000000000     
   126.49307056663962       -106.24015294735904       -3.1406841943611994       -68.583255287933952        0.0000000000000000     
   134.00847939150501       -71.918663693638820       -112.54374669018645       -10.949129749886453        0.0000000000000000     
   175.17671879966224       -33.082438801194655        129.82301898776942        112.86460381041742        0.0000000000000000     

 PASSED   1.0000000000000001E-005
 MU_R    =    325.00000000000000     
 ALPHA_S =   0.11799999999999999     
 BORN                    6.4655545531477511E-010
 SINGLE POLE (MadFKS)   -1.1092942865586999E-010
 DOUBLE POLE (MadFKS)   -6.8807469457644432E-011
 SINGLE POLE (MadLoop)  -1.1092942865587119E-010
 DOUBLE POLE (MadLoop)  -6.8807469457656439E-011
 FINITE PART (MadLoop)   3.6016394668293920E-011
   325.00000000000000        0.0000000000000000        0.0000000000000000        325.00000000000000        0.0000000000000000     
   325.00000000000000        0.0000000000000000        0.0000000000000000       -325.00000000000000        0.0000000000000000     
   189.27830117556803        23.490600614821204        157.13506274493824        102.87389870520281        0.0000000000000000     
   120.71037745875309       -31.989458536418596        116.01653488451747        9.3719476188750264        0.0000000000000000     
   176.35553346174393       -73.013734959647110       -157.77507835363485       -29.619138075289342        0.0000000000000000     
   163.65578790393508        81.512592881244458       -115.37651927582084       -82.626708248788518        0.0000000000000000     

 PASSED   1.0000000000000001E-005
 MU_R    =    325.00000000000000     
 ALPHA_S =   0.11799999999999999     
 BORN                    5.8387791011117654E-010
 SINGLE POLE (MadFKS)   -7.1884414866490681E-011
 DOUBLE POLE (MadFKS)   -6.2137224482018763E-011
 SINGLE POLE (MadLoop)  -7.1884414866455397E-011
 DOUBLE POLE (MadLoop)  -6.2137224482018801E-011
 FINITE PART (MadLoop)   1.1130300005300041E-010
   325.00000000000000        0.0000000000000000        0.0000000000000000        325.00000000000000        0.0000000000000000     
   325.00000000000000        0.0000000000000000        0.0000000000000000       -325.00000000000000        0.0000000000000000     
   58.125027026258792       -54.800887879270391        2.7165629523007553        19.183371449595061        0.0000000000000000     
   197.75313198886855       -56.209042620927946       -19.662345443186599        188.57422122527342        0.0000000000000000     
   149.35432586902277       -103.45438782220970        51.084206070170445       -94.838326568441886        0.0000000000000000     
   244.76751511584993        214.46431832240808       -34.138423579284620       -112.91926610642662        0.0000000000000000     

 PASSED   1.0000000000000001E-005
 MU_R    =    325.00000000000000     
 ALPHA_S =   0.11799999999999999     
 BORN                    1.9101465453586282E-011
 SINGLE POLE (MadFKS)   -5.2862833820110919E-012
 DOUBLE POLE (MadFKS)   -2.0328086167860276E-012
 SINGLE POLE (MadLoop)  -5.2862833820100288E-012
 DOUBLE POLE (MadLoop)  -2.0328086167860348E-012
 FINITE PART (MadLoop)  -8.4366437355550492E-013
   325.00000000000000        0.0000000000000000        0.0000000000000000        325.00000000000000        0.0000000000000000     
   325.00000000000000        0.0000000000000000        0.0000000000000000       -325.00000000000000        0.0000000000000000     
   135.21464548730438       -129.26349723440194       -6.7490574102935668        39.094742115298480        0.0000000000000000     
   208.16277319690806        133.80675409427360       -158.26088671178960       -19.518822735504600        0.0000000000000000     
   230.44995610535679        9.2521387466817888        218.81712131949425       -71.698309708268354        0.0000000000000000     
   76.172625210430951       -13.795395606553464       -53.807177197411107        52.122390328474495        0.0000000000000000     

 PASSED   1.0000000000000001E-005
 MU_R    =    325.00000000000000     
 ALPHA_S =   0.11799999999999999     
 BORN                    1.1089769910222749E-010
 SINGLE POLE (MadFKS)   -1.7987186301204997E-011
 DOUBLE POLE (MadFKS)   -1.1801911160404039E-011
 SINGLE POLE (MadLoop)  -1.7987186301211511E-011
 DOUBLE POLE (MadLoop)  -1.1801911160404640E-011
 FINITE PART (MadLoop)   1.9014422500115299E-011
   325.00000000000000        0.0000000000000000        0.0000000000000000        325.00000000000000        0.0000000000000000     
   325.00000000000000        0.0000000000000000        0.0000000000000000       -325.00000000000000        0.0000000000000000     
   225.33130576837414        99.254608082352078       -31.417117213451071        199.83914751543421        0.0000000000000000     
   179.40527188113069        55.404797767503695        66.092092858818944       -157.31622683189957        0.0000000000000000     
   60.939762549459502       -7.9512857395175622        10.547901782024892        59.490952948072739        0.0000000000000000     
   184.32365980103586       -146.70812011033823       -45.222877427392824       -102.01387363160738        0.0000000000000000     

 PASSED   1.0000000000000001E-005
 MU_R    =    325.00000000000000     
 ALPHA_S =   0.11799999999999999     
 BORN                    2.2907005768833623E-011
 SINGLE POLE (MadFKS)   -6.6004266555501897E-012
 DOUBLE POLE (MadFKS)   -2.4378003260953779E-012
 SINGLE POLE (MadLoop)  -6.6004266555489675E-012
 DOUBLE POLE (MadLoop)  -2.4378003260953585E-012
 FINITE PART (MadLoop)  -2.4479603975824716E-012
   325.00000000000000        0.0000000000000000        0.0000000000000000        325.00000000000000        0.0000000000000000     
   325.00000000000000        0.0000000000000000        0.0000000000000000       -325.00000000000000        0.0000000000000000     
   255.11744834416839       -214.66278763140826        135.44612662883350       -25.673855129261877        0.0000000000000000     
   122.24199759054531        26.459997650271863       -112.25065497351699        40.531036962936824        0.0000000000000000     
   212.07044813065502        204.97855048122096        24.124895132864658       -48.740724735919606        0.0000000000000000     
   60.570105934631201       -16.775760500084562       -47.320366788181140        33.883542902244670        0.0000000000000000     

 PASSED   1.0000000000000001E-005
 MU_R    =    325.00000000000000     
 ALPHA_S =   0.11799999999999999     
 BORN                    6.1001575131877205E-011
 SINGLE POLE (MadFKS)   -8.8733878751290571E-012
 DOUBLE POLE (MadFKS)   -6.4918855501905225E-012
 SINGLE POLE (MadLoop)  -8.8733878751255125E-012
 DOUBLE POLE (MadLoop)  -6.4918855501904805E-012
 FINITE PART (MadLoop)   6.1580595104697064E-012
   325.00000000000000        0.0000000000000000        0.0000000000000000        325.00000000000000        0.0000000000000000     
   325.00000000000000        0.0000000000000000        0.0000000000000000       -325.00000000000000        0.0000000000000000     
   182.41931451325951       -158.07721198658049        62.085710300027756       -66.586529678143265        0.0000000000000000     
   92.859411554703016        35.846972776448055       -84.168005497075725       -15.925190978275079        0.0000000000000000     
   139.45314905643036        13.682477933364071       -119.11556385720162       -71.214135017838345        0.0000000000000000     
   235.26812487560741        108.54776127676840        141.19785905424951        153.72585567425668        0.0000000000000000     

 PASSED   1.0000000000000001E-005
 MU_R    =    325.00000000000000     
 ALPHA_S =   0.11799999999999999     
 BORN                    3.3055757431660849E-011
 SINGLE POLE (MadFKS)   -4.2893836118234185E-012
 DOUBLE POLE (MadFKS)   -3.5178467696494434E-012
 SINGLE POLE (MadLoop)  -4.2893836118245728E-012
 DOUBLE POLE (MadLoop)  -3.5178467696494518E-012
 FINITE PART (MadLoop)   4.3887834672850966E-012
   325.00000000000000        0.0000000000000000        0.0000000000000000        325.00000000000000        0.0000000000000000     
   325.00000000000000        0.0000000000000000        0.0000000000000000       -325.00000000000000        0.0000000000000000     
   128.74915726988942       -82.847371929051761        69.739457336129973        69.635239301794556        0.0000000000000000     
   249.79403525720272        241.33301007491721        13.960584365385762        62.932824364027326        0.0000000000000000     
   45.752039903492694        19.553905447277970        17.366166598646235       -37.540780422865005        0.0000000000000000     
   225.70476756941517       -178.03954359314343       -101.06620830016195       -95.027283242956884        0.0000000000000000     

 PASSED   1.0000000000000001E-005
 MU_R    =    325.00000000000000     
 ALPHA_S =   0.11799999999999999     
 BORN                    2.8365733373661083E-011
 SINGLE POLE (MadFKS)   -8.3730402055953968E-012
 DOUBLE POLE (MadFKS)   -3.0187268805916269E-012
 SINGLE POLE (MadLoop)  -8.3730402055961997E-012
 DOUBLE POLE (MadLoop)  -3.0187268805916083E-012
 FINITE PART (MadLoop)  -3.8496340499655609E-012
   325.00000000000000        0.0000000000000000        0.0000000000000000        325.00000000000000        0.0000000000000000     
   325.00000000000000        0.0000000000000000        0.0000000000000000       -325.00000000000000        0.0000000000000000     
   226.15121281563657       -188.43804400712105        47.903853501328378        115.50192833228792        0.0000000000000000     
   192.25838907954085        163.29313234744575        82.051036216566416        59.718243070333173        0.0000000000000000     
   163.27400167481102        51.183582825415300       -90.629402476290835       -125.79726498954788        0.0000000000000000     
   68.316396430011480       -26.038671165739970       -39.325487241603945       -49.422906413073214        0.0000000000000000     

 PASSED   1.0000000000000001E-005
 MU_R    =    325.00000000000000     
 ALPHA_S =   0.11799999999999999     
 BORN                    8.7856915788836801E-011
 SINGLE POLE (MadFKS)   -1.8826395454058406E-011
 DOUBLE POLE (MadFKS)   -9.3498740132663779E-012
 SINGLE POLE (MadLoop)  -1.8826395454058871E-011
 DOUBLE POLE (MadLoop)  -9.3498740132663585E-012
 FINITE PART (MadLoop)   9.9539510375957964E-012
   325.00000000000000        0.0000000000000000        0.0000000000000000        325.00000000000000        0.0000000000000000     
   325.00000000000000        0.0000000000000000        0.0000000000000000       -325.00000000000000        0.0000000000000000     
   243.38186562110010        181.79297357594905        72.594377469234701       -144.62400779772284        0.0000000000000000     
   114.29105961886100       -103.90141421196199       -4.3691184617664236       -47.411530637845736        0.0000000000000000     
   84.116153924320145        17.839824001829921       -81.846805790804453        7.6399222801015680        0.0000000000000000     
   208.21092083571887       -95.731383365816939        13.621546783335996        184.39561615546697        0.0000000000000000     

 PASSED   1.0000000000000001E-005
 MU_R    =    325.00000000000000     
 ALPHA_S =   0.11799999999999999     
 BORN                    9.7801396923518841E-011
 SINGLE POLE (MadFKS)   -1.1923392027808165E-011
 DOUBLE POLE (MadFKS)   -1.0408181659303680E-011
 SINGLE POLE (MadLoop)  -1.1923392027814086E-011
 DOUBLE POLE (MadLoop)  -1.0408181659303631E-011
 FINITE PART (MadLoop)   1.8556916401503467E-011
   325.00000000000000        0.0000000000000000        0.0000000000000000        325.00000000000000        0.0000000000000000     
   325.00000000000000        0.0000000000000000        0.0000000000000000       -325.00000000000000        0.0000000000000000     
   183.20377948738638        137.79613212398945       -110.59303266902984       -48.425529580974406        0.0000000000000000     
   67.632196142654323        64.592334984718221      -0.61505077728339841       -20.039109981278497        0.0000000000000000     
   162.66282953800140       -33.456802723621777       -28.930052538929282        156.53399159580752        0.0000000000000000     
   236.50119483195809       -168.93166438508590        140.13813598524254       -88.069352033554594        0.0000000000000000     

 PASSED   1.0000000000000001E-005
 MU_R    =    325.00000000000000     
 ALPHA_S =   0.11799999999999999     
 BORN                    2.4143473269524780E-009
 SINGLE POLE (MadFKS)   -2.4368019123411175E-010
 DOUBLE POLE (MadFKS)   -2.5693871823964455E-010
 SINGLE POLE (MadLoop)  -2.4368019123440292E-010
 DOUBLE POLE (MadLoop)  -2.5693871823958825E-010
 FINITE PART (MadLoop)   1.7177561717080600E-010
   325.00000000000000        0.0000000000000000        0.0000000000000000        325.00000000000000        0.0000000000000000     
   325.00000000000000        0.0000000000000000        0.0000000000000000       -325.00000000000000        0.0000000000000000     
   163.88369609575156       -141.46507799713893       -35.113508158721956        74.916881262205649        0.0000000000000000     
   128.90239120479552       -107.35648943568661       -70.968863285288975       -7.3369665634662926        0.0000000000000000     
   92.630573695622786        41.894741546296416       -58.536836900594018       -58.298306490175896        0.0000000000000000     
   264.58333900383002        206.92682588652912        164.61920834460494       -9.2816082085635081        0.0000000000000000     

 PASSED   1.0000000000000001E-005
 MU_R    =    325.00000000000000     
 ALPHA_S =   0.11799999999999999     
 BORN                    1.3017777466694507E-009
 SINGLE POLE (MadFKS)   -3.4889229493631243E-010
 DOUBLE POLE (MadFKS)   -1.3853727751936038E-010
 SINGLE POLE (MadLoop)  -3.4889229493597639E-010
 DOUBLE POLE (MadLoop)  -1.3853727751936178E-010
Thanks for using LHAPDF 6.2.1. Please make sure to cite the paper:
  Eur.Phys.J. C75 (2015) 3, 132  (http://arxiv.org/abs/1412.7420)
 FINITE PART (MadLoop)  -6.3366001027423643E-011
   325.00000000000000        0.0000000000000000        0.0000000000000000        325.00000000000000        0.0000000000000000     
   325.00000000000000        0.0000000000000000        0.0000000000000000       -325.00000000000000        0.0000000000000000     
   305.40820303557723        268.28189098966254       -108.11733592528805       -98.028766802656250        0.0000000000000000     
   222.73990736782309       -188.62436051366336        110.10230142717786        43.719562846360077        0.0000000000000000     
   29.696302948978911       -20.888629387632779       -14.200335938734291       -15.616850846785631        0.0000000000000000     
   92.155586647620822       -58.768901088366420        12.215370436844534        69.926054803081868        0.0000000000000000     

 PASSED   1.0000000000000001E-005
 MU_R    =    325.00000000000000     
 ALPHA_S =   0.11799999999999999     
 BORN                    2.0053835603206936E-011
 SINGLE POLE (MadFKS)   -3.5276033076516900E-012
 DOUBLE POLE (MadFKS)   -2.1341613769301547E-012
 SINGLE POLE (MadLoop)  -3.5276033076809984E-012
 DOUBLE POLE (MadLoop)  -2.1341613769301559E-012
 FINITE PART (MadLoop)   2.2195383939135711E-012
   325.00000000000000        0.0000000000000000        0.0000000000000000        325.00000000000000        0.0000000000000000     
   325.00000000000000        0.0000000000000000        0.0000000000000000       -325.00000000000000        0.0000000000000000     
   73.667666357910235        25.784976179194441        30.781187267324320        61.762274735251303        0.0000000000000000     
   275.14646599350579        93.850315023982731       -251.48782539876254       -60.428220185739065        0.0000000000000000     
   145.89517712877540       -24.679325995672947        123.43929452918982        73.750078942140703        0.0000000000000000     
   155.29069051980852       -94.955965207504221        97.267343602248360       -75.084133491652878        0.0000000000000000     

 PASSED   1.0000000000000001E-005
 MU_R    =    325.00000000000000     
 ALPHA_S =   0.11799999999999999     
 BORN                    1.9671436248074545E-011
 SINGLE POLE (MadFKS)   -7.6947538582817734E-012
 DOUBLE POLE (MadFKS)   -2.0934658236986304E-012
 SINGLE POLE (MadLoop)  -7.6947538582840368E-012
 DOUBLE POLE (MadLoop)  -2.0934658236989378E-012
 FINITE PART (MadLoop)  -1.1799885999679758E-011
   325.00000000000000        0.0000000000000000        0.0000000000000000        325.00000000000000        0.0000000000000000     
   325.00000000000000        0.0000000000000000        0.0000000000000000       -325.00000000000000        0.0000000000000000     
   88.220815732287022       -51.031870307674552        49.339691285426603       -52.385641212355360        0.0000000000000000     
   256.60877187161208        158.78065109743312       -198.57384087600391       -34.715938101737883        0.0000000000000000     
   231.57080648587348       -109.55720061081347        129.19294661949769        157.89693079541300        0.0000000000000000     
   73.599605910227510        1.8084198210548830        20.041202971079777       -70.795351481319713        0.0000000000000000     

 PASSED   1.0000000000000001E-005
 MU_R    =    325.00000000000000     
 ALPHA_S =   0.11799999999999999     
 BORN                    6.7618886780630894E-012
 SINGLE POLE (MadFKS)   -1.3178962121442890E-012
 DOUBLE POLE (MadFKS)   -7.1961104784940998E-013
 SINGLE POLE (MadLoop)  -1.3178962121442813E-012
 DOUBLE POLE (MadLoop)  -7.1961104784941300E-013
 FINITE PART (MadLoop)   5.3653634990636700E-013
   325.00000000000000        0.0000000000000000        0.0000000000000000        325.00000000000000        0.0000000000000000     
   325.00000000000000        0.0000000000000000        0.0000000000000000       -325.00000000000000        0.0000000000000000     
   114.65830410361600        44.772015197569843        62.818643617670993       -84.828128407397415        0.0000000000000000     
   131.42193081464043        127.90605231650223        12.971149953212073        27.267470523457327        0.0000000000000000     
   206.34425555513684       -174.36083805529256        39.044055146319842       -103.20761459791031        0.0000000000000000     
   197.57550952660694        1.6827705412204763       -114.83384871720293        160.76827248185037        0.0000000000000000     

 NUMBER OF POINTS PASSING THE CHECK          20
 NUMBER OF POINTS FAILING THE CHECK           0
 TOLERANCE    1.0000000000000001E-005
