==== LHAPDF6 USING DEFAULT-TYPE LHAGLUE INTERFACE ====
LHAPDF 6.2.1 loading /cvmfs/cms.cern.ch/slc6_amd64_gcc481/external/lhapdf/6.2.1/share/LHAPDF/NNPDF31_nnlo_as_0118_nf_4/NNPDF31_nnlo_as_0118_nf_4_0000.dat
NNPDF31_nnlo_as_0118_nf_4 PDF set, member #0, version 1; LHAPDF ID = 320900
 A PDF is used, so alpha_s(MZ) is going to be modified
 Old value of alpha_s from param_card:   0.11799999999999999     
 New value of alpha_s from PDF lhapdf :  0.11800240511781991     
 using LHAPDF
WARNING: the value of maxjetflavorspecified in the run_card (  4) is inconsistent with the number of light flavours inthe model. Hence it will be set to:  5
 *****************************************************
 *               MadGraph/MadEvent                   *
 *        --------------------------------           *
 *          http://madgraph.hep.uiuc.edu             *
 *          http://madgraph.phys.ucl.ac.be           *
 *          http://madgraph.roma2.infn.it            *
 *        --------------------------------           *
 *                                                   *
 *          PARAMETER AND COUPLING VALUES            *
 *                                                   *
 *****************************************************

  External Params
  ---------------------------------
  
 MU_R =    91.188000000000002     
 aEWM1 =    132.50700000000001     
 mdl_Gf =    1.1663900000000000E-005
 aS =   0.11799999999999999     
 mdl_ymt =    173.00000000000000     
 mdl_ymtau =    1.7769999999999999     
 mdl_MT =    173.00000000000000     
 mdl_MZ =    91.188000000000002     
 mdl_MH =    125.00000000000000     
 mdl_MTA =    1.7769999999999999     
 mdl_WT =    1.4915000000000000     
 mdl_WZ =    2.4414039999999999     
 mdl_WW =    2.0476000000000001     
 mdl_WH =    6.3823389999999999E-003
  Internal Params
  ---------------------------------
  
 mdl_conjg__CKM3x3 =    1.0000000000000000     
 mdl_CKM22 =    1.0000000000000000     
 mdl_I4x33 =    0.0000000000000000     
 mdl_I1x33 =    0.0000000000000000     
 mdl_lhv =    1.0000000000000000     
 mdl_CKM3x3 =    1.0000000000000000     
 mdl_conjg__CKM22 =    1.0000000000000000     
 mdl_conjg__CKM33 =    1.0000000000000000     
 mdl_Ncol =    3.0000000000000000     
 mdl_CA =    3.0000000000000000     
 mdl_TF =   0.50000000000000000     
 mdl_CF =    1.3333333333333333     
 mdl_complexi =  (  0.0000000000000000     ,  1.0000000000000000     )
 mdl_MZ__exp__2 =    8315.2513440000002     
 mdl_MZ__exp__4 =    69143404.913893804     
 mdl_sqrt__2 =    1.4142135623730951     
 mdl_MH__exp__2 =    15625.000000000000     
 mdl_Ncol__exp__2 =    9.0000000000000000     
 mdl_MT__exp__2 =    29929.000000000000     
 mdl_aEW =    7.5467711139788835E-003
 mdl_MW =    80.419002445756163     
 mdl_sqrt__aEW =    8.6872153846781555E-002
 mdl_ee =   0.30795376724436879     
 mdl_MW__exp__2 =    6467.2159543705357     
 mdl_sw2 =   0.22224648578577766     
 mdl_cw =   0.88190334743339216     
 mdl_sqrt__sw2 =   0.47143025548407230     
 mdl_sw =   0.47143025548407230     
 mdl_g1 =   0.34919219678733299     
 mdl_gw =   0.65323293034757990     
 mdl_v =    246.21845810181637     
 mdl_v__exp__2 =    60623.529110035903     
 mdl_lam =   0.12886910601690263     
 mdl_yt =   0.99366614581500623     
 mdl_ytau =    1.0206617000654717E-002
 mdl_muH =    88.388347648318430     
 mdl_AxialZUp =  -0.18517701861793787     
 mdl_AxialZDown =   0.18517701861793787     
 mdl_VectorZUp =    7.5430507588273299E-002
 mdl_VectorZDown =  -0.13030376310310560     
 mdl_VectorAUp =   0.20530251149624587     
 mdl_VectorADown =  -0.10265125574812294     
 mdl_VectorWmDxU =   0.23095271737156670     
 mdl_AxialWmDxU =  -0.23095271737156670     
 mdl_VectorWpUxD =   0.23095271737156670     
 mdl_AxialWpUxD =  -0.23095271737156670     
 mdl_I2x33 =  ( 0.99366614581500623     ,  0.0000000000000000     )
 mdl_I3x33 =  ( 0.99366614581500623     ,  0.0000000000000000     )
 mdl_Vector_tbGp =  (-0.99366614581500623     ,  0.0000000000000000     )
 mdl_Axial_tbGp =  (-0.99366614581500623     , -0.0000000000000000     )
 mdl_Vector_tbGm =  ( 0.99366614581500623     ,  0.0000000000000000     )
 mdl_Axial_tbGm =  (-0.99366614581500623     ,  0.0000000000000000     )
 mdl_gw__exp__2 =   0.42671326129048615     
 mdl_cw__exp__2 =   0.77775351421422245     
 mdl_ee__exp__2 =    9.4835522759998875E-002
 mdl_sw__exp__2 =   0.22224648578577769     
 mdl_yt__exp__2 =   0.98737240933884918     
  Internal Params evaluated point by point
  ----------------------------------------
  
 mdl_sqrt__aS =   0.34351128074635334     
 mdl_G__exp__4 =    2.1987899468922913     
 mdl_G__exp__2 =    1.4828317324943823     
 mdl_R2MixedFactor_FIN_ =   -2.5040377713124864E-002
 mdl_G_UVg_1EPS_ =   -5.1645779033320030E-002
 mdl_G_UVq_1EPS_ =    3.1300472141406080E-003
 mdl_GWcft_UV_t_1EPS_ =   -3.1300472141406080E-003
 mdl_tWcft_UV_1EPS_ =   -1.8780283284843650E-002
 mdl_G__exp__3 =    1.8056676068262196     
 mdl_MU_R__exp__2 =    8315.2513440000002     
 mdl_G_UVt_FIN_ =   -4.0087659331150384E-003
 mdl_GWcft_UV_t_FIN_ =    4.0087659331150384E-003
 mdl_tWcft_UV_FIN_ =   -9.8778211443463623E-004
  Couplings of loop_sm-no_b_mass
  ---------------------------------
  
      UV_GQQt =   0.00000E+00  -0.48815E-02
   UVWfct_G_2 =   0.40088E-02   0.00000E+00
       R2_DDA =   0.00000E+00   0.25704E-02
       R2_UUA =  -0.00000E+00  -0.51409E-02
    R2_DDZ_V2 =   0.00000E+00   0.72127E-02
    R2_UUZ_V2 =  -0.00000E+00  -0.72127E-02
    R2_UUZ_V5 =   0.00000E+00   0.68702E-03
      R2_GGHt =   0.00000E+00  -0.45657E+01
     R2_GGZup =  -0.46369E-02   0.00000E+00
   R2_GGZdown =   0.46369E-02   0.00000E+00
    R2_GGZAup =   0.00000E+00   0.19389E-03
  R2_GGZAdown =   0.00000E+00   0.16747E-03
  R2_GGAAdown =   0.00000E+00   0.13193E-03
    R2_GGAAup =   0.00000E+00   0.52771E-03
         GC_4 =  -0.12177E+01   0.00000E+00
         GC_5 =   0.00000E+00   0.12177E+01
       R2_GQQ =  -0.00000E+00  -0.30492E-01
       R2_QQq =   0.00000E+00   0.12520E-01
 UV_GQQg_1eps =   0.00000E+00  -0.62890E-01
 UV_GQQq_1eps =   0.00000E+00   0.38115E-02
 UVWfct_G_2_1eps -0.31300E-02   0.00000E+00
         GC_1 =  -0.00000E+00  -0.10265E+00
         GC_2 =   0.00000E+00   0.20530E+00
        GC_21 =  -0.00000E+00  -0.28804E+00
        GC_22 =   0.00000E+00   0.28804E+00
        GC_23 =  -0.00000E+00  -0.27437E-01
        GC_24 =   0.00000E+00   0.82310E-01
        GC_37 =  -0.00000E+00  -0.70263E+00
        GC_38 =  -0.00000E+00  -0.72172E-02
      GC_1003 =  -0.00000E+00  -0.30795E+00

 Collider parameters:
 --------------------

 Running at P P   machine @    13000.000000000000       GeV
 PDF set = lhapdf 
 alpha_s(Mz)= 0.1180 running at 3 loops.
 alpha_s(Mz)= 0.1180 running at 3 loops.
 Renormalization scale set on event-by-event basis
 Factorization   scale set on event-by-event basis


 ===============================================================
 INFO: MadFKS read these parameters from FKS_params.dat
 ===============================================================
  > IRPoleCheckThreshold      =    1.0000000000000001E-005
  > PrecisionVirtualAtRunTime =    1.0000000000000000E-003
  > NHelForMCoverHels         =            4
  > VirtualFraction           =    1.0000000000000000     
  > MinVirtualFraction        =    5.0000000000000001E-003
 ===============================================================
  Insert the number of points to test
 Insert the relative tolerance
  A negative number will mean use the default one:    1.0000000000000001E-005
Using random seed offsets:     1 ,     20 ,      0
  with seed                   32
 Ranmar initialization seeds       10730        9426
  ========================================================================================== 
 {                                                                                          }
 {       [32m                                                                            [0m       }
 {       [32m                               ,,                                           [0m       }
 {       [32m`7MMM.     ,MMF'             `7MM  `7MMF'                                   [0m       }
 {       [32m  MMMb    dPMM                 MM    MM                                     [0m       }
 {       [32m  M YM   ,M MM   ,6"Yb.   ,M""bMM    MM         ,pW"Wq.   ,pW"Wq.`7MMpdMAo. [0m       }
 {       [32m  M  Mb  M' MM  8)   MM ,AP    MM    MM        6W'   `Wb 6W'   `Wb MM   `Wb [0m       }
 {       [32m  M  YM.P'  MM   ,pm9MM 8MI    MM    MM      , 8M     M8 8M     M8 MM    M8 [0m       }
 {       [32m  M  `YM'   MM  8M   MM `Mb    MM    MM     ,M YA.   ,A9 YA.   ,A9 MM   ,AP [0m       }
 {       [32m.JML. `'  .JMML.`Moo9^Yo.`Wbmd"MML..JMMmmmmMMM  `Ybmd9'   `Ybmd9'  MMbmmd'  [0m       }
 {       [32m                                                                   MM       [0m       }
 {       [32m                                                                 .JMML.     [0m       }
 {       [32m[0mv2.6.1 (2017-12-12), Ref: arXiv:1103.0621v2, arXiv:1405.0301[32m                [0m       }
 {       [32m                                                                            [0m       }
 {                                                                                          }
  ========================================================================================== 
 ===============================================================
 INFO: MadLoop read these parameters from ./MadLoop5_resources/MadLoopParams.dat                                                                                                                                                                                                                                                                                                                                                                                                                                                                                          
 ===============================================================
  > MLReductionLib            = 6|7|1
  > CTModeRun                 =           -1
  > MLStabThres               =    1.0000000000000000E-003
  > NRotations_DP             =            0
  > NRotations_QP             =            0
  > CTStabThres               =    1.0000000000000000E-002
  > CTLoopLibrary             =            2
  > CTModeInit                =            1
  > CheckCycle                =            3
  > MaxAttempts               =           10
  > UseLoopFilter             =  F
  > HelicityFilterLevel       =            2
  > ImprovePSPoint            =            2
  > DoubleCheckHelicityFilter =  T
  > LoopInitStartOver         =  F
  > HelInitStartOver          =  F
  > ZeroThres                 =    1.0000000000000001E-009
  > OSThres                   =    1.0000000000000000E-008
  > WriteOutFilters           =  T
  > UseQPIntegrandForNinja    =  T
  > UseQPIntegrandForCutTools =  T
  > IREGIMODE                 =            2
  > IREGIRECY                 =  T
  > COLLIERMode               =            1
  > COLLIERRequiredAccuracy   =    1.0000000000000000E-008
  > COLLIERCanOutput          =  F
  > COLLIERComputeUVpoles     =  T
  > COLLIERComputeIRpoles     =  T
  > COLLIERGlobalCache        =           -1
  > COLLIERUseCacheForPoles   =  F
  > COLLIERUseInternalStabilityTest =  T
 ===============================================================
  
------------------------------------------------------------------------
|              You are using CutTools - Version 1.9.3                  |
|              Authors: G. Ossola, C. Papadopoulos, R. Pittau          |
|              Published in JHEP 0803:042,2008                         |
|              http://www.ugr.es/~pittau/CutTools                      |
|                                                                      |
|              Compiler with  34  significant digits detetected        |
 ---------------------------------------------------------------------- 
   
########################################################################
#                                                                      #
#                      You are using OneLOop-3.6                       #
#                                                                      #
# for the evaluation of 1-loop scalar 1-, 2-, 3- and 4-point functions #
#                                                                      #
# author: Andreas van Hameren <hamerenREMOVETHIS@ifj.edu.pl>           #
#   date: 18-02-2015                                                   #
#                                                                      #
# Please cite                                                          #
#    A. van Hameren,                                                   #
#      Comput.Phys.Commun. 182 (2011) 2427-2438, arXiv:1007.4716       #
#    A. van Hameren, C.G. Papadopoulos and R. Pittau,                  #
#      JHEP 0909:106,2009, arXiv:0903.4665                             #
# in publications with results obtained with the help of this program. #
#                                                                      #
########################################################################
 PASSED   1.0000000000000001E-005
 MU_R    =    325.00000000000000     
 ALPHA_S =   0.11799999999999999     
 BORN                    1.3703050124469695E-010
 SINGLE POLE (MadFKS)   -2.7081410258762925E-011
 DOUBLE POLE (MadFKS)   -1.4583005914890663E-011
 SINGLE POLE (MadLoop)  -2.7081410258753190E-011
 DOUBLE POLE (MadLoop)  -1.4583005914890786E-011
 FINITE PART (MadLoop)   1.1650686004246217E-011
   325.00000000000000        0.0000000000000000        0.0000000000000000        325.00000000000000        0.0000000000000000     
   325.00000000000000        0.0000000000000000        0.0000000000000000       -325.00000000000000        0.0000000000000000     
   42.487532506057434        20.492063935016319       -34.685377322664465        13.380306615353941        1.7769999999999999     
   157.42049654704223       -147.88731018043777        52.760003568075334       -11.125669202748099        1.7769999999999999     
   271.99667837697899        235.12121837074733        12.923905506970446        136.13661662613765        0.0000000000000000     
   178.09529256992147       -107.72597212532585       -30.998531752381314       -138.39125403874348        0.0000000000000000     

 PASSED   1.0000000000000001E-005
 MU_R    =    325.00000000000000     
 ALPHA_S =   0.11799999999999999     
 BORN                    2.2902822742844058E-010
 SINGLE POLE (MadFKS)   -5.8469534764485371E-011
 DOUBLE POLE (MadFKS)   -2.4373551617546369E-011
 SINGLE POLE (MadLoop)  -5.8469534764482166E-011
 DOUBLE POLE (MadLoop)  -2.4373551617546443E-011
 FINITE PART (MadLoop)  -1.4290506277002891E-012
   325.00000000000000        0.0000000000000000        0.0000000000000000        325.00000000000000        0.0000000000000000     
   325.00000000000000        0.0000000000000000        0.0000000000000000       -325.00000000000000        0.0000000000000000     
   248.40769273771545        62.571886487025502        210.52197189430726        116.05379120676130        1.7769999999999999     
   78.345097939855535      -0.35414911584061565       -21.893577332683197       -75.202011224349064        1.7769999999999999     
   254.37788561461954       -120.10512153064637       -222.75304093372247       -25.767251049588175        0.0000000000000000     
   68.869323707809457        57.887384159461455        34.124646372098404       -15.084528932824066        0.0000000000000000     

 PASSED   1.0000000000000001E-005
 MU_R    =    325.00000000000000     
 ALPHA_S =   0.11799999999999999     
 BORN                    3.4740608777758831E-010
 SINGLE POLE (MadFKS)   -4.4296248948495927E-011
 DOUBLE POLE (MadFKS)   -3.6971513545606746E-011
 SINGLE POLE (MadLoop)  -4.4296248948332817E-011
 DOUBLE POLE (MadLoop)  -3.6971513545607547E-011
 FINITE PART (MadLoop)   4.9513652405703534E-011
   325.00000000000000        0.0000000000000000        0.0000000000000000        325.00000000000000        0.0000000000000000     
   325.00000000000000        0.0000000000000000        0.0000000000000000       -325.00000000000000        0.0000000000000000     
   172.34767831326138       -22.297483969626320        165.40044267426163       -42.966036153617573        1.7769999999999999     
   147.53576888001257        37.587707861019027        138.30440353830792        34.967149579055345        1.7769999999999999     
   114.97215653229512       -25.083357462544825       -95.068393534971420        59.593812655111847        0.0000000000000000     
   215.14439627443582        9.7931335711521168       -208.63645267759819       -51.594926080549619        0.0000000000000000     

 PASSED   1.0000000000000001E-005
 MU_R    =    325.00000000000000     
 ALPHA_S =   0.11799999999999999     
 BORN                    2.0430178285952179E-010
 SINGLE POLE (MadFKS)   -2.2323976894874736E-011
 DOUBLE POLE (MadFKS)   -2.1742123693635791E-011
 SINGLE POLE (MadLoop)  -2.2323976894881605E-011
 DOUBLE POLE (MadLoop)  -2.1742123693635758E-011
 FINITE PART (MadLoop)   1.8696458089457439E-011
   325.00000000000000        0.0000000000000000        0.0000000000000000        325.00000000000000        0.0000000000000000     
   325.00000000000000        0.0000000000000000        0.0000000000000000       -325.00000000000000        0.0000000000000000     
   56.153970442836695        37.570739422719953        13.229378171638983        39.541544733568720        1.7769999999999999     
   256.04897615178521        235.36589475708442        6.2853122884630199       -100.60472600236564        1.7769999999999999     
   90.470090153493018       -34.332645830874775       -77.536797070376480        31.530171942127726        0.0000000000000000     
   247.32696325188510       -238.60398834892956        58.022106610274392        29.533009326669038        0.0000000000000000     

 PASSED   1.0000000000000001E-005
 MU_R    =    325.00000000000000     
 ALPHA_S =   0.11799999999999999     
 BORN                    1.1008166632869181E-011
 SINGLE POLE (MadFKS)   -1.9311012336525903E-012
 DOUBLE POLE (MadFKS)   -1.1715067642682644E-012
 SINGLE POLE (MadLoop)  -1.9311012336725469E-012
 DOUBLE POLE (MadLoop)  -1.1715067642682592E-012
 FINITE PART (MadLoop)   1.4473821762041719E-012
   325.00000000000000        0.0000000000000000        0.0000000000000000        325.00000000000000        0.0000000000000000     
   325.00000000000000        0.0000000000000000        0.0000000000000000       -325.00000000000000        0.0000000000000000     
   127.69599334699129        83.509292988196947       -36.054779816473719       -89.606695201150714        1.7769999999999999     
   292.37119364400621       -119.94267048022971        256.38681155231939        73.193686913062649        1.7769999999999999     
   90.800323307907263       -4.4640170063954177       -90.086837887227205       -10.446669539501130        0.0000000000000000     
   139.13248970109805        40.897394498428156       -130.24519384861847        26.859677827589220        0.0000000000000000     

 PASSED   1.0000000000000001E-005
 MU_R    =    325.00000000000000     
 ALPHA_S =   0.11799999999999999     
 BORN                    2.5086782417288551E-009
 SINGLE POLE (MadFKS)   -9.6735450928066162E-010
 DOUBLE POLE (MadFKS)   -2.6697756561775110E-010
 SINGLE POLE (MadLoop)  -9.6735450928074247E-010
 DOUBLE POLE (MadLoop)  -2.6697756561779706E-010
 FINITE PART (MadLoop)  -1.3995618618553799E-009
   325.00000000000000        0.0000000000000000        0.0000000000000000        325.00000000000000        0.0000000000000000     
   325.00000000000000        0.0000000000000000        0.0000000000000000       -325.00000000000000        0.0000000000000000     
   68.702022344249954        7.2583335425734532       -68.232912007735564        2.8976642868332214        1.7769999999999999     
   308.60563143714336       -132.33552120398593        245.58534150558458       -131.94479107176886        1.7769999999999999     
   219.95017416035640        103.96722811764252       -176.21581161133182        80.727209346445406        0.0000000000000000     
   52.742172058250205        21.109959543769964       -1.1366178865172241        48.319917438490243        0.0000000000000000     

 PASSED   1.0000000000000001E-005
 MU_R    =    325.00000000000000     
 ALPHA_S =   0.11799999999999999     
 BORN                    8.3429969033707896E-010
 SINGLE POLE (MadFKS)   -8.4623406776825801E-011
 DOUBLE POLE (MadFKS)   -8.8787512330930157E-011
 SINGLE POLE (MadLoop)  -8.4623406776792572E-011
 DOUBLE POLE (MadLoop)  -8.8787512330930002E-011
 FINITE PART (MadLoop)   7.5279203777090247E-011
   325.00000000000000        0.0000000000000000        0.0000000000000000        325.00000000000000        0.0000000000000000     
   325.00000000000000        0.0000000000000000        0.0000000000000000       -325.00000000000000        0.0000000000000000     
   96.400127066881808        68.012056151634340        49.811811458268778        46.722269067156596        1.7769999999999999     
   223.17084555192929        221.54444434669068       -21.012050454225360        16.691958848147873        1.7769999999999999     
   48.894800235821393       -26.486590830952970       -19.096411133861544        36.393530717162989        0.0000000000000000     
   281.53422714536742       -263.06990966737203       -9.7033498701818832       -99.807758632467454        0.0000000000000000     

 PASSED   1.0000000000000001E-005
 MU_R    =    325.00000000000000     
 ALPHA_S =   0.11799999999999999     
 BORN                    4.0494533236590748E-010
 SINGLE POLE (MadFKS)   -1.0773853448766833E-010
 DOUBLE POLE (MadFKS)   -4.3094932321339144E-011
 SINGLE POLE (MadLoop)  -1.0773853448771719E-010
 DOUBLE POLE (MadLoop)  -4.3094932321345897E-011
 FINITE PART (MadLoop)  -1.3200141028241492E-011
   325.00000000000000        0.0000000000000000        0.0000000000000000        325.00000000000000        0.0000000000000000     
   325.00000000000000        0.0000000000000000        0.0000000000000000       -325.00000000000000        0.0000000000000000     
   258.35846261479662        250.19843584362511        64.394564210777858       0.14239799391007821        1.7769999999999999     
   164.37051603845399       -140.15719240153970       -81.491576595697850       -27.010982503658589        1.7769999999999999     
   166.19533667072125       -163.52293399560460       -12.397691141783179        26.971044527724160        0.0000000000000000     
   61.075684676029475        53.481690553519179        29.494703526703134      -0.10246001797563122        0.0000000000000000     

 PASSED   1.0000000000000001E-005
 MU_R    =    325.00000000000000     
 ALPHA_S =   0.11799999999999999     
 BORN                    2.9440721620968849E-009
 SINGLE POLE (MadFKS)   -4.8928367208504212E-010
 DOUBLE POLE (MadFKS)   -3.1331288555280926E-010
 SINGLE POLE (MadLoop)  -4.8928367208506238E-010
 DOUBLE POLE (MadLoop)  -3.1331288555281050E-010
 FINITE PART (MadLoop)   4.7034896083025902E-010
   325.00000000000000        0.0000000000000000        0.0000000000000000        325.00000000000000        0.0000000000000000     
   325.00000000000000        0.0000000000000000        0.0000000000000000       -325.00000000000000        0.0000000000000000     
   37.066885862457184       -5.6428945337349292       -18.241703446844564       -31.720565807988844        1.7769999999999999     
   199.10236438503588       -23.565424064690475       -195.18050668922533        31.429832514669620        1.7769999999999999     
   187.08228970442914       -15.401539703892967        72.126755478882430        171.93111073883887        0.0000000000000000     
   226.74846004807776        44.609858302318500        141.29545465718769       -171.64037744551965        0.0000000000000000     

 PASSED   1.0000000000000001E-005
 MU_R    =    325.00000000000000     
 ALPHA_S =   0.11799999999999999     
 BORN                    3.3266930025700278E-010
 SINGLE POLE (MadFKS)   -5.8696831047573808E-011
 DOUBLE POLE (MadFKS)   -3.5403200960984257E-011
 SINGLE POLE (MadLoop)  -5.8696831047562447E-011
 DOUBLE POLE (MadLoop)  -3.5403200960983598E-011
 FINITE PART (MadLoop)   5.3184351471649715E-011
   325.00000000000000        0.0000000000000000        0.0000000000000000        325.00000000000000        0.0000000000000000     
   325.00000000000000        0.0000000000000000        0.0000000000000000       -325.00000000000000        0.0000000000000000     
   190.28620471341736       -128.26504935048666       -96.044096838180636       -102.61233138805481        1.7769999999999999     
   262.85749955864475        233.24131995172465        105.80474056707631        59.116418074286727        1.7769999999999999     
   61.385882807845178        26.318345989986650        22.866995065836974        50.523972618043871        0.0000000000000000     
   135.47041292009345       -131.29461659122461       -32.627638794732533       -7.0280593042757689        0.0000000000000000     

 PASSED   1.0000000000000001E-005
 MU_R    =    325.00000000000000     
 ALPHA_S =   0.11799999999999999     
 BORN                    1.6182477720537008E-010
 SINGLE POLE (MadFKS)   -2.6090399696165154E-011
 DOUBLE POLE (MadFKS)   -1.7221652564400166E-011
 SINGLE POLE (MadLoop)  -2.6090399696163732E-011
 DOUBLE POLE (MadLoop)  -1.7221652564400260E-011
 FINITE PART (MadLoop)   2.2072403897535599E-011
   325.00000000000000        0.0000000000000000        0.0000000000000000        325.00000000000000        0.0000000000000000     
   325.00000000000000        0.0000000000000000        0.0000000000000000       -325.00000000000000        0.0000000000000000     
   130.35921986523758        63.122064029322914       -88.281358161013372       -72.196781845164580        1.7769999999999999     
   76.182642939356640        51.531722970627605       -20.643640944134109       -52.143637890673375        1.7769999999999999     
   282.74278303242482       -227.85777237828205        3.2722258137006244        167.37266641226708        0.0000000000000000     
   160.71535416298099        113.20398537833150        105.65277329144686       -43.032246676429125        0.0000000000000000     

 PASSED   1.0000000000000001E-005
 MU_R    =    325.00000000000000     
 ALPHA_S =   0.11799999999999999     
 BORN                    9.8146701926670802E-012
 SINGLE POLE (MadFKS)   -1.2053425609331253E-012
 DOUBLE POLE (MadFKS)   -1.0444929572050596E-012
 SINGLE POLE (MadLoop)  -1.2053425609327784E-012
 DOUBLE POLE (MadLoop)  -1.0444929572050148E-012
 FINITE PART (MadLoop)   1.2787155511289944E-012
   325.00000000000000        0.0000000000000000        0.0000000000000000        325.00000000000000        0.0000000000000000     
   325.00000000000000        0.0000000000000000        0.0000000000000000       -325.00000000000000        0.0000000000000000     
   202.06811615346228       -129.96838125882607        5.1359287386917094       -154.62925966892760        1.7769999999999999     
   108.47475717895223       -34.132295579711077        27.499057107408543        99.208888073072202        1.7769999999999999     
   119.31967738438755       -23.884170611151433        77.266011297442816        87.730811597267163        0.0000000000000000     
   220.13744928319792        187.98484744968860       -109.90099714354304       -32.310440001411720        0.0000000000000000     

 PASSED   1.0000000000000001E-005
 MU_R    =    325.00000000000000     
 ALPHA_S =   0.11799999999999999     
 BORN                    1.6848648780339381E-011
 SINGLE POLE (MadFKS)   -2.3146727437824859E-012
 DOUBLE POLE (MadFKS)   -1.7930602500157843E-012
 SINGLE POLE (MadLoop)  -2.3146727438232811E-012
 DOUBLE POLE (MadLoop)  -1.7930602500158039E-012
 FINITE PART (MadLoop)   3.0876308687343225E-012
   325.00000000000000        0.0000000000000000        0.0000000000000000        325.00000000000000        0.0000000000000000     
   325.00000000000000        0.0000000000000000        0.0000000000000000       -325.00000000000000        0.0000000000000000     
   88.990636631661417        72.641374732513214        50.897340521313936        6.9904995484163051        1.7769999999999999     
   112.14053790661318       -95.195145549739294       -40.959251801113737        42.808485941942209        1.7769999999999999     
   243.27062663874972        82.876804535873603       -191.52212902554569       -125.02522604920505        0.0000000000000000     
   205.59819882297566       -60.323033718647515        181.58404030534547        75.226240558846527        0.0000000000000000     

 PASSED   1.0000000000000001E-005
 MU_R    =    325.00000000000000     
 ALPHA_S =   0.11799999999999999     
 BORN                    9.2843841822576432E-009
 SINGLE POLE (MadFKS)   -2.3430843811378388E-009
 DOUBLE POLE (MadFKS)   -9.8805906871934656E-010
 SINGLE POLE (MadLoop)  -2.3430843811379791E-009
 DOUBLE POLE (MadLoop)  -9.8805906871935214E-010
 FINITE PART (MadLoop)   1.0938274856824645E-009
   325.00000000000000        0.0000000000000000        0.0000000000000000        325.00000000000000        0.0000000000000000     
   325.00000000000000        0.0000000000000000        0.0000000000000000       -325.00000000000000        0.0000000000000000     
   85.940744409129849       -33.311393612718092       -77.511182107443062        16.279481701845995        1.7769999999999999     
   117.37831061960611        11.742396904642222        31.384958397601384       -112.47937844879574        1.7769999999999999     
   174.90439423669869        50.351184030062257       -16.545152934642644       -166.68102262839238        0.0000000000000000     
   271.77655073456532       -28.782187321986381        62.671376644484248        262.88091937534199        0.0000000000000000     

 PASSED   1.0000000000000001E-005
 MU_R    =    325.00000000000000     
 ALPHA_S =   0.11799999999999999     
 BORN                    1.7625281884507718E-010
 SINGLE POLE (MadFKS)   -3.3578094419233843E-011
 DOUBLE POLE (MadFKS)   -1.8757107916755745E-011
 SINGLE POLE (MadLoop)  -3.3578094419234341E-011
 DOUBLE POLE (MadLoop)  -1.8757107916755961E-011
 FINITE PART (MadLoop)   1.5084134834078371E-011
   325.00000000000000        0.0000000000000000        0.0000000000000000        325.00000000000000        0.0000000000000000     
   325.00000000000000        0.0000000000000000        0.0000000000000000       -325.00000000000000        0.0000000000000000     
   225.42869892873583       -46.027762084476393        220.00040250706442        17.210711371907720        1.7769999999999999     
   105.37414544113554        14.270845395306909        87.441781978047246       -57.016055060452011        1.7769999999999999     
   198.56136053480242        28.400832166335871       -188.08092880710038        56.969911784641930        0.0000000000000000     
   120.63579509532629        3.3560845228335761       -119.36125567801128       -17.164568096097735        0.0000000000000000     

 PASSED   1.0000000000000001E-005
 MU_R    =    325.00000000000000     
 ALPHA_S =   0.11799999999999999     
 BORN                    1.8762485591510702E-012
 SINGLE POLE (MadFKS)   -3.4087358128729981E-013
 DOUBLE POLE (MadFKS)   -1.9967338357060866E-013
 SINGLE POLE (MadLoop)  -3.4087358129106034E-013
 DOUBLE POLE (MadLoop)  -1.9967338357060753E-013
 FINITE PART (MadLoop)   2.3638090265677434E-013
   325.00000000000000        0.0000000000000000        0.0000000000000000        325.00000000000000        0.0000000000000000     
   325.00000000000000        0.0000000000000000        0.0000000000000000       -325.00000000000000        0.0000000000000000     
   153.65210948677168       -22.170792331409867       -147.45733767006035       -37.021649819938673        1.7769999999999999     
   132.67656393407529        60.059494240796980        40.307680212700568        111.21178424862676        1.7769999999999999     
   230.16838242466190        56.574635187044734        195.21280419566546       -108.02201627216091        0.0000000000000000     
   133.50294415449110       -94.463337096431829       -88.063146738305619        33.831881843472814        0.0000000000000000     

 PASSED   1.0000000000000001E-005
 MU_R    =    325.00000000000000     
 ALPHA_S =   0.11799999999999999     
 BORN                    7.4301151125116176E-011
 SINGLE POLE (MadFKS)   -8.7543196172576383E-012
 DOUBLE POLE (MadFKS)   -7.9072477769447470E-012
 SINGLE POLE (MadLoop)  -8.7543196172603040E-012
 DOUBLE POLE (MadLoop)  -7.9072477769448343E-012
Thanks for using LHAPDF 6.2.1. Please make sure to cite the paper:
  Eur.Phys.J. C75 (2015) 3, 132  (http://arxiv.org/abs/1412.7420)
 FINITE PART (MadLoop)   8.2348901786943211E-012
   325.00000000000000        0.0000000000000000        0.0000000000000000        325.00000000000000        0.0000000000000000     
   325.00000000000000        0.0000000000000000        0.0000000000000000       -325.00000000000000        0.0000000000000000     
   39.529802136461427       -22.816945509661519        28.952782973949876        14.162305024969786        1.7769999999999999     
   167.16758721733896       -131.16148766312037        88.747426013043722       -53.501430047458136        1.7769999999999999     
   201.35256459978768        119.55653084905197        107.29126190386272        121.39883163081961        0.0000000000000000     
   241.95004604641201        34.421902323730016       -224.99147089085636       -82.059706608331254        0.0000000000000000     

 PASSED   1.0000000000000001E-005
 MU_R    =    325.00000000000000     
 ALPHA_S =   0.11799999999999999     
 BORN                    1.2064333031456231E-011
 SINGLE POLE (MadFKS)   -2.5974199375488420E-012
 DOUBLE POLE (MadFKS)   -1.2839056878495192E-012
 SINGLE POLE (MadLoop)  -2.5974199375288536E-012
 DOUBLE POLE (MadLoop)  -1.2839056878495154E-012
 FINITE PART (MadLoop)   1.5268032523003608E-012
   325.00000000000000        0.0000000000000000        0.0000000000000000        325.00000000000000        0.0000000000000000     
   325.00000000000000        0.0000000000000000        0.0000000000000000       -325.00000000000000        0.0000000000000000     
   160.32009777645303       -134.42453103879717        79.673454907533213       -35.798911438033919        1.7769999999999999     
   119.62384605137572       0.17427670850059820        114.45047982581291        34.752900747898828        1.7769999999999999     
   254.28302039573575        207.13406448775160       -131.90309639378160        66.006870491600395        0.0000000000000000     
   115.77303577643548       -72.883810157455059       -62.220838339564551       -64.960859801465332        0.0000000000000000     

 PASSED   1.0000000000000001E-005
 MU_R    =    325.00000000000000     
 ALPHA_S =   0.11799999999999999     
 BORN                    2.2848539705791577E-011
 SINGLE POLE (MadFKS)   -4.9297279669996552E-012
 DOUBLE POLE (MadFKS)   -2.4315782738119956E-012
 SINGLE POLE (MadLoop)  -4.9297279670000438E-012
 DOUBLE POLE (MadLoop)  -2.4315782738120913E-012
 FINITE PART (MadLoop)   1.1300909193032826E-011
   325.00000000000000        0.0000000000000000        0.0000000000000000        325.00000000000000        0.0000000000000000     
   325.00000000000000        0.0000000000000000        0.0000000000000000       -325.00000000000000        0.0000000000000000     
   236.75067702752841        58.641889427608952        54.473262920682508        222.80376517269028        1.7769999999999999     
   118.82211515434140       -52.765121782151262       -83.051884996707543       -66.586512467315643        1.7769999999999999     
   195.55309307272938       -34.744051035571594       -62.391645820208268       -182.04709736712320        0.0000000000000000     
   98.874114745405734        28.867283390113922        90.970267896233281        25.829844661748602        0.0000000000000000     

 PASSED   1.0000000000000001E-005
 MU_R    =    325.00000000000000     
 ALPHA_S =   0.11799999999999999     
 BORN                    6.6977739598072820E-010
 SINGLE POLE (MadFKS)   -1.3605490573113904E-010
 DOUBLE POLE (MadFKS)   -7.1278785661050190E-011
 SINGLE POLE (MadLoop)  -1.3605490514611654E-010
 DOUBLE POLE (MadLoop)  -7.1278785661048936E-011
 FINITE PART (MadLoop)   7.8254937859819222E-011
   325.00000000000000        0.0000000000000000        0.0000000000000000        325.00000000000000        0.0000000000000000     
   325.00000000000000        0.0000000000000000        0.0000000000000000       -325.00000000000000        0.0000000000000000     
   196.38518971117057       -170.04232909660448       -98.175229615514283       -3.3489721162702182        1.7769999999999999     
   199.82514586949827        129.12788766854320       -45.075682426703175       -145.67464663692638        1.7769999999999999     
   53.830660121321493       -9.3519506803070573        49.072487325900028       -20.054225869369994        0.0000000000000000     
   199.95900429801114        50.266392108368336        94.178424716317352        169.07784462256660        0.0000000000000000     

 NUMBER OF POINTS PASSING THE CHECK          20
 NUMBER OF POINTS FAILING THE CHECK           0
 TOLERANCE    1.0000000000000001E-005
