==== LHAPDF6 USING DEFAULT-TYPE LHAGLUE INTERFACE ====
LHAPDF 6.2.1 loading /cvmfs/cms.cern.ch/slc6_amd64_gcc481/external/lhapdf/6.2.1/share/LHAPDF/NNPDF31_nnlo_as_0118_nf_4/NNPDF31_nnlo_as_0118_nf_4_0000.dat
NNPDF31_nnlo_as_0118_nf_4 PDF set, member #0, version 1; LHAPDF ID = 320900
 A PDF is used, so alpha_s(MZ) is going to be modified
 Old value of alpha_s from param_card:   0.11799999999999999     
 New value of alpha_s from PDF lhapdf :  0.11800240511781991     
 using LHAPDF
WARNING: the value of maxjetflavorspecified in the run_card (  4) is inconsistent with the number of light flavours inthe model. Hence it will be set to:  5
 *****************************************************
 *               MadGraph/MadEvent                   *
 *        --------------------------------           *
 *          http://madgraph.hep.uiuc.edu             *
 *          http://madgraph.phys.ucl.ac.be           *
 *          http://madgraph.roma2.infn.it            *
 *        --------------------------------           *
 *                                                   *
 *          PARAMETER AND COUPLING VALUES            *
 *                                                   *
 *****************************************************

  External Params
  ---------------------------------
  
 MU_R =    91.188000000000002     
 aEWM1 =    132.50700000000001     
 mdl_Gf =    1.1663900000000000E-005
 aS =   0.11799999999999999     
 mdl_ymt =    173.00000000000000     
 mdl_ymtau =    1.7769999999999999     
 mdl_MT =    173.00000000000000     
 mdl_MZ =    91.188000000000002     
 mdl_MH =    125.00000000000000     
 mdl_MTA =    1.7769999999999999     
 mdl_WT =    1.4915000000000000     
 mdl_WZ =    2.4414039999999999     
 mdl_WW =    2.0476000000000001     
 mdl_WH =    6.3823389999999999E-003
  Internal Params
  ---------------------------------
  
 mdl_conjg__CKM3x3 =    1.0000000000000000     
 mdl_CKM22 =    1.0000000000000000     
 mdl_I4x33 =    0.0000000000000000     
 mdl_I1x33 =    0.0000000000000000     
 mdl_lhv =    1.0000000000000000     
 mdl_CKM3x3 =    1.0000000000000000     
 mdl_conjg__CKM22 =    1.0000000000000000     
 mdl_conjg__CKM33 =    1.0000000000000000     
 mdl_Ncol =    3.0000000000000000     
 mdl_CA =    3.0000000000000000     
 mdl_TF =   0.50000000000000000     
 mdl_CF =    1.3333333333333333     
 mdl_complexi =  (  0.0000000000000000     ,  1.0000000000000000     )
 mdl_MZ__exp__2 =    8315.2513440000002     
 mdl_MZ__exp__4 =    69143404.913893804     
 mdl_sqrt__2 =    1.4142135623730951     
 mdl_MH__exp__2 =    15625.000000000000     
 mdl_Ncol__exp__2 =    9.0000000000000000     
 mdl_MT__exp__2 =    29929.000000000000     
 mdl_aEW =    7.5467711139788835E-003
 mdl_MW =    80.419002445756163     
 mdl_sqrt__aEW =    8.6872153846781555E-002
 mdl_ee =   0.30795376724436879     
 mdl_MW__exp__2 =    6467.2159543705357     
 mdl_sw2 =   0.22224648578577766     
 mdl_cw =   0.88190334743339216     
 mdl_sqrt__sw2 =   0.47143025548407230     
 mdl_sw =   0.47143025548407230     
 mdl_g1 =   0.34919219678733299     
 mdl_gw =   0.65323293034757990     
 mdl_v =    246.21845810181637     
 mdl_v__exp__2 =    60623.529110035903     
 mdl_lam =   0.12886910601690263     
 mdl_yt =   0.99366614581500623     
 mdl_ytau =    1.0206617000654717E-002
 mdl_muH =    88.388347648318430     
 mdl_AxialZUp =  -0.18517701861793787     
 mdl_AxialZDown =   0.18517701861793787     
 mdl_VectorZUp =    7.5430507588273299E-002
 mdl_VectorZDown =  -0.13030376310310560     
 mdl_VectorAUp =   0.20530251149624587     
 mdl_VectorADown =  -0.10265125574812294     
 mdl_VectorWmDxU =   0.23095271737156670     
 mdl_AxialWmDxU =  -0.23095271737156670     
 mdl_VectorWpUxD =   0.23095271737156670     
 mdl_AxialWpUxD =  -0.23095271737156670     
 mdl_I2x33 =  ( 0.99366614581500623     ,  0.0000000000000000     )
 mdl_I3x33 =  ( 0.99366614581500623     ,  0.0000000000000000     )
 mdl_Vector_tbGp =  (-0.99366614581500623     ,  0.0000000000000000     )
 mdl_Axial_tbGp =  (-0.99366614581500623     , -0.0000000000000000     )
 mdl_Vector_tbGm =  ( 0.99366614581500623     ,  0.0000000000000000     )
 mdl_Axial_tbGm =  (-0.99366614581500623     ,  0.0000000000000000     )
 mdl_gw__exp__2 =   0.42671326129048615     
 mdl_cw__exp__2 =   0.77775351421422245     
 mdl_ee__exp__2 =    9.4835522759998875E-002
 mdl_sw__exp__2 =   0.22224648578577769     
 mdl_yt__exp__2 =   0.98737240933884918     
  Internal Params evaluated point by point
  ----------------------------------------
  
 mdl_sqrt__aS =   0.34351128074635334     
 mdl_G__exp__4 =    2.1987899468922913     
 mdl_G__exp__2 =    1.4828317324943823     
 mdl_R2MixedFactor_FIN_ =   -2.5040377713124864E-002
 mdl_G_UVg_1EPS_ =   -5.1645779033320030E-002
 mdl_G_UVq_1EPS_ =    3.1300472141406080E-003
 mdl_GWcft_UV_t_1EPS_ =   -3.1300472141406080E-003
 mdl_tWcft_UV_1EPS_ =   -1.8780283284843650E-002
 mdl_G__exp__3 =    1.8056676068262196     
 mdl_MU_R__exp__2 =    8315.2513440000002     
 mdl_G_UVt_FIN_ =   -4.0087659331150384E-003
 mdl_GWcft_UV_t_FIN_ =    4.0087659331150384E-003
 mdl_tWcft_UV_FIN_ =   -9.8778211443463623E-004
  Couplings of loop_sm-no_b_mass
  ---------------------------------
  
      UV_GQQt =   0.00000E+00  -0.48815E-02
   UVWfct_G_2 =   0.40088E-02   0.00000E+00
       R2_DDA =   0.00000E+00   0.25704E-02
       R2_UUA =  -0.00000E+00  -0.51409E-02
    R2_DDZ_V2 =   0.00000E+00   0.72127E-02
    R2_UUZ_V2 =  -0.00000E+00  -0.72127E-02
    R2_UUZ_V5 =   0.00000E+00   0.68702E-03
      R2_GGHt =   0.00000E+00  -0.45657E+01
     R2_GGZup =  -0.46369E-02   0.00000E+00
   R2_GGZdown =   0.46369E-02   0.00000E+00
    R2_GGZAup =   0.00000E+00   0.19389E-03
  R2_GGZAdown =   0.00000E+00   0.16747E-03
  R2_GGAAdown =   0.00000E+00   0.13193E-03
    R2_GGAAup =   0.00000E+00   0.52771E-03
         GC_4 =  -0.12177E+01   0.00000E+00
         GC_5 =   0.00000E+00   0.12177E+01
       R2_GQQ =  -0.00000E+00  -0.30492E-01
       R2_QQq =   0.00000E+00   0.12520E-01
 UV_GQQg_1eps =   0.00000E+00  -0.62890E-01
 UV_GQQq_1eps =   0.00000E+00   0.38115E-02
 UVWfct_G_2_1eps -0.31300E-02   0.00000E+00
         GC_1 =  -0.00000E+00  -0.10265E+00
         GC_2 =   0.00000E+00   0.20530E+00
        GC_21 =  -0.00000E+00  -0.28804E+00
        GC_22 =   0.00000E+00   0.28804E+00
        GC_23 =  -0.00000E+00  -0.27437E-01
        GC_24 =   0.00000E+00   0.82310E-01
        GC_37 =  -0.00000E+00  -0.70263E+00
        GC_38 =  -0.00000E+00  -0.72172E-02
      GC_1003 =  -0.00000E+00  -0.30795E+00

 Collider parameters:
 --------------------

 Running at P P   machine @    13000.000000000000       GeV
 PDF set = lhapdf 
 alpha_s(Mz)= 0.1180 running at 3 loops.
 alpha_s(Mz)= 0.1180 running at 3 loops.
 Renormalization scale set on event-by-event basis
 Factorization   scale set on event-by-event basis


 ===============================================================
 INFO: MadFKS read these parameters from FKS_params.dat
 ===============================================================
  > IRPoleCheckThreshold      =    1.0000000000000001E-005
  > PrecisionVirtualAtRunTime =    1.0000000000000000E-003
  > NHelForMCoverHels         =            4
  > VirtualFraction           =    1.0000000000000000     
  > MinVirtualFraction        =    5.0000000000000001E-003
 ===============================================================
  Insert the number of points to test
 Insert the relative tolerance
  A negative number will mean use the default one:    1.0000000000000001E-005
Using random seed offsets:     1 ,     23 ,      0
  with seed                   32
 Ranmar initialization seeds       10730        9429
  ========================================================================================== 
 {                                                                                          }
 {       [32m                                                                            [0m       }
 {       [32m                               ,,                                           [0m       }
 {       [32m`7MMM.     ,MMF'             `7MM  `7MMF'                                   [0m       }
 {       [32m  MMMb    dPMM                 MM    MM                                     [0m       }
 {       [32m  M YM   ,M MM   ,6"Yb.   ,M""bMM    MM         ,pW"Wq.   ,pW"Wq.`7MMpdMAo. [0m       }
 {       [32m  M  Mb  M' MM  8)   MM ,AP    MM    MM        6W'   `Wb 6W'   `Wb MM   `Wb [0m       }
 {       [32m  M  YM.P'  MM   ,pm9MM 8MI    MM    MM      , 8M     M8 8M     M8 MM    M8 [0m       }
 {       [32m  M  `YM'   MM  8M   MM `Mb    MM    MM     ,M YA.   ,A9 YA.   ,A9 MM   ,AP [0m       }
 {       [32m.JML. `'  .JMML.`Moo9^Yo.`Wbmd"MML..JMMmmmmMMM  `Ybmd9'   `Ybmd9'  MMbmmd'  [0m       }
 {       [32m                                                                   MM       [0m       }
 {       [32m                                                                 .JMML.     [0m       }
 {       [32m[0mv2.6.1 (2017-12-12), Ref: arXiv:1103.0621v2, arXiv:1405.0301[32m                [0m       }
 {       [32m                                                                            [0m       }
 {                                                                                          }
  ========================================================================================== 
 ===============================================================
 INFO: MadLoop read these parameters from ./MadLoop5_resources/MadLoopParams.dat                                                                                                                                                                                                                                                                                                                                                                                                                                                                                          
 ===============================================================
  > MLReductionLib            = 6|7|1
  > CTModeRun                 =           -1
  > MLStabThres               =    1.0000000000000000E-003
  > NRotations_DP             =            0
  > NRotations_QP             =            0
  > CTStabThres               =    1.0000000000000000E-002
  > CTLoopLibrary             =            2
  > CTModeInit                =            1
  > CheckCycle                =            3
  > MaxAttempts               =           10
  > UseLoopFilter             =  F
  > HelicityFilterLevel       =            2
  > ImprovePSPoint            =            2
  > DoubleCheckHelicityFilter =  T
  > LoopInitStartOver         =  F
  > HelInitStartOver          =  F
  > ZeroThres                 =    1.0000000000000001E-009
  > OSThres                   =    1.0000000000000000E-008
  > WriteOutFilters           =  T
  > UseQPIntegrandForNinja    =  T
  > UseQPIntegrandForCutTools =  T
  > IREGIMODE                 =            2
  > IREGIRECY                 =  T
  > COLLIERMode               =            1
  > COLLIERRequiredAccuracy   =    1.0000000000000000E-008
  > COLLIERCanOutput          =  F
  > COLLIERComputeUVpoles     =  T
  > COLLIERComputeIRpoles     =  T
  > COLLIERGlobalCache        =           -1
  > COLLIERUseCacheForPoles   =  F
  > COLLIERUseInternalStabilityTest =  T
 ===============================================================
  
------------------------------------------------------------------------
|              You are using CutTools - Version 1.9.3                  |
|              Authors: G. Ossola, C. Papadopoulos, R. Pittau          |
|              Published in JHEP 0803:042,2008                         |
|              http://www.ugr.es/~pittau/CutTools                      |
|                                                                      |
|              Compiler with  34  significant digits detetected        |
 ---------------------------------------------------------------------- 
   
########################################################################
#                                                                      #
#                      You are using OneLOop-3.6                       #
#                                                                      #
# for the evaluation of 1-loop scalar 1-, 2-, 3- and 4-point functions #
#                                                                      #
# author: Andreas van Hameren <hamerenREMOVETHIS@ifj.edu.pl>           #
#   date: 18-02-2015                                                   #
#                                                                      #
# Please cite                                                          #
#    A. van Hameren,                                                   #
#      Comput.Phys.Commun. 182 (2011) 2427-2438, arXiv:1007.4716       #
#    A. van Hameren, C.G. Papadopoulos and R. Pittau,                  #
#      JHEP 0909:106,2009, arXiv:0903.4665                             #
# in publications with results obtained with the help of this program. #
#                                                                      #
########################################################################
 PASSED   1.0000000000000001E-005
 MU_R    =    325.00000000000000     
 ALPHA_S =   0.11799999999999999     
 BORN                    3.8448194134654799E-010
 SINGLE POLE (MadFKS)   -1.1763788839751215E-010
 DOUBLE POLE (MadFKS)   -4.0917185399570593E-011
 SINGLE POLE (MadLoop)  -1.1763788839748225E-010
 DOUBLE POLE (MadLoop)  -4.0917185399571349E-011
 FINITE PART (MadLoop)  -5.3897041370423990E-011
   325.00000000000000        0.0000000000000000        0.0000000000000000        325.00000000000000        0.0000000000000000     
   325.00000000000000        0.0000000000000000        0.0000000000000000       -325.00000000000000        0.0000000000000000     
   97.837441743886799       -91.096097867045714       -11.845979734936211        33.665096531950702        0.0000000000000000     
   278.18078368496163        236.30698122661218        125.06507499022079       -76.826336973953360        0.0000000000000000     
   190.91197382019419       -102.35202571090066       -113.58862153015664        114.32003166408103        0.0000000000000000     
   83.069800750957327       -42.858857648665825       0.36952627487201917       -71.158791222078335        0.0000000000000000     

 PASSED   1.0000000000000001E-005
 MU_R    =    325.00000000000000     
 ALPHA_S =   0.11799999999999999     
 BORN                    2.1473664291705959E-005
 SINGLE POLE (MadFKS)   -1.7394813349940216E-006
 DOUBLE POLE (MadFKS)   -2.2852618251839263E-006
 SINGLE POLE (MadLoop)  -1.7394813349942131E-006
 DOUBLE POLE (MadLoop)  -2.2852618251858177E-006
 FINITE PART (MadLoop)   8.1328805353010750E-007
   325.00000000000000        0.0000000000000000        0.0000000000000000        325.00000000000000        0.0000000000000000     
   325.00000000000000        0.0000000000000000        0.0000000000000000       -325.00000000000000        0.0000000000000000     
   213.07858532019191        184.24558343201133       -95.691336048761272        47.950148206810233        0.0000000000000000     
   116.63888381444043        83.819852513952597       -73.038500607341035       -35.273771715670229        0.0000000000000000     
   4.2744874178380030       -1.3404862789972902        9.1610749480561332E-002   4.0578253648543088        0.0000000000000000     
   316.00804344752964       -266.72494966696661        168.63822590662176       -16.734201855994353        0.0000000000000000     

 PASSED   1.0000000000000001E-005
 MU_R    =    325.00000000000000     
 ALPHA_S =   0.11799999999999999     
 BORN                    1.7201427184860927E-011
 SINGLE POLE (MadFKS)   -3.3086282368570573E-012
 DOUBLE POLE (MadFKS)   -1.8306034941333599E-012
 SINGLE POLE (MadLoop)  -3.3086282368539247E-012
 DOUBLE POLE (MadLoop)  -1.8306034941333543E-012
 FINITE PART (MadLoop)   2.4299461641832923E-012
   325.00000000000000        0.0000000000000000        0.0000000000000000        325.00000000000000        0.0000000000000000     
   325.00000000000000        0.0000000000000000        0.0000000000000000       -325.00000000000000        0.0000000000000000     
   222.99286006879933        163.30406968490919        101.69023855119357        112.76831048397774        0.0000000000000000     
   160.56988508222864       -42.733815318321817       -46.139945668032745       -147.74171529196033        0.0000000000000000     
   130.49541542534695       -63.993279050564304        47.408267021375949        103.37489976498364        0.0000000000000000     
   135.94183942362483       -56.576975316023088       -102.95855990453678       -68.401494957001020        0.0000000000000000     

 PASSED   1.0000000000000001E-005
 MU_R    =    325.00000000000000     
 ALPHA_S =   0.11799999999999999     
 BORN                    8.3497950325153214E-012
 SINGLE POLE (MadFKS)   -1.2993998741413290E-012
 DOUBLE POLE (MadFKS)   -8.8859859112576877E-013
 SINGLE POLE (MadLoop)  -1.2993998741401759E-012
 DOUBLE POLE (MadLoop)  -8.8859859112577240E-013
 FINITE PART (MadLoop)   1.3344668597651245E-012
   325.00000000000000        0.0000000000000000        0.0000000000000000        325.00000000000000        0.0000000000000000     
   325.00000000000000        0.0000000000000000        0.0000000000000000       -325.00000000000000        0.0000000000000000     
   271.07220900871596       -179.20609014149358       -171.21482141031805        109.77615716765072        0.0000000000000000     
   99.455646717580322       -24.259711991954333        79.437887297272582       -54.703876460680469        0.0000000000000000     
   107.25723203537873        101.38703586927710       -34.974649164403885        1.2476767850111179        0.0000000000000000     
   172.21491223832504        102.07876626417080        126.75158327744936       -56.319957491981370        0.0000000000000000     

 PASSED   1.0000000000000001E-005
 MU_R    =    325.00000000000000     
 ALPHA_S =   0.11799999999999999     
 BORN                    1.7792806644845127E-011
 SINGLE POLE (MadFKS)   -2.3761974744735586E-012
 DOUBLE POLE (MadFKS)   -1.8935390455949598E-012
 SINGLE POLE (MadLoop)  -2.3761974744820731E-012
 DOUBLE POLE (MadLoop)  -1.8935390455949687E-012
 FINITE PART (MadLoop)   3.0167823735460497E-012
   325.00000000000000        0.0000000000000000        0.0000000000000000        325.00000000000000        0.0000000000000000     
   325.00000000000000        0.0000000000000000        0.0000000000000000       -325.00000000000000        0.0000000000000000     
   173.44333608870130       -115.08397661273617        115.65030489566745        58.849606099926831        0.0000000000000000     
   235.53581345055576        215.42634205684249        72.215238525063512       -62.077128562711948        0.0000000000000000     
   40.552961618741669       -28.781952437894994       -3.2915040539791374       -28.377947617411042        0.0000000000000000     
   200.46788884200123       -71.560413006211363       -184.57403936675178        31.605470080196170        0.0000000000000000     

 PASSED   1.0000000000000001E-005
 MU_R    =    325.00000000000000     
 ALPHA_S =   0.11799999999999999     
 BORN                    9.8097542975603648E-012
 SINGLE POLE (MadFKS)   -2.1711500114966534E-012
 DOUBLE POLE (MadFKS)   -1.0439697997564110E-012
 SINGLE POLE (MadLoop)  -2.1711500114958392E-012
 DOUBLE POLE (MadLoop)  -1.0439697997563427E-012
 FINITE PART (MadLoop)   7.0557291344787013E-014
   325.00000000000000        0.0000000000000000        0.0000000000000000        325.00000000000000        0.0000000000000000     
   325.00000000000000        0.0000000000000000        0.0000000000000000       -325.00000000000000        0.0000000000000000     
   166.67094275929705        44.062476025707646       -7.5178144365222623        160.56520118897134        0.0000000000000000     
   92.928523800217675        65.442054625755162       -65.935552031097330        2.3560561117602763        0.0000000000000000     
   291.28373390001514       -199.70158552511697        62.677149664979737       -202.57607283033960        0.0000000000000000     
   99.116799540469941        90.197054873654210        10.776216802639926        39.654815529607930        0.0000000000000000     

 PASSED   1.0000000000000001E-005
 MU_R    =    325.00000000000000     
 ALPHA_S =   0.11799999999999999     
 BORN                    2.9037399387270280E-011
 SINGLE POLE (MadFKS)   -4.6476598665343803E-012
 DOUBLE POLE (MadFKS)   -3.0902066559724606E-012
 SINGLE POLE (MadLoop)  -4.6476598667835362E-012
 DOUBLE POLE (MadLoop)  -3.0902066559724457E-012
 FINITE PART (MadLoop)   4.7847805137862933E-012
   325.00000000000000        0.0000000000000000        0.0000000000000000        325.00000000000000        0.0000000000000000     
   325.00000000000000        0.0000000000000000        0.0000000000000000       -325.00000000000000        0.0000000000000000     
   125.00834885316618       -82.807729222661550       -69.821978824057837       -62.408801759640284        0.0000000000000000     
   294.90692838350111        249.30891807613091       -55.161372433483379        147.55467721341455        0.0000000000000000     
   55.971105624646199       -52.233145283617077        18.105110742441632       -8.7560358399093214        0.0000000000000000     
   174.11361713868666       -114.26804356985230        106.87824051509963       -76.389839613864950        0.0000000000000000     

 PASSED   1.0000000000000001E-005
 MU_R    =    325.00000000000000     
 ALPHA_S =   0.11799999999999999     
 BORN                    1.2224768751253294E-011
 SINGLE POLE (MadFKS)   -2.3247802644816423E-012
 DOUBLE POLE (MadFKS)   -1.3009795146947003E-012
 SINGLE POLE (MadLoop)  -2.3247802644845528E-012
 DOUBLE POLE (MadLoop)  -1.3009795146946888E-012
 FINITE PART (MadLoop)   2.1191107948958751E-012
   325.00000000000000        0.0000000000000000        0.0000000000000000        325.00000000000000        0.0000000000000000     
   325.00000000000000        0.0000000000000000        0.0000000000000000       -325.00000000000000        0.0000000000000000     
   38.134472468005569        15.982496995686498        34.592074411545283        1.4785696135323636        0.0000000000000000     
   294.47113594297008        185.82595477870129       -212.91787562256081        82.752297095023323        0.0000000000000000     
   165.81649524064528       -149.88018644798569        70.397760514153759        8.6715119096867674        0.0000000000000000     
   151.57789634837897       -51.928265326402062        107.92804069686167       -92.902378618242466        0.0000000000000000     

 PASSED   1.0000000000000001E-005
 MU_R    =    325.00000000000000     
 ALPHA_S =   0.11799999999999999     
 BORN                    3.9627148926783270E-011
 SINGLE POLE (MadFKS)   -3.6644103219771766E-012
 DOUBLE POLE (MadFKS)   -4.2171848014888406E-012
 SINGLE POLE (MadLoop)  -3.6644103219737120E-012
 DOUBLE POLE (MadLoop)  -4.2171848014888374E-012
 FINITE PART (MadLoop)   6.6812043327769044E-012
   325.00000000000000        0.0000000000000000        0.0000000000000000        325.00000000000000        0.0000000000000000     
   325.00000000000000        0.0000000000000000        0.0000000000000000       -325.00000000000000        0.0000000000000000     
   40.233031237682837       -6.4375132383030760        29.995661735691407        26.029127970737182        0.0000000000000000     
   112.88270211990523       -81.979529175760987        24.953545048363853       -73.479125086864528        0.0000000000000000     
   211.66113395665437       -196.20333056280251       -70.254820810731374        36.999308868307843        0.0000000000000000     
   285.22313268575772        284.62037297686658        15.305614026676105        10.450688247819507        0.0000000000000000     

 PASSED   1.0000000000000001E-005
 MU_R    =    325.00000000000000     
 ALPHA_S =   0.11799999999999999     
 BORN                    2.4764545401872431E-010
 SINGLE POLE (MadFKS)   -7.4314561323101868E-011
 DOUBLE POLE (MadFKS)   -2.6354826757160399E-011
 SINGLE POLE (MadLoop)  -7.4314561323100847E-011
 DOUBLE POLE (MadLoop)  -2.6354826757160525E-011
 FINITE PART (MadLoop)  -3.7490348204730502E-011
   325.00000000000000        0.0000000000000000        0.0000000000000000        325.00000000000000        0.0000000000000000     
   325.00000000000000        0.0000000000000000        0.0000000000000000       -325.00000000000000        0.0000000000000000     
   297.01086787757305       -131.45358549661134        264.80828514540610       -28.495308663418623        0.0000000000000000     
   50.860817062912510        30.217710057594200       -31.918371131122104        25.591605958168657        0.0000000000000000     
   251.03910903810623        138.93438713698546       -208.03175119519230       -20.991923022392498        0.0000000000000000     
   51.089206021408216       -37.698511697968321       -24.858162819091699        23.895625727642425        0.0000000000000000     

 PASSED   1.0000000000000001E-005
 MU_R    =    325.00000000000000     
 ALPHA_S =   0.11799999999999999     
 BORN                    3.3943666336431002E-012
 SINGLE POLE (MadFKS)   -4.6616372117291363E-013
 DOUBLE POLE (MadFKS)   -3.6123394606381827E-013
 SINGLE POLE (MadLoop)  -4.6616372117357692E-013
 DOUBLE POLE (MadLoop)  -3.6123394606381968E-013
 FINITE PART (MadLoop)   6.2300794205765593E-013
   325.00000000000000        0.0000000000000000        0.0000000000000000        325.00000000000000        0.0000000000000000     
   325.00000000000000        0.0000000000000000        0.0000000000000000       -325.00000000000000        0.0000000000000000     
   149.28038313359716       -65.473623391950071        98.916592744929872       -90.627507458697821        0.0000000000000000     
   182.19078154615934        146.33864593151870        81.434325295402260        71.742123268081158        0.0000000000000000     
   124.64410225350679        81.948215589725464       -79.686856637669976        49.705603984359335        0.0000000000000000     
   193.88473306673677       -162.81323812929412       -100.66406140266216       -30.820219793742666        0.0000000000000000     

 PASSED   1.0000000000000001E-005
 MU_R    =    325.00000000000000     
 ALPHA_S =   0.11799999999999999     
 BORN                    1.5229828148597912E-010
 SINGLE POLE (MadFKS)   -2.0029348682141968E-011
 DOUBLE POLE (MadFKS)   -1.6207827597242097E-011
 SINGLE POLE (MadLoop)  -2.0029348682161145E-011
 DOUBLE POLE (MadLoop)  -1.6207827597243958E-011
 FINITE PART (MadLoop)   2.0153103654214126E-011
   325.00000000000000        0.0000000000000000        0.0000000000000000        325.00000000000000        0.0000000000000000     
   325.00000000000000        0.0000000000000000        0.0000000000000000       -325.00000000000000        0.0000000000000000     
   188.89016730203559        123.55577485977676       -138.15427025146630       -36.426136406101385        0.0000000000000000     
   152.31309701483383       -116.44659165331070        18.831931657336352        96.357818388705326        0.0000000000000000     
   96.314399066197453        68.148557873119387       -67.668425602045900        7.2953206809065065        0.0000000000000000     
   212.48233661693234       -75.257741079585543        186.99076419617575       -67.227002663510433        0.0000000000000000     

 PASSED   1.0000000000000001E-005
 MU_R    =    325.00000000000000     
 ALPHA_S =   0.11799999999999999     
 BORN                    3.8958733921589070E-012
 SINGLE POLE (MadFKS)   -9.2215938638758751E-013
 DOUBLE POLE (MadFKS)   -4.1460510036423128E-013
 SINGLE POLE (MadLoop)  -9.2215938638394194E-013
 DOUBLE POLE (MadLoop)  -4.1460510036423012E-013
 FINITE PART (MadLoop)   3.2098580793623528E-013
   325.00000000000000        0.0000000000000000        0.0000000000000000        325.00000000000000        0.0000000000000000     
   325.00000000000000        0.0000000000000000        0.0000000000000000       -325.00000000000000        0.0000000000000000     
   155.68192766056265       -44.449882761506004        8.4297935475809158        148.96311323056523        0.0000000000000000     
   226.04219004828863        20.697040761903331       -206.29047518391161       -90.060779665305517        0.0000000000000000     
   176.54301841266332        61.156352090277089        127.99075910943084       -105.09854200632712        0.0000000000000000     
   91.732863878485318       -37.403510090674409        69.869922526899856        46.196208441067412        0.0000000000000000     

 PASSED   1.0000000000000001E-005
 MU_R    =    325.00000000000000     
 ALPHA_S =   0.11799999999999999     
 BORN                    9.4509024863722903E-011
 SINGLE POLE (MadFKS)   -2.2725790597285815E-011
 DOUBLE POLE (MadFKS)   -1.0057802139518605E-011
 SINGLE POLE (MadLoop)  -2.2725790597285463E-011
 DOUBLE POLE (MadLoop)  -1.0057802139518560E-011
 FINITE PART (MadLoop)   3.9219795331770624E-012
   325.00000000000000        0.0000000000000000        0.0000000000000000        325.00000000000000        0.0000000000000000     
   325.00000000000000        0.0000000000000000        0.0000000000000000       -325.00000000000000        0.0000000000000000     
   244.67241918396070        194.61547329727776       -61.881514844184828        134.75937215346957        0.0000000000000000     
   216.29128723430790       -187.21669811784008        44.950920185269858       -98.545642490294526        0.0000000000000000     
   95.554068738496909       -8.7164011053552297        93.570077901101570        17.298697229379453        0.0000000000000000     
   93.482224843234391        1.3176259259175542       -76.639483242186600       -53.512426892554394        0.0000000000000000     

 PASSED   1.0000000000000001E-005
 MU_R    =    325.00000000000000     
 ALPHA_S =   0.11799999999999999     
 BORN                    1.3708157399746557E-010
 SINGLE POLE (MadFKS)   -2.3491333891822721E-011
 DOUBLE POLE (MadFKS)   -1.4588441159226410E-011
 SINGLE POLE (MadLoop)  -2.3491333891820249E-011
 DOUBLE POLE (MadLoop)  -1.4588441159226277E-011
 FINITE PART (MadLoop)   2.1906286237935705E-011
   325.00000000000000        0.0000000000000000        0.0000000000000000        325.00000000000000        0.0000000000000000     
   325.00000000000000        0.0000000000000000        0.0000000000000000       -325.00000000000000        0.0000000000000000     
   189.26180740274890        153.34963114864846        54.319394717914882        96.712593416824689        0.0000000000000000     
   17.621102004062084        10.209898684400185        5.6629601226242210       -13.198185001787634        0.0000000000000000     
   254.39083465327073       -45.845885538674501       -138.54015621560467       -208.37340677379720        0.0000000000000000     
   188.72625593991836       -117.71364429437413        78.557801375065566        124.85899835876013        0.0000000000000000     

 PASSED   1.0000000000000001E-005
 MU_R    =    325.00000000000000     
 ALPHA_S =   0.11799999999999999     
 BORN                    1.2681983141420353E-010
 SINGLE POLE (MadFKS)   -3.3161265349013898E-011
 DOUBLE POLE (MadFKS)   -1.3496370040537518E-011
 SINGLE POLE (MadLoop)  -3.3161265349017788E-011
 DOUBLE POLE (MadLoop)  -1.3496370040537046E-011
 FINITE PART (MadLoop)   2.1107705748490794E-012
   325.00000000000000        0.0000000000000000        0.0000000000000000        325.00000000000000        0.0000000000000000     
   325.00000000000000        0.0000000000000000        0.0000000000000000       -325.00000000000000        0.0000000000000000     
   36.883334834923936       -30.603248542987565        10.885660396177393        17.473521823042372        0.0000000000000000     
   115.47179791134009        115.23889368663012        7.2717860992525392       0.92445750883754685        0.0000000000000000     
   269.71678752898225       -100.42934458897642       -79.771045651688723       -237.27130567352438        0.0000000000000000     
   227.92807972475362        15.793699445333846        61.613599156258779        218.87332634164443        0.0000000000000000     

 PASSED   1.0000000000000001E-005
 MU_R    =    325.00000000000000     
 ALPHA_S =   0.11799999999999999     
 BORN                    1.8204430287435841E-011
 SINGLE POLE (MadFKS)   -2.1393287391503845E-012
 DOUBLE POLE (MadFKS)   -1.9373446944109856E-012
 SINGLE POLE (MadLoop)  -2.1393287391347153E-012
 DOUBLE POLE (MadLoop)  -1.9373446944109803E-012
Thanks for using LHAPDF 6.2.1. Please make sure to cite the paper:
  Eur.Phys.J. C75 (2015) 3, 132  (http://arxiv.org/abs/1412.7420)
 FINITE PART (MadLoop)   2.5091158549800923E-012
   325.00000000000000        0.0000000000000000        0.0000000000000000        325.00000000000000        0.0000000000000000     
   325.00000000000000        0.0000000000000000        0.0000000000000000       -325.00000000000000        0.0000000000000000     
   214.44535123627657        156.09377817369420       -144.72302242060422       -26.015146814055026        0.0000000000000000     
   142.55971301689462        18.668307821471959       -43.289991138541886        134.53900076099529        0.0000000000000000     
   51.185118210466335       0.99701881671133352        42.424001869423456       -28.620383384603542        0.0000000000000000     
   241.80981753636263       -175.75910481187751        145.58901168972267       -79.903470562336736        0.0000000000000000     

 PASSED   1.0000000000000001E-005
 MU_R    =    325.00000000000000     
 ALPHA_S =   0.11799999999999999     
 BORN                    3.0750003579439319E-012
 SINGLE POLE (MadFKS)   -5.1861453828200379E-013
 DOUBLE POLE (MadFKS)   -3.2724647433136839E-013
 SINGLE POLE (MadLoop)  -5.1861453828294659E-013
 DOUBLE POLE (MadLoop)  -3.2724647433136839E-013
 FINITE PART (MadLoop)   4.8333204170096234E-013
   325.00000000000000        0.0000000000000000        0.0000000000000000        325.00000000000000        0.0000000000000000     
   325.00000000000000        0.0000000000000000        0.0000000000000000       -325.00000000000000        0.0000000000000000     
   167.65690723839330       -84.953789666883864       -12.220462697515103       -144.02205545483901        0.0000000000000000     
   154.50244738959117        79.153150133929429       -78.079988928569392        107.28140753254263        0.0000000000000000     
   180.80458072917770        150.47646447894618        99.494479350473043        12.164646700520459        0.0000000000000000     
   147.03606464283794       -144.67582494599176       -9.1940277243885244        24.576001221775922        0.0000000000000000     

 PASSED   1.0000000000000001E-005
 MU_R    =    325.00000000000000     
 ALPHA_S =   0.11799999999999999     
 BORN                    2.9185752801499933E-011
 SINGLE POLE (MadFKS)   -5.7630615028561928E-012
 DOUBLE POLE (MadFKS)   -3.1059946644636646E-012
 SINGLE POLE (MadLoop)  -5.7630615025519172E-012
 DOUBLE POLE (MadLoop)  -3.1059946644636424E-012
 FINITE PART (MadLoop)   3.1755193082796052E-012
   325.00000000000000        0.0000000000000000        0.0000000000000000        325.00000000000000        0.0000000000000000     
   325.00000000000000        0.0000000000000000        0.0000000000000000       -325.00000000000000        0.0000000000000000     
   190.49207591629860       -175.94232206940208        60.140329340983172        41.408587013876478        0.0000000000000000     
   231.09913187671080        127.44542587897392       -178.47469244050779       -72.878366714426875        0.0000000000000000     
   86.967329752733775       -42.563089895146952        52.671314594331079       -54.565854174596936        0.0000000000000000     
   141.44146245425677        91.059986085575076        65.663048505193558        86.035633875147326        0.0000000000000000     

 PASSED   1.0000000000000001E-005
 MU_R    =    325.00000000000000     
 ALPHA_S =   0.11799999999999999     
 BORN                    7.8632266512820825E-010
 SINGLE POLE (MadFKS)   -1.6695762695987051E-010
 DOUBLE POLE (MadFKS)   -8.3681720291605671E-011
 SINGLE POLE (MadLoop)  -1.6695762695987113E-010
 DOUBLE POLE (MadLoop)  -8.3681720291606020E-011
 FINITE PART (MadLoop)   7.0195565224696886E-011
   325.00000000000000        0.0000000000000000        0.0000000000000000        325.00000000000000        0.0000000000000000     
   325.00000000000000        0.0000000000000000        0.0000000000000000       -325.00000000000000        0.0000000000000000     
   112.55407697946005        98.493916808014887       -40.679554185435329        36.229027971894219        0.0000000000000000     
   267.66996180107458       -105.24083912162665        149.03381331893507       -195.85835881876838        0.0000000000000000     
   72.492507764458381        65.324761507411523       -29.301959516634685       -11.368130209729499        0.0000000000000000     
   197.28345345500711       -58.577839193799747       -79.052299616865056        170.99746105660367        0.0000000000000000     

 NUMBER OF POINTS PASSING THE CHECK          20
 NUMBER OF POINTS FAILING THE CHECK           0
 TOLERANCE    1.0000000000000001E-005
