==== LHAPDF6 USING DEFAULT-TYPE LHAGLUE INTERFACE ====
LHAPDF 6.2.1 loading /cvmfs/cms.cern.ch/slc6_amd64_gcc481/external/lhapdf/6.2.1/share/LHAPDF/NNPDF31_nnlo_as_0118_nf_4/NNPDF31_nnlo_as_0118_nf_4_0000.dat
NNPDF31_nnlo_as_0118_nf_4 PDF set, member #0, version 1; LHAPDF ID = 320900
 A PDF is used, so alpha_s(MZ) is going to be modified
 Old value of alpha_s from param_card:   0.11799999999999999     
 New value of alpha_s from PDF lhapdf :  0.11800240511781991     
 using LHAPDF
WARNING: the value of maxjetflavorspecified in the run_card (  4) is inconsistent with the number of light flavours inthe model. Hence it will be set to:  5
 *****************************************************
 *               MadGraph/MadEvent                   *
 *        --------------------------------           *
 *          http://madgraph.hep.uiuc.edu             *
 *          http://madgraph.phys.ucl.ac.be           *
 *          http://madgraph.roma2.infn.it            *
 *        --------------------------------           *
 *                                                   *
 *          PARAMETER AND COUPLING VALUES            *
 *                                                   *
 *****************************************************

  External Params
  ---------------------------------
  
 MU_R =    91.188000000000002     
 aEWM1 =    132.50700000000001     
 mdl_Gf =    1.1663900000000000E-005
 aS =   0.11799999999999999     
 mdl_ymt =    173.00000000000000     
 mdl_ymtau =    1.7769999999999999     
 mdl_MT =    173.00000000000000     
 mdl_MZ =    91.188000000000002     
 mdl_MH =    125.00000000000000     
 mdl_MTA =    1.7769999999999999     
 mdl_WT =    1.4915000000000000     
 mdl_WZ =    2.4414039999999999     
 mdl_WW =    2.0476000000000001     
 mdl_WH =    6.3823389999999999E-003
  Internal Params
  ---------------------------------
  
 mdl_conjg__CKM3x3 =    1.0000000000000000     
 mdl_CKM22 =    1.0000000000000000     
 mdl_I4x33 =    0.0000000000000000     
 mdl_I1x33 =    0.0000000000000000     
 mdl_lhv =    1.0000000000000000     
 mdl_CKM3x3 =    1.0000000000000000     
 mdl_conjg__CKM22 =    1.0000000000000000     
 mdl_conjg__CKM33 =    1.0000000000000000     
 mdl_Ncol =    3.0000000000000000     
 mdl_CA =    3.0000000000000000     
 mdl_TF =   0.50000000000000000     
 mdl_CF =    1.3333333333333333     
 mdl_complexi =  (  0.0000000000000000     ,  1.0000000000000000     )
 mdl_MZ__exp__2 =    8315.2513440000002     
 mdl_MZ__exp__4 =    69143404.913893804     
 mdl_sqrt__2 =    1.4142135623730951     
 mdl_MH__exp__2 =    15625.000000000000     
 mdl_Ncol__exp__2 =    9.0000000000000000     
 mdl_MT__exp__2 =    29929.000000000000     
 mdl_aEW =    7.5467711139788835E-003
 mdl_MW =    80.419002445756163     
 mdl_sqrt__aEW =    8.6872153846781555E-002
 mdl_ee =   0.30795376724436879     
 mdl_MW__exp__2 =    6467.2159543705357     
 mdl_sw2 =   0.22224648578577766     
 mdl_cw =   0.88190334743339216     
 mdl_sqrt__sw2 =   0.47143025548407230     
 mdl_sw =   0.47143025548407230     
 mdl_g1 =   0.34919219678733299     
 mdl_gw =   0.65323293034757990     
 mdl_v =    246.21845810181637     
 mdl_v__exp__2 =    60623.529110035903     
 mdl_lam =   0.12886910601690263     
 mdl_yt =   0.99366614581500623     
 mdl_ytau =    1.0206617000654717E-002
 mdl_muH =    88.388347648318430     
 mdl_AxialZUp =  -0.18517701861793787     
 mdl_AxialZDown =   0.18517701861793787     
 mdl_VectorZUp =    7.5430507588273299E-002
 mdl_VectorZDown =  -0.13030376310310560     
 mdl_VectorAUp =   0.20530251149624587     
 mdl_VectorADown =  -0.10265125574812294     
 mdl_VectorWmDxU =   0.23095271737156670     
 mdl_AxialWmDxU =  -0.23095271737156670     
 mdl_VectorWpUxD =   0.23095271737156670     
 mdl_AxialWpUxD =  -0.23095271737156670     
 mdl_I2x33 =  ( 0.99366614581500623     ,  0.0000000000000000     )
 mdl_I3x33 =  ( 0.99366614581500623     ,  0.0000000000000000     )
 mdl_Vector_tbGp =  (-0.99366614581500623     ,  0.0000000000000000     )
 mdl_Axial_tbGp =  (-0.99366614581500623     , -0.0000000000000000     )
 mdl_Vector_tbGm =  ( 0.99366614581500623     ,  0.0000000000000000     )
 mdl_Axial_tbGm =  (-0.99366614581500623     ,  0.0000000000000000     )
 mdl_gw__exp__2 =   0.42671326129048615     
 mdl_cw__exp__2 =   0.77775351421422245     
 mdl_ee__exp__2 =    9.4835522759998875E-002
 mdl_sw__exp__2 =   0.22224648578577769     
 mdl_yt__exp__2 =   0.98737240933884918     
  Internal Params evaluated point by point
  ----------------------------------------
  
 mdl_sqrt__aS =   0.34351128074635334     
 mdl_G__exp__4 =    2.1987899468922913     
 mdl_G__exp__2 =    1.4828317324943823     
 mdl_R2MixedFactor_FIN_ =   -2.5040377713124864E-002
 mdl_G_UVg_1EPS_ =   -5.1645779033320030E-002
 mdl_G_UVq_1EPS_ =    3.1300472141406080E-003
 mdl_GWcft_UV_t_1EPS_ =   -3.1300472141406080E-003
 mdl_tWcft_UV_1EPS_ =   -1.8780283284843650E-002
 mdl_G__exp__3 =    1.8056676068262196     
 mdl_MU_R__exp__2 =    8315.2513440000002     
 mdl_G_UVt_FIN_ =   -4.0087659331150384E-003
 mdl_GWcft_UV_t_FIN_ =    4.0087659331150384E-003
 mdl_tWcft_UV_FIN_ =   -9.8778211443463623E-004
  Couplings of loop_sm-no_b_mass
  ---------------------------------
  
      UV_GQQt =   0.00000E+00  -0.48815E-02
   UVWfct_G_2 =   0.40088E-02   0.00000E+00
       R2_DDA =   0.00000E+00   0.25704E-02
       R2_UUA =  -0.00000E+00  -0.51409E-02
    R2_DDZ_V2 =   0.00000E+00   0.72127E-02
    R2_UUZ_V2 =  -0.00000E+00  -0.72127E-02
    R2_UUZ_V5 =   0.00000E+00   0.68702E-03
      R2_GGHt =   0.00000E+00  -0.45657E+01
     R2_GGZup =  -0.46369E-02   0.00000E+00
   R2_GGZdown =   0.46369E-02   0.00000E+00
    R2_GGZAup =   0.00000E+00   0.19389E-03
  R2_GGZAdown =   0.00000E+00   0.16747E-03
  R2_GGAAdown =   0.00000E+00   0.13193E-03
    R2_GGAAup =   0.00000E+00   0.52771E-03
         GC_4 =  -0.12177E+01   0.00000E+00
         GC_5 =   0.00000E+00   0.12177E+01
       R2_GQQ =  -0.00000E+00  -0.30492E-01
       R2_QQq =   0.00000E+00   0.12520E-01
 UV_GQQg_1eps =   0.00000E+00  -0.62890E-01
 UV_GQQq_1eps =   0.00000E+00   0.38115E-02
 UVWfct_G_2_1eps -0.31300E-02   0.00000E+00
         GC_1 =  -0.00000E+00  -0.10265E+00
         GC_2 =   0.00000E+00   0.20530E+00
        GC_21 =  -0.00000E+00  -0.28804E+00
        GC_22 =   0.00000E+00   0.28804E+00
        GC_23 =  -0.00000E+00  -0.27437E-01
        GC_24 =   0.00000E+00   0.82310E-01
        GC_37 =  -0.00000E+00  -0.70263E+00
        GC_38 =  -0.00000E+00  -0.72172E-02
      GC_1003 =  -0.00000E+00  -0.30795E+00

 Collider parameters:
 --------------------

 Running at P P   machine @    13000.000000000000       GeV
 PDF set = lhapdf 
 alpha_s(Mz)= 0.1180 running at 3 loops.
 alpha_s(Mz)= 0.1180 running at 3 loops.
 Renormalization scale set on event-by-event basis
 Factorization   scale set on event-by-event basis


 ===============================================================
 INFO: MadFKS read these parameters from FKS_params.dat
 ===============================================================
  > IRPoleCheckThreshold      =    1.0000000000000001E-005
  > PrecisionVirtualAtRunTime =    1.0000000000000000E-003
  > NHelForMCoverHels         =            4
  > VirtualFraction           =    1.0000000000000000     
  > MinVirtualFraction        =    5.0000000000000001E-003
 ===============================================================
  Insert the number of points to test
 Insert the relative tolerance
  A negative number will mean use the default one:    1.0000000000000001E-005
Using random seed offsets:     1 ,      9 ,      0
  with seed                   32
 Ranmar initialization seeds       10730        9415
  ========================================================================================== 
 {                                                                                          }
 {       [32m                                                                            [0m       }
 {       [32m                               ,,                                           [0m       }
 {       [32m`7MMM.     ,MMF'             `7MM  `7MMF'                                   [0m       }
 {       [32m  MMMb    dPMM                 MM    MM                                     [0m       }
 {       [32m  M YM   ,M MM   ,6"Yb.   ,M""bMM    MM         ,pW"Wq.   ,pW"Wq.`7MMpdMAo. [0m       }
 {       [32m  M  Mb  M' MM  8)   MM ,AP    MM    MM        6W'   `Wb 6W'   `Wb MM   `Wb [0m       }
 {       [32m  M  YM.P'  MM   ,pm9MM 8MI    MM    MM      , 8M     M8 8M     M8 MM    M8 [0m       }
 {       [32m  M  `YM'   MM  8M   MM `Mb    MM    MM     ,M YA.   ,A9 YA.   ,A9 MM   ,AP [0m       }
 {       [32m.JML. `'  .JMML.`Moo9^Yo.`Wbmd"MML..JMMmmmmMMM  `Ybmd9'   `Ybmd9'  MMbmmd'  [0m       }
 {       [32m                                                                   MM       [0m       }
 {       [32m                                                                 .JMML.     [0m       }
 {       [32m[0mv2.6.1 (2017-12-12), Ref: arXiv:1103.0621v2, arXiv:1405.0301[32m                [0m       }
 {       [32m                                                                            [0m       }
 {                                                                                          }
  ========================================================================================== 
 ===============================================================
 INFO: MadLoop read these parameters from ./MadLoop5_resources/MadLoopParams.dat                                                                                                                                                                                                                                                                                                                                                                                                                                                                                          
 ===============================================================
  > MLReductionLib            = 6|7|1
  > CTModeRun                 =           -1
  > MLStabThres               =    1.0000000000000000E-003
  > NRotations_DP             =            0
  > NRotations_QP             =            0
  > CTStabThres               =    1.0000000000000000E-002
  > CTLoopLibrary             =            2
  > CTModeInit                =            1
  > CheckCycle                =            3
  > MaxAttempts               =           10
  > UseLoopFilter             =  F
  > HelicityFilterLevel       =            2
  > ImprovePSPoint            =            2
  > DoubleCheckHelicityFilter =  T
  > LoopInitStartOver         =  F
  > HelInitStartOver          =  F
  > ZeroThres                 =    1.0000000000000001E-009
  > OSThres                   =    1.0000000000000000E-008
  > WriteOutFilters           =  T
  > UseQPIntegrandForNinja    =  T
  > UseQPIntegrandForCutTools =  T
  > IREGIMODE                 =            2
  > IREGIRECY                 =  T
  > COLLIERMode               =            1
  > COLLIERRequiredAccuracy   =    1.0000000000000000E-008
  > COLLIERCanOutput          =  F
  > COLLIERComputeUVpoles     =  T
  > COLLIERComputeIRpoles     =  T
  > COLLIERGlobalCache        =           -1
  > COLLIERUseCacheForPoles   =  F
  > COLLIERUseInternalStabilityTest =  T
 ===============================================================
  
------------------------------------------------------------------------
|              You are using CutTools - Version 1.9.3                  |
|              Authors: G. Ossola, C. Papadopoulos, R. Pittau          |
|              Published in JHEP 0803:042,2008                         |
|              http://www.ugr.es/~pittau/CutTools                      |
|                                                                      |
|              Compiler with  34  significant digits detetected        |
 ---------------------------------------------------------------------- 
   
########################################################################
#                                                                      #
#                      You are using OneLOop-3.6                       #
#                                                                      #
# for the evaluation of 1-loop scalar 1-, 2-, 3- and 4-point functions #
#                                                                      #
# author: Andreas van Hameren <hamerenREMOVETHIS@ifj.edu.pl>           #
#   date: 18-02-2015                                                   #
#                                                                      #
# Please cite                                                          #
#    A. van Hameren,                                                   #
#      Comput.Phys.Commun. 182 (2011) 2427-2438, arXiv:1007.4716       #
#    A. van Hameren, C.G. Papadopoulos and R. Pittau,                  #
#      JHEP 0909:106,2009, arXiv:0903.4665                             #
# in publications with results obtained with the help of this program. #
#                                                                      #
########################################################################
 PASSED   1.0000000000000001E-005
 MU_R    =    325.00000000000000     
 ALPHA_S =   0.11799999999999999     
 BORN                    5.0294382696939900E-012
 SINGLE POLE (MadFKS)   -6.4321655735978749E-013
 DOUBLE POLE (MadFKS)   -5.3524089432142636E-013
 SINGLE POLE (MadLoop)  -6.4321655735968015E-013
 DOUBLE POLE (MadLoop)  -5.3524089432142586E-013
 FINITE PART (MadLoop)   7.6942060872504931E-014
   325.00000000000000        0.0000000000000000        0.0000000000000000        325.00000000000000        0.0000000000000000     
   325.00000000000000        0.0000000000000000        0.0000000000000000       -325.00000000000000        0.0000000000000000     
   100.99386553011435        37.106138410595939        39.604947744287948       -85.172433810128595        0.0000000000000000     
   231.00341151916936        112.25193223372243        201.32353070996189        15.195914772250150        0.0000000000000000     
   237.02450212336700       -163.74459563296958       -165.74054834388031        43.570547879216917        0.0000000000000000     
   80.978220827349404        14.386524988651297       -75.187930110369535        26.405971158661512        0.0000000000000000     

 PASSED   1.0000000000000001E-005
 MU_R    =    325.00000000000000     
 ALPHA_S =   0.11799999999999999     
 BORN                    1.1563348431666874E-011
 SINGLE POLE (MadFKS)   -1.0288377071013851E-012
 DOUBLE POLE (MadFKS)   -1.2305901025189863E-012
 SINGLE POLE (MadLoop)  -1.0288377071011218E-012
 DOUBLE POLE (MadLoop)  -1.2305901025189984E-012
 FINITE PART (MadLoop)  -3.3558290932688351E-013
   325.00000000000000        0.0000000000000000        0.0000000000000000        325.00000000000000        0.0000000000000000     
   325.00000000000000        0.0000000000000000        0.0000000000000000       -325.00000000000000        0.0000000000000000     
   124.13745498352169        117.14880823019411       -40.835779964673172       -4.3247583409804102        0.0000000000000000     
   215.97069133223400        45.413916986590039       -210.95310355454359        8.9276961845814782        0.0000000000000000     
   172.28829106783505       -115.49650133441791        124.67326909177189       -28.291153962934352        0.0000000000000000     
   137.60356261640936       -47.066223882366209        127.11561442744490        23.688216119333283        0.0000000000000000     

 PASSED   1.0000000000000001E-005
 MU_R    =    325.00000000000000     
 ALPHA_S =   0.11799999999999999     
 BORN                    7.0829131053392654E-012
 SINGLE POLE (MadFKS)   -4.8105448761528963E-013
 DOUBLE POLE (MadFKS)   -7.5377498273448373E-013
 SINGLE POLE (MadLoop)  -4.8105448761551652E-013
 DOUBLE POLE (MadLoop)  -7.5377498273447494E-013
 FINITE PART (MadLoop)   1.4917407653592749E-012
   325.00000000000000        0.0000000000000000        0.0000000000000000        325.00000000000000        0.0000000000000000     
   325.00000000000000        0.0000000000000000        0.0000000000000000       -325.00000000000000        0.0000000000000000     
   50.111715124856723        15.797462250278878        41.029667836929512       -24.045592868487219        0.0000000000000000     
   201.93039876010795        113.31707343159353       -58.472072871184480       -156.57631847269226        0.0000000000000000     
   247.83648201772252       -89.609339510297332       -126.84571060004522        193.14050272746715        0.0000000000000000     
   150.12140409731262       -39.505196171575150        144.28811563430017       -12.518591386287646        0.0000000000000000     

 PASSED   1.0000000000000001E-005
 MU_R    =    325.00000000000000     
 ALPHA_S =   0.11799999999999999     
 BORN                    2.4767562647359635E-011
 SINGLE POLE (MadFKS)   -2.4438254234861903E-012
 DOUBLE POLE (MadFKS)   -2.6358037758243145E-012
 SINGLE POLE (MadLoop)  -2.4438254234885600E-012
 DOUBLE POLE (MadLoop)  -2.6358037758257099E-012
 FINITE PART (MadLoop)  -3.7711958162553422E-012
   325.00000000000000        0.0000000000000000        0.0000000000000000        325.00000000000000        0.0000000000000000     
   325.00000000000000        0.0000000000000000        0.0000000000000000       -325.00000000000000        0.0000000000000000     
   73.109990993006591        8.5385556586406626        54.850047527801529        47.577685278497093        0.0000000000000000     
   270.07762235269865        195.25394229892729        169.07884624268203       -78.931387075469559        0.0000000000000000     
   179.22235622154031       -121.11068386435439       -132.10846327432265      -0.45733445754357760        0.0000000000000000     
   127.59003043275433       -82.681814093213575       -91.820430496160881        31.811036254516075        0.0000000000000000     

 PASSED   1.0000000000000001E-005
 MU_R    =    325.00000000000000     
 ALPHA_S =   0.11799999999999999     
 BORN                    5.3082444668187769E-011
 SINGLE POLE (MadFKS)   -4.3110108204359360E-012
 DOUBLE POLE (MadFKS)   -5.6491189738167592E-012
 SINGLE POLE (MadLoop)  -4.3110108204473743E-012
 DOUBLE POLE (MadLoop)  -5.6491189738168723E-012
 FINITE PART (MadLoop)   1.0368534704738061E-011
   325.00000000000000        0.0000000000000000        0.0000000000000000        325.00000000000000        0.0000000000000000     
   325.00000000000000        0.0000000000000000        0.0000000000000000       -325.00000000000000        0.0000000000000000     
   249.67200589076623        146.60348194564705       -84.602191784231806        183.53745871683856        0.0000000000000000     
   14.478127864476559        4.7833871348977288       -10.762882219103252       -8.4199620139011628        0.0000000000000000     
   273.61169475974231       -100.94772758089609        194.93472474832441       -163.31983618913708        0.0000000000000000     
   112.23817148501493       -50.439141499648649       -99.569650744989360       -11.797660513800277        0.0000000000000000     

 PASSED   1.0000000000000001E-005
 MU_R    =    325.00000000000000     
 ALPHA_S =   0.11799999999999999     
 BORN                    1.9708480159725938E-012
 SINGLE POLE (MadFKS)   -2.4887801826824930E-013
 DOUBLE POLE (MadFKS)   -2.0974080962424509E-013
 SINGLE POLE (MadLoop)  -2.4887801826823344E-013
 DOUBLE POLE (MadLoop)  -2.0974080962424550E-013
 FINITE PART (MadLoop)  -6.4882438516780199E-013
   325.00000000000000        0.0000000000000000        0.0000000000000000        325.00000000000000        0.0000000000000000     
   325.00000000000000        0.0000000000000000        0.0000000000000000       -325.00000000000000        0.0000000000000000     
   189.68635829648039       -101.30898583042864        138.62042019309797        80.633634540926408        0.0000000000000000     
   135.36605750216208       -97.092010432129456        64.289784294266269       -69.021262443703762        0.0000000000000000     
   260.46652958825172        137.20431746196607       -220.29045498992159       -22.133769355375478        0.0000000000000000     
   64.481054613105854        61.196678800592018        17.380250502557328        10.521397258152835        0.0000000000000000     

 PASSED   1.0000000000000001E-005
 MU_R    =    325.00000000000000     
 ALPHA_S =   0.11799999999999999     
 BORN                    4.2567054647283493E-011
 SINGLE POLE (MadFKS)   -2.3139390521198022E-012
 DOUBLE POLE (MadFKS)   -4.5300542876386244E-012
 SINGLE POLE (MadLoop)  -2.3139390521193720E-012
 DOUBLE POLE (MadLoop)  -4.5300542876386276E-012
 FINITE PART (MadLoop)   2.8091130194280650E-012
   325.00000000000000        0.0000000000000000        0.0000000000000000        325.00000000000000        0.0000000000000000     
   325.00000000000000        0.0000000000000000        0.0000000000000000       -325.00000000000000        0.0000000000000000     
   305.71059749916202        158.80196025930570       -253.25670574108511        64.046450629758667        0.0000000000000000     
   86.443906686598069       -25.877103674048307        46.808416232696210       -67.910946676294330        0.0000000000000000     
   46.122238202428349        4.1070530126770954        45.121582886974579        8.6276143937060361        0.0000000000000000     
   211.72325761181139       -137.03190959793446        161.32670662141413       -4.7631183471703684        0.0000000000000000     

 PASSED   1.0000000000000001E-005
 MU_R    =    325.00000000000000     
 ALPHA_S =   0.11799999999999999     
 BORN                    2.1294362499307052E-012
 SINGLE POLE (MadFKS)   -2.5481129202298884E-013
 DOUBLE POLE (MadFKS)   -2.2661802406071132E-013
 SINGLE POLE (MadLoop)  -2.5481129202290821E-013
 DOUBLE POLE (MadLoop)  -2.2661802406071631E-013
 FINITE PART (MadLoop)   4.4788583696473316E-014
   325.00000000000000        0.0000000000000000        0.0000000000000000        325.00000000000000        0.0000000000000000     
   325.00000000000000        0.0000000000000000        0.0000000000000000       -325.00000000000000        0.0000000000000000     
   97.473740461529346       -56.318774542587008        73.027587500512780       -31.564175538698773        0.0000000000000000     
   278.14133498624949        268.70941565933782        54.947477178285865       -46.245290740701776        0.0000000000000000     
   214.61213850246313       -185.88046033221960       -74.405434635330096        77.270018480715905        0.0000000000000000     
   59.772786049757890       -26.510180784531236       -53.569630043468621       0.53944779868466619        0.0000000000000000     

 PASSED   1.0000000000000001E-005
 MU_R    =    325.00000000000000     
 ALPHA_S =   0.11799999999999999     
 BORN                    1.7649380806646607E-012
 SINGLE POLE (MadFKS)   -7.7093204413638957E-014
 DOUBLE POLE (MadFKS)   -1.8782754376551316E-013
 SINGLE POLE (MadLoop)  -7.7093204413646366E-014
 DOUBLE POLE (MadLoop)  -1.8782754376551265E-013
 FINITE PART (MadLoop)   2.4846378818529420E-013
   325.00000000000000        0.0000000000000000        0.0000000000000000        325.00000000000000        0.0000000000000000     
   325.00000000000000        0.0000000000000000        0.0000000000000000       -325.00000000000000        0.0000000000000000     
   207.27994825321110        94.419395685525629        19.728439423952171        183.46864403523961        0.0000000000000000     
   91.087492851887959       -21.361881612787361       -59.876432532053194       -65.233535817388315        0.0000000000000000     
   146.57919708246388        43.429899056712600       -121.45365291195102       -69.629843311663947        0.0000000000000000     
   205.05336181243698       -116.48741312945087        161.60164602005202       -48.605264906187330        0.0000000000000000     

 PASSED   1.0000000000000001E-005
 MU_R    =    325.00000000000000     
 ALPHA_S =   0.11799999999999999     
 BORN                    1.2126730527312524E-011
 SINGLE POLE (MadFKS)   -1.7758151796237872E-012
 DOUBLE POLE (MadFKS)   -1.2905461295240466E-012
 SINGLE POLE (MadLoop)  -1.7758151796236652E-012
 DOUBLE POLE (MadLoop)  -1.2905461295240448E-012
 FINITE PART (MadLoop)   8.6451113024335165E-013
   325.00000000000000        0.0000000000000000        0.0000000000000000        325.00000000000000        0.0000000000000000     
   325.00000000000000        0.0000000000000000        0.0000000000000000       -325.00000000000000        0.0000000000000000     
   251.80346109125855        144.74395743134284       -148.02623211940133        143.32621675459001        0.0000000000000000     
   70.339426422828083       -8.2466982890217029        61.833311009561172        32.500285020552866        0.0000000000000000     
   244.98305272683473       -108.26781335352277        21.157183554305952       -218.73991473678333        0.0000000000000000     
   82.874059759078477       -28.229445788798369        65.035737555534098        42.913412961640525        0.0000000000000000     

 PASSED   1.0000000000000001E-005
 MU_R    =    325.00000000000000     
 ALPHA_S =   0.11799999999999999     
 BORN                    1.2264386681065284E-012
 SINGLE POLE (MadFKS)   -3.3061903772496804E-014
 DOUBLE POLE (MadFKS)   -1.3051957183831934E-013
 SINGLE POLE (MadLoop)  -3.3061903771633891E-014
 DOUBLE POLE (MadLoop)  -1.3051957183831871E-013
 FINITE PART (MadLoop)   2.9500276463833613E-013
   325.00000000000000        0.0000000000000000        0.0000000000000000        325.00000000000000        0.0000000000000000     
   325.00000000000000        0.0000000000000000        0.0000000000000000       -325.00000000000000        0.0000000000000000     
   106.59911198812561        7.4116912254945788        15.521723471758021       -105.20225097544801        0.0000000000000000     
   303.96108390305591       -152.22332296552372        65.337423037687387        254.85568783852713        0.0000000000000000     
   87.637576410508530        66.050710888905826       -52.831691048971884       -22.944733842079881        0.0000000000000000     
   151.80222769830979        78.760920851123316       -28.027455460473526       -126.70870302099918        0.0000000000000000     

 PASSED   1.0000000000000001E-005
 MU_R    =    325.00000000000000     
 ALPHA_S =   0.11799999999999999     
 BORN                    2.1166131851191829E-011
 SINGLE POLE (MadFKS)   -4.0578354243255758E-012
 DOUBLE POLE (MadFKS)   -2.2525337291884965E-012
 SINGLE POLE (MadLoop)  -4.0578354243255459E-012
 DOUBLE POLE (MadLoop)  -2.2525337291885308E-012
 FINITE PART (MadLoop)   1.1120415155410754E-012
   325.00000000000000        0.0000000000000000        0.0000000000000000        325.00000000000000        0.0000000000000000     
   325.00000000000000        0.0000000000000000        0.0000000000000000       -325.00000000000000        0.0000000000000000     
   210.05531265519332        114.95720533630988        143.41899332285217       -101.68120608153781        0.0000000000000000     
   159.14499580853942       -137.98355485545594       -59.547712244093397        52.361610430219386        0.0000000000000000     
   135.62479818046711        92.634349520091916       -63.088604000856400       -76.372712507184062        0.0000000000000000     
   145.17489335580038       -69.608000000945864       -20.782677077902385        125.69230815850251        0.0000000000000000     

 PASSED   1.0000000000000001E-005
 MU_R    =    325.00000000000000     
 ALPHA_S =   0.11799999999999999     
 BORN                    2.1393447079428828E-010
 SINGLE POLE (MadFKS)   -4.3757019697423915E-011
 DOUBLE POLE (MadFKS)   -2.2767249806822448E-011
 SINGLE POLE (MadLoop)  -4.3757019697356203E-011
 DOUBLE POLE (MadLoop)  -2.2767249806822422E-011
 FINITE PART (MadLoop)   1.8592950749541447E-011
   325.00000000000000        0.0000000000000000        0.0000000000000000        325.00000000000000        0.0000000000000000     
   325.00000000000000        0.0000000000000000        0.0000000000000000       -325.00000000000000        0.0000000000000000     
   251.50655265053715        107.23211994539969        83.095821020831480       -211.78267872289928        0.0000000000000000     
   52.443312640815883       -37.695958088791990       -12.457398167133199       -34.265566030869877        0.0000000000000000     
   105.43915269328691        11.988330343967135       -102.43767056100297        21.913888433539292        0.0000000000000000     
   240.61098201535992       -81.524492200574855        31.799247707304612        224.13435632022984        0.0000000000000000     

 PASSED   1.0000000000000001E-005
 MU_R    =    325.00000000000000     
 ALPHA_S =   0.11799999999999999     
 BORN                    1.4202371547675320E-012
 SINGLE POLE (MadFKS)   -1.0772538014338968E-013
 DOUBLE POLE (MadFKS)   -1.5114391788976931E-013
 SINGLE POLE (MadLoop)  -1.0772538014347582E-013
 DOUBLE POLE (MadLoop)  -1.5114391788976181E-013
 FINITE PART (MadLoop)   2.0091195991170574E-013
   325.00000000000000        0.0000000000000000        0.0000000000000000        325.00000000000000        0.0000000000000000     
   325.00000000000000        0.0000000000000000        0.0000000000000000       -325.00000000000000        0.0000000000000000     
   173.36192845637316        4.2400583111682515        167.87804084445042       -43.050476720468232        0.0000000000000000     
   255.72000229480909        169.69646265239084       -166.84801758231748        93.581884816312424        0.0000000000000000     
   158.26858001976964       -154.42476121120239        34.555396558109472       -2.8037680091605353        0.0000000000000000     
   62.649489229048008       -19.511759752356703       -35.585419820242429       -47.727640086683678        0.0000000000000000     

 PASSED   1.0000000000000001E-005
 MU_R    =    325.00000000000000     
 ALPHA_S =   0.11799999999999999     
 BORN                    8.3547150811676082E-012
 SINGLE POLE (MadFKS)   -4.6670902311152049E-013
 DOUBLE POLE (MadFKS)   -8.8912219060140476E-013
 SINGLE POLE (MadLoop)  -4.6670902311416046E-013
 DOUBLE POLE (MadLoop)  -8.8912219060139294E-013
 FINITE PART (MadLoop)   1.5186114086324283E-012
   325.00000000000000        0.0000000000000000        0.0000000000000000        325.00000000000000        0.0000000000000000     
   325.00000000000000        0.0000000000000000        0.0000000000000000       -325.00000000000000        0.0000000000000000     
   87.468422270105478        58.886190197745016        54.013585489390273        35.576313482383476        0.0000000000000000     
   97.666407271578151        19.433217762214429        49.432016430635876        81.960679037849985        0.0000000000000000     
   260.03469256191238       -232.36210797300043        31.462092970537316       -112.41009216269340        0.0000000000000000     
   204.83047789640403        154.04270001304099       -134.90769489056348       -5.1269003575400518        0.0000000000000000     

 PASSED   1.0000000000000001E-005
 MU_R    =    325.00000000000000     
 ALPHA_S =   0.11799999999999999     
 BORN                    1.4278482124947956E-012
 SINGLE POLE (MadFKS)   -6.9390489186281818E-014
 DOUBLE POLE (MadFKS)   -1.5195389887098939E-013
 SINGLE POLE (MadLoop)  -6.9390489181050799E-014
 DOUBLE POLE (MadLoop)  -1.5195389887099056E-013
 FINITE PART (MadLoop)  -4.6112065823549594E-013
   325.00000000000000        0.0000000000000000        0.0000000000000000        325.00000000000000        0.0000000000000000     
   325.00000000000000        0.0000000000000000        0.0000000000000000       -325.00000000000000        0.0000000000000000     
   147.12827711610430       -3.1035389474735773        142.55975928587736        36.246558533292486        0.0000000000000000     
   281.50578966794563        80.792913179442110       -240.48970290178130        121.99474412762929        0.0000000000000000     
   150.71368966864733       -63.776093535303893        103.40457963370744       -89.189231736178584        0.0000000000000000     
   70.652243547302703       -13.913280696664641       -5.4746360178035021       -69.052070924743191        0.0000000000000000     

 PASSED   1.0000000000000001E-005
 MU_R    =    325.00000000000000     
 ALPHA_S =   0.11799999999999999     
 BORN                    3.7863449245849090E-011
 SINGLE POLE (MadFKS)   -7.3596704572496820E-012
 DOUBLE POLE (MadFKS)   -4.0294890502106244E-012
 SINGLE POLE (MadLoop)  -7.3596704572502443E-012
 DOUBLE POLE (MadLoop)  -4.0294890502106785E-012
Thanks for using LHAPDF 6.2.1. Please make sure to cite the paper:
  Eur.Phys.J. C75 (2015) 3, 132  (http://arxiv.org/abs/1412.7420)
 FINITE PART (MadLoop)  -1.3025311033214278E-012
   325.00000000000000        0.0000000000000000        0.0000000000000000        325.00000000000000        0.0000000000000000     
   325.00000000000000        0.0000000000000000        0.0000000000000000       -325.00000000000000        0.0000000000000000     
   163.11827306674201        162.68058992776290        11.600432193843989        2.8331328855669948        0.0000000000000000     
   234.61618362454686       -53.609052954340477       -31.669658482549274       -226.20312949091678        0.0000000000000000     
   128.29185624323310       -50.592003912860129       -7.7052906619073731        117.64301090260759        0.0000000000000000     
   123.97368706547822       -58.479533060562268        27.774516950612654        105.72698570274221        0.0000000000000000     

 PASSED   1.0000000000000001E-005
 MU_R    =    325.00000000000000     
 ALPHA_S =   0.11799999999999999     
 BORN                    9.4559940402005188E-011
 SINGLE POLE (MadFKS)   -7.4244558223571786E-012
 DOUBLE POLE (MadFKS)   -1.0063220652836341E-011
 SINGLE POLE (MadLoop)  -7.4244558114895989E-012
 DOUBLE POLE (MadLoop)  -1.0063220652836575E-011
 FINITE PART (MadLoop)   1.6740473794803814E-011
   325.00000000000000        0.0000000000000000        0.0000000000000000        325.00000000000000        0.0000000000000000     
   325.00000000000000        0.0000000000000000        0.0000000000000000       -325.00000000000000        0.0000000000000000     
   21.701052417199080       -12.633535746520435        17.069003744014879       -4.4697384422601951        0.0000000000000000     
   209.06106940442751        51.113708157519966        108.83984162634754       -171.01990660055421        0.0000000000000000     
   151.38231124776135       -85.102207460960727        110.58807541378611        58.689828933644044        0.0000000000000000     
   267.85556693061210        46.622035049961234       -236.49692078414850        116.79981610917032        0.0000000000000000     

 PASSED   1.0000000000000001E-005
 MU_R    =    325.00000000000000     
 ALPHA_S =   0.11799999999999999     
 BORN                    4.7593557482381897E-012
 SINGLE POLE (MadFKS)   -9.3158364953346674E-013
 DOUBLE POLE (MadFKS)   -5.0649827882981920E-013
 SINGLE POLE (MadLoop)  -9.3158364952716050E-013
 DOUBLE POLE (MadLoop)  -5.0649827882981849E-013
 FINITE PART (MadLoop)  -5.2768729638146004E-013
   325.00000000000000        0.0000000000000000        0.0000000000000000        325.00000000000000        0.0000000000000000     
   325.00000000000000        0.0000000000000000        0.0000000000000000       -325.00000000000000        0.0000000000000000     
   204.49534000507478        49.486541340855943        113.05041834706370        163.06142775489482        0.0000000000000000     
   55.678219805764883        18.080109743225449       -46.942923810723883       -23.864947025136374        0.0000000000000000     
   277.30841947609912       -126.95717784586925       -77.309775798527269       -234.10474807599681        0.0000000000000000     
   112.51802071306111        59.390526761787847        11.202281262187471        94.908267346238347        0.0000000000000000     

 PASSED   1.0000000000000001E-005
 MU_R    =    325.00000000000000     
 ALPHA_S =   0.11799999999999999     
 BORN                    2.5643246653798908E-011
 SINGLE POLE (MadFKS)   -3.4997225441915145E-012
 DOUBLE POLE (MadFKS)   -2.7289954735082868E-012
 SINGLE POLE (MadLoop)  -3.4997225441914382E-012
 DOUBLE POLE (MadLoop)  -2.7289954735083042E-012
 FINITE PART (MadLoop)   5.3877993832682007E-012
   325.00000000000000        0.0000000000000000        0.0000000000000000        325.00000000000000        0.0000000000000000     
   325.00000000000000        0.0000000000000000        0.0000000000000000       -325.00000000000000        0.0000000000000000     
   277.15175108692540        22.471450676735124        69.476267892373855       -267.35963651003715        0.0000000000000000     
   82.192645935948150        38.228039195015604       -46.465669751297540        55.992763816584706        0.0000000000000000     
   192.71005637930750       -27.447376813290155       -100.76772355172932        161.95577552525685        0.0000000000000000     
   97.945546597818975       -33.252113058460580        77.757125410653003        49.411097168195582        0.0000000000000000     

 NUMBER OF POINTS PASSING THE CHECK          20
 NUMBER OF POINTS FAILING THE CHECK           0
 TOLERANCE    1.0000000000000001E-005
