==== LHAPDF6 USING DEFAULT-TYPE LHAGLUE INTERFACE ====
LHAPDF 6.2.1 loading /cvmfs/cms.cern.ch/slc6_amd64_gcc481/external/lhapdf/6.2.1/share/LHAPDF/NNPDF31_nnlo_as_0118_nf_4/NNPDF31_nnlo_as_0118_nf_4_0000.dat
NNPDF31_nnlo_as_0118_nf_4 PDF set, member #0, version 1; LHAPDF ID = 320900
 A PDF is used, so alpha_s(MZ) is going to be modified
 Old value of alpha_s from param_card:   0.11799999999999999     
 New value of alpha_s from PDF lhapdf :  0.11800240511781991     
 using LHAPDF
WARNING: the value of maxjetflavorspecified in the run_card (  4) is inconsistent with the number of light flavours inthe model. Hence it will be set to:  5
 *****************************************************
 *               MadGraph/MadEvent                   *
 *        --------------------------------           *
 *          http://madgraph.hep.uiuc.edu             *
 *          http://madgraph.phys.ucl.ac.be           *
 *          http://madgraph.roma2.infn.it            *
 *        --------------------------------           *
 *                                                   *
 *          PARAMETER AND COUPLING VALUES            *
 *                                                   *
 *****************************************************

  External Params
  ---------------------------------
  
 MU_R =    91.188000000000002     
 aEWM1 =    132.50700000000001     
 mdl_Gf =    1.1663900000000000E-005
 aS =   0.11799999999999999     
 mdl_ymt =    173.00000000000000     
 mdl_ymtau =    1.7769999999999999     
 mdl_MT =    173.00000000000000     
 mdl_MZ =    91.188000000000002     
 mdl_MH =    125.00000000000000     
 mdl_MTA =    1.7769999999999999     
 mdl_WT =    1.4915000000000000     
 mdl_WZ =    2.4414039999999999     
 mdl_WW =    2.0476000000000001     
 mdl_WH =    6.3823389999999999E-003
  Internal Params
  ---------------------------------
  
 mdl_conjg__CKM3x3 =    1.0000000000000000     
 mdl_CKM22 =    1.0000000000000000     
 mdl_I4x33 =    0.0000000000000000     
 mdl_I1x33 =    0.0000000000000000     
 mdl_lhv =    1.0000000000000000     
 mdl_CKM3x3 =    1.0000000000000000     
 mdl_conjg__CKM22 =    1.0000000000000000     
 mdl_conjg__CKM33 =    1.0000000000000000     
 mdl_Ncol =    3.0000000000000000     
 mdl_CA =    3.0000000000000000     
 mdl_TF =   0.50000000000000000     
 mdl_CF =    1.3333333333333333     
 mdl_complexi =  (  0.0000000000000000     ,  1.0000000000000000     )
 mdl_MZ__exp__2 =    8315.2513440000002     
 mdl_MZ__exp__4 =    69143404.913893804     
 mdl_sqrt__2 =    1.4142135623730951     
 mdl_MH__exp__2 =    15625.000000000000     
 mdl_Ncol__exp__2 =    9.0000000000000000     
 mdl_MT__exp__2 =    29929.000000000000     
 mdl_aEW =    7.5467711139788835E-003
 mdl_MW =    80.419002445756163     
 mdl_sqrt__aEW =    8.6872153846781555E-002
 mdl_ee =   0.30795376724436879     
 mdl_MW__exp__2 =    6467.2159543705357     
 mdl_sw2 =   0.22224648578577766     
 mdl_cw =   0.88190334743339216     
 mdl_sqrt__sw2 =   0.47143025548407230     
 mdl_sw =   0.47143025548407230     
 mdl_g1 =   0.34919219678733299     
 mdl_gw =   0.65323293034757990     
 mdl_v =    246.21845810181637     
 mdl_v__exp__2 =    60623.529110035903     
 mdl_lam =   0.12886910601690263     
 mdl_yt =   0.99366614581500623     
 mdl_ytau =    1.0206617000654717E-002
 mdl_muH =    88.388347648318430     
 mdl_AxialZUp =  -0.18517701861793787     
 mdl_AxialZDown =   0.18517701861793787     
 mdl_VectorZUp =    7.5430507588273299E-002
 mdl_VectorZDown =  -0.13030376310310560     
 mdl_VectorAUp =   0.20530251149624587     
 mdl_VectorADown =  -0.10265125574812294     
 mdl_VectorWmDxU =   0.23095271737156670     
 mdl_AxialWmDxU =  -0.23095271737156670     
 mdl_VectorWpUxD =   0.23095271737156670     
 mdl_AxialWpUxD =  -0.23095271737156670     
 mdl_I2x33 =  ( 0.99366614581500623     ,  0.0000000000000000     )
 mdl_I3x33 =  ( 0.99366614581500623     ,  0.0000000000000000     )
 mdl_Vector_tbGp =  (-0.99366614581500623     ,  0.0000000000000000     )
 mdl_Axial_tbGp =  (-0.99366614581500623     , -0.0000000000000000     )
 mdl_Vector_tbGm =  ( 0.99366614581500623     ,  0.0000000000000000     )
 mdl_Axial_tbGm =  (-0.99366614581500623     ,  0.0000000000000000     )
 mdl_gw__exp__2 =   0.42671326129048615     
 mdl_cw__exp__2 =   0.77775351421422245     
 mdl_ee__exp__2 =    9.4835522759998875E-002
 mdl_sw__exp__2 =   0.22224648578577769     
 mdl_yt__exp__2 =   0.98737240933884918     
  Internal Params evaluated point by point
  ----------------------------------------
  
 mdl_sqrt__aS =   0.34351128074635334     
 mdl_G__exp__4 =    2.1987899468922913     
 mdl_G__exp__2 =    1.4828317324943823     
 mdl_R2MixedFactor_FIN_ =   -2.5040377713124864E-002
 mdl_G_UVg_1EPS_ =   -5.1645779033320030E-002
 mdl_G_UVq_1EPS_ =    3.1300472141406080E-003
 mdl_GWcft_UV_t_1EPS_ =   -3.1300472141406080E-003
 mdl_tWcft_UV_1EPS_ =   -1.8780283284843650E-002
 mdl_G__exp__3 =    1.8056676068262196     
 mdl_MU_R__exp__2 =    8315.2513440000002     
 mdl_G_UVt_FIN_ =   -4.0087659331150384E-003
 mdl_GWcft_UV_t_FIN_ =    4.0087659331150384E-003
 mdl_tWcft_UV_FIN_ =   -9.8778211443463623E-004
  Couplings of loop_sm-no_b_mass
  ---------------------------------
  
      UV_GQQt =   0.00000E+00  -0.48815E-02
   UVWfct_G_2 =   0.40088E-02   0.00000E+00
       R2_DDA =   0.00000E+00   0.25704E-02
       R2_UUA =  -0.00000E+00  -0.51409E-02
    R2_DDZ_V2 =   0.00000E+00   0.72127E-02
    R2_UUZ_V2 =  -0.00000E+00  -0.72127E-02
    R2_UUZ_V5 =   0.00000E+00   0.68702E-03
      R2_GGHt =   0.00000E+00  -0.45657E+01
     R2_GGZup =  -0.46369E-02   0.00000E+00
   R2_GGZdown =   0.46369E-02   0.00000E+00
    R2_GGZAup =   0.00000E+00   0.19389E-03
  R2_GGZAdown =   0.00000E+00   0.16747E-03
  R2_GGAAdown =   0.00000E+00   0.13193E-03
    R2_GGAAup =   0.00000E+00   0.52771E-03
         GC_4 =  -0.12177E+01   0.00000E+00
         GC_5 =   0.00000E+00   0.12177E+01
       R2_GQQ =  -0.00000E+00  -0.30492E-01
       R2_QQq =   0.00000E+00   0.12520E-01
 UV_GQQg_1eps =   0.00000E+00  -0.62890E-01
 UV_GQQq_1eps =   0.00000E+00   0.38115E-02
 UVWfct_G_2_1eps -0.31300E-02   0.00000E+00
         GC_1 =  -0.00000E+00  -0.10265E+00
         GC_2 =   0.00000E+00   0.20530E+00
        GC_21 =  -0.00000E+00  -0.28804E+00
        GC_22 =   0.00000E+00   0.28804E+00
        GC_23 =  -0.00000E+00  -0.27437E-01
        GC_24 =   0.00000E+00   0.82310E-01
        GC_37 =  -0.00000E+00  -0.70263E+00
        GC_38 =  -0.00000E+00  -0.72172E-02
      GC_1003 =  -0.00000E+00  -0.30795E+00

 Collider parameters:
 --------------------

 Running at P P   machine @    13000.000000000000       GeV
 PDF set = lhapdf 
 alpha_s(Mz)= 0.1180 running at 3 loops.
 alpha_s(Mz)= 0.1180 running at 3 loops.
 Renormalization scale set on event-by-event basis
 Factorization   scale set on event-by-event basis


 ===============================================================
 INFO: MadFKS read these parameters from FKS_params.dat
 ===============================================================
  > IRPoleCheckThreshold      =    1.0000000000000001E-005
  > PrecisionVirtualAtRunTime =    1.0000000000000000E-003
  > NHelForMCoverHels         =            4
  > VirtualFraction           =    1.0000000000000000     
  > MinVirtualFraction        =    5.0000000000000001E-003
 ===============================================================
  Insert the number of points to test
 Insert the relative tolerance
  A negative number will mean use the default one:    1.0000000000000001E-005
Using random seed offsets:     1 ,     16 ,      0
  with seed                   32
 Ranmar initialization seeds       10730        9422
  ========================================================================================== 
 {                                                                                          }
 {       [32m                                                                            [0m       }
 {       [32m                               ,,                                           [0m       }
 {       [32m`7MMM.     ,MMF'             `7MM  `7MMF'                                   [0m       }
 {       [32m  MMMb    dPMM                 MM    MM                                     [0m       }
 {       [32m  M YM   ,M MM   ,6"Yb.   ,M""bMM    MM         ,pW"Wq.   ,pW"Wq.`7MMpdMAo. [0m       }
 {       [32m  M  Mb  M' MM  8)   MM ,AP    MM    MM        6W'   `Wb 6W'   `Wb MM   `Wb [0m       }
 {       [32m  M  YM.P'  MM   ,pm9MM 8MI    MM    MM      , 8M     M8 8M     M8 MM    M8 [0m       }
 {       [32m  M  `YM'   MM  8M   MM `Mb    MM    MM     ,M YA.   ,A9 YA.   ,A9 MM   ,AP [0m       }
 {       [32m.JML. `'  .JMML.`Moo9^Yo.`Wbmd"MML..JMMmmmmMMM  `Ybmd9'   `Ybmd9'  MMbmmd'  [0m       }
 {       [32m                                                                   MM       [0m       }
 {       [32m                                                                 .JMML.     [0m       }
 {       [32m[0mv2.6.1 (2017-12-12), Ref: arXiv:1103.0621v2, arXiv:1405.0301[32m                [0m       }
 {       [32m                                                                            [0m       }
 {                                                                                          }
  ========================================================================================== 
 ===============================================================
 INFO: MadLoop read these parameters from ./MadLoop5_resources/MadLoopParams.dat                                                                                                                                                                                                                                                                                                                                                                                                                                                                                          
 ===============================================================
  > MLReductionLib            = 6|7|1
  > CTModeRun                 =           -1
  > MLStabThres               =    1.0000000000000000E-003
  > NRotations_DP             =            0
  > NRotations_QP             =            0
  > CTStabThres               =    1.0000000000000000E-002
  > CTLoopLibrary             =            2
  > CTModeInit                =            1
  > CheckCycle                =            3
  > MaxAttempts               =           10
  > UseLoopFilter             =  F
  > HelicityFilterLevel       =            2
  > ImprovePSPoint            =            2
  > DoubleCheckHelicityFilter =  T
  > LoopInitStartOver         =  F
  > HelInitStartOver          =  F
  > ZeroThres                 =    1.0000000000000001E-009
  > OSThres                   =    1.0000000000000000E-008
  > WriteOutFilters           =  T
  > UseQPIntegrandForNinja    =  T
  > UseQPIntegrandForCutTools =  T
  > IREGIMODE                 =            2
  > IREGIRECY                 =  T
  > COLLIERMode               =            1
  > COLLIERRequiredAccuracy   =    1.0000000000000000E-008
  > COLLIERCanOutput          =  F
  > COLLIERComputeUVpoles     =  T
  > COLLIERComputeIRpoles     =  T
  > COLLIERGlobalCache        =           -1
  > COLLIERUseCacheForPoles   =  F
  > COLLIERUseInternalStabilityTest =  T
 ===============================================================
  
------------------------------------------------------------------------
|              You are using CutTools - Version 1.9.3                  |
|              Authors: G. Ossola, C. Papadopoulos, R. Pittau          |
|              Published in JHEP 0803:042,2008                         |
|              http://www.ugr.es/~pittau/CutTools                      |
|                                                                      |
|              Compiler with  34  significant digits detetected        |
 ---------------------------------------------------------------------- 
   
########################################################################
#                                                                      #
#                      You are using OneLOop-3.6                       #
#                                                                      #
# for the evaluation of 1-loop scalar 1-, 2-, 3- and 4-point functions #
#                                                                      #
# author: Andreas van Hameren <hamerenREMOVETHIS@ifj.edu.pl>           #
#   date: 18-02-2015                                                   #
#                                                                      #
# Please cite                                                          #
#    A. van Hameren,                                                   #
#      Comput.Phys.Commun. 182 (2011) 2427-2438, arXiv:1007.4716       #
#    A. van Hameren, C.G. Papadopoulos and R. Pittau,                  #
#      JHEP 0909:106,2009, arXiv:0903.4665                             #
# in publications with results obtained with the help of this program. #
#                                                                      #
########################################################################
 PASSED   1.0000000000000001E-005
 MU_R    =    325.00000000000000     
 ALPHA_S =   0.11799999999999999     
 BORN                    1.8280683222316549E-013
 SINGLE POLE (MadFKS)   -4.5799927264208592E-015
 DOUBLE POLE (MadFKS)   -1.9454596541483615E-014
 SINGLE POLE (MadLoop)  -4.5799927261490532E-015
 DOUBLE POLE (MadLoop)  -1.9454596541483965E-014
 FINITE PART (MadLoop)  -6.2782933730958547E-014
   325.00000000000000        0.0000000000000000        0.0000000000000000        325.00000000000000        0.0000000000000000     
   325.00000000000000        0.0000000000000000        0.0000000000000000       -325.00000000000000        0.0000000000000000     
   69.370343370882949        61.383445648456025        7.7908533923051229       -31.312330065596448        1.7769999999999999     
   217.83710842694694       -137.76008591590073       -166.64094053643447        26.510445948525454        1.7769999999999999     
   198.82699594344638       -19.602269185182436        142.95839443137493        136.78750973787896        0.0000000000000000     
   163.96555225872376        95.978909452627107        15.891692712754420       -131.98562562080795        0.0000000000000000     

 PASSED   1.0000000000000001E-005
 MU_R    =    325.00000000000000     
 ALPHA_S =   0.11799999999999999     
 BORN                    9.3909482675222248E-011
 SINGLE POLE (MadFKS)   -1.4654344330183843E-011
 DOUBLE POLE (MadFKS)   -9.9939978973848136E-012
 SINGLE POLE (MadLoop)  -1.4654344330183365E-011
 DOUBLE POLE (MadLoop)  -9.9939978973844985E-012
 FINITE PART (MadLoop)   9.5967736354176667E-012
   325.00000000000000        0.0000000000000000        0.0000000000000000        325.00000000000000        0.0000000000000000     
   325.00000000000000        0.0000000000000000        0.0000000000000000       -325.00000000000000        0.0000000000000000     
   129.71355810818073       -47.636124091232197       -61.551202648928147       -103.75306531433036        1.7769999999999999     
   127.76141776698869       -86.585627022228891        28.553446730135157       -89.484367427097624        1.7769999999999999     
   155.26025807107229        63.213954047135907        141.70810535699212       -5.3438400195170379        0.0000000000000000     
   237.26476605375825        71.007797066325196       -108.71034943819916        198.58127276094504        0.0000000000000000     

 PASSED   1.0000000000000001E-005
 MU_R    =    325.00000000000000     
 ALPHA_S =   0.11799999999999999     
 BORN                    1.1253031801994281E-011
 SINGLE POLE (MadFKS)   -1.5926100198660624E-012
 DOUBLE POLE (MadFKS)   -1.1975657086439076E-012
 SINGLE POLE (MadLoop)  -1.5926100199211351E-012
 DOUBLE POLE (MadLoop)  -1.1975657086438884E-012
 FINITE PART (MadLoop)   1.7285498322372997E-012
   325.00000000000000        0.0000000000000000        0.0000000000000000        325.00000000000000        0.0000000000000000     
   325.00000000000000        0.0000000000000000        0.0000000000000000       -325.00000000000000        0.0000000000000000     
   213.96039775997150       -196.58178626459318       -14.500915925589942       -83.193862916359237        1.7769999999999999     
   246.73496146674091        207.53905412343835        120.24337768574712       -57.827801421681556        1.7769999999999999     
   33.960126799029034       -5.5185061567798259        5.7715616617584322        33.007959312690524        0.0000000000000000     
   155.34451397425912       -5.4387617020652836       -111.51402342191558        108.01370502535028        0.0000000000000000     

 PASSED   1.0000000000000001E-005
 MU_R    =    325.00000000000000     
 ALPHA_S =   0.11799999999999999     
 BORN                    3.4975163769105869E-011
 SINGLE POLE (MadFKS)   -1.1426952557750336E-011
 DOUBLE POLE (MadFKS)   -3.7221130732664463E-012
 SINGLE POLE (MadLoop)  -1.1426952558099783E-011
 DOUBLE POLE (MadLoop)  -3.7221130732656918E-012
 FINITE PART (MadLoop)  -2.5788707443206247E-011
   325.00000000000000        0.0000000000000000        0.0000000000000000        325.00000000000000        0.0000000000000000     
   325.00000000000000        0.0000000000000000        0.0000000000000000       -325.00000000000000        0.0000000000000000     
   222.34920745053196       -99.746452011472599        100.49298363800823        171.42875451782800        1.7769999999999999     
   84.480136932722615       -26.218237539686154        60.124384574012623        53.210884291471721        1.7769999999999999     
   322.72246661665491        131.04547692713166       -166.15920955062757       -243.65547504127446        0.0000000000000000     
   20.448189000090490       -5.0807873759729327        5.5418413386067735        19.015836231974792        0.0000000000000000     

 PASSED   1.0000000000000001E-005
 MU_R    =    325.00000000000000     
 ALPHA_S =   0.11799999999999999     
 BORN                    1.0105661412768651E-012
 SINGLE POLE (MadFKS)   -6.7275155237075959E-015
 DOUBLE POLE (MadFKS)   -1.0754607099708817E-013
 SINGLE POLE (MadLoop)  -6.7275155238362575E-015
 DOUBLE POLE (MadLoop)  -1.0754607099708532E-013
 FINITE PART (MadLoop)   7.3867896480758728E-013
   325.00000000000000        0.0000000000000000        0.0000000000000000        325.00000000000000        0.0000000000000000     
   325.00000000000000        0.0000000000000000        0.0000000000000000       -325.00000000000000        0.0000000000000000     
   278.38553528046054       -189.19203137688393       -100.41130147090897        177.81814959332732        1.7769999999999999     
   41.808762924208885        2.3691564884223895        41.269652386243415       -6.0014846250493266        1.7769999999999999     
   142.96426308068547        141.99046681786430        16.072181493544804        4.3786793770461454        0.0000000000000000     
   186.84143871464514        44.832408070597261        43.069467591120819       -176.19534434532412        0.0000000000000000     

 PASSED   1.0000000000000001E-005
 MU_R    =    325.00000000000000     
 ALPHA_S =   0.11799999999999999     
 BORN                    5.1165382537650731E-011
 SINGLE POLE (MadFKS)   -5.2304938876294922E-012
 DOUBLE POLE (MadFKS)   -5.4451021444620140E-012
 SINGLE POLE (MadLoop)  -5.2304938876095228E-012
 DOUBLE POLE (MadLoop)  -5.4451021444611069E-012
 FINITE PART (MadLoop)  -1.1469996918615220E-011
   325.00000000000000        0.0000000000000000        0.0000000000000000        325.00000000000000        0.0000000000000000     
   325.00000000000000        0.0000000000000000        0.0000000000000000       -325.00000000000000        0.0000000000000000     
   170.88198996467042       -121.74338196921427        114.09304892182524       -36.862201503785890        1.7769999999999999     
   45.750991186649479       -26.978815228003135        35.349417785871118       -10.609319330385221        1.7769999999999999     
   317.53335255547319        254.03831552435443       -189.40178803455120        20.467704316358823        0.0000000000000000     
   115.83366629320683       -105.31611832713695        39.959321326854798        27.003816517812176        0.0000000000000000     

 PASSED   1.0000000000000001E-005
 MU_R    =    325.00000000000000     
 ALPHA_S =   0.11799999999999999     
 BORN                    6.9465786704539712E-013
 SINGLE POLE (MadFKS)   -4.0961295259849050E-014
 DOUBLE POLE (MadFKS)   -7.3926605331894274E-014
 SINGLE POLE (MadLoop)  -4.0961295259848823E-014
 DOUBLE POLE (MadLoop)  -7.3926605331893251E-014
 FINITE PART (MadLoop)   6.6138841652500223E-014
   325.00000000000000        0.0000000000000000        0.0000000000000000        325.00000000000000        0.0000000000000000     
   325.00000000000000        0.0000000000000000        0.0000000000000000       -325.00000000000000        0.0000000000000000     
   85.697014307746898        68.064287536496437        38.064956341585791       -35.484255566722624        1.7769999999999999     
   141.86725890506415       -108.14211726613820       -14.029962276940189       -90.728187747474351        1.7769999999999999     
   204.38466934210450       -119.39770924263669        123.82711877347872        110.38172287997217        0.0000000000000000     
   218.05105744508444        159.47553897227857       -147.86211283812429        15.830720434224819        0.0000000000000000     

 PASSED   1.0000000000000001E-005
 MU_R    =    325.00000000000000     
 ALPHA_S =   0.11799999999999999     
 BORN                    1.7717371583369673E-010
 SINGLE POLE (MadFKS)   -3.3905906909572850E-012
 DOUBLE POLE (MadFKS)   -1.8855111252582872E-011
 SINGLE POLE (MadLoop)  -3.3905906909638325E-012
 DOUBLE POLE (MadLoop)  -1.8855111252583421E-011
 FINITE PART (MadLoop)   1.5235145923971697E-011
   325.00000000000000        0.0000000000000000        0.0000000000000000        325.00000000000000        0.0000000000000000     
   325.00000000000000        0.0000000000000000        0.0000000000000000       -325.00000000000000        0.0000000000000000     
   191.45084205479588        21.889788009859640       -104.51132493656085        158.89772602330839        1.7769999999999999     
   143.70422418240636        123.17361758669747       -2.1369426186690639       -73.969180918257024        1.7769999999999999     
   62.364705797108691        12.977058693418954       -41.797485095366675        44.428850047351922        0.0000000000000000     
   252.48022796569322       -158.04046428997606        148.44575265059683       -129.35739515240329        0.0000000000000000     

 PASSED   1.0000000000000001E-005
 MU_R    =    325.00000000000000     
 ALPHA_S =   0.11799999999999999     
 BORN                    5.0821764585357804E-013
 SINGLE POLE (MadFKS)   -1.3488442823983426E-014
 DOUBLE POLE (MadFKS)   -5.4085337703757063E-014
 SINGLE POLE (MadLoop)  -1.3488442823976759E-014
 DOUBLE POLE (MadLoop)  -5.4085337703755372E-014
 FINITE PART (MadLoop)   5.5175914932938564E-014
   325.00000000000000        0.0000000000000000        0.0000000000000000        325.00000000000000        0.0000000000000000     
   325.00000000000000        0.0000000000000000        0.0000000000000000       -325.00000000000000        0.0000000000000000     
   141.46117743071875       -16.112457691156521        139.29785884182888       -18.563464663631393        1.7769999999999999     
   234.04994200021321        8.9894962470343209       -191.19215895066748        134.68839940511003        1.7769999999999999     
   108.86433002085298        106.71115779083480        18.021872892232157        11.806068409295881        0.0000000000000000     
   165.62455054821791       -99.588196346712650        33.872427216606404       -127.93100315077457        0.0000000000000000     

 PASSED   1.0000000000000001E-005
 MU_R    =    325.00000000000000     
 ALPHA_S =   0.11799999999999999     
 BORN                    5.6030552024384305E-013
 SINGLE POLE (MadFKS)   -6.0744653932337680E-014
 DOUBLE POLE (MadFKS)   -5.9628612912032730E-014
 SINGLE POLE (MadLoop)  -6.0744653932343815E-014
 DOUBLE POLE (MadLoop)  -5.9628612912032402E-014
 FINITE PART (MadLoop)   9.4642385061676422E-014
   325.00000000000000        0.0000000000000000        0.0000000000000000        325.00000000000000        0.0000000000000000     
   325.00000000000000        0.0000000000000000        0.0000000000000000       -325.00000000000000        0.0000000000000000     
   179.62396063173145       -55.699680763270109        159.14794653148735       -61.895768689874721        1.7769999999999999     
   209.99475291373528        53.869389372481393       -137.32595701826961        149.44667590800776        1.7769999999999999     
   160.43793834246554        53.605459730254765       -104.49449753361441       -109.30547439120461        0.0000000000000000     
   99.943348112069359       -51.775168339465878        82.672508020396791        21.754567173071436        0.0000000000000000     

 PASSED   1.0000000000000001E-005
 MU_R    =    325.00000000000000     
 ALPHA_S =   0.11799999999999999     
 BORN                    1.8797617979076606E-011
 SINGLE POLE (MadFKS)   -2.6923465671399173E-012
 DOUBLE POLE (MadFKS)   -2.0004726807881965E-012
 SINGLE POLE (MadLoop)  -2.6923465671392081E-012
 DOUBLE POLE (MadLoop)  -2.0004726807881634E-012
 FINITE PART (MadLoop)   2.1807883654329142E-012
   325.00000000000000        0.0000000000000000        0.0000000000000000        325.00000000000000        0.0000000000000000     
   325.00000000000000        0.0000000000000000        0.0000000000000000       -325.00000000000000        0.0000000000000000     
   77.440372969304647        11.725766204345600        32.051595397164199        69.491404332064860        1.7769999999999999     
   191.14774726416775        92.439397378491194       -61.820543538940456       -155.45893915763585        1.7769999999999999     
   138.03315926068493       -12.744942675529069       -83.963801605276686       -108.81543783706815        0.0000000000000000     
   243.37872050584272       -91.420220907307737        113.73274974705292        194.78297266263914        0.0000000000000000     

 PASSED   1.0000000000000001E-005
 MU_R    =    325.00000000000000     
 ALPHA_S =   0.11799999999999999     
 BORN                    2.0058898856334425E-011
 SINGLE POLE (MadFKS)   -1.5708322097893519E-012
 DOUBLE POLE (MadFKS)   -2.1347002164559249E-012
 SINGLE POLE (MadLoop)  -1.5708322546979624E-012
 DOUBLE POLE (MadLoop)  -2.1347002164558720E-012
 FINITE PART (MadLoop)   3.2919047386143917E-012
   325.00000000000000        0.0000000000000000        0.0000000000000000        325.00000000000000        0.0000000000000000     
   325.00000000000000        0.0000000000000000        0.0000000000000000       -325.00000000000000        0.0000000000000000     
   251.98728181343478       -208.96624936103780        127.24292421619725       -60.305698997814808        1.7769999999999999     
   127.54330063984123        118.01988788476234       -48.261839732350253       -2.4973382674350777        1.7769999999999999     
   72.018761059396894       -62.135803917557070        35.278675881518936        9.0143687574969604        0.0000000000000000     
   198.45065648733060        153.08216539383250       -114.25976036536595        53.788668507752938        0.0000000000000000     

 PASSED   1.0000000000000001E-005
 MU_R    =    325.00000000000000     
 ALPHA_S =   0.11799999999999999     
 BORN                    4.5713664930878588E-012
 SINGLE POLE (MadFKS)   -4.7747661120510304E-013
 DOUBLE POLE (MadFKS)   -4.8649216052118275E-013
 SINGLE POLE (MadLoop)  -4.7747661120582056E-013
 DOUBLE POLE (MadLoop)  -4.8649216052118305E-013
 FINITE PART (MadLoop)  -1.8931468478972476E-013
   325.00000000000000        0.0000000000000000        0.0000000000000000        325.00000000000000        0.0000000000000000     
   325.00000000000000        0.0000000000000000        0.0000000000000000       -325.00000000000000        0.0000000000000000     
   93.875804156127501        85.464063781764494      -0.26197569200333209       -38.798634610033496        1.7769999999999999     
   240.98820366357197        134.30422963025475       -198.47960351016147        25.305680584961806        1.7769999999999999     
   167.27249355835949       -123.91929904441660        102.77867035782988       -45.394265552472540        0.0000000000000000     
   147.86349862194106       -95.848994367602657        95.962908844334905        58.887219577544215        0.0000000000000000     

 PASSED   1.0000000000000001E-005
 MU_R    =    325.00000000000000     
 ALPHA_S =   0.11799999999999999     
 BORN                    1.2805935096168576E-012
 SINGLE POLE (MadFKS)   -1.0111384746224042E-013
 DOUBLE POLE (MadFKS)   -1.3628281700557483E-013
 SINGLE POLE (MadLoop)  -1.0111384746491204E-013
 DOUBLE POLE (MadLoop)  -1.3628281700557369E-013
 FINITE PART (MadLoop)   1.5118134750054922E-013
   325.00000000000000        0.0000000000000000        0.0000000000000000        325.00000000000000        0.0000000000000000     
   325.00000000000000        0.0000000000000000        0.0000000000000000       -325.00000000000000        0.0000000000000000     
   249.25900109662220        233.64868861000932       -50.494663120602901       -70.607869291217355        1.7769999999999999     
   232.16744983354894       -218.14824950784615       -56.648613120063700        55.685212592297141        1.7769999999999999     
   79.323780363598061       -54.454150855907123        33.506548247209722        46.950173698207600        0.0000000000000000     
   89.249768706231194        38.953711753743917        73.636727993456859       -32.027516999287506        0.0000000000000000     

 PASSED   1.0000000000000001E-005
 MU_R    =    325.00000000000000     
 ALPHA_S =   0.11799999999999999     
 BORN                    6.4769797084630495E-011
 SINGLE POLE (MadFKS)   -1.0710896404575407E-011
 DOUBLE POLE (MadFKS)   -6.8929057794568059E-012
 SINGLE POLE (MadLoop)  -1.0710896404584440E-011
 DOUBLE POLE (MadLoop)  -6.8929057794568761E-012
 FINITE PART (MadLoop)   1.1218144763973812E-011
   325.00000000000000        0.0000000000000000        0.0000000000000000        325.00000000000000        0.0000000000000000     
   325.00000000000000        0.0000000000000000        0.0000000000000000       -325.00000000000000        0.0000000000000000     
   206.39417680333406       -78.727104758980346        27.293934367335417       -188.81865006493942        1.7769999999999999     
   113.46494926199630       -43.948077055399580       -27.815993439087705       -100.82645493201022        1.7769999999999999     
   125.55541280929275        20.103051368638749       -39.951534851833799        117.31966533520495        0.0000000000000000     
   204.58546112537684        102.57213044574121        40.473593923586058        172.32543966174464        0.0000000000000000     

 PASSED   1.0000000000000001E-005
 MU_R    =    325.00000000000000     
 ALPHA_S =   0.11799999999999999     
 BORN                    1.4117160936775493E-011
 SINGLE POLE (MadFKS)   -1.1888255780213721E-012
 DOUBLE POLE (MadFKS)   -1.5023709288987774E-012
 SINGLE POLE (MadLoop)  -1.1888255780223075E-012
 DOUBLE POLE (MadLoop)  -1.5023709288987784E-012
 FINITE PART (MadLoop)   2.1659656633617011E-012
   325.00000000000000        0.0000000000000000        0.0000000000000000        325.00000000000000        0.0000000000000000     
   325.00000000000000        0.0000000000000000        0.0000000000000000       -325.00000000000000        0.0000000000000000     
   69.519318410630902       -19.158998961435952       -29.440889061178677       -59.966196422332409        1.7769999999999999     
   118.87495930216954       -78.082351057625715        89.361620892561007       -6.7635334596914420        1.7769999999999999     
   180.29964484453120        3.3350774187799250        163.21377130646309       -76.538252172337963        0.0000000000000000     
   281.30607744266831        93.906272600281767       -223.13450313784540        143.26798205436185        0.0000000000000000     

 PASSED   1.0000000000000001E-005
 MU_R    =    325.00000000000000     
 ALPHA_S =   0.11799999999999999     
 BORN                    7.5805215004047629E-012
 SINGLE POLE (MadFKS)   -6.0361512453487309E-013
 DOUBLE POLE (MadFKS)   -8.0673126693854702E-013
 SINGLE POLE (MadLoop)  -6.0361512453559475E-013
 DOUBLE POLE (MadLoop)  -8.0673126693855591E-013
Thanks for using LHAPDF 6.2.1. Please make sure to cite the paper:
  Eur.Phys.J. C75 (2015) 3, 132  (http://arxiv.org/abs/1412.7420)
 FINITE PART (MadLoop)   9.6094263029793233E-013
   325.00000000000000        0.0000000000000000        0.0000000000000000        325.00000000000000        0.0000000000000000     
   325.00000000000000        0.0000000000000000        0.0000000000000000       -325.00000000000000        0.0000000000000000     
   183.83282778735452       -53.673246075531324       -26.698699628791807       -173.77489156130170        1.7769999999999999     
   95.644380025551570       -45.836299127632337        80.622141336554208        23.319384856016658        1.7769999999999999     
   139.17547937247465       -24.834237676817530        121.01348867622073        64.100001996721033        0.0000000000000000     
   231.34731281461924        124.34378287998118       -174.93693038398311        86.355504708563970        0.0000000000000000     

 PASSED   1.0000000000000001E-005
 MU_R    =    325.00000000000000     
 ALPHA_S =   0.11799999999999999     
 BORN                    6.5733550568248242E-012
 SINGLE POLE (MadFKS)   -1.8122114175220270E-013
 DOUBLE POLE (MadFKS)   -6.9954699722783511E-013
 SINGLE POLE (MadLoop)  -1.8122114177863096E-013
 DOUBLE POLE (MadLoop)  -6.9954699722784844E-013
 FINITE PART (MadLoop)   1.2525193157357024E-012
   325.00000000000000        0.0000000000000000        0.0000000000000000        325.00000000000000        0.0000000000000000     
   325.00000000000000        0.0000000000000000        0.0000000000000000       -325.00000000000000        0.0000000000000000     
   219.67721252200278        45.534836357158412       -101.01269653418933        189.67850112560399        1.7769999999999999     
   37.179114240485362       -29.868903201789024        21.937331874599948        2.3939295003989445        1.7769999999999999     
   207.24502797185042       -149.89190615265838        123.95425504111023       -71.542020842153406        0.0000000000000000     
   185.89864526566143        134.22597299728895       -44.878890381520861       -120.53040978384959        0.0000000000000000     

 PASSED   1.0000000000000001E-005
 MU_R    =    325.00000000000000     
 ALPHA_S =   0.11799999999999999     
 BORN                    6.7512638597544010E-013
 SINGLE POLE (MadFKS)   -3.8335121950957292E-014
 DOUBLE POLE (MadFKS)   -7.1848033762918273E-014
 SINGLE POLE (MadLoop)  -3.8335121951075300E-014
 DOUBLE POLE (MadLoop)  -7.1848033762917238E-014
 FINITE PART (MadLoop)   3.5234089017860651E-014
   325.00000000000000        0.0000000000000000        0.0000000000000000        325.00000000000000        0.0000000000000000     
   325.00000000000000        0.0000000000000000        0.0000000000000000       -325.00000000000000        0.0000000000000000     
   136.27243117356656       -83.382575434201414       -90.675182390736850       -58.244099970046435        1.7769999999999999     
   240.02009810849452        231.71416576214992        53.462869117650378        32.507795647678662        1.7769999999999999     
   131.34023712178333       -77.360218621879739       -76.596724893612105        73.475139996828460        0.0000000000000000     
   142.36723359615860       -70.971371706068780        113.80903816669860       -47.738835674460688        0.0000000000000000     

 PASSED   1.0000000000000001E-005
 MU_R    =    325.00000000000000     
 ALPHA_S =   0.11799999999999999     
 BORN                    2.2630426409455925E-012
 SINGLE POLE (MadFKS)   -3.6690281939005949E-014
 DOUBLE POLE (MadFKS)   -2.4083663066828729E-013
 SINGLE POLE (MadLoop)  -3.6690281939976362E-014
 DOUBLE POLE (MadLoop)  -2.4083663066828790E-013
 FINITE PART (MadLoop)   1.8357126516199567E-013
   325.00000000000000        0.0000000000000000        0.0000000000000000        325.00000000000000        0.0000000000000000     
   325.00000000000000        0.0000000000000000        0.0000000000000000       -325.00000000000000        0.0000000000000000     
   197.02653808267647       -11.902943843482674       -96.049061535191996        171.60768247928817        1.7769999999999999     
   180.04491396167140        70.665000720400897        164.86483217646546        15.461503778007099        1.7769999999999999     
   64.460627721091996        56.581711423471234        5.8986318101427111       -30.313175375678007        0.0000000000000000     
   208.46792023456220       -115.34376830038948       -74.714402451416063       -156.75601088161719        0.0000000000000000     

 NUMBER OF POINTS PASSING THE CHECK          20
 NUMBER OF POINTS FAILING THE CHECK           0
 TOLERANCE    1.0000000000000001E-005
