==== LHAPDF6 USING DEFAULT-TYPE LHAGLUE INTERFACE ====
LHAPDF 6.2.1 loading /cvmfs/cms.cern.ch/slc6_amd64_gcc481/external/lhapdf/6.2.1/share/LHAPDF/NNPDF31_nnlo_as_0118_nf_4/NNPDF31_nnlo_as_0118_nf_4_0000.dat
NNPDF31_nnlo_as_0118_nf_4 PDF set, member #0, version 1; LHAPDF ID = 320900
 A PDF is used, so alpha_s(MZ) is going to be modified
 Old value of alpha_s from param_card:   0.11799999999999999     
 New value of alpha_s from PDF lhapdf :  0.11800240511781991     
 using LHAPDF
WARNING: the value of maxjetflavorspecified in the run_card (  4) is inconsistent with the number of light flavours inthe model. Hence it will be set to:  5
 *****************************************************
 *               MadGraph/MadEvent                   *
 *        --------------------------------           *
 *          http://madgraph.hep.uiuc.edu             *
 *          http://madgraph.phys.ucl.ac.be           *
 *          http://madgraph.roma2.infn.it            *
 *        --------------------------------           *
 *                                                   *
 *          PARAMETER AND COUPLING VALUES            *
 *                                                   *
 *****************************************************

  External Params
  ---------------------------------
  
 MU_R =    91.188000000000002     
 aEWM1 =    132.50700000000001     
 mdl_Gf =    1.1663900000000000E-005
 aS =   0.11799999999999999     
 mdl_ymt =    173.00000000000000     
 mdl_ymtau =    1.7769999999999999     
 mdl_MT =    173.00000000000000     
 mdl_MZ =    91.188000000000002     
 mdl_MH =    125.00000000000000     
 mdl_MTA =    1.7769999999999999     
 mdl_WT =    1.4915000000000000     
 mdl_WZ =    2.4414039999999999     
 mdl_WW =    2.0476000000000001     
 mdl_WH =    6.3823389999999999E-003
  Internal Params
  ---------------------------------
  
 mdl_conjg__CKM3x3 =    1.0000000000000000     
 mdl_CKM22 =    1.0000000000000000     
 mdl_I4x33 =    0.0000000000000000     
 mdl_I1x33 =    0.0000000000000000     
 mdl_lhv =    1.0000000000000000     
 mdl_CKM3x3 =    1.0000000000000000     
 mdl_conjg__CKM22 =    1.0000000000000000     
 mdl_conjg__CKM33 =    1.0000000000000000     
 mdl_Ncol =    3.0000000000000000     
 mdl_CA =    3.0000000000000000     
 mdl_TF =   0.50000000000000000     
 mdl_CF =    1.3333333333333333     
 mdl_complexi =  (  0.0000000000000000     ,  1.0000000000000000     )
 mdl_MZ__exp__2 =    8315.2513440000002     
 mdl_MZ__exp__4 =    69143404.913893804     
 mdl_sqrt__2 =    1.4142135623730951     
 mdl_MH__exp__2 =    15625.000000000000     
 mdl_Ncol__exp__2 =    9.0000000000000000     
 mdl_MT__exp__2 =    29929.000000000000     
 mdl_aEW =    7.5467711139788835E-003
 mdl_MW =    80.419002445756163     
 mdl_sqrt__aEW =    8.6872153846781555E-002
 mdl_ee =   0.30795376724436879     
 mdl_MW__exp__2 =    6467.2159543705357     
 mdl_sw2 =   0.22224648578577766     
 mdl_cw =   0.88190334743339216     
 mdl_sqrt__sw2 =   0.47143025548407230     
 mdl_sw =   0.47143025548407230     
 mdl_g1 =   0.34919219678733299     
 mdl_gw =   0.65323293034757990     
 mdl_v =    246.21845810181637     
 mdl_v__exp__2 =    60623.529110035903     
 mdl_lam =   0.12886910601690263     
 mdl_yt =   0.99366614581500623     
 mdl_ytau =    1.0206617000654717E-002
 mdl_muH =    88.388347648318430     
 mdl_AxialZUp =  -0.18517701861793787     
 mdl_AxialZDown =   0.18517701861793787     
 mdl_VectorZUp =    7.5430507588273299E-002
 mdl_VectorZDown =  -0.13030376310310560     
 mdl_VectorAUp =   0.20530251149624587     
 mdl_VectorADown =  -0.10265125574812294     
 mdl_VectorWmDxU =   0.23095271737156670     
 mdl_AxialWmDxU =  -0.23095271737156670     
 mdl_VectorWpUxD =   0.23095271737156670     
 mdl_AxialWpUxD =  -0.23095271737156670     
 mdl_I2x33 =  ( 0.99366614581500623     ,  0.0000000000000000     )
 mdl_I3x33 =  ( 0.99366614581500623     ,  0.0000000000000000     )
 mdl_Vector_tbGp =  (-0.99366614581500623     ,  0.0000000000000000     )
 mdl_Axial_tbGp =  (-0.99366614581500623     , -0.0000000000000000     )
 mdl_Vector_tbGm =  ( 0.99366614581500623     ,  0.0000000000000000     )
 mdl_Axial_tbGm =  (-0.99366614581500623     ,  0.0000000000000000     )
 mdl_gw__exp__2 =   0.42671326129048615     
 mdl_cw__exp__2 =   0.77775351421422245     
 mdl_ee__exp__2 =    9.4835522759998875E-002
 mdl_sw__exp__2 =   0.22224648578577769     
 mdl_yt__exp__2 =   0.98737240933884918     
  Internal Params evaluated point by point
  ----------------------------------------
  
 mdl_sqrt__aS =   0.34351128074635334     
 mdl_G__exp__4 =    2.1987899468922913     
 mdl_G__exp__2 =    1.4828317324943823     
 mdl_R2MixedFactor_FIN_ =   -2.5040377713124864E-002
 mdl_G_UVg_1EPS_ =   -5.1645779033320030E-002
 mdl_G_UVq_1EPS_ =    3.1300472141406080E-003
 mdl_GWcft_UV_t_1EPS_ =   -3.1300472141406080E-003
 mdl_tWcft_UV_1EPS_ =   -1.8780283284843650E-002
 mdl_G__exp__3 =    1.8056676068262196     
 mdl_MU_R__exp__2 =    8315.2513440000002     
 mdl_G_UVt_FIN_ =   -4.0087659331150384E-003
 mdl_GWcft_UV_t_FIN_ =    4.0087659331150384E-003
 mdl_tWcft_UV_FIN_ =   -9.8778211443463623E-004
  Couplings of loop_sm-no_b_mass
  ---------------------------------
  
      UV_GQQt =   0.00000E+00  -0.48815E-02
   UVWfct_G_2 =   0.40088E-02   0.00000E+00
       R2_DDA =   0.00000E+00   0.25704E-02
       R2_UUA =  -0.00000E+00  -0.51409E-02
    R2_DDZ_V2 =   0.00000E+00   0.72127E-02
    R2_UUZ_V2 =  -0.00000E+00  -0.72127E-02
    R2_UUZ_V5 =   0.00000E+00   0.68702E-03
      R2_GGHt =   0.00000E+00  -0.45657E+01
     R2_GGZup =  -0.46369E-02   0.00000E+00
   R2_GGZdown =   0.46369E-02   0.00000E+00
    R2_GGZAup =   0.00000E+00   0.19389E-03
  R2_GGZAdown =   0.00000E+00   0.16747E-03
  R2_GGAAdown =   0.00000E+00   0.13193E-03
    R2_GGAAup =   0.00000E+00   0.52771E-03
         GC_4 =  -0.12177E+01   0.00000E+00
         GC_5 =   0.00000E+00   0.12177E+01
       R2_GQQ =  -0.00000E+00  -0.30492E-01
       R2_QQq =   0.00000E+00   0.12520E-01
 UV_GQQg_1eps =   0.00000E+00  -0.62890E-01
 UV_GQQq_1eps =   0.00000E+00   0.38115E-02
 UVWfct_G_2_1eps -0.31300E-02   0.00000E+00
         GC_1 =  -0.00000E+00  -0.10265E+00
         GC_2 =   0.00000E+00   0.20530E+00
        GC_21 =  -0.00000E+00  -0.28804E+00
        GC_22 =   0.00000E+00   0.28804E+00
        GC_23 =  -0.00000E+00  -0.27437E-01
        GC_24 =   0.00000E+00   0.82310E-01
        GC_37 =  -0.00000E+00  -0.70263E+00
        GC_38 =  -0.00000E+00  -0.72172E-02
      GC_1003 =  -0.00000E+00  -0.30795E+00

 Collider parameters:
 --------------------

 Running at P P   machine @    13000.000000000000       GeV
 PDF set = lhapdf 
 alpha_s(Mz)= 0.1180 running at 3 loops.
 alpha_s(Mz)= 0.1180 running at 3 loops.
 Renormalization scale set on event-by-event basis
 Factorization   scale set on event-by-event basis


 ===============================================================
 INFO: MadFKS read these parameters from FKS_params.dat
 ===============================================================
  > IRPoleCheckThreshold      =    1.0000000000000001E-005
  > PrecisionVirtualAtRunTime =    1.0000000000000000E-003
  > NHelForMCoverHels         =            4
  > VirtualFraction           =    1.0000000000000000     
  > MinVirtualFraction        =    5.0000000000000001E-003
 ===============================================================
  Insert the number of points to test
 Insert the relative tolerance
  A negative number will mean use the default one:    1.0000000000000001E-005
Using random seed offsets:     1 ,     10 ,      0
  with seed                   32
 Ranmar initialization seeds       10730        9416
  ========================================================================================== 
 {                                                                                          }
 {       [32m                                                                            [0m       }
 {       [32m                               ,,                                           [0m       }
 {       [32m`7MMM.     ,MMF'             `7MM  `7MMF'                                   [0m       }
 {       [32m  MMMb    dPMM                 MM    MM                                     [0m       }
 {       [32m  M YM   ,M MM   ,6"Yb.   ,M""bMM    MM         ,pW"Wq.   ,pW"Wq.`7MMpdMAo. [0m       }
 {       [32m  M  Mb  M' MM  8)   MM ,AP    MM    MM        6W'   `Wb 6W'   `Wb MM   `Wb [0m       }
 {       [32m  M  YM.P'  MM   ,pm9MM 8MI    MM    MM      , 8M     M8 8M     M8 MM    M8 [0m       }
 {       [32m  M  `YM'   MM  8M   MM `Mb    MM    MM     ,M YA.   ,A9 YA.   ,A9 MM   ,AP [0m       }
 {       [32m.JML. `'  .JMML.`Moo9^Yo.`Wbmd"MML..JMMmmmmMMM  `Ybmd9'   `Ybmd9'  MMbmmd'  [0m       }
 {       [32m                                                                   MM       [0m       }
 {       [32m                                                                 .JMML.     [0m       }
 {       [32m[0mv2.6.0 (2017-08-16), Ref: arXiv:1103.0621v2, arXiv:1405.0301[32m                [0m       }
 {       [32m                                                                            [0m       }
 {                                                                                          }
  ========================================================================================== 
 ===============================================================
 INFO: MadLoop read these parameters from ./MadLoop5_resources/MadLoopParams.dat                                                                                                                                                                                                                                                                                                                                                                                                                                                                                          
 ===============================================================
  > MLReductionLib            = 6|7|1
  > CTModeRun                 =           -1
  > MLStabThres               =    1.0000000000000000E-003
  > NRotations_DP             =            0
  > NRotations_QP             =            0
  > CTStabThres               =    1.0000000000000000E-002
  > CTLoopLibrary             =            2
  > CTModeInit                =            1
  > CheckCycle                =            3
  > MaxAttempts               =           10
  > UseLoopFilter             =  F
  > HelicityFilterLevel       =            2
  > ImprovePSPoint            =            2
  > DoubleCheckHelicityFilter =  T
  > LoopInitStartOver         =  F
  > HelInitStartOver          =  F
  > ZeroThres                 =    1.0000000000000001E-009
  > OSThres                   =    1.0000000000000000E-008
  > WriteOutFilters           =  T
  > UseQPIntegrandForNinja    =  T
  > UseQPIntegrandForCutTools =  T
  > IREGIMODE                 =            2
  > IREGIRECY                 =  T
  > COLLIERMode               =            1
  > COLLIERRequiredAccuracy   =    1.0000000000000000E-008
  > COLLIERCanOutput          =  F
  > COLLIERComputeUVpoles     =  T
  > COLLIERComputeIRpoles     =  T
  > COLLIERGlobalCache        =           -1
  > COLLIERUseCacheForPoles   =  F
  > COLLIERUseInternalStabilityTest =  T
 ===============================================================
  
------------------------------------------------------------------------
|              You are using CutTools - Version 1.9.3                  |
|              Authors: G. Ossola, C. Papadopoulos, R. Pittau          |
|              Published in JHEP 0803:042,2008                         |
|              http://www.ugr.es/~pittau/CutTools                      |
|                                                                      |
|              Compiler with  34  significant digits detetected        |
 ---------------------------------------------------------------------- 
   
########################################################################
#                                                                      #
#                      You are using OneLOop-3.6                       #
#                                                                      #
# for the evaluation of 1-loop scalar 1-, 2-, 3- and 4-point functions #
#                                                                      #
# author: Andreas van Hameren <hamerenREMOVETHIS@ifj.edu.pl>           #
#   date: 18-02-2015                                                   #
#                                                                      #
# Please cite                                                          #
#    A. van Hameren,                                                   #
#      Comput.Phys.Commun. 182 (2011) 2427-2438, arXiv:1007.4716       #
#    A. van Hameren, C.G. Papadopoulos and R. Pittau,                  #
#      JHEP 0909:106,2009, arXiv:0903.4665                             #
# in publications with results obtained with the help of this program. #
#                                                                      #
########################################################################
 PASSED   1.0000000000000001E-005
 MU_R    =    325.00000000000000     
 ALPHA_S =   0.11799999999999999     
 BORN                    4.3784521203894365E-013
 SINGLE POLE (MadFKS)   -2.0412038675546799E-014
 DOUBLE POLE (MadFKS)   -4.6596190329688180E-014
 SINGLE POLE (MadLoop)  -2.0412038675546073E-014
 DOUBLE POLE (MadLoop)  -4.6596190329687196E-014
 FINITE PART (MadLoop)   6.8201847950130483E-014
   325.00000000000000        0.0000000000000000        0.0000000000000000        325.00000000000000        0.0000000000000000     
   325.00000000000000        0.0000000000000000        0.0000000000000000       -325.00000000000000        0.0000000000000000     
   146.62367607410985       -92.878168987737922        96.849296800945865       -59.069485279059109        1.7769999999999999     
   222.09598478737942        169.52221308434613        133.92247366235426        51.482609188127427        1.7769999999999999     
   75.886752932661622        24.622904611108918       -56.014296088767054        44.887754152496818        0.0000000000000000     
   205.39358620585196       -101.26694870771712       -174.75747437453307       -37.300878061565122        0.0000000000000000     

 PASSED   1.0000000000000001E-005
 MU_R    =    325.00000000000000     
 ALPHA_S =   0.11799999999999999     
 BORN                    3.0397934077832406E-011
 SINGLE POLE (MadFKS)   -1.2420074844122362E-012
 DOUBLE POLE (MadFKS)   -3.2349969417822721E-012
 SINGLE POLE (MadLoop)  -1.2420074844140725E-012
 DOUBLE POLE (MadLoop)  -3.2349969417822665E-012
 FINITE PART (MadLoop)   4.9939491830723357E-012
   325.00000000000000        0.0000000000000000        0.0000000000000000        325.00000000000000        0.0000000000000000     
   325.00000000000000        0.0000000000000000        0.0000000000000000       -325.00000000000000        0.0000000000000000     
   73.411458206660299        28.801204372400015       -36.113000821130115       -57.030047040314912        1.7769999999999999     
   242.41668055165582        142.18842669332057        164.18941126224578        107.64282523474981        1.7769999999999999     
   70.954365834175661        10.584637542054137        61.706517529542722       -33.388518586628081        0.0000000000000000     
   263.21749540750818       -181.57426860777468       -189.78292797065839       -17.224259607806786        0.0000000000000000     

 PASSED   1.0000000000000001E-005
 MU_R    =    325.00000000000000     
 ALPHA_S =   0.11799999999999999     
 BORN                    5.1937756352643118E-012
 SINGLE POLE (MadFKS)   -2.8775353319645507E-013
 DOUBLE POLE (MadFKS)   -5.5272994057303451E-013
 SINGLE POLE (MadLoop)  -2.8775353319623196E-013
 DOUBLE POLE (MadLoop)  -5.5272994057303835E-013
 FINITE PART (MadLoop)   7.0390454585727498E-013
   325.00000000000000        0.0000000000000000        0.0000000000000000        325.00000000000000        0.0000000000000000     
   325.00000000000000        0.0000000000000000        0.0000000000000000       -325.00000000000000        0.0000000000000000     
   129.67932107749564        127.31889540254561        23.443120363419180        7.3408151606012817        1.7769999999999999     
   70.210430524693820       -40.647153974062903       -56.767463183024240       -7.1840673045058470        1.7769999999999999     
   194.52438299558185        36.672488443054100       -187.78959087923667       -35.070411012914860        0.0000000000000000     
   255.58586540222865       -123.34422987153675        221.11393369884175        34.913663156819432        0.0000000000000000     

 PASSED   1.0000000000000001E-005
 MU_R    =    325.00000000000000     
 ALPHA_S =   0.11799999999999999     
 BORN                    9.8065919345226721E-012
 SINGLE POLE (MadFKS)   -1.0763210256693293E-012
 DOUBLE POLE (MadFKS)   -1.0436332560054592E-012
 SINGLE POLE (MadLoop)  -1.0763210256693856E-012
 DOUBLE POLE (MadLoop)  -1.0436332560054319E-012
 FINITE PART (MadLoop)   6.4512077957130079E-013
   325.00000000000000        0.0000000000000000        0.0000000000000000        325.00000000000000        0.0000000000000000     
   325.00000000000000        0.0000000000000000        0.0000000000000000       -325.00000000000000        0.0000000000000000     
   197.17834922620719        196.22338492664235        9.7882869862894797       -16.634792465699711        1.7769999999999999     
   158.92250879507623       -133.00744844846011        75.478585517141653       -43.188052263129798        1.7769999999999999     
   108.74654036665062        87.625405588840565       -49.360686346430668       -41.365698114694723        0.0000000000000000     
   185.15260161206885       -150.84134206702274       -35.906186157000491        101.18854284352419        0.0000000000000000     

 PASSED   1.0000000000000001E-005
 MU_R    =    325.00000000000000     
 ALPHA_S =   0.11799999999999999     
 BORN                    7.7646630287120996E-009
 SINGLE POLE (MadFKS)   -4.6632546971104654E-010
 DOUBLE POLE (MadFKS)   -8.2632790397987005E-010
 SINGLE POLE (MadLoop)  -4.6632546971140316E-010
 DOUBLE POLE (MadLoop)  -8.2632790397995432E-010
 FINITE PART (MadLoop)   2.7897719982299611E-010
   325.00000000000000        0.0000000000000000        0.0000000000000000        325.00000000000000        0.0000000000000000     
   325.00000000000000        0.0000000000000000        0.0000000000000000       -325.00000000000000        0.0000000000000000     
   128.54958393317816       -64.456027702572101       -109.42793184945535        19.818830044919959        1.7769999999999999     
   194.75525436880815        12.083136283321920       -187.44653365218380        51.422234632487111        1.7769999999999999     
   129.28256178430837        1.3686106857521239        106.18086726239865       -73.740973099825766        0.0000000000000000     
   197.41259991371075        51.004280733498064        190.69359823924043        2.4999084224185730        0.0000000000000000     

 PASSED   1.0000000000000001E-005
 MU_R    =    325.00000000000000     
 ALPHA_S =   0.11799999999999999     
 BORN                    1.4393050166946567E-011
 SINGLE POLE (MadFKS)   -3.0034017583902478E-012
 DOUBLE POLE (MadFKS)   -1.5317315036532620E-012
 SINGLE POLE (MadLoop)  -3.0034017583900781E-012
 DOUBLE POLE (MadLoop)  -1.5317315036532426E-012
 FINITE PART (MadLoop)   3.2145001652111713E-013
   325.00000000000000        0.0000000000000000        0.0000000000000000        325.00000000000000        0.0000000000000000     
   325.00000000000000        0.0000000000000000        0.0000000000000000       -325.00000000000000        0.0000000000000000     
   216.00427134706811        1.5752346681202558       -127.46315149645363       -174.37130256298008        1.7769999999999999     
   179.98888186496748       -136.25620148480829        117.45394089461689        5.6266500918744828        1.7769999999999999     
   216.19110864676017        161.91506637819253        4.0312457169431122        143.19865849801269        0.0000000000000000     
   37.815738141205770       -27.234099561504291        5.9779648848935860        25.545993973092862        0.0000000000000000     

 PASSED   1.0000000000000001E-005
 MU_R    =    325.00000000000000     
 ALPHA_S =   0.11799999999999999     
 BORN                    2.8223832706708160E-011
 SINGLE POLE (MadFKS)   -1.3394313664091753E-012
 DOUBLE POLE (MadFKS)   -3.0036255838240833E-012
 SINGLE POLE (MadLoop)  -1.3394313664197872E-012
 DOUBLE POLE (MadLoop)  -3.0036255838237974E-012
 FINITE PART (MadLoop)   3.7835567844993254E-012
   325.00000000000000        0.0000000000000000        0.0000000000000000        325.00000000000000        0.0000000000000000     
   325.00000000000000        0.0000000000000000        0.0000000000000000       -325.00000000000000        0.0000000000000000     
   216.89698286580554        186.95859117855957       -74.562113707086425       -80.796781070468967        1.7769999999999999     
   86.774323021399113        72.645851672266190       -47.400223031437058       -1.5570800246749650        1.7769999999999999     
   49.048572584570643       -2.8933900496578016       -22.787796143873873        43.337133194405951        0.0000000000000000     
   297.28012152822481       -256.71105280116802        144.75013288239737        39.016727900737997        0.0000000000000000     

 PASSED   1.0000000000000001E-005
 MU_R    =    325.00000000000000     
 ALPHA_S =   0.11799999999999999     
 BORN                    2.6167068205094504E-011
 SINGLE POLE (MadFKS)   -1.8614240475899643E-012
 DOUBLE POLE (MadFKS)   -2.7847414038778337E-012
 SINGLE POLE (MadLoop)  -1.8614240475532210E-012
 DOUBLE POLE (MadLoop)  -2.7847414038778212E-012
 FINITE PART (MadLoop)   6.5272839087960347E-013
   325.00000000000000        0.0000000000000000        0.0000000000000000        325.00000000000000        0.0000000000000000     
   325.00000000000000        0.0000000000000000        0.0000000000000000       -325.00000000000000        0.0000000000000000     
   119.47786247903647        99.641623374350345        63.993187795587346       -15.755021442142239        1.7769999999999999     
   102.43618674448602        16.581485905644612        64.535242695310231       -77.783490543749281        1.7769999999999999     
   311.22246221827800       -201.20666009272753       -203.22947908948282        122.77247147693384        0.0000000000000000     
   116.86348855819946        84.983550812732602        74.701048598585373       -29.233959491042281        0.0000000000000000     

 PASSED   1.0000000000000001E-005
 MU_R    =    325.00000000000000     
 ALPHA_S =   0.11799999999999999     
 BORN                    2.0523199142346868E-011
 SINGLE POLE (MadFKS)   -2.9838239620427662E-012
 DOUBLE POLE (MadFKS)   -2.1841117982256947E-012
 SINGLE POLE (MadLoop)  -2.9838239620419717E-012
 DOUBLE POLE (MadLoop)  -2.1841117982253332E-012
 FINITE PART (MadLoop)   2.5449625165686316E-012
   325.00000000000000        0.0000000000000000        0.0000000000000000        325.00000000000000        0.0000000000000000     
   325.00000000000000        0.0000000000000000        0.0000000000000000       -325.00000000000000        0.0000000000000000     
   211.92646516179369       -119.74749280893356       -45.011005667562273       -168.95033661328415        1.7769999999999999     
   180.49890383130034        163.40428035146314        32.373408559746288        69.481653235549828        1.7769999999999999     
   114.17559520866500       -75.777549281774455       -85.403824763614352      -0.12760034100971546        0.0000000000000000     
   143.39903579824264        32.120761739244813        98.041421871430359        99.596283718744033        0.0000000000000000     

 PASSED   1.0000000000000001E-005
 MU_R    =    325.00000000000000     
 ALPHA_S =   0.11799999999999999     
 BORN                    9.7883433095098154E-012
 SINGLE POLE (MadFKS)   -7.1490863806151554E-013
 DOUBLE POLE (MadFKS)   -1.0416912080374239E-012
 SINGLE POLE (MadLoop)  -7.1490863802848991E-013
 DOUBLE POLE (MadLoop)  -1.0416912080373960E-012
 FINITE PART (MadLoop)   9.8713344202697958E-013
   325.00000000000000        0.0000000000000000        0.0000000000000000        325.00000000000000        0.0000000000000000     
   325.00000000000000        0.0000000000000000        0.0000000000000000       -325.00000000000000        0.0000000000000000     
   149.53530414230443       -16.069749860785361       -133.70194219059732       -64.986177374926811        1.7769999999999999     
   184.32600113409379        167.11097894339483        47.853459469520814        61.293426225535320        1.7769999999999999     
   124.75698517660848       -81.663875575215414       -89.154616465615888       -30.769646394802404        0.0000000000000000     
   191.38170954699740       -69.377353507394091        175.00309918669237        34.462397544193884        0.0000000000000000     

 PASSED   1.0000000000000001E-005
 MU_R    =    325.00000000000000     
 ALPHA_S =   0.11799999999999999     
 BORN                    3.6980997644609196E-010
 SINGLE POLE (MadFKS)   -7.2097728987732126E-011
 DOUBLE POLE (MadFKS)   -3.9355771342240797E-011
 SINGLE POLE (MadLoop)  -7.2097728987706858E-011
 DOUBLE POLE (MadLoop)  -3.9355771342241095E-011
 FINITE PART (MadLoop)   6.1006207567106826E-011
   325.00000000000000        0.0000000000000000        0.0000000000000000        325.00000000000000        0.0000000000000000     
   325.00000000000000        0.0000000000000000        0.0000000000000000       -325.00000000000000        0.0000000000000000     
   94.716257519778495       -47.067140347728348        27.717136566030462       -77.359268026657617        1.7769999999999999     
   71.220957698075665        51.541075643414516       -24.301317834504793       -42.687592570409564        1.7769999999999999     
   187.03773507323595        93.905018044930046        38.994554591090790       -156.98530708174502        0.0000000000000000     
   297.02504970890988       -98.378953340616263       -42.410373322616415        277.03216767881224        0.0000000000000000     

 PASSED   1.0000000000000001E-005
 MU_R    =    325.00000000000000     
 ALPHA_S =   0.11799999999999999     
 BORN                    2.7767823364614091E-011
 SINGLE POLE (MadFKS)   -1.2700209354320257E-012
 DOUBLE POLE (MadFKS)   -2.9550963376153999E-012
 SINGLE POLE (MadLoop)  -1.2700209354392552E-012
 DOUBLE POLE (MadLoop)  -2.9550963376149883E-012
 FINITE PART (MadLoop)  -3.9672579573890209E-012
   325.00000000000000        0.0000000000000000        0.0000000000000000        325.00000000000000        0.0000000000000000     
   325.00000000000000        0.0000000000000000        0.0000000000000000       -325.00000000000000        0.0000000000000000     
   38.861108872070467        37.986850770816275       -7.9026089464401297        1.2553860451243890        1.7769999999999999     
   316.37626896858563       -221.23332972903515       -17.609828799034140        225.46949590611052        1.7769999999999999     
   195.56538961478063        134.45895972976666        20.742361123896199       -140.48617091577327        0.0000000000000000     
   99.197232544563349        48.787519228452290        4.7700766215780686       -86.238711035461620        0.0000000000000000     

 PASSED   1.0000000000000001E-005
 MU_R    =    325.00000000000000     
 ALPHA_S =   0.11799999999999999     
 BORN                    8.8442175116134268E-013
 SINGLE POLE (MadFKS)   -1.2428463145491846E-014
 DOUBLE POLE (MadFKS)   -9.4121582503829228E-014
 SINGLE POLE (MadLoop)  -1.2428463146461581E-014
 DOUBLE POLE (MadLoop)  -9.4121582503827928E-014
 FINITE PART (MadLoop)   2.1104525748455157E-013
   325.00000000000000        0.0000000000000000        0.0000000000000000        325.00000000000000        0.0000000000000000     
   325.00000000000000        0.0000000000000000        0.0000000000000000       -325.00000000000000        0.0000000000000000     
   97.839246876177612       -77.044549232579470       -59.368575253690516       -10.434088661361596        1.7769999999999999     
   192.29893732952831        17.640058987515911        123.97853110644073        145.92421222220852        1.7769999999999999     
   167.83131846518035        158.74028495680994       -46.811514276128626        27.884682547365973        0.0000000000000000     
   192.03049732911370       -99.335794711746360       -17.798441576621581       -163.37480610821282        0.0000000000000000     

 PASSED   1.0000000000000001E-005
 MU_R    =    325.00000000000000     
 ALPHA_S =   0.11799999999999999     
 BORN                    7.4166861334290716E-011
 SINGLE POLE (MadFKS)   -4.2279123577408423E-012
 DOUBLE POLE (MadFKS)   -7.8929564418322816E-012
 SINGLE POLE (MadLoop)  -4.2279123577505317E-012
 DOUBLE POLE (MadLoop)  -7.8929564418323737E-012
 FINITE PART (MadLoop)   1.1981637055141584E-011
   325.00000000000000        0.0000000000000000        0.0000000000000000        325.00000000000000        0.0000000000000000     
   325.00000000000000        0.0000000000000000        0.0000000000000000       -325.00000000000000        0.0000000000000000     
   53.645191037536463       -41.808406428971999       -10.643990735422758       -31.834123288507705        1.7769999999999999     
   210.49197820783465       -61.511846773178625        200.95283195655267       -11.745943812313453        1.7769999999999999     
   97.512044577474541       -93.782273701357568        8.5690067879334730       -25.299330025741551        0.0000000000000000     
   288.35078617715442        197.10252690350822       -198.87784800906334        68.879397126562765        0.0000000000000000     

 PASSED   1.0000000000000001E-005
 MU_R    =    325.00000000000000     
 ALPHA_S =   0.11799999999999999     
 BORN                    5.9898080764947199E-011
 SINGLE POLE (MadFKS)   -3.6701818749633822E-012
 DOUBLE POLE (MadFKS)   -6.3744499082435322E-012
 SINGLE POLE (MadLoop)  -3.6701818749636940E-012
 DOUBLE POLE (MadLoop)  -6.3744499082433683E-012
 FINITE PART (MadLoop)   9.6328013246562538E-012
   325.00000000000000        0.0000000000000000        0.0000000000000000        325.00000000000000        0.0000000000000000     
   325.00000000000000        0.0000000000000000        0.0000000000000000       -325.00000000000000        0.0000000000000000     
   179.30823113914019       -139.87743167097580       -106.43221191105833        35.422766719983599        1.7769999999999999     
   63.164792130672367       -60.800352696681081        9.0605078377004293        14.417265538000056        1.7769999999999999     
   148.40877620020166        36.836587500713641       -94.716691303293260       -108.15257307665152        0.0000000000000000     
   259.11820052998576        163.84119686694322        192.08839537665119        58.312540818667827        0.0000000000000000     

 PASSED   1.0000000000000001E-005
 MU_R    =    325.00000000000000     
 ALPHA_S =   0.11799999999999999     
 BORN                    2.8303019163316852E-012
 SINGLE POLE (MadFKS)   -1.3244814335156215E-013
 DOUBLE POLE (MadFKS)   -3.0120527336528773E-013
 SINGLE POLE (MadLoop)  -1.3244814335066177E-013
 DOUBLE POLE (MadLoop)  -3.0120527336528147E-013
 FINITE PART (MadLoop)   3.9859660911778793E-013
   325.00000000000000        0.0000000000000000        0.0000000000000000        325.00000000000000        0.0000000000000000     
   325.00000000000000        0.0000000000000000        0.0000000000000000       -325.00000000000000        0.0000000000000000     
   213.04521259369443       -40.831458342707428       -168.71592974111581       -123.50235601514291        1.7769999999999999     
   138.55507030724959        44.363382635363941       -66.199472176069690        113.33079874246430        1.7769999999999999     
   103.37322785956339        66.083801501362828        58.139825803187094        54.209925962029764        0.0000000000000000     
   195.02648923949627       -69.615725794019340        176.77557611399840       -44.038368689351167        0.0000000000000000     

 PASSED   1.0000000000000001E-005
 MU_R    =    325.00000000000000     
 ALPHA_S =   0.11799999999999999     
 BORN                    3.2378489535674613E-012
 SINGLE POLE (MadFKS)   -9.3396677275940942E-014
 DOUBLE POLE (MadFKS)   -3.4457708329534514E-013
 SINGLE POLE (MadLoop)  -9.3396677275369705E-014
 DOUBLE POLE (MadLoop)  -3.4457708329534039E-013
Thanks for using LHAPDF 6.2.1. Please make sure to cite the paper:
  Eur.Phys.J. C75 (2015) 3, 132  (http://arxiv.org/abs/1412.7420)
 FINITE PART (MadLoop)   2.0903552889609634E-013
   325.00000000000000        0.0000000000000000        0.0000000000000000        325.00000000000000        0.0000000000000000     
   325.00000000000000        0.0000000000000000        0.0000000000000000       -325.00000000000000        0.0000000000000000     
   64.404214041250270        50.544224071307859        17.723138858372380       -35.719977873837728        1.7769999999999999     
   120.80268042653694       -79.137747672490036        78.110829150999720       -47.180982735681148        1.7769999999999999     
   215.16567521176495       -5.8514896662451381        137.12712205737847        165.70510026635085        0.0000000000000000     
   249.62743032044790        34.445013267427285       -232.96109006675050       -82.804139656831978        0.0000000000000000     

 PASSED   1.0000000000000001E-005
 MU_R    =    325.00000000000000     
 ALPHA_S =   0.11799999999999999     
 BORN                    5.7219961897756348E-011
 SINGLE POLE (MadFKS)   -1.3109011569696461E-011
 DOUBLE POLE (MadFKS)   -6.0894401992643352E-012
 SINGLE POLE (MadLoop)  -1.3109011569694584E-011
 DOUBLE POLE (MadLoop)  -6.0894401992643021E-012
 FINITE PART (MadLoop)  -8.4297004301350251E-013
   325.00000000000000        0.0000000000000000        0.0000000000000000        325.00000000000000        0.0000000000000000     
   325.00000000000000        0.0000000000000000        0.0000000000000000       -325.00000000000000        0.0000000000000000     
   301.55838110850704        127.26875228945630       -53.746918241570704       -268.04520692973136        1.7769999999999999     
   161.06807877404603       -113.31554987502625        61.145386734638699        96.750173687462748        1.7769999999999999     
   104.78499923903867       -20.674173791008947        30.341797597578928        98.141988578447169        0.0000000000000000     
   82.588540878409290        6.7209713765789809       -37.740266090646934        73.153044663821476        0.0000000000000000     

 PASSED   1.0000000000000001E-005
 MU_R    =    325.00000000000000     
 ALPHA_S =   0.11799999999999999     
 BORN                    5.4613993270427292E-011
 SINGLE POLE (MadFKS)   -6.6715763284431006E-012
 DOUBLE POLE (MadFKS)   -5.8121088346326254E-012
 SINGLE POLE (MadLoop)  -6.6715763283840145E-012
 DOUBLE POLE (MadLoop)  -5.8121088346325559E-012
 FINITE PART (MadLoop)   4.9326398770897109E-012
   325.00000000000000        0.0000000000000000        0.0000000000000000        325.00000000000000        0.0000000000000000     
   325.00000000000000        0.0000000000000000        0.0000000000000000       -325.00000000000000        0.0000000000000000     
   115.93317523421322       -92.407322811018631        46.534910782041585       -52.275540746073702        1.7769999999999999     
   96.781640980651176        3.5123226422375584        13.520562269952094       -95.751690781253814        1.7769999999999999     
   191.36762487756909        163.85020014811005        94.947789729432841       -27.560787147715487        0.0000000000000000     
   245.91755890756642       -74.955199979329009       -155.00326278142649        175.58801867504300        0.0000000000000000     

 PASSED   1.0000000000000001E-005
 MU_R    =    325.00000000000000     
 ALPHA_S =   0.11799999999999999     
 BORN                    2.2407811989510525E-012
 SINGLE POLE (MadFKS)   -1.5010091435156755E-013
 DOUBLE POLE (MadFKS)   -2.3846753227536335E-013
 SINGLE POLE (MadLoop)  -1.5010091435153127E-013
 DOUBLE POLE (MadLoop)  -2.3846753227535972E-013
 FINITE PART (MadLoop)   2.1389560430485678E-013
   325.00000000000000        0.0000000000000000        0.0000000000000000        325.00000000000000        0.0000000000000000     
   325.00000000000000        0.0000000000000000        0.0000000000000000       -325.00000000000000        0.0000000000000000     
   110.12259210217233       -95.115257908765699        4.0140098773809010       -55.324524398811548        1.7769999999999999     
   260.23800393496219        15.804749304066599       -193.62854639975330        173.14403507371435        1.7769999999999999     
   189.60522881963948        7.3998428026594087        177.99673171410123       -64.904149492479050        0.0000000000000000     
   90.034175143231522        71.910665802039702        11.617804808271233       -52.915361182423787        0.0000000000000000     

 NUMBER OF POINTS PASSING THE CHECK          20
 NUMBER OF POINTS FAILING THE CHECK           0
 TOLERANCE    1.0000000000000001E-005
