==== LHAPDF6 USING DEFAULT-TYPE LHAGLUE INTERFACE ====
LHAPDF 6.2.1 loading /cvmfs/cms.cern.ch/slc6_amd64_gcc481/external/lhapdf/6.2.1/share/LHAPDF/NNPDF31_nnlo_as_0118_nf_4/NNPDF31_nnlo_as_0118_nf_4_0000.dat
NNPDF31_nnlo_as_0118_nf_4 PDF set, member #0, version 1; LHAPDF ID = 320900
 A PDF is used, so alpha_s(MZ) is going to be modified
 Old value of alpha_s from param_card:   0.11799999999999999     
 New value of alpha_s from PDF lhapdf :  0.11800240511781991     
 using LHAPDF
WARNING: the value of maxjetflavorspecified in the run_card (  4) is inconsistent with the number of light flavours inthe model. Hence it will be set to:  5
 *****************************************************
 *               MadGraph/MadEvent                   *
 *        --------------------------------           *
 *          http://madgraph.hep.uiuc.edu             *
 *          http://madgraph.phys.ucl.ac.be           *
 *          http://madgraph.roma2.infn.it            *
 *        --------------------------------           *
 *                                                   *
 *          PARAMETER AND COUPLING VALUES            *
 *                                                   *
 *****************************************************

  External Params
  ---------------------------------
  
 MU_R =    91.188000000000002     
 aEWM1 =    132.50700000000001     
 mdl_Gf =    1.1663900000000000E-005
 aS =   0.11799999999999999     
 mdl_ymt =    173.00000000000000     
 mdl_ymtau =    1.7769999999999999     
 mdl_MT =    173.00000000000000     
 mdl_MZ =    91.188000000000002     
 mdl_MH =    125.00000000000000     
 mdl_MTA =    1.7769999999999999     
 mdl_WT =    1.4915000000000000     
 mdl_WZ =    2.4414039999999999     
 mdl_WW =    2.0476000000000001     
 mdl_WH =    6.3823389999999999E-003
  Internal Params
  ---------------------------------
  
 mdl_conjg__CKM3x3 =    1.0000000000000000     
 mdl_CKM22 =    1.0000000000000000     
 mdl_I4x33 =    0.0000000000000000     
 mdl_I1x33 =    0.0000000000000000     
 mdl_lhv =    1.0000000000000000     
 mdl_CKM3x3 =    1.0000000000000000     
 mdl_conjg__CKM22 =    1.0000000000000000     
 mdl_conjg__CKM33 =    1.0000000000000000     
 mdl_Ncol =    3.0000000000000000     
 mdl_CA =    3.0000000000000000     
 mdl_TF =   0.50000000000000000     
 mdl_CF =    1.3333333333333333     
 mdl_complexi =  (  0.0000000000000000     ,  1.0000000000000000     )
 mdl_MZ__exp__2 =    8315.2513440000002     
 mdl_MZ__exp__4 =    69143404.913893804     
 mdl_sqrt__2 =    1.4142135623730951     
 mdl_MH__exp__2 =    15625.000000000000     
 mdl_Ncol__exp__2 =    9.0000000000000000     
 mdl_MT__exp__2 =    29929.000000000000     
 mdl_aEW =    7.5467711139788835E-003
 mdl_MW =    80.419002445756163     
 mdl_sqrt__aEW =    8.6872153846781555E-002
 mdl_ee =   0.30795376724436879     
 mdl_MW__exp__2 =    6467.2159543705357     
 mdl_sw2 =   0.22224648578577766     
 mdl_cw =   0.88190334743339216     
 mdl_sqrt__sw2 =   0.47143025548407230     
 mdl_sw =   0.47143025548407230     
 mdl_g1 =   0.34919219678733299     
 mdl_gw =   0.65323293034757990     
 mdl_v =    246.21845810181637     
 mdl_v__exp__2 =    60623.529110035903     
 mdl_lam =   0.12886910601690263     
 mdl_yt =   0.99366614581500623     
 mdl_ytau =    1.0206617000654717E-002
 mdl_muH =    88.388347648318430     
 mdl_AxialZUp =  -0.18517701861793787     
 mdl_AxialZDown =   0.18517701861793787     
 mdl_VectorZUp =    7.5430507588273299E-002
 mdl_VectorZDown =  -0.13030376310310560     
 mdl_VectorAUp =   0.20530251149624587     
 mdl_VectorADown =  -0.10265125574812294     
 mdl_VectorWmDxU =   0.23095271737156670     
 mdl_AxialWmDxU =  -0.23095271737156670     
 mdl_VectorWpUxD =   0.23095271737156670     
 mdl_AxialWpUxD =  -0.23095271737156670     
 mdl_I2x33 =  ( 0.99366614581500623     ,  0.0000000000000000     )
 mdl_I3x33 =  ( 0.99366614581500623     ,  0.0000000000000000     )
 mdl_Vector_tbGp =  (-0.99366614581500623     ,  0.0000000000000000     )
 mdl_Axial_tbGp =  (-0.99366614581500623     , -0.0000000000000000     )
 mdl_Vector_tbGm =  ( 0.99366614581500623     ,  0.0000000000000000     )
 mdl_Axial_tbGm =  (-0.99366614581500623     ,  0.0000000000000000     )
 mdl_gw__exp__2 =   0.42671326129048615     
 mdl_cw__exp__2 =   0.77775351421422245     
 mdl_ee__exp__2 =    9.4835522759998875E-002
 mdl_sw__exp__2 =   0.22224648578577769     
 mdl_yt__exp__2 =   0.98737240933884918     
  Internal Params evaluated point by point
  ----------------------------------------
  
 mdl_sqrt__aS =   0.34351128074635334     
 mdl_G__exp__4 =    2.1987899468922913     
 mdl_G__exp__2 =    1.4828317324943823     
 mdl_R2MixedFactor_FIN_ =   -2.5040377713124864E-002
 mdl_G_UVg_1EPS_ =   -5.1645779033320030E-002
 mdl_G_UVq_1EPS_ =    3.1300472141406080E-003
 mdl_GWcft_UV_t_1EPS_ =   -3.1300472141406080E-003
 mdl_tWcft_UV_1EPS_ =   -1.8780283284843650E-002
 mdl_G__exp__3 =    1.8056676068262196     
 mdl_MU_R__exp__2 =    8315.2513440000002     
 mdl_G_UVt_FIN_ =   -4.0087659331150384E-003
 mdl_GWcft_UV_t_FIN_ =    4.0087659331150384E-003
 mdl_tWcft_UV_FIN_ =   -9.8778211443463623E-004
  Couplings of loop_sm-no_b_mass
  ---------------------------------
  
      UV_GQQt =   0.00000E+00  -0.48815E-02
   UVWfct_G_2 =   0.40088E-02   0.00000E+00
       R2_DDA =   0.00000E+00   0.25704E-02
       R2_UUA =  -0.00000E+00  -0.51409E-02
    R2_DDZ_V2 =   0.00000E+00   0.72127E-02
    R2_UUZ_V2 =  -0.00000E+00  -0.72127E-02
    R2_UUZ_V5 =   0.00000E+00   0.68702E-03
      R2_GGHt =   0.00000E+00  -0.45657E+01
     R2_GGZup =  -0.46369E-02   0.00000E+00
   R2_GGZdown =   0.46369E-02   0.00000E+00
    R2_GGZAup =   0.00000E+00   0.19389E-03
  R2_GGZAdown =   0.00000E+00   0.16747E-03
  R2_GGAAdown =   0.00000E+00   0.13193E-03
    R2_GGAAup =   0.00000E+00   0.52771E-03
         GC_4 =  -0.12177E+01   0.00000E+00
         GC_5 =   0.00000E+00   0.12177E+01
       R2_GQQ =  -0.00000E+00  -0.30492E-01
       R2_QQq =   0.00000E+00   0.12520E-01
 UV_GQQg_1eps =   0.00000E+00  -0.62890E-01
 UV_GQQq_1eps =   0.00000E+00   0.38115E-02
 UVWfct_G_2_1eps -0.31300E-02   0.00000E+00
         GC_1 =  -0.00000E+00  -0.10265E+00
         GC_2 =   0.00000E+00   0.20530E+00
        GC_21 =  -0.00000E+00  -0.28804E+00
        GC_22 =   0.00000E+00   0.28804E+00
        GC_23 =  -0.00000E+00  -0.27437E-01
        GC_24 =   0.00000E+00   0.82310E-01
        GC_37 =  -0.00000E+00  -0.70263E+00
        GC_38 =  -0.00000E+00  -0.72172E-02
      GC_1003 =  -0.00000E+00  -0.30795E+00

 Collider parameters:
 --------------------

 Running at P P   machine @    13000.000000000000       GeV
 PDF set = lhapdf 
 alpha_s(Mz)= 0.1180 running at 3 loops.
 alpha_s(Mz)= 0.1180 running at 3 loops.
 Renormalization scale set on event-by-event basis
 Factorization   scale set on event-by-event basis


 ===============================================================
 INFO: MadFKS read these parameters from FKS_params.dat
 ===============================================================
  > IRPoleCheckThreshold      =    1.0000000000000001E-005
  > PrecisionVirtualAtRunTime =    1.0000000000000000E-003
  > NHelForMCoverHels         =            4
  > VirtualFraction           =    1.0000000000000000     
  > MinVirtualFraction        =    5.0000000000000001E-003
 ===============================================================
  Insert the number of points to test
 Insert the relative tolerance
  A negative number will mean use the default one:    1.0000000000000001E-005
Using random seed offsets:     1 ,     25 ,      0
  with seed                   32
 Ranmar initialization seeds       10730        9431
  ========================================================================================== 
 {                                                                                          }
 {       [32m                                                                            [0m       }
 {       [32m                               ,,                                           [0m       }
 {       [32m`7MMM.     ,MMF'             `7MM  `7MMF'                                   [0m       }
 {       [32m  MMMb    dPMM                 MM    MM                                     [0m       }
 {       [32m  M YM   ,M MM   ,6"Yb.   ,M""bMM    MM         ,pW"Wq.   ,pW"Wq.`7MMpdMAo. [0m       }
 {       [32m  M  Mb  M' MM  8)   MM ,AP    MM    MM        6W'   `Wb 6W'   `Wb MM   `Wb [0m       }
 {       [32m  M  YM.P'  MM   ,pm9MM 8MI    MM    MM      , 8M     M8 8M     M8 MM    M8 [0m       }
 {       [32m  M  `YM'   MM  8M   MM `Mb    MM    MM     ,M YA.   ,A9 YA.   ,A9 MM   ,AP [0m       }
 {       [32m.JML. `'  .JMML.`Moo9^Yo.`Wbmd"MML..JMMmmmmMMM  `Ybmd9'   `Ybmd9'  MMbmmd'  [0m       }
 {       [32m                                                                   MM       [0m       }
 {       [32m                                                                 .JMML.     [0m       }
 {       [32m[0mv2.6.1 (2017-12-12), Ref: arXiv:1103.0621v2, arXiv:1405.0301[32m                [0m       }
 {       [32m                                                                            [0m       }
 {                                                                                          }
  ========================================================================================== 
 ===============================================================
 INFO: MadLoop read these parameters from ./MadLoop5_resources/MadLoopParams.dat                                                                                                                                                                                                                                                                                                                                                                                                                                                                                          
 ===============================================================
  > MLReductionLib            = 6|7|1
  > CTModeRun                 =           -1
  > MLStabThres               =    1.0000000000000000E-003
  > NRotations_DP             =            0
  > NRotations_QP             =            0
  > CTStabThres               =    1.0000000000000000E-002
  > CTLoopLibrary             =            2
  > CTModeInit                =            1
  > CheckCycle                =            3
  > MaxAttempts               =           10
  > UseLoopFilter             =  F
  > HelicityFilterLevel       =            2
  > ImprovePSPoint            =            2
  > DoubleCheckHelicityFilter =  T
  > LoopInitStartOver         =  F
  > HelInitStartOver          =  F
  > ZeroThres                 =    1.0000000000000001E-009
  > OSThres                   =    1.0000000000000000E-008
  > WriteOutFilters           =  T
  > UseQPIntegrandForNinja    =  T
  > UseQPIntegrandForCutTools =  T
  > IREGIMODE                 =            2
  > IREGIRECY                 =  T
  > COLLIERMode               =            1
  > COLLIERRequiredAccuracy   =    1.0000000000000000E-008
  > COLLIERCanOutput          =  F
  > COLLIERComputeUVpoles     =  T
  > COLLIERComputeIRpoles     =  T
  > COLLIERGlobalCache        =           -1
  > COLLIERUseCacheForPoles   =  F
  > COLLIERUseInternalStabilityTest =  T
 ===============================================================
  
------------------------------------------------------------------------
|              You are using CutTools - Version 1.9.3                  |
|              Authors: G. Ossola, C. Papadopoulos, R. Pittau          |
|              Published in JHEP 0803:042,2008                         |
|              http://www.ugr.es/~pittau/CutTools                      |
|                                                                      |
|              Compiler with  34  significant digits detetected        |
 ---------------------------------------------------------------------- 
   
########################################################################
#                                                                      #
#                      You are using OneLOop-3.6                       #
#                                                                      #
# for the evaluation of 1-loop scalar 1-, 2-, 3- and 4-point functions #
#                                                                      #
# author: Andreas van Hameren <hamerenREMOVETHIS@ifj.edu.pl>           #
#   date: 18-02-2015                                                   #
#                                                                      #
# Please cite                                                          #
#    A. van Hameren,                                                   #
#      Comput.Phys.Commun. 182 (2011) 2427-2438, arXiv:1007.4716       #
#    A. van Hameren, C.G. Papadopoulos and R. Pittau,                  #
#      JHEP 0909:106,2009, arXiv:0903.4665                             #
# in publications with results obtained with the help of this program. #
#                                                                      #
########################################################################
 PASSED   1.0000000000000001E-005
 MU_R    =    325.00000000000000     
 ALPHA_S =   0.11799999999999999     
 BORN                    1.1436472107591427E-012
 SINGLE POLE (MadFKS)   -1.2624839689568371E-013
 DOUBLE POLE (MadFKS)   -1.2170877204387527E-013
 SINGLE POLE (MadLoop)  -1.2624839689600634E-013
 DOUBLE POLE (MadLoop)  -1.2170877204387396E-013
 FINITE PART (MadLoop)   2.2193460579031758E-013
   325.00000000000000        0.0000000000000000        0.0000000000000000        325.00000000000000        0.0000000000000000     
   325.00000000000000        0.0000000000000000        0.0000000000000000       -325.00000000000000        0.0000000000000000     
   224.61390780254320        3.4408421977719761       -223.94436888895086       -16.984929385455775        0.0000000000000000     
   140.61587704076763       -15.819795866665128        71.296997096532834       -120.16362652524393        0.0000000000000000     
   183.91367997972654       -45.340284335257330        73.833220299035730        162.22563262430933        0.0000000000000000     
   100.85653517696240        57.719238004150483        78.814151493382440       -25.077076713609422        0.0000000000000000     

 PASSED   1.0000000000000001E-005
 MU_R    =    325.00000000000000     
 ALPHA_S =   0.11799999999999999     
 BORN                    1.5181420507826443E-011
 SINGLE POLE (MadFKS)   -9.6002927371089948E-013
 DOUBLE POLE (MadFKS)   -1.6156311408854547E-012
 SINGLE POLE (MadLoop)  -9.6002927371156228E-013
 DOUBLE POLE (MadLoop)  -1.6156311408854320E-012
 FINITE PART (MadLoop)   2.7808886313923757E-012
   325.00000000000000        0.0000000000000000        0.0000000000000000        325.00000000000000        0.0000000000000000     
   325.00000000000000        0.0000000000000000        0.0000000000000000       -325.00000000000000        0.0000000000000000     
   178.09785825772258        175.84136262041645       0.34342495267451123        28.258527333973799        0.0000000000000000     
   108.38747001555153       -41.345468151228559        92.491070902875080       -38.520095053973655        0.0000000000000000     
   113.00131746968094        90.611643114142751        1.0056374264629138        67.511603264959888        0.0000000000000000     
   250.51335425704488       -225.10753758333067       -93.840133282012502       -57.250035544960049        0.0000000000000000     

 PASSED   1.0000000000000001E-005
 MU_R    =    325.00000000000000     
 ALPHA_S =   0.11799999999999999     
 BORN                    3.9821459235432089E-012
 SINGLE POLE (MadFKS)   -4.6623856063067867E-013
 DOUBLE POLE (MadFKS)   -4.2378636164578519E-013
 SINGLE POLE (MadLoop)  -4.6623856063131198E-013
 DOUBLE POLE (MadLoop)  -4.2378636164579034E-013
 FINITE PART (MadLoop)   6.3188961528668407E-013
   325.00000000000000        0.0000000000000000        0.0000000000000000        325.00000000000000        0.0000000000000000     
   325.00000000000000        0.0000000000000000        0.0000000000000000       -325.00000000000000        0.0000000000000000     
   96.437577598717198       -16.491562771058643        12.900456809414329       -94.137202765884567        0.0000000000000000     
   148.88635490007798       -71.684598064265174        46.933056930077441        121.76104977781208        0.0000000000000000     
   241.46055207478207        223.92533746830040       -64.886273356113463        62.852310839952850        0.0000000000000000     
   163.21551542642263       -135.74917663297657        5.0527596166216924       -90.476157851880330        0.0000000000000000     

 PASSED   1.0000000000000001E-005
 MU_R    =    325.00000000000000     
 ALPHA_S =   0.11799999999999999     
 BORN                    1.7877729651428464E-012
 SINGLE POLE (MadFKS)   -2.0981664102726455E-013
 DOUBLE POLE (MadFKS)   -1.9025766882808285E-013
 SINGLE POLE (MadLoop)  -2.0981664102726521E-013
 DOUBLE POLE (MadLoop)  -1.9025766882808318E-013
 FINITE PART (MadLoop)  -2.9707618456886312E-014
   325.00000000000000        0.0000000000000000        0.0000000000000000        325.00000000000000        0.0000000000000000     
   325.00000000000000        0.0000000000000000        0.0000000000000000       -325.00000000000000        0.0000000000000000     
   156.78488985121581        119.14332513860444        77.281676274855045        66.437280744497386        0.0000000000000000     
   170.68044825096607        116.80162514622015       -23.290689734130293       -122.25685890804266        0.0000000000000000     
   186.63631316075362       -119.08699362737687       -77.249479890199694        121.17722226444053        0.0000000000000000     
   135.89834873706451       -116.85795665744772        23.258493349474971       -65.357644100895300        0.0000000000000000     

 PASSED   1.0000000000000001E-005
 MU_R    =    325.00000000000000     
 ALPHA_S =   0.11799999999999999     
 BORN                    6.7470943358682777E-011
 SINGLE POLE (MadFKS)   -3.5297125785711954E-012
 DOUBLE POLE (MadFKS)   -7.1803661020396491E-012
 SINGLE POLE (MadLoop)  -3.5297125785715775E-012
 DOUBLE POLE (MadLoop)  -7.1803661020401499E-012
 FINITE PART (MadLoop)  -2.6219007670620667E-012
   325.00000000000000        0.0000000000000000        0.0000000000000000        325.00000000000000        0.0000000000000000     
   325.00000000000000        0.0000000000000000        0.0000000000000000       -325.00000000000000        0.0000000000000000     
   245.70596320654886        70.673889818396830        98.250079564400664       -213.83064214182215        0.0000000000000000     
   125.24597651517358       -8.8895494326917266        115.38937843544704        47.883419765137226        0.0000000000000000     
   147.94389648711038       -32.408727421748864       -104.37693082197626        99.712221953359304        0.0000000000000000     
   131.10416379116720       -29.375612963956261       -109.26252717787143        66.235000423325559        0.0000000000000000     

 PASSED   1.0000000000000001E-005
 MU_R    =    325.00000000000000     
 ALPHA_S =   0.11799999999999999     
 BORN                    4.2036977604542982E-012
 SINGLE POLE (MadFKS)   -2.4385589580443976E-013
 DOUBLE POLE (MadFKS)   -4.4736426378276903E-013
 SINGLE POLE (MadLoop)  -2.4385589580378529E-013
 DOUBLE POLE (MadLoop)  -4.4736426378277069E-013
 FINITE PART (MadLoop)   5.2002305328954905E-013
   325.00000000000000        0.0000000000000000        0.0000000000000000        325.00000000000000        0.0000000000000000     
   325.00000000000000        0.0000000000000000        0.0000000000000000       -325.00000000000000        0.0000000000000000     
   164.22960248228642        69.329536812846527       -88.162388676367598       -119.96737423017579        0.0000000000000000     
   249.88148127948040       -160.27383962840179        100.49872989518829        163.25763782025831        0.0000000000000000     
   113.95280789629541        6.1177398713887809        54.534685903190322       -99.868832574314183        0.0000000000000000     
   121.93610834193801        84.826562944166497       -66.871027122010958        56.578568984231715        0.0000000000000000     

 PASSED   1.0000000000000001E-005
 MU_R    =    325.00000000000000     
 ALPHA_S =   0.11799999999999999     
 BORN                    1.5926035867954749E-012
 SINGLE POLE (MadFKS)   -7.5284071157225836E-014
 DOUBLE POLE (MadFKS)   -1.6948743028270355E-013
 SINGLE POLE (MadLoop)  -7.5284071155623653E-014
 DOUBLE POLE (MadLoop)  -1.6948743028270355E-013
 FINITE PART (MadLoop)   3.4372992655241439E-013
   325.00000000000000        0.0000000000000000        0.0000000000000000        325.00000000000000        0.0000000000000000     
   325.00000000000000        0.0000000000000000        0.0000000000000000       -325.00000000000000        0.0000000000000000     
   118.40907027976219       -95.970117872630055       -31.843041404399241        61.615461648427818        0.0000000000000000     
   152.70441737913262        26.815116491415928        143.87481522423198        43.584700972305065        0.0000000000000000     
   198.89331106431118        107.40772262095325        55.791570135891064       -157.82721884794506        0.0000000000000000     
   179.99320127679408       -38.252721239739024       -167.82334395572383        52.627056227212222        0.0000000000000000     

 PASSED   1.0000000000000001E-005
 MU_R    =    325.00000000000000     
 ALPHA_S =   0.11799999999999999     
 BORN                    5.5526117838166046E-012
 SINGLE POLE (MadFKS)    3.2384539777195566E-015
 DOUBLE POLE (MadFKS)   -5.9091785953474223E-013
 SINGLE POLE (MadLoop)   3.2384539758310122E-015
 DOUBLE POLE (MadLoop)  -5.9091785953473436E-013
 FINITE PART (MadLoop)  -1.6242072491804482E-012
   325.00000000000000        0.0000000000000000        0.0000000000000000        325.00000000000000        0.0000000000000000     
   325.00000000000000        0.0000000000000000        0.0000000000000000       -325.00000000000000        0.0000000000000000     
   124.59665468607299       -59.603208485294729        98.756259513759687       -47.106104743121477        0.0000000000000000     
   30.320875491584882       -1.4460501083986133        15.566530899665809        25.979752604864093        0.0000000000000000     
   218.23766182161765       -84.123771221516648       -30.226626532876299       -199.09098221988538        0.0000000000000000     
   276.84480800072453        145.17302981520996       -84.096163880549199        220.21733435814266        0.0000000000000000     

 PASSED   1.0000000000000001E-005
 MU_R    =    325.00000000000000     
 ALPHA_S =   0.11799999999999999     
 BORN                    1.8580941792854234E-009
 SINGLE POLE (MadFKS)   -3.7408577165970235E-010
 DOUBLE POLE (MadFKS)   -1.9774136532242946E-010
 SINGLE POLE (MadLoop)  -3.7408577165981077E-010
 DOUBLE POLE (MadLoop)  -1.9774136532242439E-010
 FINITE PART (MadLoop)   2.7415883620612745E-010
   325.00000000000000        0.0000000000000000        0.0000000000000000        325.00000000000000        0.0000000000000000     
   325.00000000000000        0.0000000000000000        0.0000000000000000       -325.00000000000000        0.0000000000000000     
   292.02485752805035       -62.113457190367455        144.17767373689824        246.23816569726765        0.0000000000000000     
   88.397523805555551       -11.336218327303426       -87.541797673388402       -4.6953199146599003        0.0000000000000000     
   15.121095181718504       -7.9723084475428987       -11.983094342352338       -4.6362989004280406        0.0000000000000000     
   254.45652348467564        81.421983965213784       -44.652781721157467       -236.90654688217975        0.0000000000000000     

 PASSED   1.0000000000000001E-005
 MU_R    =    325.00000000000000     
 ALPHA_S =   0.11799999999999999     
 BORN                    1.4213967565429088E-011
 SINGLE POLE (MadFKS)   -1.3522237944884946E-012
 DOUBLE POLE (MadFKS)   -1.5126732457219135E-012
 SINGLE POLE (MadLoop)  -1.3522237944901203E-012
 DOUBLE POLE (MadLoop)  -1.5126732457219137E-012
 FINITE PART (MadLoop)   9.9361853359330849E-013
   325.00000000000000        0.0000000000000000        0.0000000000000000        325.00000000000000        0.0000000000000000     
   325.00000000000000        0.0000000000000000        0.0000000000000000       -325.00000000000000        0.0000000000000000     
   137.51264659974225       -51.774368056403922        122.35261143453496        35.482125956251984        0.0000000000000000     
   160.50315339585828       -24.585794293901078        157.57382570513514       -18.091169713428926        0.0000000000000000     
   195.04746774412732       -39.660366698849600       -187.83849795157573        34.456765286443556        0.0000000000000000     
   156.93673226027190        116.02052904915450       -92.087939188094495       -51.847721529266593        0.0000000000000000     

 PASSED   1.0000000000000001E-005
 MU_R    =    325.00000000000000     
 ALPHA_S =   0.11799999999999999     
 BORN                    1.9862153342327143E-012
 SINGLE POLE (MadFKS)   -8.6334053328730865E-014
 DOUBLE POLE (MadFKS)   -2.1137622430234777E-013
 SINGLE POLE (MadLoop)  -8.6334053337610183E-014
 DOUBLE POLE (MadLoop)  -2.1137622430234908E-013
 FINITE PART (MadLoop)   1.7678216751959870E-013
   325.00000000000000        0.0000000000000000        0.0000000000000000        325.00000000000000        0.0000000000000000     
   325.00000000000000        0.0000000000000000        0.0000000000000000       -325.00000000000000        0.0000000000000000     
   225.45367178085274        174.34536627568329       -32.907163170082953        139.10488844668197        0.0000000000000000     
   61.197641224115486       -10.675379111329580       -47.719664616602330       -36.797026797065257        0.0000000000000000     
   181.00262479942717       -51.613481222423921       -48.001108437416434       -166.71500331153183        0.0000000000000000     
   182.34606219560470       -112.05650594192986        128.62793622410177        64.407141661915119        0.0000000000000000     

 PASSED   1.0000000000000001E-005
 MU_R    =    325.00000000000000     
 ALPHA_S =   0.11799999999999999     
 BORN                    7.4773728171542152E-013
 SINGLE POLE (MadFKS)   -2.8957358300169488E-014
 DOUBLE POLE (MadFKS)   -7.9575401848442485E-014
 SINGLE POLE (MadLoop)  -2.8957358300026420E-014
 DOUBLE POLE (MadLoop)  -7.9575401848442637E-014
 FINITE PART (MadLoop)   1.6409813210180794E-014
   325.00000000000000        0.0000000000000000        0.0000000000000000        325.00000000000000        0.0000000000000000     
   325.00000000000000        0.0000000000000000        0.0000000000000000       -325.00000000000000        0.0000000000000000     
   126.30219101166456       -99.805939581340340        71.832341343204746       -28.829370714362906        0.0000000000000000     
   132.32764278138217        59.047574003744359       -97.297370872608369       -67.507115696254758        0.0000000000000000     
   185.32574926818813        77.571875088914595       -165.78000501472664        29.072796121501685        0.0000000000000000     
   206.04441693876495       -36.813509511318621        191.24503454413025        67.263690289115999        0.0000000000000000     

 PASSED   1.0000000000000001E-005
 MU_R    =    325.00000000000000     
 ALPHA_S =   0.11799999999999999     
 BORN                    1.2509583995174793E-010
 SINGLE POLE (MadFKS)   -9.5026701888384639E-012
 DOUBLE POLE (MadFKS)   -1.3312900101612633E-011
 SINGLE POLE (MadLoop)  -9.5026701888852545E-012
 DOUBLE POLE (MadLoop)  -1.3312900101612570E-011
 FINITE PART (MadLoop)   5.1830400940785506E-012
   325.00000000000000        0.0000000000000000        0.0000000000000000        325.00000000000000        0.0000000000000000     
   325.00000000000000        0.0000000000000000        0.0000000000000000       -325.00000000000000        0.0000000000000000     
   181.77360601197785       -57.571591043092376       -148.58956172846348       -87.454547581631289        0.0000000000000000     
   294.57438013784230       -47.545105116451886        282.95630441925852        66.702760081239845        0.0000000000000000     
   41.095198737368790        19.311284127559880       -33.571959026233451        13.740932710314636        0.0000000000000000     
   132.55681511281097        85.805412031984417       -100.79478366456166        7.0108547900768201        0.0000000000000000     

 PASSED   1.0000000000000001E-005
 MU_R    =    325.00000000000000     
 ALPHA_S =   0.11799999999999999     
 BORN                    9.8531352163071887E-013
 SINGLE POLE (MadFKS)   -2.3251561593849843E-014
 DOUBLE POLE (MadFKS)   -1.0485864667680031E-013
 SINGLE POLE (MadLoop)  -2.3251561593523955E-014
 DOUBLE POLE (MadLoop)  -1.0485864667680020E-013
 FINITE PART (MadLoop)   1.4618157306378066E-013
   325.00000000000000        0.0000000000000000        0.0000000000000000        325.00000000000000        0.0000000000000000     
   325.00000000000000        0.0000000000000000        0.0000000000000000       -325.00000000000000        0.0000000000000000     
   169.96084563793804       -103.60894073734805        88.989805572645963       -101.15676424930938        0.0000000000000000     
   76.050529357519480        36.762886462740674        9.4231371045475143        65.904307003377767        0.0000000000000000     
   207.57448374297599        183.35589175633311       -11.209329198415013       -96.654716379100520        0.0000000000000000     
   196.41414126156687       -116.50983748172581       -87.203613478778507        131.90717362503213        0.0000000000000000     

 PASSED   1.0000000000000001E-005
 MU_R    =    325.00000000000000     
 ALPHA_S =   0.11799999999999999     
 BORN                    2.6907335913326837E-011
 SINGLE POLE (MadFKS)   -1.1118598897212732E-012
 DOUBLE POLE (MadFKS)   -2.8635218817254426E-012
 SINGLE POLE (MadLoop)  -1.1118599018629687E-012
 DOUBLE POLE (MadLoop)  -2.8635218817254426E-012
 FINITE PART (MadLoop)   3.8478906615320622E-012
   325.00000000000000        0.0000000000000000        0.0000000000000000        325.00000000000000        0.0000000000000000     
   325.00000000000000        0.0000000000000000        0.0000000000000000       -325.00000000000000        0.0000000000000000     
   209.38176764709181       -167.67608003335013       -30.576919973882212       -121.61623564549704        0.0000000000000000     
   141.67564986319326       -74.424950506746342        75.868743454237674        93.684845481548038        0.0000000000000000     
   45.445618190245149       -10.375194525906728       -43.933332539944466        5.2461264927366500        0.0000000000000000     
   253.49696429946991        252.47622506600322       -1.3584909404110266        22.685263671212336        0.0000000000000000     

 PASSED   1.0000000000000001E-005
 MU_R    =    325.00000000000000     
 ALPHA_S =   0.11799999999999999     
 BORN                    5.9776996576222141E-011
 SINGLE POLE (MadFKS)   -6.1156375466367888E-012
 DOUBLE POLE (MadFKS)   -6.3615639345052908E-012
 SINGLE POLE (MadLoop)  -6.1156375466403884E-012
 DOUBLE POLE (MadLoop)  -6.3615639345052116E-012
 FINITE PART (MadLoop)  -6.5032636718270495E-012
   325.00000000000000        0.0000000000000000        0.0000000000000000        325.00000000000000        0.0000000000000000     
   325.00000000000000        0.0000000000000000        0.0000000000000000       -325.00000000000000        0.0000000000000000     
   93.126576865170406        26.163509158143835        68.225503772168167        57.734831273591531        0.0000000000000000     
   231.77771876766289        94.825785639937436        209.96240047174101        25.392354815075883        0.0000000000000000     
   245.73799091539951       -67.118293757696705       -220.01234884434001       -86.468845130422011        0.0000000000000000     
   79.357713451767225       -53.871001040384598       -58.175555399569149        3.3416590417545153        0.0000000000000000     

 PASSED   1.0000000000000001E-005
 MU_R    =    325.00000000000000     
 ALPHA_S =   0.11799999999999999     
 BORN                    7.5425833264668108E-012
 SINGLE POLE (MadFKS)    9.5028980006672192E-014
 DOUBLE POLE (MadFKS)   -8.0269382556664868E-013
 SINGLE POLE (MadLoop)   9.5028980006657097E-014
 DOUBLE POLE (MadLoop)  -8.0269382556664252E-013
Thanks for using LHAPDF 6.2.1. Please make sure to cite the paper:
  Eur.Phys.J. C75 (2015) 3, 132  (http://arxiv.org/abs/1412.7420)
 FINITE PART (MadLoop)  -3.4043926837475421E-012
   325.00000000000000        0.0000000000000000        0.0000000000000000        325.00000000000000        0.0000000000000000     
   325.00000000000000        0.0000000000000000        0.0000000000000000       -325.00000000000000        0.0000000000000000     
   79.197674121835135       -61.675889509624575       -30.799071424269400       -38.984271686254807        0.0000000000000000     
   158.03093106089483        54.920442983234352        44.006757800936491       -141.49531929483868        0.0000000000000000     
   126.41112754323197       -65.815982534597453        66.886997789652156       -84.700408124423504        0.0000000000000000     
   286.36026727403794        72.571429060987555       -80.094684166319212        265.17999910551697        0.0000000000000000     

 PASSED   1.0000000000000001E-005
 MU_R    =    325.00000000000000     
 ALPHA_S =   0.11799999999999999     
 BORN                    9.8746528540411000E-009
 SINGLE POLE (MadFKS)   -1.4288156314007493E-009
 DOUBLE POLE (MadFKS)   -1.0508764083174964E-009
 SINGLE POLE (MadLoop)  -1.4288156314011317E-009
 DOUBLE POLE (MadLoop)  -1.0508764083178082E-009
 FINITE PART (MadLoop)  -8.4015831132223409E-010
   325.00000000000000        0.0000000000000000        0.0000000000000000        325.00000000000000        0.0000000000000000     
   325.00000000000000        0.0000000000000000        0.0000000000000000       -325.00000000000000        0.0000000000000000     
   129.44226809527942        28.200489594117435        125.14840580690598       -17.260060263285325        0.0000000000000000     
   24.760101321593648        7.8882608851798661        22.989503385087890       -4.7244779362335034        0.0000000000000000     
   314.44188520555502       -81.633133860948320       -259.52121527494546        157.66568887960176        0.0000000000000000     
   181.35574537757179        45.544383381651109        111.38330608295152       -135.68115068008291        0.0000000000000000     

 PASSED   1.0000000000000001E-005
 MU_R    =    325.00000000000000     
 ALPHA_S =   0.11799999999999999     
 BORN                    3.9489658562969883E-012
 SINGLE POLE (MadFKS)   -6.3445336656235771E-013
 DOUBLE POLE (MadFKS)   -4.2025528562611817E-013
 SINGLE POLE (MadLoop)  -6.3445336656246919E-013
 DOUBLE POLE (MadLoop)  -4.2025528562611984E-013
 FINITE PART (MadLoop)  -3.4502260205472564E-013
   325.00000000000000        0.0000000000000000        0.0000000000000000        325.00000000000000        0.0000000000000000     
   325.00000000000000        0.0000000000000000        0.0000000000000000       -325.00000000000000        0.0000000000000000     
   289.81858800355212       -11.476383365369493        170.25333167183200        234.25821145023960        0.0000000000000000     
   86.089482611403028       -57.564320027847046        18.711051523779666       -61.218009008012970        0.0000000000000000     
   121.82633656133936        19.429262948416383       -107.16962236441321       -54.578677736888139        0.0000000000000000     
   152.26559282370513        49.611440444799946       -81.794760831198062       -118.46152470533848        0.0000000000000000     

 PASSED   1.0000000000000001E-005
 MU_R    =    325.00000000000000     
 ALPHA_S =   0.11799999999999999     
 BORN                    8.6527250070562561E-012
 SINGLE POLE (MadFKS)   -1.3746494349119911E-012
 DOUBLE POLE (MadFKS)   -9.2083688530408101E-013
 SINGLE POLE (MadLoop)  -1.3746494349123166E-012
 DOUBLE POLE (MadLoop)  -9.2083688530408101E-013
 FINITE PART (MadLoop)   1.2940288214493381E-012
   325.00000000000000        0.0000000000000000        0.0000000000000000        325.00000000000000        0.0000000000000000     
   325.00000000000000        0.0000000000000000        0.0000000000000000       -325.00000000000000        0.0000000000000000     
   290.71779464610154        244.05448948973628       -88.180705712430068        131.06641607923410        0.0000000000000000     
   155.26891032976476       -145.87507981684809        19.174982775615444       -49.610640380623792        0.0000000000000000     
   51.200569570174245       -7.0276080332229709        35.254069052045502        36.459040921494932        0.0000000000000000     
   152.81272545395933       -91.151801639665209        33.751653884769134       -117.91481662010523        0.0000000000000000     

 NUMBER OF POINTS PASSING THE CHECK          20
 NUMBER OF POINTS FAILING THE CHECK           0
 TOLERANCE    1.0000000000000001E-005
