==== LHAPDF6 USING DEFAULT-TYPE LHAGLUE INTERFACE ====
LHAPDF 6.2.1 loading /cvmfs/cms.cern.ch/slc6_amd64_gcc481/external/lhapdf/6.2.1/share/LHAPDF/NNPDF31_nnlo_as_0118_nf_4/NNPDF31_nnlo_as_0118_nf_4_0000.dat
NNPDF31_nnlo_as_0118_nf_4 PDF set, member #0, version 1; LHAPDF ID = 320900
 A PDF is used, so alpha_s(MZ) is going to be modified
 Old value of alpha_s from param_card:   0.11799999999999999     
 New value of alpha_s from PDF lhapdf :  0.11800240511781991     
 using LHAPDF
WARNING: the value of maxjetflavorspecified in the run_card (  4) is inconsistent with the number of light flavours inthe model. Hence it will be set to:  5
 *****************************************************
 *               MadGraph/MadEvent                   *
 *        --------------------------------           *
 *          http://madgraph.hep.uiuc.edu             *
 *          http://madgraph.phys.ucl.ac.be           *
 *          http://madgraph.roma2.infn.it            *
 *        --------------------------------           *
 *                                                   *
 *          PARAMETER AND COUPLING VALUES            *
 *                                                   *
 *****************************************************

  External Params
  ---------------------------------
  
 MU_R =    91.188000000000002     
 aEWM1 =    132.50700000000001     
 mdl_Gf =    1.1663900000000000E-005
 aS =   0.11799999999999999     
 mdl_ymt =    173.00000000000000     
 mdl_ymtau =    1.7769999999999999     
 mdl_MT =    173.00000000000000     
 mdl_MZ =    91.188000000000002     
 mdl_MH =    125.00000000000000     
 mdl_MTA =    1.7769999999999999     
 mdl_WT =    1.4915000000000000     
 mdl_WZ =    2.4414039999999999     
 mdl_WW =    2.0476000000000001     
 mdl_WH =    6.3823389999999999E-003
  Internal Params
  ---------------------------------
  
 mdl_conjg__CKM3x3 =    1.0000000000000000     
 mdl_CKM22 =    1.0000000000000000     
 mdl_I4x33 =    0.0000000000000000     
 mdl_I1x33 =    0.0000000000000000     
 mdl_lhv =    1.0000000000000000     
 mdl_CKM3x3 =    1.0000000000000000     
 mdl_conjg__CKM22 =    1.0000000000000000     
 mdl_conjg__CKM33 =    1.0000000000000000     
 mdl_Ncol =    3.0000000000000000     
 mdl_CA =    3.0000000000000000     
 mdl_TF =   0.50000000000000000     
 mdl_CF =    1.3333333333333333     
 mdl_complexi =  (  0.0000000000000000     ,  1.0000000000000000     )
 mdl_MZ__exp__2 =    8315.2513440000002     
 mdl_MZ__exp__4 =    69143404.913893804     
 mdl_sqrt__2 =    1.4142135623730951     
 mdl_MH__exp__2 =    15625.000000000000     
 mdl_Ncol__exp__2 =    9.0000000000000000     
 mdl_MT__exp__2 =    29929.000000000000     
 mdl_aEW =    7.5467711139788835E-003
 mdl_MW =    80.419002445756163     
 mdl_sqrt__aEW =    8.6872153846781555E-002
 mdl_ee =   0.30795376724436879     
 mdl_MW__exp__2 =    6467.2159543705357     
 mdl_sw2 =   0.22224648578577766     
 mdl_cw =   0.88190334743339216     
 mdl_sqrt__sw2 =   0.47143025548407230     
 mdl_sw =   0.47143025548407230     
 mdl_g1 =   0.34919219678733299     
 mdl_gw =   0.65323293034757990     
 mdl_v =    246.21845810181637     
 mdl_v__exp__2 =    60623.529110035903     
 mdl_lam =   0.12886910601690263     
 mdl_yt =   0.99366614581500623     
 mdl_ytau =    1.0206617000654717E-002
 mdl_muH =    88.388347648318430     
 mdl_AxialZUp =  -0.18517701861793787     
 mdl_AxialZDown =   0.18517701861793787     
 mdl_VectorZUp =    7.5430507588273299E-002
 mdl_VectorZDown =  -0.13030376310310560     
 mdl_VectorAUp =   0.20530251149624587     
 mdl_VectorADown =  -0.10265125574812294     
 mdl_VectorWmDxU =   0.23095271737156670     
 mdl_AxialWmDxU =  -0.23095271737156670     
 mdl_VectorWpUxD =   0.23095271737156670     
 mdl_AxialWpUxD =  -0.23095271737156670     
 mdl_I2x33 =  ( 0.99366614581500623     ,  0.0000000000000000     )
 mdl_I3x33 =  ( 0.99366614581500623     ,  0.0000000000000000     )
 mdl_Vector_tbGp =  (-0.99366614581500623     ,  0.0000000000000000     )
 mdl_Axial_tbGp =  (-0.99366614581500623     , -0.0000000000000000     )
 mdl_Vector_tbGm =  ( 0.99366614581500623     ,  0.0000000000000000     )
 mdl_Axial_tbGm =  (-0.99366614581500623     ,  0.0000000000000000     )
 mdl_gw__exp__2 =   0.42671326129048615     
 mdl_cw__exp__2 =   0.77775351421422245     
 mdl_ee__exp__2 =    9.4835522759998875E-002
 mdl_sw__exp__2 =   0.22224648578577769     
 mdl_yt__exp__2 =   0.98737240933884918     
  Internal Params evaluated point by point
  ----------------------------------------
  
 mdl_sqrt__aS =   0.34351128074635334     
 mdl_G__exp__4 =    2.1987899468922913     
 mdl_G__exp__2 =    1.4828317324943823     
 mdl_R2MixedFactor_FIN_ =   -2.5040377713124864E-002
 mdl_G_UVg_1EPS_ =   -5.1645779033320030E-002
 mdl_G_UVq_1EPS_ =    3.1300472141406080E-003
 mdl_GWcft_UV_t_1EPS_ =   -3.1300472141406080E-003
 mdl_tWcft_UV_1EPS_ =   -1.8780283284843650E-002
 mdl_G__exp__3 =    1.8056676068262196     
 mdl_MU_R__exp__2 =    8315.2513440000002     
 mdl_G_UVt_FIN_ =   -4.0087659331150384E-003
 mdl_GWcft_UV_t_FIN_ =    4.0087659331150384E-003
 mdl_tWcft_UV_FIN_ =   -9.8778211443463623E-004
  Couplings of loop_sm-no_b_mass
  ---------------------------------
  
      UV_GQQt =   0.00000E+00  -0.48815E-02
   UVWfct_G_2 =   0.40088E-02   0.00000E+00
       R2_DDA =   0.00000E+00   0.25704E-02
       R2_UUA =  -0.00000E+00  -0.51409E-02
    R2_DDZ_V2 =   0.00000E+00   0.72127E-02
    R2_UUZ_V2 =  -0.00000E+00  -0.72127E-02
    R2_UUZ_V5 =   0.00000E+00   0.68702E-03
      R2_GGHt =   0.00000E+00  -0.45657E+01
     R2_GGZup =  -0.46369E-02   0.00000E+00
   R2_GGZdown =   0.46369E-02   0.00000E+00
    R2_GGZAup =   0.00000E+00   0.19389E-03
  R2_GGZAdown =   0.00000E+00   0.16747E-03
  R2_GGAAdown =   0.00000E+00   0.13193E-03
    R2_GGAAup =   0.00000E+00   0.52771E-03
         GC_4 =  -0.12177E+01   0.00000E+00
         GC_5 =   0.00000E+00   0.12177E+01
       R2_GQQ =  -0.00000E+00  -0.30492E-01
       R2_QQq =   0.00000E+00   0.12520E-01
 UV_GQQg_1eps =   0.00000E+00  -0.62890E-01
 UV_GQQq_1eps =   0.00000E+00   0.38115E-02
 UVWfct_G_2_1eps -0.31300E-02   0.00000E+00
         GC_1 =  -0.00000E+00  -0.10265E+00
         GC_2 =   0.00000E+00   0.20530E+00
        GC_21 =  -0.00000E+00  -0.28804E+00
        GC_22 =   0.00000E+00   0.28804E+00
        GC_23 =  -0.00000E+00  -0.27437E-01
        GC_24 =   0.00000E+00   0.82310E-01
        GC_37 =  -0.00000E+00  -0.70263E+00
        GC_38 =  -0.00000E+00  -0.72172E-02
      GC_1003 =  -0.00000E+00  -0.30795E+00

 Collider parameters:
 --------------------

 Running at P P   machine @    13000.000000000000       GeV
 PDF set = lhapdf 
 alpha_s(Mz)= 0.1180 running at 3 loops.
 alpha_s(Mz)= 0.1180 running at 3 loops.
 Renormalization scale set on event-by-event basis
 Factorization   scale set on event-by-event basis


 ===============================================================
 INFO: MadFKS read these parameters from FKS_params.dat
 ===============================================================
  > IRPoleCheckThreshold      =    1.0000000000000001E-005
  > PrecisionVirtualAtRunTime =    1.0000000000000000E-003
  > NHelForMCoverHels         =            4
  > VirtualFraction           =    1.0000000000000000     
  > MinVirtualFraction        =    5.0000000000000001E-003
 ===============================================================
  Insert the number of points to test
 Insert the relative tolerance
  A negative number will mean use the default one:    1.0000000000000001E-005
Using random seed offsets:     1 ,     15 ,      0
  with seed                   32
 Ranmar initialization seeds       10730        9421
  ========================================================================================== 
 {                                                                                          }
 {       [32m                                                                            [0m       }
 {       [32m                               ,,                                           [0m       }
 {       [32m`7MMM.     ,MMF'             `7MM  `7MMF'                                   [0m       }
 {       [32m  MMMb    dPMM                 MM    MM                                     [0m       }
 {       [32m  M YM   ,M MM   ,6"Yb.   ,M""bMM    MM         ,pW"Wq.   ,pW"Wq.`7MMpdMAo. [0m       }
 {       [32m  M  Mb  M' MM  8)   MM ,AP    MM    MM        6W'   `Wb 6W'   `Wb MM   `Wb [0m       }
 {       [32m  M  YM.P'  MM   ,pm9MM 8MI    MM    MM      , 8M     M8 8M     M8 MM    M8 [0m       }
 {       [32m  M  `YM'   MM  8M   MM `Mb    MM    MM     ,M YA.   ,A9 YA.   ,A9 MM   ,AP [0m       }
 {       [32m.JML. `'  .JMML.`Moo9^Yo.`Wbmd"MML..JMMmmmmMMM  `Ybmd9'   `Ybmd9'  MMbmmd'  [0m       }
 {       [32m                                                                   MM       [0m       }
 {       [32m                                                                 .JMML.     [0m       }
 {       [32m[0mv2.6.1 (2017-12-12), Ref: arXiv:1103.0621v2, arXiv:1405.0301[32m                [0m       }
 {       [32m                                                                            [0m       }
 {                                                                                          }
  ========================================================================================== 
 ===============================================================
 INFO: MadLoop read these parameters from ./MadLoop5_resources/MadLoopParams.dat                                                                                                                                                                                                                                                                                                                                                                                                                                                                                          
 ===============================================================
  > MLReductionLib            = 6|7|1
  > CTModeRun                 =           -1
  > MLStabThres               =    1.0000000000000000E-003
  > NRotations_DP             =            0
  > NRotations_QP             =            0
  > CTStabThres               =    1.0000000000000000E-002
  > CTLoopLibrary             =            2
  > CTModeInit                =            1
  > CheckCycle                =            3
  > MaxAttempts               =           10
  > UseLoopFilter             =  F
  > HelicityFilterLevel       =            2
  > ImprovePSPoint            =            2
  > DoubleCheckHelicityFilter =  T
  > LoopInitStartOver         =  F
  > HelInitStartOver          =  F
  > ZeroThres                 =    1.0000000000000001E-009
  > OSThres                   =    1.0000000000000000E-008
  > WriteOutFilters           =  T
  > UseQPIntegrandForNinja    =  T
  > UseQPIntegrandForCutTools =  T
  > IREGIMODE                 =            2
  > IREGIRECY                 =  T
  > COLLIERMode               =            1
  > COLLIERRequiredAccuracy   =    1.0000000000000000E-008
  > COLLIERCanOutput          =  F
  > COLLIERComputeUVpoles     =  T
  > COLLIERComputeIRpoles     =  T
  > COLLIERGlobalCache        =           -1
  > COLLIERUseCacheForPoles   =  F
  > COLLIERUseInternalStabilityTest =  T
 ===============================================================
  
------------------------------------------------------------------------
|              You are using CutTools - Version 1.9.3                  |
|              Authors: G. Ossola, C. Papadopoulos, R. Pittau          |
|              Published in JHEP 0803:042,2008                         |
|              http://www.ugr.es/~pittau/CutTools                      |
|                                                                      |
|              Compiler with  34  significant digits detetected        |
 ---------------------------------------------------------------------- 
   
########################################################################
#                                                                      #
#                      You are using OneLOop-3.6                       #
#                                                                      #
# for the evaluation of 1-loop scalar 1-, 2-, 3- and 4-point functions #
#                                                                      #
# author: Andreas van Hameren <hamerenREMOVETHIS@ifj.edu.pl>           #
#   date: 18-02-2015                                                   #
#                                                                      #
# Please cite                                                          #
#    A. van Hameren,                                                   #
#      Comput.Phys.Commun. 182 (2011) 2427-2438, arXiv:1007.4716       #
#    A. van Hameren, C.G. Papadopoulos and R. Pittau,                  #
#      JHEP 0909:106,2009, arXiv:0903.4665                             #
# in publications with results obtained with the help of this program. #
#                                                                      #
########################################################################
 PASSED   1.0000000000000001E-005
 MU_R    =    325.00000000000000     
 ALPHA_S =   0.11799999999999999     
 BORN                    5.1182673986503408E-012
 SINGLE POLE (MadFKS)    8.5172740421066439E-014
 DOUBLE POLE (MadFKS)   -5.4469423282065462E-013
 SINGLE POLE (MadLoop)   8.5172740422456639E-014
 DOUBLE POLE (MadLoop)  -5.4469423282068653E-013
 FINITE PART (MadLoop)   2.2241922609340438E-012
   325.00000000000000        0.0000000000000000        0.0000000000000000        325.00000000000000        0.0000000000000000     
   325.00000000000000        0.0000000000000000        0.0000000000000000       -325.00000000000000        0.0000000000000000     
   235.29948667525741        79.431954646329558        115.81625831792071        188.79355741110382        0.0000000000000000     
   68.492517549668918        11.519821943541421       -39.547140477166543        54.722411704529804        0.0000000000000000     
   64.024848411212730       -57.758568380165769       -4.2512502638709044        27.295711457048021        0.0000000000000000     
   282.18314736386105       -33.193208209705254       -72.017867576883262       -270.81168057268167        0.0000000000000000     

 PASSED   1.0000000000000001E-005
 MU_R    =    325.00000000000000     
 ALPHA_S =   0.11799999999999999     
 BORN                    5.5812530895945538E-012
 SINGLE POLE (MadFKS)   -5.5487836176468684E-013
 DOUBLE POLE (MadFKS)   -5.9396591327296919E-013
 SINGLE POLE (MadLoop)  -5.5487836176448055E-013
 DOUBLE POLE (MadLoop)  -5.9396591327296828E-013
 FINITE PART (MadLoop)   5.4651228681207469E-013
   325.00000000000000        0.0000000000000000        0.0000000000000000        325.00000000000000        0.0000000000000000     
   325.00000000000000        0.0000000000000000        0.0000000000000000       -325.00000000000000        0.0000000000000000     
   113.66345727743688       -89.034365628703981       -19.180407671033091       -68.002758906730762        0.0000000000000000     
   44.638809276688363        24.990787770063232        8.8541612463953747        35.912221441941533        0.0000000000000000     
   261.85503657493780        226.01369027073565       -92.599715433129447       -94.398965521712498        0.0000000000000000     
   229.84269687093695       -161.97011241209492        102.92596185776712        126.48950298650173        0.0000000000000000     

 PASSED   1.0000000000000001E-005
 MU_R    =    325.00000000000000     
 ALPHA_S =   0.11799999999999999     
 BORN                    1.4354909947842288E-013
 SINGLE POLE (MadFKS)   -5.3768819941488328E-015
 DOUBLE POLE (MadFKS)   -1.5276725603104239E-014
 SINGLE POLE (MadLoop)  -5.3768819944261877E-015
 DOUBLE POLE (MadLoop)  -1.5276725603103513E-014
 FINITE PART (MadLoop)   1.0794760778201077E-013
   325.00000000000000        0.0000000000000000        0.0000000000000000        325.00000000000000        0.0000000000000000     
   325.00000000000000        0.0000000000000000        0.0000000000000000       -325.00000000000000        0.0000000000000000     
   184.57594266790167       -168.96895367891955        14.134529077454298        72.924525313191253        0.0000000000000000     
   188.54955407516945        86.498339953658245       -165.84718120268144       -23.742030543564752        0.0000000000000000     
   186.11270963067099        103.57756071473236        149.61110639711001        39.065924347044799        0.0000000000000000     
   90.761793626257699       -21.106946989470995        2.1015457281172192       -88.248419116671371        0.0000000000000000     

 PASSED   1.0000000000000001E-005
 MU_R    =    325.00000000000000     
 ALPHA_S =   0.11799999999999999     
 BORN                    2.4882031908052704E-013
 SINGLE POLE (MadFKS)   -3.1404012122825119E-015
 DOUBLE POLE (MadFKS)   -2.6479857783025747E-014
 SINGLE POLE (MadLoop)  -3.1404012108442804E-015
 DOUBLE POLE (MadLoop)  -2.6479857783015211E-014
 FINITE PART (MadLoop)   7.3582295000257976E-013
   325.00000000000000        0.0000000000000000        0.0000000000000000        325.00000000000000        0.0000000000000000     
   325.00000000000000        0.0000000000000000        0.0000000000000000       -325.00000000000000        0.0000000000000000     
   262.09308757438203        87.419827279880451        144.39863139627454        200.49836808191608        0.0000000000000000     
   83.856283276449616       -56.198212956411773        44.188043991614649       -43.829828583295686        0.0000000000000000     
   192.69328378249907       -38.047916071365123       -183.30157912411545       -45.646344739910106        0.0000000000000000     
   111.35734536666932        6.8263017478963333       -5.2850962637737444       -111.02219475871023        0.0000000000000000     

 PASSED   1.0000000000000001E-005
 MU_R    =    325.00000000000000     
 ALPHA_S =   0.11799999999999999     
 BORN                    3.9813441662213282E-013
 SINGLE POLE (MadFKS)   -4.9072262863973239E-014
 DOUBLE POLE (MadFKS)   -4.2370103734454507E-014
 SINGLE POLE (MadLoop)  -4.9072262863971573E-014
 DOUBLE POLE (MadLoop)  -4.2370103734454419E-014
 FINITE PART (MadLoop)   3.8383629081494058E-014
   325.00000000000000        0.0000000000000000        0.0000000000000000        325.00000000000000        0.0000000000000000     
   325.00000000000000        0.0000000000000000        0.0000000000000000       -325.00000000000000        0.0000000000000000     
   224.63598671299309        86.307539320812182       -87.197852360223862       -188.17244677866915        0.0000000000000000     
   150.46805872560924        95.914296444238389       -27.500303571064787        112.62689615611110        0.0000000000000000     
   125.42575267916263       -59.255434886266599        110.15349760708851       -9.3069778391828510        0.0000000000000000     
   149.47020188223490       -122.96640087878397        4.5446583242001690        84.852528461740860        0.0000000000000000     

 PASSED   1.0000000000000001E-005
 MU_R    =    325.00000000000000     
 ALPHA_S =   0.11799999999999999     
 BORN                    1.5854838441650036E-012
 SINGLE POLE (MadFKS)    1.9078155139402331E-014
 DOUBLE POLE (MadFKS)   -1.6872973584278277E-013
 SINGLE POLE (MadLoop)   1.9078155182317339E-014
 DOUBLE POLE (MadLoop)  -1.6872973584348699E-013
 FINITE PART (MadLoop)   2.3638287138113322E-012
   325.00000000000000        0.0000000000000000        0.0000000000000000        325.00000000000000        0.0000000000000000     
   325.00000000000000        0.0000000000000000        0.0000000000000000       -325.00000000000000        0.0000000000000000     
   70.976059172395921        33.991827851173127        5.0643833069486872        62.100794171250001        0.0000000000000000     
   148.97091532613692       -30.242896777283963       -6.9145478350480181        145.70480375012500        0.0000000000000000     
   137.42368036045792       -121.80884874657859       -24.702551902681481        58.631529234207875        0.0000000000000000     
   292.62934514100920        118.05991767268944        26.552716430780805       -266.43712715558291        0.0000000000000000     

 PASSED   1.0000000000000001E-005
 MU_R    =    325.00000000000000     
 ALPHA_S =   0.11799999999999999     
 BORN                    4.8243408308701610E-013
 SINGLE POLE (MadFKS)   -1.3344282229010272E-014
 DOUBLE POLE (MadFKS)   -5.1341409564281777E-014
 SINGLE POLE (MadLoop)  -1.3344282228642112E-014
 DOUBLE POLE (MadLoop)  -5.1341409564281852E-014
 FINITE PART (MadLoop)   1.7322217516016677E-013
   325.00000000000000        0.0000000000000000        0.0000000000000000        325.00000000000000        0.0000000000000000     
   325.00000000000000        0.0000000000000000        0.0000000000000000       -325.00000000000000        0.0000000000000000     
   97.908301976690822       -37.144821401609896        2.0080077637698346       -90.566360994698442        0.0000000000000000     
   269.28082433233067        37.115496826617033       -42.871048717766939        263.24261704794640        0.0000000000000000     
   124.67561848246608        92.284715037211811        69.147444995039066       -47.393797749748877        0.0000000000000000     
   158.13525520851246       -92.255390462218855       -28.284404041041991       -125.28245830349907        0.0000000000000000     

 PASSED   1.0000000000000001E-005
 MU_R    =    325.00000000000000     
 ALPHA_S =   0.11799999999999999     
 BORN                    2.5431123735646197E-012
 SINGLE POLE (MadFKS)   -3.0109297944310684E-013
 DOUBLE POLE (MadFKS)   -2.7064210120416323E-013
 SINGLE POLE (MadLoop)  -3.0109297944315182E-013
 DOUBLE POLE (MadLoop)  -2.7064210120416292E-013
 FINITE PART (MadLoop)   3.5502956895357933E-013
   325.00000000000000        0.0000000000000000        0.0000000000000000        325.00000000000000        0.0000000000000000     
   325.00000000000000        0.0000000000000000        0.0000000000000000       -325.00000000000000        0.0000000000000000     
   275.00134488297948       -236.63280277455385       -34.098273105477659       -135.89688778530112        0.0000000000000000     
   122.82733232647966        47.707184826949515        68.341164057104692        90.222299780301825        0.0000000000000000     
   76.885903894211538        49.096544433258501       -12.657122581276511       -57.799383995900371        0.0000000000000000     
   175.28541889632953        139.82907351434582       -21.585768370350522        103.47397200089965        0.0000000000000000     

 PASSED   1.0000000000000001E-005
 MU_R    =    325.00000000000000     
 ALPHA_S =   0.11799999999999999     
 BORN                    2.6566253187813189E-013
 SINGLE POLE (MadFKS)   -3.7034761595476939E-014
 DOUBLE POLE (MadFKS)   -2.8272233105427367E-014
 SINGLE POLE (MadLoop)  -3.7034763157391725E-014
 DOUBLE POLE (MadLoop)  -2.8272233105427512E-014
 FINITE PART (MadLoop)   2.6570984361148140E-014
   325.00000000000000        0.0000000000000000        0.0000000000000000        325.00000000000000        0.0000000000000000     
   325.00000000000000        0.0000000000000000        0.0000000000000000       -325.00000000000000        0.0000000000000000     
   115.10597696999618       -31.492595009706342        106.29913020295048       -30.953147043040548        0.0000000000000000     
   184.44839118450085       -130.35125410867226       -77.788423047637863        104.77939111585226        0.0000000000000000     
   262.08892561215413        221.45237405509508       -77.662629118613864       -116.69604531551254        0.0000000000000000     
   88.356706233348746       -59.608524936716591        49.151921963301206        42.869801242700831        0.0000000000000000     

 PASSED   1.0000000000000001E-005
 MU_R    =    325.00000000000000     
 ALPHA_S =   0.11799999999999999     
 BORN                    1.5358316691299343E-011
 SINGLE POLE (MadFKS)   -5.8653824441590850E-013
 DOUBLE POLE (MadFKS)   -1.6344567166986840E-012
 SINGLE POLE (MadLoop)  -5.8653824441587680E-013
 DOUBLE POLE (MadLoop)  -1.6344567166986759E-012
 FINITE PART (MadLoop)   2.3341488778529995E-012
   325.00000000000000        0.0000000000000000        0.0000000000000000        325.00000000000000        0.0000000000000000     
   325.00000000000000        0.0000000000000000        0.0000000000000000       -325.00000000000000        0.0000000000000000     
   94.320537137432055        18.814345616518665        20.403939463510657       -90.144680260597056        0.0000000000000000     
   250.59658460435588        179.45708593466622        6.6185649889039588        174.78557469280352        0.0000000000000000     
   66.432351315461133        22.567790568911168        50.094431070249676       -37.343006117432743        0.0000000000000000     
   238.65052694275093       -220.83922212009608       -77.116935522664235       -47.297888314773736        0.0000000000000000     

 PASSED   1.0000000000000001E-005
 MU_R    =    325.00000000000000     
 ALPHA_S =   0.11799999999999999     
 BORN                    2.2627000302348344E-011
 SINGLE POLE (MadFKS)   -6.6403546460065200E-013
 DOUBLE POLE (MadFKS)   -2.4080016948646204E-012
 SINGLE POLE (MadLoop)  -6.6403546459476772E-013
 DOUBLE POLE (MadLoop)  -2.4080016948646677E-012
 FINITE PART (MadLoop)   2.9720227045476403E-012
   325.00000000000000        0.0000000000000000        0.0000000000000000        325.00000000000000        0.0000000000000000     
   325.00000000000000        0.0000000000000000        0.0000000000000000       -325.00000000000000        0.0000000000000000     
   59.396521884597412       -55.998082888592009        15.121125709315878        12.787223391843266        0.0000000000000000     
   202.91067408212083        119.67183625094081        158.19765977789484        42.718774626457943        0.0000000000000000     
   101.08572040076922       -1.8656587724860583        101.06766661454290      -0.41103695545355673        0.0000000000000000     
   286.60708363251251       -61.808094589862776       -274.38645210175360       -55.094961062847652        0.0000000000000000     

 PASSED   1.0000000000000001E-005
 MU_R    =    325.00000000000000     
 ALPHA_S =   0.11799999999999999     
 BORN                    1.4314231632659660E-012
 SINGLE POLE (MadFKS)   -3.4494134695987549E-013
 DOUBLE POLE (MadFKS)   -1.5233435087085711E-013
 SINGLE POLE (MadLoop)  -3.4494134695987715E-013
 DOUBLE POLE (MadLoop)  -1.5233435087085804E-013
 FINITE PART (MadLoop)  -1.0835112278486938E-013
   325.00000000000000        0.0000000000000000        0.0000000000000000        325.00000000000000        0.0000000000000000     
   325.00000000000000        0.0000000000000000        0.0000000000000000       -325.00000000000000        0.0000000000000000     
   123.49301564595444        72.134544132671294        85.652216695543785       -52.065633879203403        0.0000000000000000     
   220.00460391547256        108.76302022461076       -173.08165420496115        81.334938085051320        0.0000000000000000     
   205.39610495606391       -142.06843952265572        83.589842071737067       -122.54328510833217        0.0000000000000000     
   101.10627548250925       -38.829124834626334        3.8395954376803725        93.273980902484226        0.0000000000000000     

 PASSED   1.0000000000000001E-005
 MU_R    =    325.00000000000000     
 ALPHA_S =   0.11799999999999999     
 BORN                    1.9210389556910679E-012
 SINGLE POLE (MadFKS)   -2.7431408316083826E-013
 DOUBLE POLE (MadFKS)   -2.0444004947155795E-013
 SINGLE POLE (MadLoop)  -2.7431408316074870E-013
 DOUBLE POLE (MadLoop)  -2.0444004947155764E-013
 FINITE PART (MadLoop)   1.9189735197904656E-013
   325.00000000000000        0.0000000000000000        0.0000000000000000        325.00000000000000        0.0000000000000000     
   325.00000000000000        0.0000000000000000        0.0000000000000000       -325.00000000000000        0.0000000000000000     
   249.13587003095640        191.87106374907535       -139.87615383976174        75.424387427908073        0.0000000000000000     
   99.251209259318941       -95.470628996400265       -25.514273869519954        9.2294835922681031        0.0000000000000000     
   188.99497632693058       -28.003768808053465        107.52002994384371       -152.88666773213777        0.0000000000000000     
   112.61794438279385       -68.396665944621617        57.870397765438042        68.232796711961598        0.0000000000000000     

 PASSED   1.0000000000000001E-005
 MU_R    =    325.00000000000000     
 ALPHA_S =   0.11799999999999999     
 BORN                    2.9974399442408724E-010
 SINGLE POLE (MadFKS)   -1.7243355855498276E-011
 DOUBLE POLE (MadFKS)   -3.1899237059884736E-011
 SINGLE POLE (MadLoop)  -1.7243355855484272E-011
 DOUBLE POLE (MadLoop)  -3.1899237059887560E-011
 FINITE PART (MadLoop)   2.3660728830636033E-012
   325.00000000000000        0.0000000000000000        0.0000000000000000        325.00000000000000        0.0000000000000000     
   325.00000000000000        0.0000000000000000        0.0000000000000000       -325.00000000000000        0.0000000000000000     
   142.30581696137764        98.399927809205664        85.889552985040595       -56.492339624219348        0.0000000000000000     
   185.70881791828705        102.42346140636127        154.48270361961161       -11.501908038336630        0.0000000000000000     
   48.959626259130744       -21.419694959486431       -42.743972518633903        10.544879544242550        0.0000000000000000     
   273.02573886120456       -179.40369425608046       -197.62828408601831        57.449368118313437        0.0000000000000000     

 PASSED   1.0000000000000001E-005
 MU_R    =    325.00000000000000     
 ALPHA_S =   0.11799999999999999     
 BORN                    6.6279583487041206E-011
 SINGLE POLE (MadFKS)   -3.5029263761692467E-012
 DOUBLE POLE (MadFKS)   -7.0535796720324485E-012
 SINGLE POLE (MadLoop)  -3.5029263761672417E-012
 DOUBLE POLE (MadLoop)  -7.0535796720323556E-012
 FINITE PART (MadLoop)   9.5618648750393640E-012
   325.00000000000000        0.0000000000000000        0.0000000000000000        325.00000000000000        0.0000000000000000     
   325.00000000000000        0.0000000000000000        0.0000000000000000       -325.00000000000000        0.0000000000000000     
   270.79403640052504        85.124369724434558        254.07567615367157        39.099905577395994        0.0000000000000000     
   80.040767066500635        65.288134377815169       -32.524246100013350       -32.956900911401398        0.0000000000000000     
   38.625862165205177        4.1085597073737139       -13.888265160031851       -35.807723412429048        0.0000000000000000     
   260.53933436776924       -154.52106380962346       -207.66316489362643        29.664718746434446        0.0000000000000000     

 PASSED   1.0000000000000001E-005
 MU_R    =    325.00000000000000     
 ALPHA_S =   0.11799999999999999     
 BORN                    3.0782589283864573E-012
 SINGLE POLE (MadFKS)   -8.4384434872946275E-013
 DOUBLE POLE (MadFKS)   -3.2759325662878246E-013
 SINGLE POLE (MadLoop)  -8.4384434872950637E-013
 DOUBLE POLE (MadLoop)  -3.2759325662879327E-013
 FINITE PART (MadLoop)  -5.8457910436751616E-013
   325.00000000000000        0.0000000000000000        0.0000000000000000        325.00000000000000        0.0000000000000000     
   325.00000000000000        0.0000000000000000        0.0000000000000000       -325.00000000000000        0.0000000000000000     
   216.37802552779468        191.97055786392332        95.697710276252451       -28.437705473604517        0.0000000000000000     
   176.89011911196377       -8.2938034894595773       -169.27224822926055        50.677737148915377        0.0000000000000000     
   195.66923760282677       -169.78341765807673        56.472904442988423       -79.188715712452691        0.0000000000000000     
   61.062617757414777       -13.893336716387013        17.101633510019674        56.948684037141810        0.0000000000000000     

 PASSED   1.0000000000000001E-005
 MU_R    =    325.00000000000000     
 ALPHA_S =   0.11799999999999999     
 BORN                    6.1019916899612815E-011
 SINGLE POLE (MadFKS)   -3.6716079973565517E-012
 DOUBLE POLE (MadFKS)   -6.4938375105566336E-012
 SINGLE POLE (MadLoop)  -3.6716079973569023E-012
 DOUBLE POLE (MadLoop)  -6.4938375105565891E-012
Thanks for using LHAPDF 6.2.1. Please make sure to cite the paper:
  Eur.Phys.J. C75 (2015) 3, 132  (http://arxiv.org/abs/1412.7420)
 FINITE PART (MadLoop)   9.3121042690721413E-012
   325.00000000000000        0.0000000000000000        0.0000000000000000        325.00000000000000        0.0000000000000000     
   325.00000000000000        0.0000000000000000        0.0000000000000000       -325.00000000000000        0.0000000000000000     
   239.67515114865441       -164.96048917014542        173.56729846019195        10.325114822960689        0.0000000000000000     
   153.73191110323637        151.40230419803348       -24.978746381668756       -9.3222853517673148        0.0000000000000000     
   56.137198100090657       -30.051878096953121        46.993841413103006       -6.3125670384413963        0.0000000000000000     
   200.45573964801858        43.610063069064985       -195.58239349162628        5.3097375672479687        0.0000000000000000     

 PASSED   1.0000000000000001E-005
 MU_R    =    325.00000000000000     
 ALPHA_S =   0.11799999999999999     
 BORN                    3.0352006169836709E-010
 SINGLE POLE (MadFKS)   -3.6378416810636074E-011
 DOUBLE POLE (MadFKS)   -3.2301092200861817E-011
 SINGLE POLE (MadLoop)  -3.6378416810643163E-011
 DOUBLE POLE (MadLoop)  -3.2301092200850223E-011
 FINITE PART (MadLoop)   7.0982184352542300E-012
   325.00000000000000        0.0000000000000000        0.0000000000000000        325.00000000000000        0.0000000000000000     
   325.00000000000000        0.0000000000000000        0.0000000000000000       -325.00000000000000        0.0000000000000000     
   100.69373395778753        83.381896441390865        16.900715750264872       -53.861426005329804        0.0000000000000000     
   220.69531527892798        208.53385351025378        71.733181353595370        8.6258228083848980        0.0000000000000000     
   298.98009134660992       -284.13043058461272       -67.297474196095209        64.265413748420471        0.0000000000000000     
   29.630859416674575       -7.7853193670318648       -21.336422907765041       -19.029810551475556        0.0000000000000000     

 PASSED   1.0000000000000001E-005
 MU_R    =    325.00000000000000     
 ALPHA_S =   0.11799999999999999     
 BORN                    5.6595563605001141E-012
 SINGLE POLE (MadFKS)   -1.7918389333414936E-013
 DOUBLE POLE (MadFKS)   -6.0229907306147481E-013
 SINGLE POLE (MadLoop)  -1.7918389352436622E-013
 DOUBLE POLE (MadLoop)  -6.0229907306147723E-013
 FINITE PART (MadLoop)   7.4297465503730362E-013
   325.00000000000000        0.0000000000000000        0.0000000000000000        325.00000000000000        0.0000000000000000     
   325.00000000000000        0.0000000000000000        0.0000000000000000       -325.00000000000000        0.0000000000000000     
   221.64105247151471        29.247993179258366       -218.88094916021194        18.985287208559555        0.0000000000000000     
   85.087372570816456        83.398833904736705       -14.636511692530508        8.3826010169567180        0.0000000000000000     
   62.529102657123211       -47.460972348688024       -35.391708138163686        20.118940774433472        0.0000000000000000     
   280.74247230054573       -65.185854735307032        268.90916899090610       -47.486828999949729        0.0000000000000000     

 PASSED   1.0000000000000001E-005
 MU_R    =    325.00000000000000     
 ALPHA_S =   0.11799999999999999     
 BORN                    6.3436275704399757E-012
 SINGLE POLE (MadFKS)   -1.8115709212420501E-012
 DOUBLE POLE (MadFKS)   -6.7509902934964086E-013
 SINGLE POLE (MadLoop)  -1.8115709212422506E-012
 DOUBLE POLE (MadLoop)  -6.7509902934964339E-013
 FINITE PART (MadLoop)  -1.3570827882579381E-012
   325.00000000000000        0.0000000000000000        0.0000000000000000        325.00000000000000        0.0000000000000000     
   325.00000000000000        0.0000000000000000        0.0000000000000000       -325.00000000000000        0.0000000000000000     
   297.50184367238074       -85.333171388078313        277.65415967734572       -64.294357942089832        0.0000000000000000     
   92.024443225373304       -43.918203984601902       -80.760818144476460        4.1689042135383358        0.0000000000000000     
   248.27640263464764        131.75794173854914       -204.22937692790825        50.708761507861070        0.0000000000000000     
   12.197310467598253       -2.5065663658689101        7.3360353950390049        9.4166922206904289        0.0000000000000000     

 NUMBER OF POINTS PASSING THE CHECK          20
 NUMBER OF POINTS FAILING THE CHECK           0
 TOLERANCE    1.0000000000000001E-005
