==== LHAPDF6 USING DEFAULT-TYPE LHAGLUE INTERFACE ====
LHAPDF 6.2.1 loading /cvmfs/cms.cern.ch/slc6_amd64_gcc481/external/lhapdf/6.2.1/share/LHAPDF/NNPDF31_nnlo_as_0118_nf_4/NNPDF31_nnlo_as_0118_nf_4_0000.dat
NNPDF31_nnlo_as_0118_nf_4 PDF set, member #0, version 1; LHAPDF ID = 320900
 A PDF is used, so alpha_s(MZ) is going to be modified
 Old value of alpha_s from param_card:   0.11799999999999999     
 New value of alpha_s from PDF lhapdf :  0.11800240511781991     
 using LHAPDF
WARNING: the value of maxjetflavorspecified in the run_card (  4) is inconsistent with the number of light flavours inthe model. Hence it will be set to:  5
 *****************************************************
 *               MadGraph/MadEvent                   *
 *        --------------------------------           *
 *          http://madgraph.hep.uiuc.edu             *
 *          http://madgraph.phys.ucl.ac.be           *
 *          http://madgraph.roma2.infn.it            *
 *        --------------------------------           *
 *                                                   *
 *          PARAMETER AND COUPLING VALUES            *
 *                                                   *
 *****************************************************

  External Params
  ---------------------------------
  
 MU_R =    91.188000000000002     
 aEWM1 =    132.50700000000001     
 mdl_Gf =    1.1663900000000000E-005
 aS =   0.11799999999999999     
 mdl_ymt =    173.00000000000000     
 mdl_ymtau =    1.7769999999999999     
 mdl_MT =    173.00000000000000     
 mdl_MZ =    91.188000000000002     
 mdl_MH =    125.00000000000000     
 mdl_MTA =    1.7769999999999999     
 mdl_WT =    1.4915000000000000     
 mdl_WZ =    2.4414039999999999     
 mdl_WW =    2.0476000000000001     
 mdl_WH =    6.3823389999999999E-003
  Internal Params
  ---------------------------------
  
 mdl_conjg__CKM3x3 =    1.0000000000000000     
 mdl_CKM22 =    1.0000000000000000     
 mdl_I4x33 =    0.0000000000000000     
 mdl_I1x33 =    0.0000000000000000     
 mdl_lhv =    1.0000000000000000     
 mdl_CKM3x3 =    1.0000000000000000     
 mdl_conjg__CKM22 =    1.0000000000000000     
 mdl_conjg__CKM33 =    1.0000000000000000     
 mdl_Ncol =    3.0000000000000000     
 mdl_CA =    3.0000000000000000     
 mdl_TF =   0.50000000000000000     
 mdl_CF =    1.3333333333333333     
 mdl_complexi =  (  0.0000000000000000     ,  1.0000000000000000     )
 mdl_MZ__exp__2 =    8315.2513440000002     
 mdl_MZ__exp__4 =    69143404.913893804     
 mdl_sqrt__2 =    1.4142135623730951     
 mdl_MH__exp__2 =    15625.000000000000     
 mdl_Ncol__exp__2 =    9.0000000000000000     
 mdl_MT__exp__2 =    29929.000000000000     
 mdl_aEW =    7.5467711139788835E-003
 mdl_MW =    80.419002445756163     
 mdl_sqrt__aEW =    8.6872153846781555E-002
 mdl_ee =   0.30795376724436879     
 mdl_MW__exp__2 =    6467.2159543705357     
 mdl_sw2 =   0.22224648578577766     
 mdl_cw =   0.88190334743339216     
 mdl_sqrt__sw2 =   0.47143025548407230     
 mdl_sw =   0.47143025548407230     
 mdl_g1 =   0.34919219678733299     
 mdl_gw =   0.65323293034757990     
 mdl_v =    246.21845810181637     
 mdl_v__exp__2 =    60623.529110035903     
 mdl_lam =   0.12886910601690263     
 mdl_yt =   0.99366614581500623     
 mdl_ytau =    1.0206617000654717E-002
 mdl_muH =    88.388347648318430     
 mdl_AxialZUp =  -0.18517701861793787     
 mdl_AxialZDown =   0.18517701861793787     
 mdl_VectorZUp =    7.5430507588273299E-002
 mdl_VectorZDown =  -0.13030376310310560     
 mdl_VectorAUp =   0.20530251149624587     
 mdl_VectorADown =  -0.10265125574812294     
 mdl_VectorWmDxU =   0.23095271737156670     
 mdl_AxialWmDxU =  -0.23095271737156670     
 mdl_VectorWpUxD =   0.23095271737156670     
 mdl_AxialWpUxD =  -0.23095271737156670     
 mdl_I2x33 =  ( 0.99366614581500623     ,  0.0000000000000000     )
 mdl_I3x33 =  ( 0.99366614581500623     ,  0.0000000000000000     )
 mdl_Vector_tbGp =  (-0.99366614581500623     ,  0.0000000000000000     )
 mdl_Axial_tbGp =  (-0.99366614581500623     , -0.0000000000000000     )
 mdl_Vector_tbGm =  ( 0.99366614581500623     ,  0.0000000000000000     )
 mdl_Axial_tbGm =  (-0.99366614581500623     ,  0.0000000000000000     )
 mdl_gw__exp__2 =   0.42671326129048615     
 mdl_cw__exp__2 =   0.77775351421422245     
 mdl_ee__exp__2 =    9.4835522759998875E-002
 mdl_sw__exp__2 =   0.22224648578577769     
 mdl_yt__exp__2 =   0.98737240933884918     
  Internal Params evaluated point by point
  ----------------------------------------
  
 mdl_sqrt__aS =   0.34351128074635334     
 mdl_G__exp__4 =    2.1987899468922913     
 mdl_G__exp__2 =    1.4828317324943823     
 mdl_R2MixedFactor_FIN_ =   -2.5040377713124864E-002
 mdl_G_UVg_1EPS_ =   -5.1645779033320030E-002
 mdl_G_UVq_1EPS_ =    3.1300472141406080E-003
 mdl_GWcft_UV_t_1EPS_ =   -3.1300472141406080E-003
 mdl_tWcft_UV_1EPS_ =   -1.8780283284843650E-002
 mdl_G__exp__3 =    1.8056676068262196     
 mdl_MU_R__exp__2 =    8315.2513440000002     
 mdl_G_UVt_FIN_ =   -4.0087659331150384E-003
 mdl_GWcft_UV_t_FIN_ =    4.0087659331150384E-003
 mdl_tWcft_UV_FIN_ =   -9.8778211443463623E-004
  Couplings of loop_sm-no_b_mass
  ---------------------------------
  
      UV_GQQt =   0.00000E+00  -0.48815E-02
   UVWfct_G_2 =   0.40088E-02   0.00000E+00
       R2_DDA =   0.00000E+00   0.25704E-02
       R2_UUA =  -0.00000E+00  -0.51409E-02
    R2_DDZ_V2 =   0.00000E+00   0.72127E-02
    R2_UUZ_V2 =  -0.00000E+00  -0.72127E-02
    R2_UUZ_V5 =   0.00000E+00   0.68702E-03
      R2_GGHt =   0.00000E+00  -0.45657E+01
     R2_GGZup =  -0.46369E-02   0.00000E+00
   R2_GGZdown =   0.46369E-02   0.00000E+00
    R2_GGZAup =   0.00000E+00   0.19389E-03
  R2_GGZAdown =   0.00000E+00   0.16747E-03
  R2_GGAAdown =   0.00000E+00   0.13193E-03
    R2_GGAAup =   0.00000E+00   0.52771E-03
         GC_4 =  -0.12177E+01   0.00000E+00
         GC_5 =   0.00000E+00   0.12177E+01
       R2_GQQ =  -0.00000E+00  -0.30492E-01
       R2_QQq =   0.00000E+00   0.12520E-01
 UV_GQQg_1eps =   0.00000E+00  -0.62890E-01
 UV_GQQq_1eps =   0.00000E+00   0.38115E-02
 UVWfct_G_2_1eps -0.31300E-02   0.00000E+00
         GC_1 =  -0.00000E+00  -0.10265E+00
         GC_2 =   0.00000E+00   0.20530E+00
        GC_21 =  -0.00000E+00  -0.28804E+00
        GC_22 =   0.00000E+00   0.28804E+00
        GC_23 =  -0.00000E+00  -0.27437E-01
        GC_24 =   0.00000E+00   0.82310E-01
        GC_37 =  -0.00000E+00  -0.70263E+00
        GC_38 =  -0.00000E+00  -0.72172E-02
      GC_1003 =  -0.00000E+00  -0.30795E+00

 Collider parameters:
 --------------------

 Running at P P   machine @    13000.000000000000       GeV
 PDF set = lhapdf 
 alpha_s(Mz)= 0.1180 running at 3 loops.
 alpha_s(Mz)= 0.1180 running at 3 loops.
 Renormalization scale set on event-by-event basis
 Factorization   scale set on event-by-event basis


 ===============================================================
 INFO: MadFKS read these parameters from FKS_params.dat
 ===============================================================
  > IRPoleCheckThreshold      =    1.0000000000000001E-005
  > PrecisionVirtualAtRunTime =    1.0000000000000000E-003
  > NHelForMCoverHels         =            4
  > VirtualFraction           =    1.0000000000000000     
  > MinVirtualFraction        =    5.0000000000000001E-003
 ===============================================================
  Insert the number of points to test
 Insert the relative tolerance
  A negative number will mean use the default one:    1.0000000000000001E-005
Using random seed offsets:     1 ,     28 ,      0
  with seed                   32
 Ranmar initialization seeds       10730        9434
  ========================================================================================== 
 {                                                                                          }
 {       [32m                                                                            [0m       }
 {       [32m                               ,,                                           [0m       }
 {       [32m`7MMM.     ,MMF'             `7MM  `7MMF'                                   [0m       }
 {       [32m  MMMb    dPMM                 MM    MM                                     [0m       }
 {       [32m  M YM   ,M MM   ,6"Yb.   ,M""bMM    MM         ,pW"Wq.   ,pW"Wq.`7MMpdMAo. [0m       }
 {       [32m  M  Mb  M' MM  8)   MM ,AP    MM    MM        6W'   `Wb 6W'   `Wb MM   `Wb [0m       }
 {       [32m  M  YM.P'  MM   ,pm9MM 8MI    MM    MM      , 8M     M8 8M     M8 MM    M8 [0m       }
 {       [32m  M  `YM'   MM  8M   MM `Mb    MM    MM     ,M YA.   ,A9 YA.   ,A9 MM   ,AP [0m       }
 {       [32m.JML. `'  .JMML.`Moo9^Yo.`Wbmd"MML..JMMmmmmMMM  `Ybmd9'   `Ybmd9'  MMbmmd'  [0m       }
 {       [32m                                                                   MM       [0m       }
 {       [32m                                                                 .JMML.     [0m       }
 {       [32m[0mv2.6.1 (2017-12-12), Ref: arXiv:1103.0621v2, arXiv:1405.0301[32m                [0m       }
 {       [32m                                                                            [0m       }
 {                                                                                          }
  ========================================================================================== 
 ===============================================================
 INFO: MadLoop read these parameters from ./MadLoop5_resources/MadLoopParams.dat                                                                                                                                                                                                                                                                                                                                                                                                                                                                                          
 ===============================================================
  > MLReductionLib            = 6|7|1
  > CTModeRun                 =           -1
  > MLStabThres               =    1.0000000000000000E-003
  > NRotations_DP             =            0
  > NRotations_QP             =            0
  > CTStabThres               =    1.0000000000000000E-002
  > CTLoopLibrary             =            2
  > CTModeInit                =            1
  > CheckCycle                =            3
  > MaxAttempts               =           10
  > UseLoopFilter             =  F
  > HelicityFilterLevel       =            2
  > ImprovePSPoint            =            2
  > DoubleCheckHelicityFilter =  T
  > LoopInitStartOver         =  F
  > HelInitStartOver          =  F
  > ZeroThres                 =    1.0000000000000001E-009
  > OSThres                   =    1.0000000000000000E-008
  > WriteOutFilters           =  T
  > UseQPIntegrandForNinja    =  T
  > UseQPIntegrandForCutTools =  T
  > IREGIMODE                 =            2
  > IREGIRECY                 =  T
  > COLLIERMode               =            1
  > COLLIERRequiredAccuracy   =    1.0000000000000000E-008
  > COLLIERCanOutput          =  F
  > COLLIERComputeUVpoles     =  T
  > COLLIERComputeIRpoles     =  T
  > COLLIERGlobalCache        =           -1
  > COLLIERUseCacheForPoles   =  F
  > COLLIERUseInternalStabilityTest =  T
 ===============================================================
  
------------------------------------------------------------------------
|              You are using CutTools - Version 1.9.3                  |
|              Authors: G. Ossola, C. Papadopoulos, R. Pittau          |
|              Published in JHEP 0803:042,2008                         |
|              http://www.ugr.es/~pittau/CutTools                      |
|                                                                      |
|              Compiler with  34  significant digits detetected        |
 ---------------------------------------------------------------------- 
   
########################################################################
#                                                                      #
#                      You are using OneLOop-3.6                       #
#                                                                      #
# for the evaluation of 1-loop scalar 1-, 2-, 3- and 4-point functions #
#                                                                      #
# author: Andreas van Hameren <hamerenREMOVETHIS@ifj.edu.pl>           #
#   date: 18-02-2015                                                   #
#                                                                      #
# Please cite                                                          #
#    A. van Hameren,                                                   #
#      Comput.Phys.Commun. 182 (2011) 2427-2438, arXiv:1007.4716       #
#    A. van Hameren, C.G. Papadopoulos and R. Pittau,                  #
#      JHEP 0909:106,2009, arXiv:0903.4665                             #
# in publications with results obtained with the help of this program. #
#                                                                      #
########################################################################
 PASSED   1.0000000000000001E-005
 MU_R    =    325.00000000000000     
 ALPHA_S =   0.11799999999999999     
 BORN                    2.9048194080687420E-011
 SINGLE POLE (MadFKS)   -2.9976798228550768E-012
 DOUBLE POLE (MadFKS)   -3.0913554445744263E-012
 SINGLE POLE (MadLoop)  -2.9976798228635751E-012
 DOUBLE POLE (MadLoop)  -3.0913554445744049E-012
 FINITE PART (MadLoop)   5.4091112265764387E-012
   325.00000000000000        0.0000000000000000        0.0000000000000000        325.00000000000000        0.0000000000000000     
   325.00000000000000        0.0000000000000000        0.0000000000000000       -325.00000000000000        0.0000000000000000     
   159.94216480707081       -152.45332941794894       -2.5129394509279432        48.270134025819011        1.7769999999999999     
   120.27725618910347       -17.814694756664906       -69.140422512671222       -96.776542885532891        1.7769999999999999     
   108.96052002293506       -60.552236690980322       -46.173062183906374        77.935036305560544        0.0000000000000000     
   260.82005898089068        230.82026086559415        117.82642414750559       -29.428627445846665        0.0000000000000000     

 PASSED   1.0000000000000001E-005
 MU_R    =    325.00000000000000     
 ALPHA_S =   0.11799999999999999     
 BORN                    5.8906109642594982E-012
 SINGLE POLE (MadFKS)   -1.1270771334561283E-012
 DOUBLE POLE (MadFKS)   -6.2688827490106314E-013
 SINGLE POLE (MadLoop)  -1.1270771334550957E-012
 DOUBLE POLE (MadLoop)  -6.2688827490107001E-013
 FINITE PART (MadLoop)   3.3917326742849206E-013
   325.00000000000000        0.0000000000000000        0.0000000000000000        325.00000000000000        0.0000000000000000     
   325.00000000000000        0.0000000000000000        0.0000000000000000       -325.00000000000000        0.0000000000000000     
   180.47750755123843        124.90987860324674        130.10074946985347        6.3474575707064131        1.7769999999999999     
   82.724539440624355       -30.241181788763893       0.99822877541867128       -76.971853037290671        1.7769999999999999     
   191.35811150545914       -167.41141292715670       -37.504270279181235       -84.763054283661091        0.0000000000000000     
   195.43984150267806        72.742716112673918       -93.594707966090894        155.38744975024537        0.0000000000000000     

 PASSED   1.0000000000000001E-005
 MU_R    =    325.00000000000000     
 ALPHA_S =   0.11799999999999999     
 BORN                    5.5013603653098139E-012
 SINGLE POLE (MadFKS)   -9.0439937557094123E-013
 DOUBLE POLE (MadFKS)   -5.8546360130433243E-013
 SINGLE POLE (MadLoop)  -9.0439937557739237E-013
 DOUBLE POLE (MadLoop)  -5.8546360130433061E-013
 FINITE PART (MadLoop)   7.3342488136055605E-013
   325.00000000000000        0.0000000000000000        0.0000000000000000        325.00000000000000        0.0000000000000000     
   325.00000000000000        0.0000000000000000        0.0000000000000000       -325.00000000000000        0.0000000000000000     
   141.63175478143543        135.32949697827831       -26.779160443091786        32.018745244590164        1.7769999999999999     
   139.65177945123270       -130.89402988365879       -13.828460973029143       -46.636770716131167        1.7769999999999999     
   180.33618343060539        146.09641106134885        38.113381150663713       -98.612108316243820        0.0000000000000000     
   188.38028233672640       -150.53187815596831        2.4942402654571523        113.23013378778481        0.0000000000000000     

 PASSED   1.0000000000000001E-005
 MU_R    =    325.00000000000000     
 ALPHA_S =   0.11799999999999999     
 BORN                    1.0840021382117255E-010
 SINGLE POLE (MadFKS)   -2.5995112647348523E-011
 DOUBLE POLE (MadFKS)   -1.1536124767629051E-011
 SINGLE POLE (MadLoop)  -2.5995112647350161E-011
 DOUBLE POLE (MadLoop)  -1.1536124767629016E-011
 FINITE PART (MadLoop)   5.4515417290822682E-012
   325.00000000000000        0.0000000000000000        0.0000000000000000        325.00000000000000        0.0000000000000000     
   325.00000000000000        0.0000000000000000        0.0000000000000000       -325.00000000000000        0.0000000000000000     
   207.57377385861744       -105.97662508892468        102.17035877427408       -146.33484406526728        1.7769999999999999     
   145.00361684486953       -8.7987976958214471       -140.41996880806582        35.038617098046899        1.7769999999999999     
   209.44823422984302        190.18514080266687        54.293247801246302        68.923278237917629        0.0000000000000000     
   87.974375066673403       -75.409718017920724       -16.043637767454545        42.372948729302728        0.0000000000000000     

 PASSED   1.0000000000000001E-005
 MU_R    =    325.00000000000000     
 ALPHA_S =   0.11799999999999999     
 BORN                    7.5150710921617758E-011
 SINGLE POLE (MadFKS)   -8.0748957611727348E-012
 DOUBLE POLE (MadFKS)   -7.9976592942704584E-012
 SINGLE POLE (MadLoop)  -8.0748957611669963E-012
 DOUBLE POLE (MadLoop)  -7.9976592942704051E-012
 FINITE PART (MadLoop)   1.0742480503698194E-011
   325.00000000000000        0.0000000000000000        0.0000000000000000        325.00000000000000        0.0000000000000000     
   325.00000000000000        0.0000000000000000        0.0000000000000000       -325.00000000000000        0.0000000000000000     
   62.238956420972777       -42.258562465192540        1.9899109695600483       -45.615612678998382        1.7769999999999999     
   106.77072006667740       -58.411599391759054       -32.572863182753899        83.210111015014490        1.7769999999999999     
   223.58889146466339        4.2718841589174561       -199.60333478114069       -100.65908869236655        0.0000000000000000     
   257.40143204768634        96.398277698034121        230.18628699433461        63.064590356350365        0.0000000000000000     

 PASSED   1.0000000000000001E-005
 MU_R    =    325.00000000000000     
 ALPHA_S =   0.11799999999999999     
 BORN                    8.9381218079732739E-011
 SINGLE POLE (MadFKS)   -1.6226739643548474E-011
 DOUBLE POLE (MadFKS)   -9.5120927099966951E-012
 SINGLE POLE (MadLoop)  -1.6226739643468057E-011
 DOUBLE POLE (MadLoop)  -9.5120927099967209E-012
 FINITE PART (MadLoop)   1.7534739101086161E-011
   325.00000000000000        0.0000000000000000        0.0000000000000000        325.00000000000000        0.0000000000000000     
   325.00000000000000        0.0000000000000000        0.0000000000000000       -325.00000000000000        0.0000000000000000     
   184.66125462069911       -24.190298252714388        67.210726857275503       -170.27674208432603        1.7769999999999999     
   109.32226361673574        52.118726520162141       -96.072321112378305       -1.3953692284409445        1.7769999999999999     
   225.50461305730639       -55.532325557110831        155.17815528831082        153.90981596266499        0.0000000000000000     
   130.51186870525879        27.603897289663177       -126.31656103320806        17.762295350102008        0.0000000000000000     

 PASSED   1.0000000000000001E-005
 MU_R    =    325.00000000000000     
 ALPHA_S =   0.11799999999999999     
 BORN                    3.7047391349830657E-010
 SINGLE POLE (MadFKS)   -5.2464575318991337E-011
 DOUBLE POLE (MadFKS)   -3.9426428589142866E-011
 SINGLE POLE (MadLoop)  -5.2464575318547942E-011
 DOUBLE POLE (MadLoop)  -3.9426428589143887E-011
 FINITE PART (MadLoop)   6.0623374862882260E-011
   325.00000000000000        0.0000000000000000        0.0000000000000000        325.00000000000000        0.0000000000000000     
   325.00000000000000        0.0000000000000000        0.0000000000000000       -325.00000000000000        0.0000000000000000     
   70.778339837097647        41.412894904193614       -16.744494400605021        54.872668096403032        1.7769999999999999     
   296.91880767225149       -209.30844977680542        188.35292437194158       -94.184761788092175        1.7769999999999999     
   96.223117438483072        69.007877980287986       -16.102553726290889        65.096150959405435        0.0000000000000000     
   186.07973505216782        98.887676892323810       -155.50587624504567       -25.784057267716328        0.0000000000000000     

 PASSED   1.0000000000000001E-005
 MU_R    =    325.00000000000000     
 ALPHA_S =   0.11799999999999999     
 BORN                    1.2506911994423045E-008
 SINGLE POLE (MadFKS)   -2.0044721875085699E-009
 DOUBLE POLE (MadFKS)   -1.3310056515519507E-009
 SINGLE POLE (MadLoop)  -2.0044721875084495E-009
 DOUBLE POLE (MadLoop)  -1.3310056515519465E-009
 FINITE PART (MadLoop)   1.4855516630916308E-009
   325.00000000000000        0.0000000000000000        0.0000000000000000        325.00000000000000        0.0000000000000000     
   325.00000000000000        0.0000000000000000        0.0000000000000000       -325.00000000000000        0.0000000000000000     
   47.962684009825558        35.956578899250744       -23.276637394746096        21.507764037245742        1.7769999999999999     
   72.682192084107285       -61.076509764956903       -36.522637124827142        14.673113150602724        1.7769999999999999     
   240.71834885014871        93.864710454802463       -80.424128529208645        206.55919043871015        0.0000000000000000     
   288.63677505591835       -68.744779589096339        140.22340304878188       -242.74006762655861        0.0000000000000000     

 PASSED   1.0000000000000001E-005
 MU_R    =    325.00000000000000     
 ALPHA_S =   0.11799999999999999     
 BORN                    9.0030293251529720E-011
 SINGLE POLE (MadFKS)   -3.3422310705505668E-011
 DOUBLE POLE (MadFKS)   -9.5811683317272280E-012
 SINGLE POLE (MadLoop)  -3.3422310705489783E-011
 DOUBLE POLE (MadLoop)  -9.5811683317248902E-012
 FINITE PART (MadLoop)  -3.3324069946467499E-011
   325.00000000000000        0.0000000000000000        0.0000000000000000        325.00000000000000        0.0000000000000000     
   325.00000000000000        0.0000000000000000        0.0000000000000000       -325.00000000000000        0.0000000000000000     
   206.58643322851688        205.71476563228455        14.581488007047962        11.983825492507595        1.7769999999999999     
   113.97265590325367       -39.309104837122213        64.451267578731233       -85.366486099876326        1.7769999999999999     
   211.47095419875063       -190.20124950334275       -82.277669625250908       -42.116911545545520        0.0000000000000000     
   117.96995666947879        23.795588708180109        3.2449140394715843        115.49957215291425        0.0000000000000000     

 PASSED   1.0000000000000001E-005
 MU_R    =    325.00000000000000     
 ALPHA_S =   0.11799999999999999     
 BORN                    3.0762449054614530E-009
 SINGLE POLE (MadFKS)   -4.6021409087422054E-010
 DOUBLE POLE (MadFKS)   -3.2737892107603124E-010
 SINGLE POLE (MadLoop)  -4.6021409087434136E-010
 DOUBLE POLE (MadLoop)  -3.2737892107604463E-010
 FINITE PART (MadLoop)   2.1671566627091834E-010
   325.00000000000000        0.0000000000000000        0.0000000000000000        325.00000000000000        0.0000000000000000     
   325.00000000000000        0.0000000000000000        0.0000000000000000       -325.00000000000000        0.0000000000000000     
   208.72964642958129        179.04115474852227       -41.027165850197200        99.125900440975329        1.7769999999999999     
   59.948713927387523       -18.023950196783176       -24.659078998110424        51.553444257552542        1.7769999999999999     
   88.256050111826497        3.1347735722759662        15.428117378275012        86.840524930207309        0.0000000000000000     
   293.06558953120458       -164.15197812401507        50.258127470032612       -237.51986962873517        0.0000000000000000     

 PASSED   1.0000000000000001E-005
 MU_R    =    325.00000000000000     
 ALPHA_S =   0.11799999999999999     
 BORN                    2.0983835179047018E-009
 SINGLE POLE (MadFKS)   -7.8213606387637770E-010
 DOUBLE POLE (MadFKS)   -2.2331334247015013E-010
 SINGLE POLE (MadLoop)  -7.8213606387665347E-010
 DOUBLE POLE (MadLoop)  -2.2331334247014837E-010
 FINITE PART (MadLoop)  -9.8979779864460000E-010
   325.00000000000000        0.0000000000000000        0.0000000000000000        325.00000000000000        0.0000000000000000     
   325.00000000000000        0.0000000000000000        0.0000000000000000       -325.00000000000000        0.0000000000000000     
   169.92263276924626       -97.560372187276471        130.36411681905500       -48.556299518188226        1.7769999999999999     
   294.24273051365935        212.40775969094054       -153.42967567140903        133.85777892067296        1.7769999999999999     
   161.11191230949481       -138.22607713358312        26.945952688008738       -78.259283934998166        0.0000000000000000     
   24.722724407600438        23.378689629919087       -3.8803938356546741       -7.0421954674866214        0.0000000000000000     

 PASSED   1.0000000000000001E-005
 MU_R    =    325.00000000000000     
 ALPHA_S =   0.11799999999999999     
 BORN                    1.3668815588437761E-011
 SINGLE POLE (MadFKS)   -3.7225515364240442E-012
 DOUBLE POLE (MadFKS)   -1.4546572972085052E-012
 SINGLE POLE (MadLoop)  -3.7225515364131148E-012
 DOUBLE POLE (MadLoop)  -1.4546572972085054E-012
 FINITE PART (MadLoop)  -8.7779059547871860E-013
   325.00000000000000        0.0000000000000000        0.0000000000000000        325.00000000000000        0.0000000000000000     
   325.00000000000000        0.0000000000000000        0.0000000000000000       -325.00000000000000        0.0000000000000000     
   206.39172055527749        72.502572488364066        99.016676313106984        165.93209267421014        1.7769999999999999     
   261.77366638295388       -60.003656071963697       -225.94053698102010       -117.78255256743161        1.7769999999999999     
   116.48014469972502       -61.945941917383884        97.063372471465271       -17.579138593872315        0.0000000000000000     
   65.354468362044088        49.447025500983564        29.860488196447932       -30.570401512906187        0.0000000000000000     

 PASSED   1.0000000000000001E-005
 MU_R    =    325.00000000000000     
 ALPHA_S =   0.11799999999999999     
 BORN                    1.5076392691414918E-011
 SINGLE POLE (MadFKS)   -1.9208636363961315E-012
 DOUBLE POLE (MadFKS)   -1.6044539120638049E-012
 SINGLE POLE (MadLoop)  -1.9208636363979624E-012
 DOUBLE POLE (MadLoop)  -1.6044539120660460E-012
 FINITE PART (MadLoop)   2.4079116399725965E-012
   325.00000000000000        0.0000000000000000        0.0000000000000000        325.00000000000000        0.0000000000000000     
   325.00000000000000        0.0000000000000000        0.0000000000000000       -325.00000000000000        0.0000000000000000     
   78.552717936798487       -75.661869063319088        21.039306792241621        3.0096599782373581E-002   1.7769999999999999     
   109.04352338441807        19.976516519243095        32.077985892031670       -102.27059143250888        1.7769999999999999     
   245.82872290872126       -42.166265455271095       -237.84760760695301        45.632035020776648        0.0000000000000000     
   216.57503577006219        97.851617999347084        184.73031492267972        56.608459811949835        0.0000000000000000     

 PASSED   1.0000000000000001E-005
 MU_R    =    325.00000000000000     
 ALPHA_S =   0.11799999999999999     
 BORN                    2.0381342422071968E-011
 SINGLE POLE (MadFKS)   -3.9677827853719772E-012
 DOUBLE POLE (MadFKS)   -2.1690151783341732E-012
 SINGLE POLE (MadLoop)  -3.9677827853715604E-012
 DOUBLE POLE (MadLoop)  -2.1690151783341526E-012
 FINITE PART (MadLoop)   1.9583127060541037E-012
   325.00000000000000        0.0000000000000000        0.0000000000000000        325.00000000000000        0.0000000000000000     
   325.00000000000000        0.0000000000000000        0.0000000000000000       -325.00000000000000        0.0000000000000000     
   255.16280895828598       -242.62912259883842       -50.299006681504636        60.877090438477339        1.7769999999999999     
   129.56260230426673        67.601682811480089        99.670527120456484       -47.740011431083424        1.7769999999999999     
   148.11469866373426        135.66947291455949        58.762647404719338        8.8718289728245168        0.0000000000000000     
   117.15989007371633        39.357966872798826       -108.13416784367118       -22.008907980218400        0.0000000000000000     

 PASSED   1.0000000000000001E-005
 MU_R    =    325.00000000000000     
 ALPHA_S =   0.11799999999999999     
 BORN                    5.2812790856580406E-011
 SINGLE POLE (MadFKS)   -7.2610785670199228E-012
 DOUBLE POLE (MadFKS)   -5.6204219823154225E-012
 SINGLE POLE (MadLoop)  -7.2610785670245353E-012
 DOUBLE POLE (MadLoop)  -5.6204219823154597E-012
 FINITE PART (MadLoop)   9.4396943182220229E-012
   325.00000000000000        0.0000000000000000        0.0000000000000000        325.00000000000000        0.0000000000000000     
   325.00000000000000        0.0000000000000000        0.0000000000000000       -325.00000000000000        0.0000000000000000     
   183.29942270204720        167.34039112839841        55.818630627289728        49.769414360554713        1.7769999999999999     
   53.105655277407692       -6.7863946153732106        8.9025939560124314        51.881996515377679        1.7769999999999999     
   217.83445583967568        3.0699631552495634       -163.56198106192090       -143.83985479794123        0.0000000000000000     
   195.76046618086940       -163.62395966827475        98.840756478618758        42.188443922008823        0.0000000000000000     

 PASSED   1.0000000000000001E-005
 MU_R    =    325.00000000000000     
 ALPHA_S =   0.11799999999999999     
 BORN                    1.1470278456240419E-009
 SINGLE POLE (MadFKS)   -4.4361828555997669E-010
 DOUBLE POLE (MadFKS)   -1.2206854463306602E-010
 SINGLE POLE (MadLoop)  -4.4361828555992205E-010
 DOUBLE POLE (MadLoop)  -1.2206854463306817E-010
 FINITE PART (MadLoop)  -6.4041542633304719E-010
   325.00000000000000        0.0000000000000000        0.0000000000000000        325.00000000000000        0.0000000000000000     
   325.00000000000000        0.0000000000000000        0.0000000000000000       -325.00000000000000        0.0000000000000000     
   180.48903326659556       -108.67043882346624       -29.048757008497667       -141.13836772007375        1.7769999999999999     
   220.70978623605424       -28.498922812681752        200.09801589410171        88.646756540357416        1.7769999999999999     
   224.17687113904188        153.75188420760472       -158.28595133744219        39.511837030221066        0.0000000000000000     
   24.624309358309716       -16.582522571456686       -12.763307548161775        12.979774149495272        0.0000000000000000     

 PASSED   1.0000000000000001E-005
 MU_R    =    325.00000000000000     
 ALPHA_S =   0.11799999999999999     
 BORN                    3.3566077090184062E-010
 SINGLE POLE (MadFKS)   -5.2818408353242495E-011
 DOUBLE POLE (MadFKS)   -3.5721558069158227E-011
 SINGLE POLE (MadLoop)  -5.2818408353246230E-011
 DOUBLE POLE (MadLoop)  -3.5721558069159991E-011
Thanks for using LHAPDF 6.2.1. Please make sure to cite the paper:
  Eur.Phys.J. C75 (2015) 3, 132  (http://arxiv.org/abs/1412.7420)
 FINITE PART (MadLoop)   5.8011958313256369E-011
   325.00000000000000        0.0000000000000000        0.0000000000000000        325.00000000000000        0.0000000000000000     
   325.00000000000000        0.0000000000000000        0.0000000000000000       -325.00000000000000        0.0000000000000000     
   18.118448527377023      -0.18445305552244987        14.548767536828590       -10.649872687917050        1.7769999999999999     
   221.47322764050395       -37.844070278693010       -205.29384739746854        73.956036927276912        1.7769999999999999     
   240.10983657859012       -120.70605221719582        168.70546452019363       -120.91835601331383        0.0000000000000000     
   170.29848725352892        158.73457555141118        22.039615340446296        57.612191773953953        0.0000000000000000     

 PASSED   1.0000000000000001E-005
 MU_R    =    325.00000000000000     
 ALPHA_S =   0.11799999999999999     
 BORN                    5.1948833328589727E-010
 SINGLE POLE (MadFKS)   -1.2617475736326858E-010
 DOUBLE POLE (MadFKS)   -5.5284782352922402E-011
 SINGLE POLE (MadLoop)  -1.2617475736315407E-010
 DOUBLE POLE (MadLoop)  -5.5284782352922059E-011
 FINITE PART (MadLoop)   1.9341041515290813E-011
   325.00000000000000        0.0000000000000000        0.0000000000000000        325.00000000000000        0.0000000000000000     
   325.00000000000000        0.0000000000000000        0.0000000000000000       -325.00000000000000        0.0000000000000000     
   239.78636299067784        143.68527145132714        186.19961800217553        46.675337932354154        1.7769999999999999     
   263.40186923589272       -150.65617462909412       -216.02097111446139       -3.8786689540635941        1.7769999999999999     
   71.785634389298309       -57.659388635220388       -8.2724259209171915       -41.954012636094340        0.0000000000000000     
   75.026133384131384        64.630291812987579        38.093779033203063      -0.84265634219627650        0.0000000000000000     

 PASSED   1.0000000000000001E-005
 MU_R    =    325.00000000000000     
 ALPHA_S =   0.11799999999999999     
 BORN                    1.8780502654138052E-010
 SINGLE POLE (MadFKS)   -3.3675830669296045E-011
 DOUBLE POLE (MadFKS)   -1.9986512404333334E-011
 SINGLE POLE (MadLoop)  -3.3675830669323226E-011
 DOUBLE POLE (MadLoop)  -1.9986512404333253E-011
 FINITE PART (MadLoop)   1.9321276317541833E-011
   325.00000000000000        0.0000000000000000        0.0000000000000000        325.00000000000000        0.0000000000000000     
   325.00000000000000        0.0000000000000000        0.0000000000000000       -325.00000000000000        0.0000000000000000     
   104.00040022544684       -20.346452548940508        49.803976259652529        88.986017640159673        1.7769999999999999     
   78.706098337611365       -55.327371806879277        43.766637629773726        34.854777951626161        1.7769999999999999     
   313.37494703109996        78.068755578565316       -225.43371746073302       -203.19637265707613        0.0000000000000000     
   153.91855440584180       -2.3949312227455577        131.86310357130677        79.355577065290305        0.0000000000000000     

 PASSED   1.0000000000000001E-005
 MU_R    =    325.00000000000000     
 ALPHA_S =   0.11799999999999999     
 BORN                    6.6375803324809756E-010
 SINGLE POLE (MadFKS)   -6.4459185528534488E-011
 DOUBLE POLE (MadFKS)   -7.0638195416276342E-011
 SINGLE POLE (MadLoop)  -6.4459185528535225E-011
 DOUBLE POLE (MadLoop)  -7.0638195416293532E-011
 FINITE PART (MadLoop)   1.0292336923007426E-010
   325.00000000000000        0.0000000000000000        0.0000000000000000        325.00000000000000        0.0000000000000000     
   325.00000000000000        0.0000000000000000        0.0000000000000000       -325.00000000000000        0.0000000000000000     
   7.1934578443043060       -6.1966510968168214       -3.1692234122148908      -0.38163451831700951        1.7769999999999999     
   145.29235909295920        51.608070008643345       -110.94869353821154       -78.317982570699485        1.7769999999999999     
   218.83388372045974       -177.54922479102549       -125.38060295468875        25.381998404464802        0.0000000000000000     
   278.68029934227678        132.13780587919894        239.49851990511519        53.317618684551697        0.0000000000000000     

 NUMBER OF POINTS PASSING THE CHECK          20
 NUMBER OF POINTS FAILING THE CHECK           0
 TOLERANCE    1.0000000000000001E-005
