==== LHAPDF6 USING DEFAULT-TYPE LHAGLUE INTERFACE ====
LHAPDF 6.2.1 loading /cvmfs/cms.cern.ch/slc6_amd64_gcc481/external/lhapdf/6.2.1/share/LHAPDF/NNPDF31_nnlo_as_0118_nf_4/NNPDF31_nnlo_as_0118_nf_4_0000.dat
NNPDF31_nnlo_as_0118_nf_4 PDF set, member #0, version 1; LHAPDF ID = 320900
 A PDF is used, so alpha_s(MZ) is going to be modified
 Old value of alpha_s from param_card:   0.11799999999999999     
 New value of alpha_s from PDF lhapdf :  0.11800240511781991     
 using LHAPDF
WARNING: the value of maxjetflavorspecified in the run_card (  4) is inconsistent with the number of light flavours inthe model. Hence it will be set to:  5
 *****************************************************
 *               MadGraph/MadEvent                   *
 *        --------------------------------           *
 *          http://madgraph.hep.uiuc.edu             *
 *          http://madgraph.phys.ucl.ac.be           *
 *          http://madgraph.roma2.infn.it            *
 *        --------------------------------           *
 *                                                   *
 *          PARAMETER AND COUPLING VALUES            *
 *                                                   *
 *****************************************************

  External Params
  ---------------------------------
  
 MU_R =    91.188000000000002     
 aEWM1 =    132.50700000000001     
 mdl_Gf =    1.1663900000000000E-005
 aS =   0.11799999999999999     
 mdl_ymt =    173.00000000000000     
 mdl_ymtau =    1.7769999999999999     
 mdl_MT =    173.00000000000000     
 mdl_MZ =    91.188000000000002     
 mdl_MH =    125.00000000000000     
 mdl_MTA =    1.7769999999999999     
 mdl_WT =    1.4915000000000000     
 mdl_WZ =    2.4414039999999999     
 mdl_WW =    2.0476000000000001     
 mdl_WH =    6.3823389999999999E-003
  Internal Params
  ---------------------------------
  
 mdl_conjg__CKM3x3 =    1.0000000000000000     
 mdl_CKM22 =    1.0000000000000000     
 mdl_I4x33 =    0.0000000000000000     
 mdl_I1x33 =    0.0000000000000000     
 mdl_lhv =    1.0000000000000000     
 mdl_CKM3x3 =    1.0000000000000000     
 mdl_conjg__CKM22 =    1.0000000000000000     
 mdl_conjg__CKM33 =    1.0000000000000000     
 mdl_Ncol =    3.0000000000000000     
 mdl_CA =    3.0000000000000000     
 mdl_TF =   0.50000000000000000     
 mdl_CF =    1.3333333333333333     
 mdl_complexi =  (  0.0000000000000000     ,  1.0000000000000000     )
 mdl_MZ__exp__2 =    8315.2513440000002     
 mdl_MZ__exp__4 =    69143404.913893804     
 mdl_sqrt__2 =    1.4142135623730951     
 mdl_MH__exp__2 =    15625.000000000000     
 mdl_Ncol__exp__2 =    9.0000000000000000     
 mdl_MT__exp__2 =    29929.000000000000     
 mdl_aEW =    7.5467711139788835E-003
 mdl_MW =    80.419002445756163     
 mdl_sqrt__aEW =    8.6872153846781555E-002
 mdl_ee =   0.30795376724436879     
 mdl_MW__exp__2 =    6467.2159543705357     
 mdl_sw2 =   0.22224648578577766     
 mdl_cw =   0.88190334743339216     
 mdl_sqrt__sw2 =   0.47143025548407230     
 mdl_sw =   0.47143025548407230     
 mdl_g1 =   0.34919219678733299     
 mdl_gw =   0.65323293034757990     
 mdl_v =    246.21845810181637     
 mdl_v__exp__2 =    60623.529110035903     
 mdl_lam =   0.12886910601690263     
 mdl_yt =   0.99366614581500623     
 mdl_ytau =    1.0206617000654717E-002
 mdl_muH =    88.388347648318430     
 mdl_AxialZUp =  -0.18517701861793787     
 mdl_AxialZDown =   0.18517701861793787     
 mdl_VectorZUp =    7.5430507588273299E-002
 mdl_VectorZDown =  -0.13030376310310560     
 mdl_VectorAUp =   0.20530251149624587     
 mdl_VectorADown =  -0.10265125574812294     
 mdl_VectorWmDxU =   0.23095271737156670     
 mdl_AxialWmDxU =  -0.23095271737156670     
 mdl_VectorWpUxD =   0.23095271737156670     
 mdl_AxialWpUxD =  -0.23095271737156670     
 mdl_I2x33 =  ( 0.99366614581500623     ,  0.0000000000000000     )
 mdl_I3x33 =  ( 0.99366614581500623     ,  0.0000000000000000     )
 mdl_Vector_tbGp =  (-0.99366614581500623     ,  0.0000000000000000     )
 mdl_Axial_tbGp =  (-0.99366614581500623     , -0.0000000000000000     )
 mdl_Vector_tbGm =  ( 0.99366614581500623     ,  0.0000000000000000     )
 mdl_Axial_tbGm =  (-0.99366614581500623     ,  0.0000000000000000     )
 mdl_gw__exp__2 =   0.42671326129048615     
 mdl_cw__exp__2 =   0.77775351421422245     
 mdl_ee__exp__2 =    9.4835522759998875E-002
 mdl_sw__exp__2 =   0.22224648578577769     
 mdl_yt__exp__2 =   0.98737240933884918     
  Internal Params evaluated point by point
  ----------------------------------------
  
 mdl_sqrt__aS =   0.34351128074635334     
 mdl_G__exp__4 =    2.1987899468922913     
 mdl_G__exp__2 =    1.4828317324943823     
 mdl_R2MixedFactor_FIN_ =   -2.5040377713124864E-002
 mdl_G_UVg_1EPS_ =   -5.1645779033320030E-002
 mdl_G_UVq_1EPS_ =    3.1300472141406080E-003
 mdl_GWcft_UV_t_1EPS_ =   -3.1300472141406080E-003
 mdl_tWcft_UV_1EPS_ =   -1.8780283284843650E-002
 mdl_G__exp__3 =    1.8056676068262196     
 mdl_MU_R__exp__2 =    8315.2513440000002     
 mdl_G_UVt_FIN_ =   -4.0087659331150384E-003
 mdl_GWcft_UV_t_FIN_ =    4.0087659331150384E-003
 mdl_tWcft_UV_FIN_ =   -9.8778211443463623E-004
  Couplings of loop_sm-no_b_mass
  ---------------------------------
  
      UV_GQQt =   0.00000E+00  -0.48815E-02
   UVWfct_G_2 =   0.40088E-02   0.00000E+00
       R2_DDA =   0.00000E+00   0.25704E-02
       R2_UUA =  -0.00000E+00  -0.51409E-02
    R2_DDZ_V2 =   0.00000E+00   0.72127E-02
    R2_UUZ_V2 =  -0.00000E+00  -0.72127E-02
    R2_UUZ_V5 =   0.00000E+00   0.68702E-03
      R2_GGHt =   0.00000E+00  -0.45657E+01
     R2_GGZup =  -0.46369E-02   0.00000E+00
   R2_GGZdown =   0.46369E-02   0.00000E+00
    R2_GGZAup =   0.00000E+00   0.19389E-03
  R2_GGZAdown =   0.00000E+00   0.16747E-03
  R2_GGAAdown =   0.00000E+00   0.13193E-03
    R2_GGAAup =   0.00000E+00   0.52771E-03
         GC_4 =  -0.12177E+01   0.00000E+00
         GC_5 =   0.00000E+00   0.12177E+01
       R2_GQQ =  -0.00000E+00  -0.30492E-01
       R2_QQq =   0.00000E+00   0.12520E-01
 UV_GQQg_1eps =   0.00000E+00  -0.62890E-01
 UV_GQQq_1eps =   0.00000E+00   0.38115E-02
 UVWfct_G_2_1eps -0.31300E-02   0.00000E+00
         GC_1 =  -0.00000E+00  -0.10265E+00
         GC_2 =   0.00000E+00   0.20530E+00
        GC_21 =  -0.00000E+00  -0.28804E+00
        GC_22 =   0.00000E+00   0.28804E+00
        GC_23 =  -0.00000E+00  -0.27437E-01
        GC_24 =   0.00000E+00   0.82310E-01
        GC_37 =  -0.00000E+00  -0.70263E+00
        GC_38 =  -0.00000E+00  -0.72172E-02
      GC_1003 =  -0.00000E+00  -0.30795E+00

 Collider parameters:
 --------------------

 Running at P P   machine @    13000.000000000000       GeV
 PDF set = lhapdf 
 alpha_s(Mz)= 0.1180 running at 3 loops.
 alpha_s(Mz)= 0.1180 running at 3 loops.
 Renormalization scale set on event-by-event basis
 Factorization   scale set on event-by-event basis


 ===============================================================
 INFO: MadFKS read these parameters from FKS_params.dat
 ===============================================================
  > IRPoleCheckThreshold      =    1.0000000000000001E-005
  > PrecisionVirtualAtRunTime =    1.0000000000000000E-003
  > NHelForMCoverHels         =            4
  > VirtualFraction           =    1.0000000000000000     
  > MinVirtualFraction        =    5.0000000000000001E-003
 ===============================================================
  Insert the number of points to test
 Insert the relative tolerance
  A negative number will mean use the default one:    1.0000000000000001E-005
Using random seed offsets:     1 ,     29 ,      0
  with seed                   32
 Ranmar initialization seeds       10730        9435
  ========================================================================================== 
 {                                                                                          }
 {       [32m                                                                            [0m       }
 {       [32m                               ,,                                           [0m       }
 {       [32m`7MMM.     ,MMF'             `7MM  `7MMF'                                   [0m       }
 {       [32m  MMMb    dPMM                 MM    MM                                     [0m       }
 {       [32m  M YM   ,M MM   ,6"Yb.   ,M""bMM    MM         ,pW"Wq.   ,pW"Wq.`7MMpdMAo. [0m       }
 {       [32m  M  Mb  M' MM  8)   MM ,AP    MM    MM        6W'   `Wb 6W'   `Wb MM   `Wb [0m       }
 {       [32m  M  YM.P'  MM   ,pm9MM 8MI    MM    MM      , 8M     M8 8M     M8 MM    M8 [0m       }
 {       [32m  M  `YM'   MM  8M   MM `Mb    MM    MM     ,M YA.   ,A9 YA.   ,A9 MM   ,AP [0m       }
 {       [32m.JML. `'  .JMML.`Moo9^Yo.`Wbmd"MML..JMMmmmmMMM  `Ybmd9'   `Ybmd9'  MMbmmd'  [0m       }
 {       [32m                                                                   MM       [0m       }
 {       [32m                                                                 .JMML.     [0m       }
 {       [32m[0mv2.6.1 (2017-12-12), Ref: arXiv:1103.0621v2, arXiv:1405.0301[32m                [0m       }
 {       [32m                                                                            [0m       }
 {                                                                                          }
  ========================================================================================== 
 ===============================================================
 INFO: MadLoop read these parameters from ./MadLoop5_resources/MadLoopParams.dat                                                                                                                                                                                                                                                                                                                                                                                                                                                                                          
 ===============================================================
  > MLReductionLib            = 6|7|1
  > CTModeRun                 =           -1
  > MLStabThres               =    1.0000000000000000E-003
  > NRotations_DP             =            0
  > NRotations_QP             =            0
  > CTStabThres               =    1.0000000000000000E-002
  > CTLoopLibrary             =            2
  > CTModeInit                =            1
  > CheckCycle                =            3
  > MaxAttempts               =           10
  > UseLoopFilter             =  F
  > HelicityFilterLevel       =            2
  > ImprovePSPoint            =            2
  > DoubleCheckHelicityFilter =  T
  > LoopInitStartOver         =  F
  > HelInitStartOver          =  F
  > ZeroThres                 =    1.0000000000000001E-009
  > OSThres                   =    1.0000000000000000E-008
  > WriteOutFilters           =  T
  > UseQPIntegrandForNinja    =  T
  > UseQPIntegrandForCutTools =  T
  > IREGIMODE                 =            2
  > IREGIRECY                 =  T
  > COLLIERMode               =            1
  > COLLIERRequiredAccuracy   =    1.0000000000000000E-008
  > COLLIERCanOutput          =  F
  > COLLIERComputeUVpoles     =  T
  > COLLIERComputeIRpoles     =  T
  > COLLIERGlobalCache        =           -1
  > COLLIERUseCacheForPoles   =  F
  > COLLIERUseInternalStabilityTest =  T
 ===============================================================
  
------------------------------------------------------------------------
|              You are using CutTools - Version 1.9.3                  |
|              Authors: G. Ossola, C. Papadopoulos, R. Pittau          |
|              Published in JHEP 0803:042,2008                         |
|              http://www.ugr.es/~pittau/CutTools                      |
|                                                                      |
|              Compiler with  34  significant digits detetected        |
 ---------------------------------------------------------------------- 
   
########################################################################
#                                                                      #
#                      You are using OneLOop-3.6                       #
#                                                                      #
# for the evaluation of 1-loop scalar 1-, 2-, 3- and 4-point functions #
#                                                                      #
# author: Andreas van Hameren <hamerenREMOVETHIS@ifj.edu.pl>           #
#   date: 18-02-2015                                                   #
#                                                                      #
# Please cite                                                          #
#    A. van Hameren,                                                   #
#      Comput.Phys.Commun. 182 (2011) 2427-2438, arXiv:1007.4716       #
#    A. van Hameren, C.G. Papadopoulos and R. Pittau,                  #
#      JHEP 0909:106,2009, arXiv:0903.4665                             #
# in publications with results obtained with the help of this program. #
#                                                                      #
########################################################################
 PASSED   1.0000000000000001E-005
 MU_R    =    325.00000000000000     
 ALPHA_S =   0.11799999999999999     
 BORN                    3.1263412292133176E-012
 SINGLE POLE (MadFKS)   -2.3790573676873953E-013
 DOUBLE POLE (MadFKS)   -3.3271025226837031E-013
 SINGLE POLE (MadLoop)  -2.3790573676323477E-013
 DOUBLE POLE (MadLoop)  -3.3271025226837051E-013
 FINITE PART (MadLoop)   4.8281508023940748E-013
   325.00000000000000        0.0000000000000000        0.0000000000000000        325.00000000000000        0.0000000000000000     
   325.00000000000000        0.0000000000000000        0.0000000000000000       -325.00000000000000        0.0000000000000000     
   98.620239044783233       -18.182206277775265       -90.017658892381021       -35.946905453147870        0.0000000000000000     
   200.19389644173691       -65.347455322076172        181.80138294728553       -52.493460677579257        0.0000000000000000     
   152.84096459247010       -42.961848628669451        53.169109474010220        136.70291078724219        0.0000000000000000     
   198.34489992100976        126.49151022852089       -144.95283352891471       -48.262544656515068        0.0000000000000000     

 PASSED   1.0000000000000001E-005
 MU_R    =    325.00000000000000     
 ALPHA_S =   0.11799999999999999     
 BORN                    3.2962998446967706E-013
 SINGLE POLE (MadFKS)   -1.8730156240941474E-014
 DOUBLE POLE (MadFKS)   -3.5079752095941839E-014
 SINGLE POLE (MadLoop)  -1.8730156241020379E-014
 DOUBLE POLE (MadLoop)  -3.5079752095941725E-014
 FINITE PART (MadLoop)   1.6177431200098042E-014
   325.00000000000000        0.0000000000000000        0.0000000000000000        325.00000000000000        0.0000000000000000     
   325.00000000000000        0.0000000000000000        0.0000000000000000       -325.00000000000000        0.0000000000000000     
   243.41865366635835       -163.67033001282974       -120.41869320342012       -134.02985620157364        0.0000000000000000     
   138.83903642902959       -73.681284674482086        84.446509303089044        81.952018838968414        0.0000000000000000     
   155.24313077986645        146.04614189641305        51.292509511746523       -11.833535375994211        0.0000000000000000     
   112.49917912474537        91.305472790898818       -15.320325611415434        63.911372738599468        0.0000000000000000     

 PASSED   1.0000000000000001E-005
 MU_R    =    325.00000000000000     
 ALPHA_S =   0.11799999999999999     
 BORN                    8.6738140622599594E-012
 SINGLE POLE (MadFKS)   -2.5577312317388698E-012
 DOUBLE POLE (MadFKS)   -9.2308121641271418E-013
 SINGLE POLE (MadLoop)  -2.5577312317376096E-012
 DOUBLE POLE (MadLoop)  -9.2308121641266066E-013
 FINITE PART (MadLoop)  -1.1050437662112038E-012
   325.00000000000000        0.0000000000000000        0.0000000000000000        325.00000000000000        0.0000000000000000     
   325.00000000000000        0.0000000000000000        0.0000000000000000       -325.00000000000000        0.0000000000000000     
   160.06868335569050        116.56925868746771        28.875938965108492        105.82897273035339        0.0000000000000000     
   110.63311097177325        60.081464383706702       -92.671739829225587        6.4692749073141842        0.0000000000000000     
   175.50133850013228       -143.86271658419554        48.154700390588111        88.234706451861570        0.0000000000000000     
   203.79686717240375       -32.788006486978972        15.641100473528986       -200.53295408952920        0.0000000000000000     

 PASSED   1.0000000000000001E-005
 MU_R    =    325.00000000000000     
 ALPHA_S =   0.11799999999999999     
 BORN                    1.3142321098559387E-011
 SINGLE POLE (MadFKS)   -1.7592526833301269E-012
 DOUBLE POLE (MadFKS)   -1.3986269084241632E-012
 SINGLE POLE (MadLoop)  -1.7592526833398869E-012
 DOUBLE POLE (MadLoop)  -1.3986269084241676E-012
 FINITE PART (MadLoop)   1.5469059242533673E-012
   325.00000000000000        0.0000000000000000        0.0000000000000000        325.00000000000000        0.0000000000000000     
   325.00000000000000        0.0000000000000000        0.0000000000000000       -325.00000000000000        0.0000000000000000     
   157.10604306858599       -106.39846557094364        41.360133769053377        107.93986579305680        0.0000000000000000     
   96.524362118994389        6.4656273166966729        94.628384590136847        17.905780511932392        0.0000000000000000     
   114.68311656391251       -43.492607056926715       -41.785914642100359        97.542542993951159        0.0000000000000000     
   281.68647824850723        143.42544531117366       -94.202603717089744       -223.38818929894043        0.0000000000000000     

 PASSED   1.0000000000000001E-005
 MU_R    =    325.00000000000000     
 ALPHA_S =   0.11799999999999999     
 BORN                    1.2758310449631813E-013
 SINGLE POLE (MadFKS)   -2.5380836080325337E-015
 DOUBLE POLE (MadFKS)   -1.3577598787203763E-014
 SINGLE POLE (MadLoop)  -2.5380836079457713E-015
 DOUBLE POLE (MadLoop)  -1.3577598787203493E-014
 FINITE PART (MadLoop)   7.4224686017859079E-014
   325.00000000000000        0.0000000000000000        0.0000000000000000        325.00000000000000        0.0000000000000000     
   325.00000000000000        0.0000000000000000        0.0000000000000000       -325.00000000000000        0.0000000000000000     
   79.604431367256112        36.872281986182358       -59.349057743754805        38.144326699577476        0.0000000000000000     
   162.26635384913951       -146.45878114811904       -3.3843765599966851       -69.776364274743258        0.0000000000000000     
   239.71981686096456        190.22216847484486        91.869457972520365       -113.31866531343118        0.0000000000000000     
   168.40939792263993       -80.635669312908121       -29.136023668768932        144.95070288859702        0.0000000000000000     

 PASSED   1.0000000000000001E-005
 MU_R    =    325.00000000000000     
 ALPHA_S =   0.11799999999999999     
 BORN                    9.8894777167927138E-013
 SINGLE POLE (MadFKS)   -4.0951693329162666E-014
 DOUBLE POLE (MadFKS)   -1.0524540940095903E-013
 SINGLE POLE (MadLoop)  -4.0951693329240246E-014
 DOUBLE POLE (MadLoop)  -1.0524540940095893E-013
 FINITE PART (MadLoop)  -1.0435831395206445E-013
   325.00000000000000        0.0000000000000000        0.0000000000000000        325.00000000000000        0.0000000000000000     
   325.00000000000000        0.0000000000000000        0.0000000000000000       -325.00000000000000        0.0000000000000000     
   69.040470391389036       -66.915274709257105       -1.0465472112959917        16.965768517324847        0.0000000000000000     
   130.44857784941689        94.215400213439324       -45.166619074767247        78.104201851831945        0.0000000000000000     
   268.90670487783041       0.27452076861914387        210.55151280139782       -167.26864925515150        0.0000000000000000     
   181.60424688136351       -27.574646272801310       -164.33834651533445        72.198678885994710        0.0000000000000000     

 PASSED   1.0000000000000001E-005
 MU_R    =    325.00000000000000     
 ALPHA_S =   0.11799999999999999     
 BORN                    2.0839592473863002E-012
 SINGLE POLE (MadFKS)   -4.2041716136821393E-013
 DOUBLE POLE (MadFKS)   -2.2177828844657761E-013
 SINGLE POLE (MadLoop)  -4.2041716138297742E-013
 DOUBLE POLE (MadLoop)  -2.2177828844658183E-013
 FINITE PART (MadLoop)  -1.3830830187332823E-013
   325.00000000000000        0.0000000000000000        0.0000000000000000        325.00000000000000        0.0000000000000000     
   325.00000000000000        0.0000000000000000        0.0000000000000000       -325.00000000000000        0.0000000000000000     
   266.64123314864514       -163.78120319992001       -69.823808642689642        198.48904362721308        0.0000000000000000     
   126.20481328221288        22.272718388161113        124.22300090565410      -0.47640024532745173        0.0000000000000000     
   139.39837414869140        82.480618459187966       -58.110056373922227       -96.187710452572901        0.0000000000000000     
   117.75557942045046        59.027866352570932        3.7108641109577460       -101.82493292931277        0.0000000000000000     

 PASSED   1.0000000000000001E-005
 MU_R    =    325.00000000000000     
 ALPHA_S =   0.11799999999999999     
 BORN                    3.5033224107658670E-012
 SINGLE POLE (MadFKS)   -4.0815337554651755E-013
 DOUBLE POLE (MadFKS)   -3.7282919476983809E-013
 SINGLE POLE (MadLoop)  -4.0815337554644414E-013
 DOUBLE POLE (MadLoop)  -3.7282919476983885E-013
 FINITE PART (MadLoop)   2.0444962828585403E-013
   325.00000000000000        0.0000000000000000        0.0000000000000000        325.00000000000000        0.0000000000000000     
   325.00000000000000        0.0000000000000000        0.0000000000000000       -325.00000000000000        0.0000000000000000     
   86.749392676209084       -72.927628248804311        26.830577233192312        38.563432070149325        0.0000000000000000     
   121.21904117087665        118.72611437572363       -16.419141679080493        18.126706654865959        0.0000000000000000     
   195.95545452004990        7.8011342924315255        160.76009199219098        111.77600494995804        0.0000000000000000     
   246.07611163286438       -53.599620419350835       -171.17152754630274       -168.46614367497332        0.0000000000000000     

 PASSED   1.0000000000000001E-005
 MU_R    =    325.00000000000000     
 ALPHA_S =   0.11799999999999999     
 BORN                    1.9625511913192882E-012
 SINGLE POLE (MadFKS)   -2.0115419553526607E-013
 DOUBLE POLE (MadFKS)   -2.0885784822590718E-013
 SINGLE POLE (MadLoop)  -2.0115419553147118E-013
 DOUBLE POLE (MadLoop)  -2.0885784822590686E-013
 FINITE PART (MadLoop)   3.8231638690333026E-013
   325.00000000000000        0.0000000000000000        0.0000000000000000        325.00000000000000        0.0000000000000000     
   325.00000000000000        0.0000000000000000        0.0000000000000000       -325.00000000000000        0.0000000000000000     
   65.530367243239510       -16.335722681481709       -48.618762796564653        40.787119285859639        0.0000000000000000     
   252.12199944303953        136.57873890699113        164.47568536107522        133.63943881480711        0.0000000000000000     
   269.60608949105131       -90.281264539309817       -168.77348031095329       -189.87429817531438        0.0000000000000000     
   62.741543822669549       -29.961751686199637        52.916557746442685        15.447740074647621        0.0000000000000000     

 PASSED   1.0000000000000001E-005
 MU_R    =    325.00000000000000     
 ALPHA_S =   0.11799999999999999     
 BORN                    8.9981751917912012E-013
 SINGLE POLE (MadFKS)   -1.1898854631858058E-013
 DOUBLE POLE (MadFKS)   -9.5760024850811612E-014
 SINGLE POLE (MadLoop)  -1.1898850255807182E-013
 DOUBLE POLE (MadLoop)  -9.5760024850811789E-014
 FINITE PART (MadLoop)   8.0145633385736488E-014
   325.00000000000000        0.0000000000000000        0.0000000000000000        325.00000000000000        0.0000000000000000     
   325.00000000000000        0.0000000000000000        0.0000000000000000       -325.00000000000000        0.0000000000000000     
   202.25923215695337        76.361958518063190        186.55012757594969        16.634247365085546        0.0000000000000000     
   124.94651396229548       -43.506994198372816        44.426358961888184        108.37468079095926        0.0000000000000000     
   94.313581521566931       -26.589651556109477       -78.489913520174852        45.026387431653959        0.0000000000000000     
   228.48067235918421       -6.2653127635808872       -152.48657301766298       -170.03531558769879        0.0000000000000000     

 PASSED   1.0000000000000001E-005
 MU_R    =    325.00000000000000     
 ALPHA_S =   0.11799999999999999     
 BORN                    9.2744770115598759E-014
 SINGLE POLE (MadFKS)   -2.8411621537396703E-015
 DOUBLE POLE (MadFKS)   -9.8700473170989948E-015
 SINGLE POLE (MadLoop)  -2.8411621536236036E-015
 DOUBLE POLE (MadLoop)  -9.8700473170985546E-015
 FINITE PART (MadLoop)   3.5731125951746605E-014
   325.00000000000000        0.0000000000000000        0.0000000000000000        325.00000000000000        0.0000000000000000     
   325.00000000000000        0.0000000000000000        0.0000000000000000       -325.00000000000000        0.0000000000000000     
   159.59487186337358        142.27670616687357        72.100752173161155        5.4169681055143339        0.0000000000000000     
   156.03008562991548        14.213388206955104       -153.69281448361372        22.844824216059408        0.0000000000000000     
   224.18834267960310       -171.48456540244823        54.078251558103382       -133.89921407752601        0.0000000000000000     
   110.18669982710769        14.994471028619516        27.513810752349080        105.63742175595233        0.0000000000000000     

 PASSED   1.0000000000000001E-005
 MU_R    =    325.00000000000000     
 ALPHA_S =   0.11799999999999999     
 BORN                    8.5902150997249941E-012
 SINGLE POLE (MadFKS)   -1.4893841701113028E-013
 DOUBLE POLE (MadFKS)   -9.1418448061993537E-013
 SINGLE POLE (MadLoop)  -1.4893841701377015E-013
 DOUBLE POLE (MadLoop)  -9.1418448061993012E-013
 FINITE PART (MadLoop)   8.8352710770851341E-013
   325.00000000000000        0.0000000000000000        0.0000000000000000        325.00000000000000        0.0000000000000000     
   325.00000000000000        0.0000000000000000        0.0000000000000000       -325.00000000000000        0.0000000000000000     
   280.96689815431017        264.53418659907953       -20.887457083914182       -92.345958847074300        0.0000000000000000     
   49.892588342532932        2.2134839567316535        44.667451249730185       -22.117632313240975        0.0000000000000000     
   47.789559618616956       -28.424520725828984       -35.471989302792316       -14.752172889132277        0.0000000000000000     
   271.35095388453999       -238.32314982998221        11.691995136976274        129.21576404944756        0.0000000000000000     

 PASSED   1.0000000000000001E-005
 MU_R    =    325.00000000000000     
 ALPHA_S =   0.11799999999999999     
 BORN                    3.9692038351262004E-013
 SINGLE POLE (MadFKS)   -6.7632068588136568E-015
 DOUBLE POLE (MadFKS)   -4.2240904382076133E-014
 SINGLE POLE (MadLoop)  -6.7632068592581768E-015
 DOUBLE POLE (MadLoop)  -4.2240904382075755E-014
 FINITE PART (MadLoop)  -1.6013006688218991E-013
   325.00000000000000        0.0000000000000000        0.0000000000000000        325.00000000000000        0.0000000000000000     
   325.00000000000000        0.0000000000000000        0.0000000000000000       -325.00000000000000        0.0000000000000000     
   81.497202823649531        17.788639380378399       -79.111488500379323       -8.1688900303695711        0.0000000000000000     
   236.56634991539448       -145.92696144503569       -13.217459129612184       -185.72630026431085        0.0000000000000000     
   140.45005455240735        133.40589325527500       -20.158956294032276        39.021813767067002        0.0000000000000000     
   191.48639270854866       -5.2675711906177280        112.48790392402378        154.87337652761343        0.0000000000000000     

 PASSED   1.0000000000000001E-005
 MU_R    =    325.00000000000000     
 ALPHA_S =   0.11799999999999999     
 BORN                    3.2344536845467956E-014
 SINGLE POLE (MadFKS)   -1.5729469324009041E-015
 DOUBLE POLE (MadFKS)   -3.4421575331580575E-015
 SINGLE POLE (MadLoop)  -1.5729469323786418E-015
 DOUBLE POLE (MadLoop)  -3.4421575331579668E-015
 FINITE PART (MadLoop)   1.3855010466392070E-014
   325.00000000000000        0.0000000000000000        0.0000000000000000        325.00000000000000        0.0000000000000000     
   325.00000000000000        0.0000000000000000        0.0000000000000000       -325.00000000000000        0.0000000000000000     
   139.67903187174809        93.751258879551003        75.661389009437585        70.684422727293949        0.0000000000000000     
   197.46271420842606        117.11850737528260        85.599517447490982       -133.96828484944155        0.0000000000000000     
   211.08876867062392       -178.45112935390048       -111.12029919101920       -19.129605299013495        0.0000000000000000     
   101.76948524920167       -32.418636900933173       -50.140607265909345        82.413467421161030        0.0000000000000000     

 PASSED   1.0000000000000001E-005
 MU_R    =    325.00000000000000     
 ALPHA_S =   0.11799999999999999     
 BORN                    7.8454640258954685E-012
 SINGLE POLE (MadFKS)   -7.9286779584531915E-013
 DOUBLE POLE (MadFKS)   -8.3492687580841200E-013
 SINGLE POLE (MadLoop)  -7.9286779584536438E-013
 DOUBLE POLE (MadLoop)  -8.3492687580839595E-013
 FINITE PART (MadLoop)   2.4000686694731192E-012
   325.00000000000000        0.0000000000000000        0.0000000000000000        325.00000000000000        0.0000000000000000     
   325.00000000000000        0.0000000000000000        0.0000000000000000       -325.00000000000000        0.0000000000000000     
   208.17216392187069        105.66987463059331        122.27523106701018       -131.21850210613650        0.0000000000000000     
   139.75253587631823       -78.648034061575913       -27.151404296271078       -112.28561469240505        0.0000000000000000     
   233.48991296770555       -25.321745912889618       -27.815606307308471        230.44010216832183        0.0000000000000000     
   68.585387234105269       -1.7000946561277168       -67.308220463430644        13.064014630219631        0.0000000000000000     

 PASSED   1.0000000000000001E-005
 MU_R    =    325.00000000000000     
 ALPHA_S =   0.11799999999999999     
 BORN                    1.3798127540798880E-012
 SINGLE POLE (MadFKS)   -1.5392485913309755E-013
 DOUBLE POLE (MadFKS)   -1.4684188827607673E-013
 SINGLE POLE (MadLoop)  -1.5392485913297050E-013
 DOUBLE POLE (MadLoop)  -1.4684188827607597E-013
 FINITE PART (MadLoop)   1.1194565458541029E-013
   325.00000000000000        0.0000000000000000        0.0000000000000000        325.00000000000000        0.0000000000000000     
   325.00000000000000        0.0000000000000000        0.0000000000000000       -325.00000000000000        0.0000000000000000     
   217.25327835723692       -131.17281310490202        84.858697275594480       -150.96914107128802        0.0000000000000000     
   80.957110349772378        66.279193420770653       -46.463048618782985        1.5189959598042897        0.0000000000000000     
   225.11949574329302        70.464322159398549        78.020799380217653        199.06361176870797        0.0000000000000000     
   126.67011554969761       -5.5707024752671925       -116.41644803702913       -49.613466657224230        0.0000000000000000     

 PASSED   1.0000000000000001E-005
 MU_R    =    325.00000000000000     
 ALPHA_S =   0.11799999999999999     
 BORN                    8.0057090147241997E-013
 SINGLE POLE (MadFKS)   -5.4400801937537282E-014
 DOUBLE POLE (MadFKS)   -8.5198040475776633E-014
 SINGLE POLE (MadLoop)  -5.4400801921722110E-014
 DOUBLE POLE (MadLoop)  -8.5198040475776179E-014
Thanks for using LHAPDF 6.2.1. Please make sure to cite the paper:
  Eur.Phys.J. C75 (2015) 3, 132  (http://arxiv.org/abs/1412.7420)
 FINITE PART (MadLoop)   1.1063040186126890E-013
   325.00000000000000        0.0000000000000000        0.0000000000000000        325.00000000000000        0.0000000000000000     
   325.00000000000000        0.0000000000000000        0.0000000000000000       -325.00000000000000        0.0000000000000000     
   91.327631827466178       -77.311822263152706       -29.985231322726953       -38.268843411925275        0.0000000000000000     
   130.37704516083286       -11.441803778387365        74.377772948432906        106.46692407690824        0.0000000000000000     
   211.38658677454254       -52.937401779237369       -203.03155259945802       -25.692590568261668        0.0000000000000000     
   216.90873623715808        141.69102782077732        158.63901097375219       -42.505490096721346        0.0000000000000000     

 PASSED   1.0000000000000001E-005
 MU_R    =    325.00000000000000     
 ALPHA_S =   0.11799999999999999     
 BORN                    2.4324271365728382E-013
 SINGLE POLE (MadFKS)   -1.2075763679208889E-014
 DOUBLE POLE (MadFKS)   -2.5886280060261420E-014
 SINGLE POLE (MadLoop)  -1.2075763657218946E-014
 DOUBLE POLE (MadLoop)  -2.5886280060261389E-014
 FINITE PART (MadLoop)   3.5092005696805379E-014
   325.00000000000000        0.0000000000000000        0.0000000000000000        325.00000000000000        0.0000000000000000     
   325.00000000000000        0.0000000000000000        0.0000000000000000       -325.00000000000000        0.0000000000000000     
   111.69911335090724       -14.193413067074871       -16.135529842578112        109.61242459495855        0.0000000000000000     
   169.52197021092078        29.737118230152678        106.05850009024515       -128.86037692854114        0.0000000000000000     
   185.87521393984247       -182.28192242864210       -27.935225881312572       -23.292038722721333        0.0000000000000000     
   182.90370249832964        166.73821726556429       -61.987744366354505        42.539991056303926        0.0000000000000000     

 PASSED   1.0000000000000001E-005
 MU_R    =    325.00000000000000     
 ALPHA_S =   0.11799999999999999     
 BORN                    2.1545206719933988E-012
 SINGLE POLE (MadFKS)   -6.2962564942188893E-013
 DOUBLE POLE (MadFKS)   -2.2928754852416380E-013
 SINGLE POLE (MadLoop)  -6.2962564942167688E-013
 DOUBLE POLE (MadLoop)  -2.2928754852416804E-013
 FINITE PART (MadLoop)  -1.3703626957312736E-012
   325.00000000000000        0.0000000000000000        0.0000000000000000        325.00000000000000        0.0000000000000000     
   325.00000000000000        0.0000000000000000        0.0000000000000000       -325.00000000000000        0.0000000000000000     
   76.620194980806176        8.5931890808263756        37.893490749624050       -66.037070945992738        0.0000000000000000     
   285.02080821602050        71.830051582566952        175.61754941879281        212.68704977477393        0.0000000000000000     
   254.79491229403880       -92.294116624724836       -207.30479414040406       -115.87478454691218        0.0000000000000000     
   33.564084509134538        11.870875961331516       -6.2062460280127878       -30.775194281868988        0.0000000000000000     

 PASSED   1.0000000000000001E-005
 MU_R    =    325.00000000000000     
 ALPHA_S =   0.11799999999999999     
 BORN                    3.2790509427906028E-012
 SINGLE POLE (MadFKS)   -8.2536189271744488E-014
 DOUBLE POLE (MadFKS)   -3.4896186512923323E-013
 SINGLE POLE (MadLoop)  -8.2536189271316622E-014
 DOUBLE POLE (MadLoop)  -3.4896186512923803E-013
 FINITE PART (MadLoop)   2.2128222068526920E-013
   325.00000000000000        0.0000000000000000        0.0000000000000000        325.00000000000000        0.0000000000000000     
   325.00000000000000        0.0000000000000000        0.0000000000000000       -325.00000000000000        0.0000000000000000     
   113.35284671146215        57.137683057808594       -93.004985144077565        30.565107078621143        0.0000000000000000     
   186.76971683000755       -107.81190405685234       -144.73503339384564       -48.075883526771065        0.0000000000000000     
   73.361137950856261       -27.756113120159281       -13.760093935704624       -66.498981652248403        0.0000000000000000     
   276.51629850767347        78.430334119203351        251.50011247362792        84.009758100398528        0.0000000000000000     

 NUMBER OF POINTS PASSING THE CHECK          20
 NUMBER OF POINTS FAILING THE CHECK           0
 TOLERANCE    1.0000000000000001E-005
