==== LHAPDF6 USING DEFAULT-TYPE LHAGLUE INTERFACE ====
LHAPDF 6.2.1 loading /cvmfs/cms.cern.ch/slc6_amd64_gcc481/external/lhapdf/6.2.1/share/LHAPDF/NNPDF31_nnlo_as_0118_nf_4/NNPDF31_nnlo_as_0118_nf_4_0000.dat
NNPDF31_nnlo_as_0118_nf_4 PDF set, member #0, version 1; LHAPDF ID = 320900
 A PDF is used, so alpha_s(MZ) is going to be modified
 Old value of alpha_s from param_card:   0.11799999999999999     
 New value of alpha_s from PDF lhapdf :  0.11800240511781991     
 using LHAPDF
WARNING: the value of maxjetflavorspecified in the run_card (  4) is inconsistent with the number of light flavours inthe model. Hence it will be set to:  5
 *****************************************************
 *               MadGraph/MadEvent                   *
 *        --------------------------------           *
 *          http://madgraph.hep.uiuc.edu             *
 *          http://madgraph.phys.ucl.ac.be           *
 *          http://madgraph.roma2.infn.it            *
 *        --------------------------------           *
 *                                                   *
 *          PARAMETER AND COUPLING VALUES            *
 *                                                   *
 *****************************************************

  External Params
  ---------------------------------
  
 MU_R =    91.188000000000002     
 aEWM1 =    132.50700000000001     
 mdl_Gf =    1.1663900000000000E-005
 aS =   0.11799999999999999     
 mdl_ymt =    173.00000000000000     
 mdl_ymtau =    1.7769999999999999     
 mdl_MT =    173.00000000000000     
 mdl_MZ =    91.188000000000002     
 mdl_MH =    125.00000000000000     
 mdl_MTA =    1.7769999999999999     
 mdl_WT =    1.4915000000000000     
 mdl_WZ =    2.4414039999999999     
 mdl_WW =    2.0476000000000001     
 mdl_WH =    6.3823389999999999E-003
  Internal Params
  ---------------------------------
  
 mdl_conjg__CKM3x3 =    1.0000000000000000     
 mdl_CKM22 =    1.0000000000000000     
 mdl_I4x33 =    0.0000000000000000     
 mdl_I1x33 =    0.0000000000000000     
 mdl_lhv =    1.0000000000000000     
 mdl_CKM3x3 =    1.0000000000000000     
 mdl_conjg__CKM22 =    1.0000000000000000     
 mdl_conjg__CKM33 =    1.0000000000000000     
 mdl_Ncol =    3.0000000000000000     
 mdl_CA =    3.0000000000000000     
 mdl_TF =   0.50000000000000000     
 mdl_CF =    1.3333333333333333     
 mdl_complexi =  (  0.0000000000000000     ,  1.0000000000000000     )
 mdl_MZ__exp__2 =    8315.2513440000002     
 mdl_MZ__exp__4 =    69143404.913893804     
 mdl_sqrt__2 =    1.4142135623730951     
 mdl_MH__exp__2 =    15625.000000000000     
 mdl_Ncol__exp__2 =    9.0000000000000000     
 mdl_MT__exp__2 =    29929.000000000000     
 mdl_aEW =    7.5467711139788835E-003
 mdl_MW =    80.419002445756163     
 mdl_sqrt__aEW =    8.6872153846781555E-002
 mdl_ee =   0.30795376724436879     
 mdl_MW__exp__2 =    6467.2159543705357     
 mdl_sw2 =   0.22224648578577766     
 mdl_cw =   0.88190334743339216     
 mdl_sqrt__sw2 =   0.47143025548407230     
 mdl_sw =   0.47143025548407230     
 mdl_g1 =   0.34919219678733299     
 mdl_gw =   0.65323293034757990     
 mdl_v =    246.21845810181637     
 mdl_v__exp__2 =    60623.529110035903     
 mdl_lam =   0.12886910601690263     
 mdl_yt =   0.99366614581500623     
 mdl_ytau =    1.0206617000654717E-002
 mdl_muH =    88.388347648318430     
 mdl_AxialZUp =  -0.18517701861793787     
 mdl_AxialZDown =   0.18517701861793787     
 mdl_VectorZUp =    7.5430507588273299E-002
 mdl_VectorZDown =  -0.13030376310310560     
 mdl_VectorAUp =   0.20530251149624587     
 mdl_VectorADown =  -0.10265125574812294     
 mdl_VectorWmDxU =   0.23095271737156670     
 mdl_AxialWmDxU =  -0.23095271737156670     
 mdl_VectorWpUxD =   0.23095271737156670     
 mdl_AxialWpUxD =  -0.23095271737156670     
 mdl_I2x33 =  ( 0.99366614581500623     ,  0.0000000000000000     )
 mdl_I3x33 =  ( 0.99366614581500623     ,  0.0000000000000000     )
 mdl_Vector_tbGp =  (-0.99366614581500623     ,  0.0000000000000000     )
 mdl_Axial_tbGp =  (-0.99366614581500623     , -0.0000000000000000     )
 mdl_Vector_tbGm =  ( 0.99366614581500623     ,  0.0000000000000000     )
 mdl_Axial_tbGm =  (-0.99366614581500623     ,  0.0000000000000000     )
 mdl_gw__exp__2 =   0.42671326129048615     
 mdl_cw__exp__2 =   0.77775351421422245     
 mdl_ee__exp__2 =    9.4835522759998875E-002
 mdl_sw__exp__2 =   0.22224648578577769     
 mdl_yt__exp__2 =   0.98737240933884918     
  Internal Params evaluated point by point
  ----------------------------------------
  
 mdl_sqrt__aS =   0.34351128074635334     
 mdl_G__exp__4 =    2.1987899468922913     
 mdl_G__exp__2 =    1.4828317324943823     
 mdl_R2MixedFactor_FIN_ =   -2.5040377713124864E-002
 mdl_G_UVg_1EPS_ =   -5.1645779033320030E-002
 mdl_G_UVq_1EPS_ =    3.1300472141406080E-003
 mdl_GWcft_UV_t_1EPS_ =   -3.1300472141406080E-003
 mdl_tWcft_UV_1EPS_ =   -1.8780283284843650E-002
 mdl_G__exp__3 =    1.8056676068262196     
 mdl_MU_R__exp__2 =    8315.2513440000002     
 mdl_G_UVt_FIN_ =   -4.0087659331150384E-003
 mdl_GWcft_UV_t_FIN_ =    4.0087659331150384E-003
 mdl_tWcft_UV_FIN_ =   -9.8778211443463623E-004
  Couplings of loop_sm-no_b_mass
  ---------------------------------
  
      UV_GQQt =   0.00000E+00  -0.48815E-02
   UVWfct_G_2 =   0.40088E-02   0.00000E+00
       R2_DDA =   0.00000E+00   0.25704E-02
       R2_UUA =  -0.00000E+00  -0.51409E-02
    R2_DDZ_V2 =   0.00000E+00   0.72127E-02
    R2_UUZ_V2 =  -0.00000E+00  -0.72127E-02
    R2_UUZ_V5 =   0.00000E+00   0.68702E-03
      R2_GGHt =   0.00000E+00  -0.45657E+01
     R2_GGZup =  -0.46369E-02   0.00000E+00
   R2_GGZdown =   0.46369E-02   0.00000E+00
    R2_GGZAup =   0.00000E+00   0.19389E-03
  R2_GGZAdown =   0.00000E+00   0.16747E-03
  R2_GGAAdown =   0.00000E+00   0.13193E-03
    R2_GGAAup =   0.00000E+00   0.52771E-03
         GC_4 =  -0.12177E+01   0.00000E+00
         GC_5 =   0.00000E+00   0.12177E+01
       R2_GQQ =  -0.00000E+00  -0.30492E-01
       R2_QQq =   0.00000E+00   0.12520E-01
 UV_GQQg_1eps =   0.00000E+00  -0.62890E-01
 UV_GQQq_1eps =   0.00000E+00   0.38115E-02
 UVWfct_G_2_1eps -0.31300E-02   0.00000E+00
         GC_1 =  -0.00000E+00  -0.10265E+00
         GC_2 =   0.00000E+00   0.20530E+00
        GC_21 =  -0.00000E+00  -0.28804E+00
        GC_22 =   0.00000E+00   0.28804E+00
        GC_23 =  -0.00000E+00  -0.27437E-01
        GC_24 =   0.00000E+00   0.82310E-01
        GC_37 =  -0.00000E+00  -0.70263E+00
        GC_38 =  -0.00000E+00  -0.72172E-02
      GC_1003 =  -0.00000E+00  -0.30795E+00

 Collider parameters:
 --------------------

 Running at P P   machine @    13000.000000000000       GeV
 PDF set = lhapdf 
 alpha_s(Mz)= 0.1180 running at 3 loops.
 alpha_s(Mz)= 0.1180 running at 3 loops.
 Renormalization scale set on event-by-event basis
 Factorization   scale set on event-by-event basis


 ===============================================================
 INFO: MadFKS read these parameters from FKS_params.dat
 ===============================================================
  > IRPoleCheckThreshold      =    1.0000000000000001E-005
  > PrecisionVirtualAtRunTime =    1.0000000000000000E-003
  > NHelForMCoverHels         =            4
  > VirtualFraction           =    1.0000000000000000     
  > MinVirtualFraction        =    5.0000000000000001E-003
 ===============================================================
  Insert the number of points to test
 Insert the relative tolerance
  A negative number will mean use the default one:    1.0000000000000001E-005
Using random seed offsets:     1 ,     27 ,      0
  with seed                   32
 Ranmar initialization seeds       10730        9433
  ========================================================================================== 
 {                                                                                          }
 {       [32m                                                                            [0m       }
 {       [32m                               ,,                                           [0m       }
 {       [32m`7MMM.     ,MMF'             `7MM  `7MMF'                                   [0m       }
 {       [32m  MMMb    dPMM                 MM    MM                                     [0m       }
 {       [32m  M YM   ,M MM   ,6"Yb.   ,M""bMM    MM         ,pW"Wq.   ,pW"Wq.`7MMpdMAo. [0m       }
 {       [32m  M  Mb  M' MM  8)   MM ,AP    MM    MM        6W'   `Wb 6W'   `Wb MM   `Wb [0m       }
 {       [32m  M  YM.P'  MM   ,pm9MM 8MI    MM    MM      , 8M     M8 8M     M8 MM    M8 [0m       }
 {       [32m  M  `YM'   MM  8M   MM `Mb    MM    MM     ,M YA.   ,A9 YA.   ,A9 MM   ,AP [0m       }
 {       [32m.JML. `'  .JMML.`Moo9^Yo.`Wbmd"MML..JMMmmmmMMM  `Ybmd9'   `Ybmd9'  MMbmmd'  [0m       }
 {       [32m                                                                   MM       [0m       }
 {       [32m                                                                 .JMML.     [0m       }
 {       [32m[0mv2.6.0 (2017-08-16), Ref: arXiv:1103.0621v2, arXiv:1405.0301[32m                [0m       }
 {       [32m                                                                            [0m       }
 {                                                                                          }
  ========================================================================================== 
 ===============================================================
 INFO: MadLoop read these parameters from ./MadLoop5_resources/MadLoopParams.dat                                                                                                                                                                                                                                                                                                                                                                                                                                                                                          
 ===============================================================
  > MLReductionLib            = 6|7|1
  > CTModeRun                 =           -1
  > MLStabThres               =    1.0000000000000000E-003
  > NRotations_DP             =            0
  > NRotations_QP             =            0
  > CTStabThres               =    1.0000000000000000E-002
  > CTLoopLibrary             =            2
  > CTModeInit                =            1
  > CheckCycle                =            3
  > MaxAttempts               =           10
  > UseLoopFilter             =  F
  > HelicityFilterLevel       =            2
  > ImprovePSPoint            =            2
  > DoubleCheckHelicityFilter =  T
  > LoopInitStartOver         =  F
  > HelInitStartOver          =  F
  > ZeroThres                 =    1.0000000000000001E-009
  > OSThres                   =    1.0000000000000000E-008
  > WriteOutFilters           =  T
  > UseQPIntegrandForNinja    =  T
  > UseQPIntegrandForCutTools =  T
  > IREGIMODE                 =            2
  > IREGIRECY                 =  T
  > COLLIERMode               =            1
  > COLLIERRequiredAccuracy   =    1.0000000000000000E-008
  > COLLIERCanOutput          =  F
  > COLLIERComputeUVpoles     =  T
  > COLLIERComputeIRpoles     =  T
  > COLLIERGlobalCache        =           -1
  > COLLIERUseCacheForPoles   =  F
  > COLLIERUseInternalStabilityTest =  T
 ===============================================================
  
------------------------------------------------------------------------
|              You are using CutTools - Version 1.9.3                  |
|              Authors: G. Ossola, C. Papadopoulos, R. Pittau          |
|              Published in JHEP 0803:042,2008                         |
|              http://www.ugr.es/~pittau/CutTools                      |
|                                                                      |
|              Compiler with  34  significant digits detetected        |
 ---------------------------------------------------------------------- 
   
########################################################################
#                                                                      #
#                      You are using OneLOop-3.6                       #
#                                                                      #
# for the evaluation of 1-loop scalar 1-, 2-, 3- and 4-point functions #
#                                                                      #
# author: Andreas van Hameren <hamerenREMOVETHIS@ifj.edu.pl>           #
#   date: 18-02-2015                                                   #
#                                                                      #
# Please cite                                                          #
#    A. van Hameren,                                                   #
#      Comput.Phys.Commun. 182 (2011) 2427-2438, arXiv:1007.4716       #
#    A. van Hameren, C.G. Papadopoulos and R. Pittau,                  #
#      JHEP 0909:106,2009, arXiv:0903.4665                             #
# in publications with results obtained with the help of this program. #
#                                                                      #
########################################################################
 PASSED   1.0000000000000001E-005
 MU_R    =    325.00000000000000     
 ALPHA_S =   0.11799999999999999     
 BORN                    8.4268507176773147E-010
 SINGLE POLE (MadFKS)   -1.8847584624423073E-010
 DOUBLE POLE (MadFKS)   -8.9679898083671852E-011
 SINGLE POLE (MadLoop)  -1.8847584624410935E-010
 DOUBLE POLE (MadLoop)  -8.9679898083672524E-011
 FINITE PART (MadLoop)   1.3055643295069311E-011
   325.00000000000000        0.0000000000000000        0.0000000000000000        325.00000000000000        0.0000000000000000     
   325.00000000000000        0.0000000000000000        0.0000000000000000       -325.00000000000000        0.0000000000000000     
   202.78437709924535        129.32753293015210       -147.11873417340422       -52.459230617162000        0.0000000000000000     
   56.922276965952932       -14.865313127275716       -46.090250743808866       -29.914158303210307        0.0000000000000000     
   181.27248107552134       -43.153447462376107        139.99583429391114       -106.76450134636941        0.0000000000000000     
   209.02086485928038       -71.308772340500312        53.213150623301992        189.13789026674183        0.0000000000000000     

 PASSED   1.0000000000000001E-005
 MU_R    =    325.00000000000000     
 ALPHA_S =   0.11799999999999999     
 BORN                    9.8255782356396385E-009
 SINGLE POLE (MadFKS)   -2.8845354392324198E-009
 DOUBLE POLE (MadFKS)   -1.0456538086486710E-009
 SINGLE POLE (MadLoop)  -2.8845354392326150E-009
 DOUBLE POLE (MadLoop)  -1.0456538086487056E-009
 FINITE PART (MadLoop)  -5.1688035172093003E-012
   325.00000000000000        0.0000000000000000        0.0000000000000000        325.00000000000000        0.0000000000000000     
   325.00000000000000        0.0000000000000000        0.0000000000000000       -325.00000000000000        0.0000000000000000     
   198.68024271376046       -172.53668166446036        14.275896368414601        97.473745736447938        0.0000000000000000     
   185.01518284025536        131.51916272258563       -4.1614603467174733        130.06156221553647        0.0000000000000000     
   31.970856601655939        13.413420206279111        28.961120570818959        1.8626125458391685        0.0000000000000000     
   234.33371784432828        27.604098735595663       -39.075556592516072       -229.39792049782361        0.0000000000000000     

 PASSED   1.0000000000000001E-005
 MU_R    =    325.00000000000000     
 ALPHA_S =   0.11799999999999999     
 BORN                    9.2225497521453801E-010
 SINGLE POLE (MadFKS)   -1.0720679520263574E-010
 DOUBLE POLE (MadFKS)   -9.8147854940517740E-011
 SINGLE POLE (MadLoop)  -1.0720679520261444E-010
 DOUBLE POLE (MadLoop)  -9.8147854940517572E-011
 FINITE PART (MadLoop)   9.1419217041561922E-011
   325.00000000000000        0.0000000000000000        0.0000000000000000        325.00000000000000        0.0000000000000000     
   325.00000000000000        0.0000000000000000        0.0000000000000000       -325.00000000000000        0.0000000000000000     
   24.462778160599296        16.742331710448383       -16.849925778551189       -5.8482343907648335        0.0000000000000000     
   244.78116402932704       -169.38803650485428        66.508230937771543        163.71367252038098        0.0000000000000000     
   88.561173579456863       -77.801222051856115       -36.556046883626351        21.300393171267473        0.0000000000000000     
   292.19488423061671        230.44692684626196       -13.102258275594009       -179.16583130088364        0.0000000000000000     

 PASSED   1.0000000000000001E-005
 MU_R    =    325.00000000000000     
 ALPHA_S =   0.11799999999999999     
 BORN                    2.8487302553146548E-011
 SINGLE POLE (MadFKS)   -3.4659074010314416E-012
 DOUBLE POLE (MadFKS)   -3.0316644678251377E-012
 SINGLE POLE (MadLoop)  -3.4659074010333799E-012
 DOUBLE POLE (MadLoop)  -3.0316644678251600E-012
 FINITE PART (MadLoop)   4.2727079873384897E-012
   325.00000000000000        0.0000000000000000        0.0000000000000000        325.00000000000000        0.0000000000000000     
   325.00000000000000        0.0000000000000000        0.0000000000000000       -325.00000000000000        0.0000000000000000     
   141.36698930225205       -24.704393593286742       -138.47410061061242       -14.115313020014963        0.0000000000000000     
   119.56424892915939        47.354604017700410        65.935148414345562       -87.782158232177267        0.0000000000000000     
   147.62749199083063        93.214081106553934       -114.45236576103761        2.3806399696735059        0.0000000000000000     
   241.44126977775798       -115.86429153096769        186.99131795730446        99.516831282518737        0.0000000000000000     

 PASSED   1.0000000000000001E-005
 MU_R    =    325.00000000000000     
 ALPHA_S =   0.11799999999999999     
 BORN                    7.1689855186218087E-010
 SINGLE POLE (MadFKS)   -2.8557136467697006E-010
 DOUBLE POLE (MadFKS)   -7.6293494712640283E-011
 SINGLE POLE (MadLoop)  -2.8557136465231568E-010
 DOUBLE POLE (MadLoop)  -7.6293494712643191E-011
 FINITE PART (MadLoop)  -4.4560119447287630E-010
   325.00000000000000        0.0000000000000000        0.0000000000000000        325.00000000000000        0.0000000000000000     
   325.00000000000000        0.0000000000000000        0.0000000000000000       -325.00000000000000        0.0000000000000000     
   173.06204865626194        63.852598197228176       -90.974534866750105        132.65350502095365        0.0000000000000000     
   314.22022387826797       -13.445673718606837        172.02239039224543       -262.60590274420616        0.0000000000000000     
   139.59594521724190       -42.514771353246857       -63.895862958469976        116.60549230061497        0.0000000000000000     
   23.121782248228271       -7.8921531253744721       -17.151992567025356        13.346905422637592        0.0000000000000000     

 PASSED   1.0000000000000001E-005
 MU_R    =    325.00000000000000     
 ALPHA_S =   0.11799999999999999     
 BORN                    4.7269600134136605E-009
 SINGLE POLE (MadFKS)   -7.8785454465281762E-010
 DOUBLE POLE (MadFKS)   -5.0305067272554225E-010
 SINGLE POLE (MadLoop)  -7.8785454466763180E-010
 DOUBLE POLE (MadLoop)  -5.0305067272549283E-010
 FINITE PART (MadLoop)   7.7883683551349225E-010
   325.00000000000000        0.0000000000000000        0.0000000000000000        325.00000000000000        0.0000000000000000     
   325.00000000000000        0.0000000000000000        0.0000000000000000       -325.00000000000000        0.0000000000000000     
   220.28535243275965        184.42848931909640       -115.91984681208740        32.777399820047592        0.0000000000000000     
   183.93412900336176       -29.175031046205216        94.087345124105596        155.33239476418217        0.0000000000000000     
   19.969795265077156       -9.7948480766350432       -2.8675166790943765       -17.164819316842586        0.0000000000000000     
   225.81072329880149       -145.45861019625610        24.700018367076193       -170.94497526738718        0.0000000000000000     

 PASSED   1.0000000000000001E-005
 MU_R    =    325.00000000000000     
 ALPHA_S =   0.11799999999999999     
 BORN                    7.4172926246354584E-011
 SINGLE POLE (MadFKS)   -1.8091932789638115E-011
 DOUBLE POLE (MadFKS)   -7.8936018795100041E-012
 SINGLE POLE (MadLoop)  -1.8091932789700390E-011
 DOUBLE POLE (MadLoop)  -7.8936018795101252E-012
 FINITE PART (MadLoop)   3.9007402985313149E-012
   325.00000000000000        0.0000000000000000        0.0000000000000000        325.00000000000000        0.0000000000000000     
   325.00000000000000        0.0000000000000000        0.0000000000000000       -325.00000000000000        0.0000000000000000     
   199.15884896940895       -195.17544692907546        20.010212056475179        34.210867459192045        0.0000000000000000     
   162.33090708169175        134.44763343894866        62.008924503840298       -66.558624824345301        0.0000000000000000     
   158.62111256487538        129.49122905276204       -53.777894237593976       -74.166144844491839        0.0000000000000000     
   129.88913138402384       -68.763415562635231       -28.241242322721504        106.51390220964512        0.0000000000000000     

 PASSED   1.0000000000000001E-005
 MU_R    =    325.00000000000000     
 ALPHA_S =   0.11799999999999999     
 BORN                    3.0750869581757120E-009
 SINGLE POLE (MadFKS)   -3.2584217466972504E-010
 DOUBLE POLE (MadFKS)   -3.2725569046705212E-010
 SINGLE POLE (MadLoop)  -3.2584217466962257E-010
 DOUBLE POLE (MadLoop)  -3.2725569046705564E-010
 FINITE PART (MadLoop)   2.8608816648840489E-010
   325.00000000000000        0.0000000000000000        0.0000000000000000        325.00000000000000        0.0000000000000000     
   325.00000000000000        0.0000000000000000        0.0000000000000000       -325.00000000000000        0.0000000000000000     
   40.504165553643986        29.105762285472323        25.862093264938842       -11.162175457059480        0.0000000000000000     
   263.46454427026470        39.371232158925807        187.22717299404795        181.13381202437895        0.0000000000000000     
   52.998821429313452        46.742107382510028        12.008451850683780       -21.905422947023073        0.0000000000000000     
   293.03246874677797       -115.21910182690816       -225.09771810967061       -148.06621362029642        0.0000000000000000     

 PASSED   1.0000000000000001E-005
 MU_R    =    325.00000000000000     
 ALPHA_S =   0.11799999999999999     
 BORN                    4.5564449069066935E-012
 SINGLE POLE (MadFKS)   -1.2143166403544958E-012
 DOUBLE POLE (MadFKS)   -4.8490418136644756E-013
 SINGLE POLE (MadLoop)  -1.2143166403560835E-012
 DOUBLE POLE (MadLoop)  -4.8490418136644695E-013
 FINITE PART (MadLoop)   1.9986247452332706E-013
   325.00000000000000        0.0000000000000000        0.0000000000000000        325.00000000000000        0.0000000000000000     
   325.00000000000000        0.0000000000000000        0.0000000000000000       -325.00000000000000        0.0000000000000000     
   249.76182553871809       -63.711752826780774       -56.186493398030841        234.87200771442579        0.0000000000000000     
   148.11318425607118        29.631487026011055       -126.26829868430964       -71.524870321239987        0.0000000000000000     
   185.14784305585061        34.279856095119726        121.62202375691176       -135.32441979038737        0.0000000000000000     
   66.977147149360263      -0.19959029435002401        60.832768325428638       -28.022717602798394        0.0000000000000000     

 PASSED   1.0000000000000001E-005
 MU_R    =    325.00000000000000     
 ALPHA_S =   0.11799999999999999     
 BORN                    8.7791390006809828E-012
 SINGLE POLE (MadFKS)   -2.3745698213266512E-012
 DOUBLE POLE (MadFKS)   -9.3429006543557886E-013
 SINGLE POLE (MadLoop)  -2.3745698213270010E-012
 DOUBLE POLE (MadLoop)  -9.3429006543557118E-013
 FINITE PART (MadLoop)   7.2410165485973462E-014
   325.00000000000000        0.0000000000000000        0.0000000000000000        325.00000000000000        0.0000000000000000     
   325.00000000000000        0.0000000000000000        0.0000000000000000       -325.00000000000000        0.0000000000000000     
   93.249667067765401        75.270682849921087      -0.12016368197918441        55.043712377030104        0.0000000000000000     
   146.65514707546046        61.415203111883564        74.525525459839969       -110.37142313744873        0.0000000000000000     
   238.19694270100558       -193.34962872393922       -89.829051496438495       -106.22827350414362        0.0000000000000000     
   171.89824315576880        56.663742762134440        15.423689718577702        161.55598426456223        0.0000000000000000     

 PASSED   1.0000000000000001E-005
 MU_R    =    325.00000000000000     
 ALPHA_S =   0.11799999999999999     
 BORN                    4.5182882426001700E-009
 SINGLE POLE (MadFKS)   -9.2656128105870409E-010
 DOUBLE POLE (MadFKS)   -4.8084348789878754E-010
 SINGLE POLE (MadLoop)  -9.2656128105870564E-010
 DOUBLE POLE (MadLoop)  -4.8084348789879209E-010
 FINITE PART (MadLoop)   5.1314961330302137E-010
   325.00000000000000        0.0000000000000000        0.0000000000000000        325.00000000000000        0.0000000000000000     
   325.00000000000000        0.0000000000000000        0.0000000000000000       -325.00000000000000        0.0000000000000000     
   266.25612874954328       -67.665197357077801        31.886552516685903       -255.53276684590122        0.0000000000000000     
   9.3198827057359708       -8.0046325340326838        4.5360693613268310       -1.4866561112153223        0.0000000000000000     
   88.673555756767271       -16.440951954986073       -86.694049534447458       -8.7656354408065660        0.0000000000000000     
   285.75043278795357        92.110781846096543        50.271427656434753        265.78505839792314        0.0000000000000000     

 PASSED   1.0000000000000001E-005
 MU_R    =    325.00000000000000     
 ALPHA_S =   0.11799999999999999     
 BORN                    1.1145624071207383E-010
 SINGLE POLE (MadFKS)   -1.5275229020484081E-011
 DOUBLE POLE (MadFKS)   -1.1861352055139997E-011
 SINGLE POLE (MadLoop)  -1.5275229020468775E-011
 DOUBLE POLE (MadLoop)  -1.1861352055140004E-011
 FINITE PART (MadLoop)   1.8681525802241242E-011
   325.00000000000000        0.0000000000000000        0.0000000000000000        325.00000000000000        0.0000000000000000     
   325.00000000000000        0.0000000000000000        0.0000000000000000       -325.00000000000000        0.0000000000000000     
   122.74329058270233        28.368093550426696        84.123440959324213       -84.760918662712896        0.0000000000000000     
   84.125302710737259       -48.278728538501859        41.085107750081349        55.301400054998879        0.0000000000000000     
   226.35362953252380       -166.69816774979975       -80.451654598935434        130.28897782890240        0.0000000000000000     
   216.77777717403660        186.60880273787495       -44.756894110470071       -100.82945922118840        0.0000000000000000     

 PASSED   1.0000000000000001E-005
 MU_R    =    325.00000000000000     
 ALPHA_S =   0.11799999999999999     
 BORN                    7.2870396603451804E-011
 SINGLE POLE (MadFKS)   -1.3224935355389592E-011
 DOUBLE POLE (MadFKS)   -7.7549845839864885E-012
 SINGLE POLE (MadLoop)  -1.3224935355395484E-011
 DOUBLE POLE (MadLoop)  -7.7549845839864837E-012
 FINITE PART (MadLoop)   1.0925024757122972E-011
   325.00000000000000        0.0000000000000000        0.0000000000000000        325.00000000000000        0.0000000000000000     
   325.00000000000000        0.0000000000000000        0.0000000000000000       -325.00000000000000        0.0000000000000000     
   176.36980081869811       -9.1987518775069024       -149.05826291517587        93.826029764845217        0.0000000000000000     
   278.77487306807154        2.3534343194337306        262.34208176991473       -94.268358072318932        0.0000000000000000     
   59.690611865277795       -45.128759288522431        5.1823590083506401       -38.723473308038990        0.0000000000000000     
   135.16471424795262        51.974076846595622       -118.46617786308953        39.165801615512713        0.0000000000000000     

 PASSED   1.0000000000000001E-005
 MU_R    =    325.00000000000000     
 ALPHA_S =   0.11799999999999999     
 BORN                    1.7942514537728996E-011
 SINGLE POLE (MadFKS)   -2.7998401294306443E-012
 DOUBLE POLE (MadFKS)   -1.9094711998788643E-012
 SINGLE POLE (MadLoop)  -2.7998401294312647E-012
 DOUBLE POLE (MadLoop)  -1.9094711998788768E-012
 FINITE PART (MadLoop)   1.2230386974249056E-012
   325.00000000000000        0.0000000000000000        0.0000000000000000        325.00000000000000        0.0000000000000000     
   325.00000000000000        0.0000000000000000        0.0000000000000000       -325.00000000000000        0.0000000000000000     
   103.32491984304609        47.218036818686471        81.793398185062046       -41.908663458776061        0.0000000000000000     
   176.77370285721616       -150.42696870890097       -21.809098048279633        90.249832959530721        0.0000000000000000     
   181.20192752906274        53.980627875163457        94.494905709871418       -144.88251498829436        0.0000000000000000     
   188.69944977067539        49.228304015051037       -154.47920584665394        96.541345487539502        0.0000000000000000     

 PASSED   1.0000000000000001E-005
 MU_R    =    325.00000000000000     
 ALPHA_S =   0.11799999999999999     
 BORN                    2.0008920551807400E-012
 SINGLE POLE (MadFKS)   -6.9764467628792528E-013
 DOUBLE POLE (MadFKS)   -2.1293814450589474E-013
 SINGLE POLE (MadLoop)  -6.9764467630135152E-013
 DOUBLE POLE (MadLoop)  -2.1293814450589474E-013
 FINITE PART (MadLoop)  -7.5706282892179962E-013
   325.00000000000000        0.0000000000000000        0.0000000000000000        325.00000000000000        0.0000000000000000     
   325.00000000000000        0.0000000000000000        0.0000000000000000       -325.00000000000000        0.0000000000000000     
   250.90548049643942       -167.54793720702006       -157.80876753213937        99.888146297790612        0.0000000000000000     
   186.24765785627935        75.947720211430351        46.072054194557211       -163.69941867315768        0.0000000000000000     
   181.81874677358212        112.38811917602969        132.44321194648109        53.719297795950602        0.0000000000000000     
   31.028114873699025       -20.787902180439975       -20.706498608898933        10.091974579416469        0.0000000000000000     

 PASSED   1.0000000000000001E-005
 MU_R    =    325.00000000000000     
 ALPHA_S =   0.11799999999999999     
 BORN                    1.6204230381029752E-011
 SINGLE POLE (MadFKS)   -5.6585770682859533E-012
 DOUBLE POLE (MadFKS)   -1.7244802094887827E-012
 SINGLE POLE (MadLoop)  -5.6585770682866601E-012
 DOUBLE POLE (MadLoop)  -1.7244802094888231E-012
 FINITE PART (MadLoop)  -5.8758195815840689E-012
   325.00000000000000        0.0000000000000000        0.0000000000000000        325.00000000000000        0.0000000000000000     
   325.00000000000000        0.0000000000000000        0.0000000000000000       -325.00000000000000        0.0000000000000000     
   101.64990670504204       -69.867094610372021       -67.585003949807728        29.724734901316616        0.0000000000000000     
   247.32551763612193       -20.476625242155560       -123.32396831998051       -213.40529124293150        0.0000000000000000     
   214.65715752037610        96.184848534088033        162.29756345491407        102.39956583794806        0.0000000000000000     
   86.367418138460025       -5.8411286815604635        28.611408814874096        81.280990503666814        0.0000000000000000     

 PASSED   1.0000000000000001E-005
 MU_R    =    325.00000000000000     
 ALPHA_S =   0.11799999999999999     
 BORN                    1.0243491269294607E-010
 SINGLE POLE (MadFKS)   -1.1316711283097250E-011
 DOUBLE POLE (MadFKS)   -1.0901287845579937E-011
 SINGLE POLE (MadLoop)  -1.1316711283095216E-011
 DOUBLE POLE (MadLoop)  -1.0901287845579958E-011
Thanks for using LHAPDF 6.2.1. Please make sure to cite the paper:
  Eur.Phys.J. C75 (2015) 3, 132  (http://arxiv.org/abs/1412.7420)
 FINITE PART (MadLoop)   1.6132342027362561E-011
   325.00000000000000        0.0000000000000000        0.0000000000000000        325.00000000000000        0.0000000000000000     
   325.00000000000000        0.0000000000000000        0.0000000000000000       -325.00000000000000        0.0000000000000000     
   55.076301853344695        46.748357332969924       -10.728852530314375       -27.071790407959043        0.0000000000000000     
   224.91715748079011       -113.85430414575922        183.85226510006086        61.832594756329243        0.0000000000000000     
   112.80741151865615        73.442739613249898        69.734008395574421        49.687464865152513        0.0000000000000000     
   257.19912914720896       -6.3367928004606098       -242.85742096532093       -84.448269213522678        0.0000000000000000     

 PASSED   1.0000000000000001E-005
 MU_R    =    325.00000000000000     
 ALPHA_S =   0.11799999999999999     
 BORN                    4.3126801366135479E-010
 SINGLE POLE (MadFKS)   -9.3926848664323182E-011
 DOUBLE POLE (MadFKS)   -4.5896234320095027E-011
 SINGLE POLE (MadLoop)  -9.3926848664236626E-011
 DOUBLE POLE (MadLoop)  -4.5896234320095479E-011
 FINITE PART (MadLoop)   4.9738146782845221E-011
   325.00000000000000        0.0000000000000000        0.0000000000000000        325.00000000000000        0.0000000000000000     
   325.00000000000000        0.0000000000000000        0.0000000000000000       -325.00000000000000        0.0000000000000000     
   203.11092037899468        68.894312167937642       -89.041376916877439        169.05399411092196        0.0000000000000000     
   91.526289796536261       -1.8379538614809834       -64.807198024215452        64.604262504673230        0.0000000000000000     
   223.87236298287738       -142.78687327697244        98.616469285873094       -141.44092658389741        0.0000000000000000     
   131.49042684159164        75.730514970515785        55.232105655219783       -92.217330031697841        0.0000000000000000     

 PASSED   1.0000000000000001E-005
 MU_R    =    325.00000000000000     
 ALPHA_S =   0.11799999999999999     
 BORN                    5.5759351072053538E-010
 SINGLE POLE (MadFKS)   -1.0500808073742298E-010
 DOUBLE POLE (MadFKS)   -5.9339996505025555E-011
 SINGLE POLE (MadLoop)  -1.0500808073750290E-010
 DOUBLE POLE (MadLoop)  -5.9339996505025917E-011
 FINITE PART (MadLoop)   5.9768578586750833E-011
   325.00000000000000        0.0000000000000000        0.0000000000000000        325.00000000000000        0.0000000000000000     
   325.00000000000000        0.0000000000000000        0.0000000000000000       -325.00000000000000        0.0000000000000000     
   128.90068977341912       -55.546034774154982       -56.548720018842509        101.64776489998276        0.0000000000000000     
   87.982438245803266       -65.774866844111571        19.709294809685979        55.010181143319869        0.0000000000000000     
   302.58829944464964        221.35343706322024       -32.560030323832130       -203.72083665255039        0.0000000000000000     
   130.52857253612794       -100.03253544495371        69.399455532988668        47.062890609247752        0.0000000000000000     

 PASSED   1.0000000000000001E-005
 MU_R    =    325.00000000000000     
 ALPHA_S =   0.11799999999999999     
 BORN                    6.5305107366452689E-010
 SINGLE POLE (MadFKS)   -6.4464553873212555E-011
 DOUBLE POLE (MadFKS)   -6.9498743589716301E-011
 SINGLE POLE (MadLoop)  -6.4464553873006019E-011
 DOUBLE POLE (MadLoop)  -6.9498743589708507E-011
 FINITE PART (MadLoop)   1.0506930477882790E-010
   325.00000000000000        0.0000000000000000        0.0000000000000000        325.00000000000000        0.0000000000000000     
   325.00000000000000        0.0000000000000000        0.0000000000000000       -325.00000000000000        0.0000000000000000     
   86.112867644048066       -22.285509817594473       -44.341667793667263        70.374700875579535        0.0000000000000000     
   181.80331108966374       -153.08266651615432        66.053926353531068       -72.491516391583644        0.0000000000000000     
   108.28331556445890       -84.481260204424316        50.418125311882832       -45.235005736042716        0.0000000000000000     
   273.80050570182920        259.84943653817311       -72.130383871746602        47.351821252046840        0.0000000000000000     

 NUMBER OF POINTS PASSING THE CHECK          20
 NUMBER OF POINTS FAILING THE CHECK           0
 TOLERANCE    1.0000000000000001E-005
