==== LHAPDF6 USING DEFAULT-TYPE LHAGLUE INTERFACE ====
LHAPDF 6.2.1 loading /cvmfs/cms.cern.ch/slc6_amd64_gcc481/external/lhapdf/6.2.1/share/LHAPDF/NNPDF31_nnlo_as_0118_nf_4/NNPDF31_nnlo_as_0118_nf_4_0000.dat
NNPDF31_nnlo_as_0118_nf_4 PDF set, member #0, version 1; LHAPDF ID = 320900
 A PDF is used, so alpha_s(MZ) is going to be modified
 Old value of alpha_s from param_card:   0.11799999999999999     
 New value of alpha_s from PDF lhapdf :  0.11800240511781991     
 using LHAPDF
WARNING: the value of maxjetflavorspecified in the run_card (  4) is inconsistent with the number of light flavours inthe model. Hence it will be set to:  5
 *****************************************************
 *               MadGraph/MadEvent                   *
 *        --------------------------------           *
 *          http://madgraph.hep.uiuc.edu             *
 *          http://madgraph.phys.ucl.ac.be           *
 *          http://madgraph.roma2.infn.it            *
 *        --------------------------------           *
 *                                                   *
 *          PARAMETER AND COUPLING VALUES            *
 *                                                   *
 *****************************************************

  External Params
  ---------------------------------
  
 MU_R =    91.188000000000002     
 aEWM1 =    132.50700000000001     
 mdl_Gf =    1.1663900000000000E-005
 aS =   0.11799999999999999     
 mdl_ymt =    173.00000000000000     
 mdl_ymtau =    1.7769999999999999     
 mdl_MT =    173.00000000000000     
 mdl_MZ =    91.188000000000002     
 mdl_MH =    125.00000000000000     
 mdl_MTA =    1.7769999999999999     
 mdl_WT =    1.4915000000000000     
 mdl_WZ =    2.4414039999999999     
 mdl_WW =    2.0476000000000001     
 mdl_WH =    6.3823389999999999E-003
  Internal Params
  ---------------------------------
  
 mdl_conjg__CKM3x3 =    1.0000000000000000     
 mdl_CKM22 =    1.0000000000000000     
 mdl_I4x33 =    0.0000000000000000     
 mdl_I1x33 =    0.0000000000000000     
 mdl_lhv =    1.0000000000000000     
 mdl_CKM3x3 =    1.0000000000000000     
 mdl_conjg__CKM22 =    1.0000000000000000     
 mdl_conjg__CKM33 =    1.0000000000000000     
 mdl_Ncol =    3.0000000000000000     
 mdl_CA =    3.0000000000000000     
 mdl_TF =   0.50000000000000000     
 mdl_CF =    1.3333333333333333     
 mdl_complexi =  (  0.0000000000000000     ,  1.0000000000000000     )
 mdl_MZ__exp__2 =    8315.2513440000002     
 mdl_MZ__exp__4 =    69143404.913893804     
 mdl_sqrt__2 =    1.4142135623730951     
 mdl_MH__exp__2 =    15625.000000000000     
 mdl_Ncol__exp__2 =    9.0000000000000000     
 mdl_MT__exp__2 =    29929.000000000000     
 mdl_aEW =    7.5467711139788835E-003
 mdl_MW =    80.419002445756163     
 mdl_sqrt__aEW =    8.6872153846781555E-002
 mdl_ee =   0.30795376724436879     
 mdl_MW__exp__2 =    6467.2159543705357     
 mdl_sw2 =   0.22224648578577766     
 mdl_cw =   0.88190334743339216     
 mdl_sqrt__sw2 =   0.47143025548407230     
 mdl_sw =   0.47143025548407230     
 mdl_g1 =   0.34919219678733299     
 mdl_gw =   0.65323293034757990     
 mdl_v =    246.21845810181637     
 mdl_v__exp__2 =    60623.529110035903     
 mdl_lam =   0.12886910601690263     
 mdl_yt =   0.99366614581500623     
 mdl_ytau =    1.0206617000654717E-002
 mdl_muH =    88.388347648318430     
 mdl_AxialZUp =  -0.18517701861793787     
 mdl_AxialZDown =   0.18517701861793787     
 mdl_VectorZUp =    7.5430507588273299E-002
 mdl_VectorZDown =  -0.13030376310310560     
 mdl_VectorAUp =   0.20530251149624587     
 mdl_VectorADown =  -0.10265125574812294     
 mdl_VectorWmDxU =   0.23095271737156670     
 mdl_AxialWmDxU =  -0.23095271737156670     
 mdl_VectorWpUxD =   0.23095271737156670     
 mdl_AxialWpUxD =  -0.23095271737156670     
 mdl_I2x33 =  ( 0.99366614581500623     ,  0.0000000000000000     )
 mdl_I3x33 =  ( 0.99366614581500623     ,  0.0000000000000000     )
 mdl_Vector_tbGp =  (-0.99366614581500623     ,  0.0000000000000000     )
 mdl_Axial_tbGp =  (-0.99366614581500623     , -0.0000000000000000     )
 mdl_Vector_tbGm =  ( 0.99366614581500623     ,  0.0000000000000000     )
 mdl_Axial_tbGm =  (-0.99366614581500623     ,  0.0000000000000000     )
 mdl_gw__exp__2 =   0.42671326129048615     
 mdl_cw__exp__2 =   0.77775351421422245     
 mdl_ee__exp__2 =    9.4835522759998875E-002
 mdl_sw__exp__2 =   0.22224648578577769     
 mdl_yt__exp__2 =   0.98737240933884918     
  Internal Params evaluated point by point
  ----------------------------------------
  
 mdl_sqrt__aS =   0.34351128074635334     
 mdl_G__exp__4 =    2.1987899468922913     
 mdl_G__exp__2 =    1.4828317324943823     
 mdl_R2MixedFactor_FIN_ =   -2.5040377713124864E-002
 mdl_G_UVg_1EPS_ =   -5.1645779033320030E-002
 mdl_G_UVq_1EPS_ =    3.1300472141406080E-003
 mdl_GWcft_UV_t_1EPS_ =   -3.1300472141406080E-003
 mdl_tWcft_UV_1EPS_ =   -1.8780283284843650E-002
 mdl_G__exp__3 =    1.8056676068262196     
 mdl_MU_R__exp__2 =    8315.2513440000002     
 mdl_G_UVt_FIN_ =   -4.0087659331150384E-003
 mdl_GWcft_UV_t_FIN_ =    4.0087659331150384E-003
 mdl_tWcft_UV_FIN_ =   -9.8778211443463623E-004
  Couplings of loop_sm-no_b_mass
  ---------------------------------
  
      UV_GQQt =   0.00000E+00  -0.48815E-02
   UVWfct_G_2 =   0.40088E-02   0.00000E+00
       R2_DDA =   0.00000E+00   0.25704E-02
       R2_UUA =  -0.00000E+00  -0.51409E-02
    R2_DDZ_V2 =   0.00000E+00   0.72127E-02
    R2_UUZ_V2 =  -0.00000E+00  -0.72127E-02
    R2_UUZ_V5 =   0.00000E+00   0.68702E-03
      R2_GGHt =   0.00000E+00  -0.45657E+01
     R2_GGZup =  -0.46369E-02   0.00000E+00
   R2_GGZdown =   0.46369E-02   0.00000E+00
    R2_GGZAup =   0.00000E+00   0.19389E-03
  R2_GGZAdown =   0.00000E+00   0.16747E-03
  R2_GGAAdown =   0.00000E+00   0.13193E-03
    R2_GGAAup =   0.00000E+00   0.52771E-03
         GC_4 =  -0.12177E+01   0.00000E+00
         GC_5 =   0.00000E+00   0.12177E+01
       R2_GQQ =  -0.00000E+00  -0.30492E-01
       R2_QQq =   0.00000E+00   0.12520E-01
 UV_GQQg_1eps =   0.00000E+00  -0.62890E-01
 UV_GQQq_1eps =   0.00000E+00   0.38115E-02
 UVWfct_G_2_1eps -0.31300E-02   0.00000E+00
         GC_1 =  -0.00000E+00  -0.10265E+00
         GC_2 =   0.00000E+00   0.20530E+00
        GC_21 =  -0.00000E+00  -0.28804E+00
        GC_22 =   0.00000E+00   0.28804E+00
        GC_23 =  -0.00000E+00  -0.27437E-01
        GC_24 =   0.00000E+00   0.82310E-01
        GC_37 =  -0.00000E+00  -0.70263E+00
        GC_38 =  -0.00000E+00  -0.72172E-02
      GC_1003 =  -0.00000E+00  -0.30795E+00

 Collider parameters:
 --------------------

 Running at P P   machine @    13000.000000000000       GeV
 PDF set = lhapdf 
 alpha_s(Mz)= 0.1180 running at 3 loops.
 alpha_s(Mz)= 0.1180 running at 3 loops.
 Renormalization scale set on event-by-event basis
 Factorization   scale set on event-by-event basis


 ===============================================================
 INFO: MadFKS read these parameters from FKS_params.dat
 ===============================================================
  > IRPoleCheckThreshold      =    1.0000000000000001E-005
  > PrecisionVirtualAtRunTime =    1.0000000000000000E-003
  > NHelForMCoverHels         =            4
  > VirtualFraction           =    1.0000000000000000     
  > MinVirtualFraction        =    5.0000000000000001E-003
 ===============================================================
  Insert the number of points to test
 Insert the relative tolerance
  A negative number will mean use the default one:    1.0000000000000001E-005
Using random seed offsets:     1 ,     18 ,      0
  with seed                   32
 Ranmar initialization seeds       10730        9424
  ========================================================================================== 
 {                                                                                          }
 {       [32m                                                                            [0m       }
 {       [32m                               ,,                                           [0m       }
 {       [32m`7MMM.     ,MMF'             `7MM  `7MMF'                                   [0m       }
 {       [32m  MMMb    dPMM                 MM    MM                                     [0m       }
 {       [32m  M YM   ,M MM   ,6"Yb.   ,M""bMM    MM         ,pW"Wq.   ,pW"Wq.`7MMpdMAo. [0m       }
 {       [32m  M  Mb  M' MM  8)   MM ,AP    MM    MM        6W'   `Wb 6W'   `Wb MM   `Wb [0m       }
 {       [32m  M  YM.P'  MM   ,pm9MM 8MI    MM    MM      , 8M     M8 8M     M8 MM    M8 [0m       }
 {       [32m  M  `YM'   MM  8M   MM `Mb    MM    MM     ,M YA.   ,A9 YA.   ,A9 MM   ,AP [0m       }
 {       [32m.JML. `'  .JMML.`Moo9^Yo.`Wbmd"MML..JMMmmmmMMM  `Ybmd9'   `Ybmd9'  MMbmmd'  [0m       }
 {       [32m                                                                   MM       [0m       }
 {       [32m                                                                 .JMML.     [0m       }
 {       [32m[0mv2.6.0 (2017-08-16), Ref: arXiv:1103.0621v2, arXiv:1405.0301[32m                [0m       }
 {       [32m                                                                            [0m       }
 {                                                                                          }
  ========================================================================================== 
 ===============================================================
 INFO: MadLoop read these parameters from ./MadLoop5_resources/MadLoopParams.dat                                                                                                                                                                                                                                                                                                                                                                                                                                                                                          
 ===============================================================
  > MLReductionLib            = 6|7|1
  > CTModeRun                 =           -1
  > MLStabThres               =    1.0000000000000000E-003
  > NRotations_DP             =            0
  > NRotations_QP             =            0
  > CTStabThres               =    1.0000000000000000E-002
  > CTLoopLibrary             =            2
  > CTModeInit                =            1
  > CheckCycle                =            3
  > MaxAttempts               =           10
  > UseLoopFilter             =  F
  > HelicityFilterLevel       =            2
  > ImprovePSPoint            =            2
  > DoubleCheckHelicityFilter =  T
  > LoopInitStartOver         =  F
  > HelInitStartOver          =  F
  > ZeroThres                 =    1.0000000000000001E-009
  > OSThres                   =    1.0000000000000000E-008
  > WriteOutFilters           =  T
  > UseQPIntegrandForNinja    =  T
  > UseQPIntegrandForCutTools =  T
  > IREGIMODE                 =            2
  > IREGIRECY                 =  T
  > COLLIERMode               =            1
  > COLLIERRequiredAccuracy   =    1.0000000000000000E-008
  > COLLIERCanOutput          =  F
  > COLLIERComputeUVpoles     =  T
  > COLLIERComputeIRpoles     =  T
  > COLLIERGlobalCache        =           -1
  > COLLIERUseCacheForPoles   =  F
  > COLLIERUseInternalStabilityTest =  T
 ===============================================================
  
------------------------------------------------------------------------
|              You are using CutTools - Version 1.9.3                  |
|              Authors: G. Ossola, C. Papadopoulos, R. Pittau          |
|              Published in JHEP 0803:042,2008                         |
|              http://www.ugr.es/~pittau/CutTools                      |
|                                                                      |
|              Compiler with  34  significant digits detetected        |
 ---------------------------------------------------------------------- 
   
########################################################################
#                                                                      #
#                      You are using OneLOop-3.6                       #
#                                                                      #
# for the evaluation of 1-loop scalar 1-, 2-, 3- and 4-point functions #
#                                                                      #
# author: Andreas van Hameren <hamerenREMOVETHIS@ifj.edu.pl>           #
#   date: 18-02-2015                                                   #
#                                                                      #
# Please cite                                                          #
#    A. van Hameren,                                                   #
#      Comput.Phys.Commun. 182 (2011) 2427-2438, arXiv:1007.4716       #
#    A. van Hameren, C.G. Papadopoulos and R. Pittau,                  #
#      JHEP 0909:106,2009, arXiv:0903.4665                             #
# in publications with results obtained with the help of this program. #
#                                                                      #
########################################################################
 PASSED   1.0000000000000001E-005
 MU_R    =    325.00000000000000     
 ALPHA_S =   0.11799999999999999     
 BORN                    3.2409727208302944E-012
 SINGLE POLE (MadFKS)   -2.0963165730008477E-013
 DOUBLE POLE (MadFKS)   -3.4490951962197935E-013
 SINGLE POLE (MadLoop)  -2.0963165730034654E-013
 DOUBLE POLE (MadLoop)  -3.4490951962197995E-013
 FINITE PART (MadLoop)   5.4636495640094334E-013
   325.00000000000000        0.0000000000000000        0.0000000000000000        325.00000000000000        0.0000000000000000     
   325.00000000000000        0.0000000000000000        0.0000000000000000       -325.00000000000000        0.0000000000000000     
   79.629520296022307       -3.6671402209204302       -67.541977865678717        41.980186780991083        1.7769999999999999     
   233.38857123744035        2.0890540636614183        169.42180251740351       -160.49596923327007        1.7769999999999999     
   191.66997193039711       -141.10823678330814       -89.341851567512691        94.041890720006180        0.0000000000000000     
   145.31193653614031        142.68632294056718       -12.537973084212041        24.473891732272836        0.0000000000000000     

 PASSED   1.0000000000000001E-005
 MU_R    =    325.00000000000000     
 ALPHA_S =   0.11799999999999999     
 BORN                    2.0478741580134243E-012
 SINGLE POLE (MadFKS)   -2.3029850405015217E-013
 DOUBLE POLE (MadFKS)   -2.1793805530881573E-013
 SINGLE POLE (MadLoop)  -2.3029850405835456E-013
 DOUBLE POLE (MadLoop)  -2.1793805530881042E-013
 FINITE PART (MadLoop)   6.3809727360342703E-013
   325.00000000000000        0.0000000000000000        0.0000000000000000        325.00000000000000        0.0000000000000000     
   325.00000000000000        0.0000000000000000        0.0000000000000000       -325.00000000000000        0.0000000000000000     
   153.39615224500434        6.9196052883596533        152.01439852874583        19.260412694682525        1.7769999999999999     
   208.43289627249973       -42.031802406264454       -64.998619919703046        193.51904690380570        1.7769999999999999     
   194.67862515316210       -27.529906343631652       -20.928938142096747       -191.58249110104126        0.0000000000000000     
   93.492326329336635        62.642103461536450       -66.086840466946015       -21.196968497446999        0.0000000000000000     

 PASSED   1.0000000000000001E-005
 MU_R    =    325.00000000000000     
 ALPHA_S =   0.11799999999999999     
 BORN                    2.1555586335095812E-013
 SINGLE POLE (MadFKS)   -6.8622197409407479E-015
 DOUBLE POLE (MadFKS)   -2.2939801005493560E-014
 SINGLE POLE (MadLoop)  -6.8622197409404237E-015
 DOUBLE POLE (MadLoop)  -2.2939801005493182E-014
 FINITE PART (MadLoop)  -1.2358757326172027E-014
   325.00000000000000        0.0000000000000000        0.0000000000000000        325.00000000000000        0.0000000000000000     
   325.00000000000000        0.0000000000000000        0.0000000000000000       -325.00000000000000        0.0000000000000000     
   230.91788021218548        2.3928476772700966       -60.495231334121357       -222.83292157693793        1.7769999999999999     
   127.45095593093905       -116.67557850958218       -29.457257262920212        41.948394638062389        1.7769999999999999     
   119.20399204261524       -18.317981370543059        94.175121941467211        70.746658470305846        0.0000000000000000     
   172.42717181426434        132.60071220285516       -4.2226333444256374        110.13786846856971        0.0000000000000000     

 PASSED   1.0000000000000001E-005
 MU_R    =    325.00000000000000     
 ALPHA_S =   0.11799999999999999     
 BORN                    2.3495564442359659E-012
 SINGLE POLE (MadFKS)   -2.5279087086121331E-014
 DOUBLE POLE (MadFKS)   -2.5004356849339453E-013
 SINGLE POLE (MadLoop)  -2.5279087085872805E-014
 DOUBLE POLE (MadLoop)  -2.5004356849339544E-013
 FINITE PART (MadLoop)   4.0987600789629347E-013
   325.00000000000000        0.0000000000000000        0.0000000000000000        325.00000000000000        0.0000000000000000     
   325.00000000000000        0.0000000000000000        0.0000000000000000       -325.00000000000000        0.0000000000000000     
   82.973643110824653       -8.9301259355530309       -36.580882348788947        73.915895580326463        1.7769999999999999     
   157.85574187345981        88.890777636753583       -5.8647817359678571       -130.30468717487892        1.7769999999999999     
   183.96026453025357        23.827811237851765        138.21007570149848       -119.04448459395429        0.0000000000000000     
   225.21035048546202       -103.78846293905231       -95.764411616741711        175.43327618850674        0.0000000000000000     

 PASSED   1.0000000000000001E-005
 MU_R    =    325.00000000000000     
 ALPHA_S =   0.11799999999999999     
 BORN                    3.1496873617449180E-012
 SINGLE POLE (MadFKS)   -2.9932761071791940E-014
 DOUBLE POLE (MadFKS)   -3.3519478516948112E-013
 SINGLE POLE (MadLoop)  -2.9932761074883555E-014
 DOUBLE POLE (MadLoop)  -3.3519478516952394E-013
 FINITE PART (MadLoop)   1.5311643904674729E-013
   325.00000000000000        0.0000000000000000        0.0000000000000000        325.00000000000000        0.0000000000000000     
   325.00000000000000        0.0000000000000000        0.0000000000000000       -325.00000000000000        0.0000000000000000     
   21.263924085458374        20.092050440459431        2.4701177960781862       -6.2613709108843398        1.7769999999999999     
   217.88557579354949        126.58365436314151        52.933385472246137       -169.25011539259268        1.7769999999999999     
   195.31005400739559       -102.59716720590812       -166.14217898310548       -4.0761305720568934        0.0000000000000000     
   215.54044611359660       -44.078537597692744        110.73867571478112        179.58761687553391        0.0000000000000000     

 PASSED   1.0000000000000001E-005
 MU_R    =    325.00000000000000     
 ALPHA_S =   0.11799999999999999     
 BORN                    1.6909630395704705E-012
 SINGLE POLE (MadFKS)   -3.0026488790002886E-014
 DOUBLE POLE (MadFKS)   -1.7995500114155773E-013
 SINGLE POLE (MadLoop)  -3.0026488723050279E-014
 DOUBLE POLE (MadLoop)  -1.7995500114156303E-013
 FINITE PART (MadLoop)   1.7049133169862085E-012
   325.00000000000000        0.0000000000000000        0.0000000000000000        325.00000000000000        0.0000000000000000     
   325.00000000000000        0.0000000000000000        0.0000000000000000       -325.00000000000000        0.0000000000000000     
   72.729231844174151        34.808496253095171        57.942411694577302       -26.784864219517875        1.7769999999999999     
   259.94309096707718       -40.022848179343747       -82.435926799263981       -243.24831429812170        1.7769999999999999     
   145.16587971864251        81.840197078262861       -9.0425731572766477        119.55562156324469        0.0000000000000000     
   172.16179747010617       -76.625845152014335        33.536088261963449        150.47755695439488        0.0000000000000000     

 PASSED   1.0000000000000001E-005
 MU_R    =    325.00000000000000     
 ALPHA_S =   0.11799999999999999     
 BORN                    2.0266288907873375E-010
 SINGLE POLE (MadFKS)   -9.3935160164780532E-012
 DOUBLE POLE (MadFKS)   -2.1567709986599638E-011
 SINGLE POLE (MadLoop)  -9.3935160164780322E-012
 DOUBLE POLE (MadLoop)  -2.1567709986599508E-011
 FINITE PART (MadLoop)   2.9620808630136198E-011
   325.00000000000000        0.0000000000000000        0.0000000000000000        325.00000000000000        0.0000000000000000     
   325.00000000000000        0.0000000000000000        0.0000000000000000       -325.00000000000000        0.0000000000000000     
   98.589055595833045        4.1355452785311932        98.282484316475362        6.3320372795215318        1.7769999999999999     
   306.23465277153588       -52.986631184571550       -300.60154418451128       -24.650220662311852        1.7769999999999999     
   19.778101770252036        6.7436689506494787       -17.863065702019949       -5.1582092283864851        0.0000000000000000     
   225.39818986237907        42.107416955390910        220.18212557005586        23.476392611176795        0.0000000000000000     

 PASSED   1.0000000000000001E-005
 MU_R    =    325.00000000000000     
 ALPHA_S =   0.11799999999999999     
 BORN                    8.7445917257641071E-013
 SINGLE POLE (MadFKS)   -2.6277105097122699E-014
 DOUBLE POLE (MadFKS)   -9.3061348898084838E-014
 SINGLE POLE (MadLoop)  -2.6277105097031308E-014
 DOUBLE POLE (MadLoop)  -9.3061348898083803E-014
 FINITE PART (MadLoop)   1.4749091608660196E-013
   325.00000000000000        0.0000000000000000        0.0000000000000000        325.00000000000000        0.0000000000000000     
   325.00000000000000        0.0000000000000000        0.0000000000000000       -325.00000000000000        0.0000000000000000     
   230.49381395677443        132.35053135375531       -168.15623726191359       -85.621593442505940        1.7769999999999999     
   136.65655143454495       -117.00226647742197        1.3191965401982935        70.573257545738230        1.7769999999999999     
   124.63636704043356        15.514618535448630        67.135597482368681       -103.85726816849436        0.0000000000000000     
   158.21326756825036       -30.862883411781979        99.701443239346617        118.90560406526208        0.0000000000000000     

 PASSED   1.0000000000000001E-005
 MU_R    =    325.00000000000000     
 ALPHA_S =   0.11799999999999999     
 BORN                    1.2328429730244850E-012
 SINGLE POLE (MadFKS)   -8.7406134933943273E-014
 DOUBLE POLE (MadFKS)   -1.3120112824839588E-013
 SINGLE POLE (MadLoop)  -8.7406134933908222E-014
 DOUBLE POLE (MadLoop)  -1.3120112824839600E-013
 FINITE PART (MadLoop)   8.4963944512880349E-014
   325.00000000000000        0.0000000000000000        0.0000000000000000        325.00000000000000        0.0000000000000000     
   325.00000000000000        0.0000000000000000        0.0000000000000000       -325.00000000000000        0.0000000000000000     
   260.73162597687360       -121.44561583767283        227.81650523758469       -36.447570435987274        1.7769999999999999     
   97.362061075429182        10.369420930881887       -77.117043216447840        58.494871253523648        1.7769999999999999     
   153.81130790083813       -26.224043954047030       -147.12257867040555       -36.402813108782844        0.0000000000000000     
   138.09500504685906        137.30023886083799       -3.5768833507312969        14.355512291246459        0.0000000000000000     

 PASSED   1.0000000000000001E-005
 MU_R    =    325.00000000000000     
 ALPHA_S =   0.11799999999999999     
 BORN                    9.2421184217072049E-012
 SINGLE POLE (MadFKS)   -8.2697433631122366E-014
 DOUBLE POLE (MadFKS)   -9.8356107863315589E-013
 SINGLE POLE (MadLoop)  -8.2697433632726026E-014
 DOUBLE POLE (MadLoop)  -9.8356107863317306E-013
 FINITE PART (MadLoop)   1.1383174980853739E-012
   325.00000000000000        0.0000000000000000        0.0000000000000000        325.00000000000000        0.0000000000000000     
   325.00000000000000        0.0000000000000000        0.0000000000000000       -325.00000000000000        0.0000000000000000     
   162.64037080605149        18.028849014041963       -97.008870599096298       -129.27866071106473        1.7769999999999999     
   208.63331725593724       -154.21546107443979        135.51718456079266       -37.113172789867555        1.7769999999999999     
   55.667542874162478        7.9675650598639285       -52.849088895669688       -15.568141814653332        0.0000000000000000     
   223.05876906385120        128.21904700053386        14.340774933973318        181.95997531558561        0.0000000000000000     

 PASSED   1.0000000000000001E-005
 MU_R    =    325.00000000000000     
 ALPHA_S =   0.11799999999999999     
 BORN                    7.0175652757212379E-010
 SINGLE POLE (MadFKS)   -7.2418693777410921E-011
 DOUBLE POLE (MadFKS)   -7.4682056180491836E-011
 SINGLE POLE (MadLoop)  -7.2418693777418521E-011
 DOUBLE POLE (MadLoop)  -7.4682056180489225E-011
 FINITE PART (MadLoop)   1.8157734210291749E-010
   325.00000000000000        0.0000000000000000        0.0000000000000000        325.00000000000000        0.0000000000000000     
   325.00000000000000        0.0000000000000000        0.0000000000000000       -325.00000000000000        0.0000000000000000     
   261.43218936186599        82.847432767849966       -85.216721047248328        232.84768678960640        1.7769999999999999     
   26.052959036419065        18.778068400292764       -17.572434281192240       -3.7673128540694010        1.7769999999999999     
   210.44668009550952        36.571972208872182        120.95690386061091       -168.28464998457287        0.0000000000000000     
   152.06817150620549       -138.19747337701486       -18.167748532170339       -60.795723950964067        0.0000000000000000     

 PASSED   1.0000000000000001E-005
 MU_R    =    325.00000000000000     
 ALPHA_S =   0.11799999999999999     
 BORN                    1.3384967777487044E-012
 SINGLE POLE (MadFKS)   -5.3437172715757684E-014
 DOUBLE POLE (MadFKS)   -1.4244497575116945E-013
 SINGLE POLE (MadLoop)  -5.3437172716274117E-014
 DOUBLE POLE (MadLoop)  -1.4244497575113562E-013
 FINITE PART (MadLoop)   2.4671700051375516E-013
   325.00000000000000        0.0000000000000000        0.0000000000000000        325.00000000000000        0.0000000000000000     
   325.00000000000000        0.0000000000000000        0.0000000000000000       -325.00000000000000        0.0000000000000000     
   113.31558439900151        8.2789526868149554       -108.78117343621035        30.583969443776187        1.7769999999999999     
   152.97234878541414       -30.847385327418031        149.75527104590574        4.3794264870519930        1.7769999999999999     
   220.98897883896109        92.302530029950205       -159.26589197338782       -122.27324880070096        0.0000000000000000     
   162.72308797662325       -69.734097389347141        118.29179436369240        87.309852869872770        0.0000000000000000     

 PASSED   1.0000000000000001E-005
 MU_R    =    325.00000000000000     
 ALPHA_S =   0.11799999999999999     
 BORN                    5.1367671667620657E-011
 SINGLE POLE (MadFKS)   -1.0057156712608947E-011
 DOUBLE POLE (MadFKS)   -5.4666300784042664E-012
 SINGLE POLE (MadLoop)  -1.0057156712607853E-011
 DOUBLE POLE (MadLoop)  -5.4666300784042357E-012
 FINITE PART (MadLoop)   2.3586885464770320E-012
   325.00000000000000        0.0000000000000000        0.0000000000000000        325.00000000000000        0.0000000000000000     
   325.00000000000000        0.0000000000000000        0.0000000000000000       -325.00000000000000        0.0000000000000000     
   131.11124021490784        62.677808512329186       -35.154616870365118        109.64782174982275        1.7769999999999999     
   254.89021764543762        45.427832462546057        135.86409598186529       -210.81538080302369        1.7769999999999999     
   194.12580627510289       -62.907852555235245       -99.381842037946811        154.43665439911649        0.0000000000000000     
   69.872735864554869       -45.197788419639927       -1.3276370735533667       -53.269095345915531        0.0000000000000000     

 PASSED   1.0000000000000001E-005
 MU_R    =    325.00000000000000     
 ALPHA_S =   0.11799999999999999     
 BORN                    1.2576974613722357E-010
 SINGLE POLE (MadFKS)   -1.8178341747465923E-012
 DOUBLE POLE (MadFKS)   -1.3384618279679598E-011
 SINGLE POLE (MadLoop)  -1.8178341747122083E-012
 DOUBLE POLE (MadLoop)  -1.3384618279672857E-011
 FINITE PART (MadLoop)   1.6433253821527313E-011
   325.00000000000000        0.0000000000000000        0.0000000000000000        325.00000000000000        0.0000000000000000     
   325.00000000000000        0.0000000000000000        0.0000000000000000       -325.00000000000000        0.0000000000000000     
   188.34445326379523       -71.400175565631571       -164.64261338397822        57.142804739781809        1.7769999999999999     
   296.54060134836629        90.142573153688673        217.97554217292850       -179.70573179144984        1.7769999999999999     
   39.565531252991207       -17.376913093480557       -35.504385875820880       -1.7066746186250770        0.0000000000000000     
   125.54941413484781       -1.3654844945765450       -17.828542913129386        124.26960167029304        0.0000000000000000     

 PASSED   1.0000000000000001E-005
 MU_R    =    325.00000000000000     
 ALPHA_S =   0.11799999999999999     
 BORN                    2.8467784899693256E-012
 SINGLE POLE (MadFKS)   -2.4854123689562645E-013
 DOUBLE POLE (MadFKS)   -3.0295873678133245E-013
 SINGLE POLE (MadLoop)  -2.4854123689559389E-013
 DOUBLE POLE (MadLoop)  -3.0295873678133043E-013
 FINITE PART (MadLoop)   5.5419253446321715E-013
   325.00000000000000        0.0000000000000000        0.0000000000000000        325.00000000000000        0.0000000000000000     
   325.00000000000000        0.0000000000000000        0.0000000000000000       -325.00000000000000        0.0000000000000000     
   182.41474792933280        12.396348497083418        9.7803755718692127        181.72137279564581        1.7769999999999999     
   221.88329411455101       -46.923246641151572        117.12241540357047       -182.50914281978180        1.7769999999999999     
   175.07167396375587       -10.488784045078846       -172.29277046462289       -29.245130865703167        0.0000000000000000     
   70.630283992361640        45.015682189147036        45.389979489183197        30.032900889839095        0.0000000000000000     

 PASSED   1.0000000000000001E-005
 MU_R    =    325.00000000000000     
 ALPHA_S =   0.11799999999999999     
 BORN                    2.1797969453633010E-011
 SINGLE POLE (MadFKS)   -3.4083015157437367E-013
 DOUBLE POLE (MadFKS)   -2.3197749011170468E-012
 SINGLE POLE (MadLoop)  -3.4083015856353149E-013
 DOUBLE POLE (MadLoop)  -2.3197749010524588E-012
 FINITE PART (MadLoop)   6.5759229727027298E-012
   325.00000000000000        0.0000000000000000        0.0000000000000000        325.00000000000000        0.0000000000000000     
   325.00000000000000        0.0000000000000000        0.0000000000000000       -325.00000000000000        0.0000000000000000     
   78.391156978305162        34.179039357502006       -41.864809935043581        56.755147089037557        1.7769999999999999     
   32.054575284751053       -17.993438330804469        6.6897385280747192       -25.609014880453774        1.7769999999999999     
   262.56145649070226        84.797456962417940       -184.22353176587822       -166.76210622000519        0.0000000000000000     
   276.99281124624150       -100.98305798911549        219.39860317284706        135.61597401142137        0.0000000000000000     

 PASSED   1.0000000000000001E-005
 MU_R    =    325.00000000000000     
 ALPHA_S =   0.11799999999999999     
 BORN                    7.4289402460854193E-014
 SINGLE POLE (MadFKS)   -4.6879999497134964E-015
 DOUBLE POLE (MadFKS)   -7.9059974652340818E-015
 SINGLE POLE (MadLoop)  -4.6879999497278813E-015
 DOUBLE POLE (MadLoop)  -7.9059974652341260E-015
Thanks for using LHAPDF 6.2.1. Please make sure to cite the paper:
  Eur.Phys.J. C75 (2015) 3, 132  (http://arxiv.org/abs/1412.7420)
 FINITE PART (MadLoop)  -2.3388280733118942E-015
   325.00000000000000        0.0000000000000000        0.0000000000000000        325.00000000000000        0.0000000000000000     
   325.00000000000000        0.0000000000000000        0.0000000000000000       -325.00000000000000        0.0000000000000000     
   108.84944340265429       -60.608535790670665       -27.548118943390783       -86.097329413051057        1.7769999999999999     
   147.09112104293882       -59.206552555376689        45.531236147195202        126.70489663025748        1.7769999999999999     
   247.18328983420383        222.51763223398186        83.352163706080830       -68.102121286763975        0.0000000000000000     
   146.87614572020300       -102.70254388793450       -101.33528090988527        27.494554069557537        0.0000000000000000     

 PASSED   1.0000000000000001E-005
 MU_R    =    325.00000000000000     
 ALPHA_S =   0.11799999999999999     
 BORN                    4.5121152369020995E-012
 SINGLE POLE (MadFKS)   -2.1379305304907840E-013
 DOUBLE POLE (MadFKS)   -4.8018654672299145E-013
 SINGLE POLE (MadLoop)  -2.1379305304892062E-013
 DOUBLE POLE (MadLoop)  -4.8018654672298973E-013
 FINITE PART (MadLoop)   2.3996579756923539E-013
   325.00000000000000        0.0000000000000000        0.0000000000000000        325.00000000000000        0.0000000000000000     
   325.00000000000000        0.0000000000000000        0.0000000000000000       -325.00000000000000        0.0000000000000000     
   44.985148353846888        16.116848415741991        40.041700817659489        12.546522872519565        1.7769999999999999     
   220.86339094233736        209.83118091861107       -60.826758594479593        32.379942599359275        1.7769999999999999     
   157.45132935674241       -34.036836436862117        140.03712469284810       -63.419386541777527        0.0000000000000000     
   226.70013134707330       -191.91119289749088       -119.25206691602797        18.492921069898689        0.0000000000000000     

 PASSED   1.0000000000000001E-005
 MU_R    =    325.00000000000000     
 ALPHA_S =   0.11799999999999999     
 BORN                    2.2365683045526351E-012
 SINGLE POLE (MadFKS)   -1.5114137949313673E-013
 DOUBLE POLE (MadFKS)   -2.3801918929060537E-013
 SINGLE POLE (MadLoop)  -1.5114137949348327E-013
 DOUBLE POLE (MadLoop)  -2.3801918929060587E-013
 FINITE PART (MadLoop)  -6.5304151174322100E-013
   325.00000000000000        0.0000000000000000        0.0000000000000000        325.00000000000000        0.0000000000000000     
   325.00000000000000        0.0000000000000000        0.0000000000000000       -325.00000000000000        0.0000000000000000     
   297.04885435145252        78.281763035440520        164.66681164361012       -234.50302953629713        1.7769999999999999     
   28.649536017822669        2.2570252029807740        10.194526969338982        26.619835501765372        1.7769999999999999     
   242.65714858177128       -21.269055234564700       -187.07627373681646        153.07706180879129        0.0000000000000000     
   81.644461048953517       -59.269733003856601        12.214935123867301        54.806132225740484        0.0000000000000000     

 PASSED   1.0000000000000001E-005
 MU_R    =    325.00000000000000     
 ALPHA_S =   0.11799999999999999     
 BORN                    5.8187390603008328E-011
 SINGLE POLE (MadFKS)   -6.8561562712832689E-013
 DOUBLE POLE (MadFKS)   -6.1923955150719586E-012
 SINGLE POLE (MadLoop)  -6.8561562713569528E-013
 DOUBLE POLE (MadLoop)  -6.1923955150719077E-012
 FINITE PART (MadLoop)   3.3409716503539971E-012
   325.00000000000000        0.0000000000000000        0.0000000000000000        325.00000000000000        0.0000000000000000     
   325.00000000000000        0.0000000000000000        0.0000000000000000       -325.00000000000000        0.0000000000000000     
   209.20294045954034        158.76011944617329       -88.429314168123412       -103.62525482289590        1.7769999999999999     
   45.783431527199241        10.955388438304775        44.104289184461649       -5.2683975841786230        1.7769999999999999     
   98.352037317191858        86.829030329683320        25.029787696304776       -38.824637336711127        0.0000000000000000     
   296.66159069606857       -256.54453821416138        19.295237287356994        147.71828974378576        0.0000000000000000     

 NUMBER OF POINTS PASSING THE CHECK          20
 NUMBER OF POINTS FAILING THE CHECK           0
 TOLERANCE    1.0000000000000001E-005
