==== LHAPDF6 USING DEFAULT-TYPE LHAGLUE INTERFACE ====
LHAPDF 6.2.1 loading /cvmfs/cms.cern.ch/slc6_amd64_gcc481/external/lhapdf/6.2.1/share/LHAPDF/NNPDF31_nnlo_as_0118_nf_4/NNPDF31_nnlo_as_0118_nf_4_0000.dat
NNPDF31_nnlo_as_0118_nf_4 PDF set, member #0, version 1; LHAPDF ID = 320900
 A PDF is used, so alpha_s(MZ) is going to be modified
 Old value of alpha_s from param_card:   0.11799999999999999     
 New value of alpha_s from PDF lhapdf :  0.11800240511781991     
 using LHAPDF
WARNING: the value of maxjetflavorspecified in the run_card (  4) is inconsistent with the number of light flavours inthe model. Hence it will be set to:  5
 *****************************************************
 *               MadGraph/MadEvent                   *
 *        --------------------------------           *
 *          http://madgraph.hep.uiuc.edu             *
 *          http://madgraph.phys.ucl.ac.be           *
 *          http://madgraph.roma2.infn.it            *
 *        --------------------------------           *
 *                                                   *
 *          PARAMETER AND COUPLING VALUES            *
 *                                                   *
 *****************************************************

  External Params
  ---------------------------------
  
 MU_R =    91.188000000000002     
 aEWM1 =    132.50700000000001     
 mdl_Gf =    1.1663900000000000E-005
 aS =   0.11799999999999999     
 mdl_ymt =    173.00000000000000     
 mdl_ymtau =    1.7769999999999999     
 mdl_MT =    173.00000000000000     
 mdl_MZ =    91.188000000000002     
 mdl_MH =    125.00000000000000     
 mdl_MTA =    1.7769999999999999     
 mdl_WT =    1.4915000000000000     
 mdl_WZ =    2.4414039999999999     
 mdl_WW =    2.0476000000000001     
 mdl_WH =    6.3823389999999999E-003
  Internal Params
  ---------------------------------
  
 mdl_conjg__CKM3x3 =    1.0000000000000000     
 mdl_CKM22 =    1.0000000000000000     
 mdl_I4x33 =    0.0000000000000000     
 mdl_I1x33 =    0.0000000000000000     
 mdl_lhv =    1.0000000000000000     
 mdl_CKM3x3 =    1.0000000000000000     
 mdl_conjg__CKM22 =    1.0000000000000000     
 mdl_conjg__CKM33 =    1.0000000000000000     
 mdl_Ncol =    3.0000000000000000     
 mdl_CA =    3.0000000000000000     
 mdl_TF =   0.50000000000000000     
 mdl_CF =    1.3333333333333333     
 mdl_complexi =  (  0.0000000000000000     ,  1.0000000000000000     )
 mdl_MZ__exp__2 =    8315.2513440000002     
 mdl_MZ__exp__4 =    69143404.913893804     
 mdl_sqrt__2 =    1.4142135623730951     
 mdl_MH__exp__2 =    15625.000000000000     
 mdl_Ncol__exp__2 =    9.0000000000000000     
 mdl_MT__exp__2 =    29929.000000000000     
 mdl_aEW =    7.5467711139788835E-003
 mdl_MW =    80.419002445756163     
 mdl_sqrt__aEW =    8.6872153846781555E-002
 mdl_ee =   0.30795376724436879     
 mdl_MW__exp__2 =    6467.2159543705357     
 mdl_sw2 =   0.22224648578577766     
 mdl_cw =   0.88190334743339216     
 mdl_sqrt__sw2 =   0.47143025548407230     
 mdl_sw =   0.47143025548407230     
 mdl_g1 =   0.34919219678733299     
 mdl_gw =   0.65323293034757990     
 mdl_v =    246.21845810181637     
 mdl_v__exp__2 =    60623.529110035903     
 mdl_lam =   0.12886910601690263     
 mdl_yt =   0.99366614581500623     
 mdl_ytau =    1.0206617000654717E-002
 mdl_muH =    88.388347648318430     
 mdl_AxialZUp =  -0.18517701861793787     
 mdl_AxialZDown =   0.18517701861793787     
 mdl_VectorZUp =    7.5430507588273299E-002
 mdl_VectorZDown =  -0.13030376310310560     
 mdl_VectorAUp =   0.20530251149624587     
 mdl_VectorADown =  -0.10265125574812294     
 mdl_VectorWmDxU =   0.23095271737156670     
 mdl_AxialWmDxU =  -0.23095271737156670     
 mdl_VectorWpUxD =   0.23095271737156670     
 mdl_AxialWpUxD =  -0.23095271737156670     
 mdl_I2x33 =  ( 0.99366614581500623     ,  0.0000000000000000     )
 mdl_I3x33 =  ( 0.99366614581500623     ,  0.0000000000000000     )
 mdl_Vector_tbGp =  (-0.99366614581500623     ,  0.0000000000000000     )
 mdl_Axial_tbGp =  (-0.99366614581500623     , -0.0000000000000000     )
 mdl_Vector_tbGm =  ( 0.99366614581500623     ,  0.0000000000000000     )
 mdl_Axial_tbGm =  (-0.99366614581500623     ,  0.0000000000000000     )
 mdl_gw__exp__2 =   0.42671326129048615     
 mdl_cw__exp__2 =   0.77775351421422245     
 mdl_ee__exp__2 =    9.4835522759998875E-002
 mdl_sw__exp__2 =   0.22224648578577769     
 mdl_yt__exp__2 =   0.98737240933884918     
  Internal Params evaluated point by point
  ----------------------------------------
  
 mdl_sqrt__aS =   0.34351128074635334     
 mdl_G__exp__4 =    2.1987899468922913     
 mdl_G__exp__2 =    1.4828317324943823     
 mdl_R2MixedFactor_FIN_ =   -2.5040377713124864E-002
 mdl_G_UVg_1EPS_ =   -5.1645779033320030E-002
 mdl_G_UVq_1EPS_ =    3.1300472141406080E-003
 mdl_GWcft_UV_t_1EPS_ =   -3.1300472141406080E-003
 mdl_tWcft_UV_1EPS_ =   -1.8780283284843650E-002
 mdl_G__exp__3 =    1.8056676068262196     
 mdl_MU_R__exp__2 =    8315.2513440000002     
 mdl_G_UVt_FIN_ =   -4.0087659331150384E-003
 mdl_GWcft_UV_t_FIN_ =    4.0087659331150384E-003
 mdl_tWcft_UV_FIN_ =   -9.8778211443463623E-004
  Couplings of loop_sm-no_b_mass
  ---------------------------------
  
      UV_GQQt =   0.00000E+00  -0.48815E-02
   UVWfct_G_2 =   0.40088E-02   0.00000E+00
       R2_DDA =   0.00000E+00   0.25704E-02
       R2_UUA =  -0.00000E+00  -0.51409E-02
    R2_DDZ_V2 =   0.00000E+00   0.72127E-02
    R2_UUZ_V2 =  -0.00000E+00  -0.72127E-02
    R2_UUZ_V5 =   0.00000E+00   0.68702E-03
      R2_GGHt =   0.00000E+00  -0.45657E+01
     R2_GGZup =  -0.46369E-02   0.00000E+00
   R2_GGZdown =   0.46369E-02   0.00000E+00
    R2_GGZAup =   0.00000E+00   0.19389E-03
  R2_GGZAdown =   0.00000E+00   0.16747E-03
  R2_GGAAdown =   0.00000E+00   0.13193E-03
    R2_GGAAup =   0.00000E+00   0.52771E-03
         GC_4 =  -0.12177E+01   0.00000E+00
         GC_5 =   0.00000E+00   0.12177E+01
       R2_GQQ =  -0.00000E+00  -0.30492E-01
       R2_QQq =   0.00000E+00   0.12520E-01
 UV_GQQg_1eps =   0.00000E+00  -0.62890E-01
 UV_GQQq_1eps =   0.00000E+00   0.38115E-02
 UVWfct_G_2_1eps -0.31300E-02   0.00000E+00
         GC_1 =  -0.00000E+00  -0.10265E+00
         GC_2 =   0.00000E+00   0.20530E+00
        GC_21 =  -0.00000E+00  -0.28804E+00
        GC_22 =   0.00000E+00   0.28804E+00
        GC_23 =  -0.00000E+00  -0.27437E-01
        GC_24 =   0.00000E+00   0.82310E-01
        GC_37 =  -0.00000E+00  -0.70263E+00
        GC_38 =  -0.00000E+00  -0.72172E-02
      GC_1003 =  -0.00000E+00  -0.30795E+00

 Collider parameters:
 --------------------

 Running at P P   machine @    13000.000000000000       GeV
 PDF set = lhapdf 
 alpha_s(Mz)= 0.1180 running at 3 loops.
 alpha_s(Mz)= 0.1180 running at 3 loops.
 Renormalization scale set on event-by-event basis
 Factorization   scale set on event-by-event basis


 ===============================================================
 INFO: MadFKS read these parameters from FKS_params.dat
 ===============================================================
  > IRPoleCheckThreshold      =    1.0000000000000001E-005
  > PrecisionVirtualAtRunTime =    1.0000000000000000E-003
  > NHelForMCoverHels         =            4
  > VirtualFraction           =    1.0000000000000000     
  > MinVirtualFraction        =    5.0000000000000001E-003
 ===============================================================
  Insert the number of points to test
 Insert the relative tolerance
  A negative number will mean use the default one:    1.0000000000000001E-005
Using random seed offsets:     1 ,     17 ,      0
  with seed                   32
 Ranmar initialization seeds       10730        9423
  ========================================================================================== 
 {                                                                                          }
 {       [32m                                                                            [0m       }
 {       [32m                               ,,                                           [0m       }
 {       [32m`7MMM.     ,MMF'             `7MM  `7MMF'                                   [0m       }
 {       [32m  MMMb    dPMM                 MM    MM                                     [0m       }
 {       [32m  M YM   ,M MM   ,6"Yb.   ,M""bMM    MM         ,pW"Wq.   ,pW"Wq.`7MMpdMAo. [0m       }
 {       [32m  M  Mb  M' MM  8)   MM ,AP    MM    MM        6W'   `Wb 6W'   `Wb MM   `Wb [0m       }
 {       [32m  M  YM.P'  MM   ,pm9MM 8MI    MM    MM      , 8M     M8 8M     M8 MM    M8 [0m       }
 {       [32m  M  `YM'   MM  8M   MM `Mb    MM    MM     ,M YA.   ,A9 YA.   ,A9 MM   ,AP [0m       }
 {       [32m.JML. `'  .JMML.`Moo9^Yo.`Wbmd"MML..JMMmmmmMMM  `Ybmd9'   `Ybmd9'  MMbmmd'  [0m       }
 {       [32m                                                                   MM       [0m       }
 {       [32m                                                                 .JMML.     [0m       }
 {       [32m[0mv2.6.0 (2017-08-16), Ref: arXiv:1103.0621v2, arXiv:1405.0301[32m                [0m       }
 {       [32m                                                                            [0m       }
 {                                                                                          }
  ========================================================================================== 
 ===============================================================
 INFO: MadLoop read these parameters from ./MadLoop5_resources/MadLoopParams.dat                                                                                                                                                                                                                                                                                                                                                                                                                                                                                          
 ===============================================================
  > MLReductionLib            = 6|7|1
  > CTModeRun                 =           -1
  > MLStabThres               =    1.0000000000000000E-003
  > NRotations_DP             =            0
  > NRotations_QP             =            0
  > CTStabThres               =    1.0000000000000000E-002
  > CTLoopLibrary             =            2
  > CTModeInit                =            1
  > CheckCycle                =            3
  > MaxAttempts               =           10
  > UseLoopFilter             =  F
  > HelicityFilterLevel       =            2
  > ImprovePSPoint            =            2
  > DoubleCheckHelicityFilter =  T
  > LoopInitStartOver         =  F
  > HelInitStartOver          =  F
  > ZeroThres                 =    1.0000000000000001E-009
  > OSThres                   =    1.0000000000000000E-008
  > WriteOutFilters           =  T
  > UseQPIntegrandForNinja    =  T
  > UseQPIntegrandForCutTools =  T
  > IREGIMODE                 =            2
  > IREGIRECY                 =  T
  > COLLIERMode               =            1
  > COLLIERRequiredAccuracy   =    1.0000000000000000E-008
  > COLLIERCanOutput          =  F
  > COLLIERComputeUVpoles     =  T
  > COLLIERComputeIRpoles     =  T
  > COLLIERGlobalCache        =           -1
  > COLLIERUseCacheForPoles   =  F
  > COLLIERUseInternalStabilityTest =  T
 ===============================================================
  
------------------------------------------------------------------------
|              You are using CutTools - Version 1.9.3                  |
|              Authors: G. Ossola, C. Papadopoulos, R. Pittau          |
|              Published in JHEP 0803:042,2008                         |
|              http://www.ugr.es/~pittau/CutTools                      |
|                                                                      |
|              Compiler with  34  significant digits detetected        |
 ---------------------------------------------------------------------- 
   
########################################################################
#                                                                      #
#                      You are using OneLOop-3.6                       #
#                                                                      #
# for the evaluation of 1-loop scalar 1-, 2-, 3- and 4-point functions #
#                                                                      #
# author: Andreas van Hameren <hamerenREMOVETHIS@ifj.edu.pl>           #
#   date: 18-02-2015                                                   #
#                                                                      #
# Please cite                                                          #
#    A. van Hameren,                                                   #
#      Comput.Phys.Commun. 182 (2011) 2427-2438, arXiv:1007.4716       #
#    A. van Hameren, C.G. Papadopoulos and R. Pittau,                  #
#      JHEP 0909:106,2009, arXiv:0903.4665                             #
# in publications with results obtained with the help of this program. #
#                                                                      #
########################################################################
 PASSED   1.0000000000000001E-005
 MU_R    =    325.00000000000000     
 ALPHA_S =   0.11799999999999999     
 BORN                    8.5851477109042229E-013
 SINGLE POLE (MadFKS)   -3.6137522028522625E-014
 DOUBLE POLE (MadFKS)   -9.1364520096704699E-014
 SINGLE POLE (MadLoop)  -3.6137522028657287E-014
 DOUBLE POLE (MadLoop)  -9.1364520096705356E-014
 FINITE PART (MadLoop)   7.7562270460265964E-014
   325.00000000000000        0.0000000000000000        0.0000000000000000        325.00000000000000        0.0000000000000000     
   325.00000000000000        0.0000000000000000        0.0000000000000000       -325.00000000000000        0.0000000000000000     
   217.45682514030361        29.403495941814661       -113.81708055801624       -182.94419203612426        0.0000000000000000     
   168.54489737653790        59.621076503904710       -93.444591083915441        126.96778357261761        0.0000000000000000     
   123.37561441539260       -58.161922845092256        103.44937401191748       -33.718837166776225        0.0000000000000000     
   140.62266306776624       -30.862649600627055        103.81229763001421        89.695245630282784        0.0000000000000000     

 PASSED   1.0000000000000001E-005
 MU_R    =    325.00000000000000     
 ALPHA_S =   0.11799999999999999     
 BORN                    1.2725047019443213E-011
 SINGLE POLE (MadFKS)   -1.2631438822609833E-013
 DOUBLE POLE (MadFKS)   -1.3542199310825602E-012
 SINGLE POLE (MadLoop)  -1.2631439245658331E-013
 DOUBLE POLE (MadLoop)  -1.3542199310823566E-012
 FINITE PART (MadLoop)   4.0957086612601602E-012
   325.00000000000000        0.0000000000000000        0.0000000000000000        325.00000000000000        0.0000000000000000     
   325.00000000000000        0.0000000000000000        0.0000000000000000       -325.00000000000000        0.0000000000000000     
   210.15380230614019       -122.05491768892395       -168.43782243622294       -29.931883746628362        0.0000000000000000     
   56.136364640388649       -24.120298885538610       -32.172893983806489       -39.171514004665568        0.0000000000000000     
   92.157250845755470      -0.16524864810215145        6.5549160170844809       -91.923689288130561        0.0000000000000000     
   291.55258220771543        146.34046522256477        194.05580040294501        161.02708703942452        0.0000000000000000     

 PASSED   1.0000000000000001E-005
 MU_R    =    325.00000000000000     
 ALPHA_S =   0.11799999999999999     
 BORN                    2.6072803073926488E-012
 SINGLE POLE (MadFKS)   -2.4888471194780700E-013
 DOUBLE POLE (MadFKS)   -2.7747095572969297E-013
 SINGLE POLE (MadLoop)  -2.4888471194783103E-013
 DOUBLE POLE (MadLoop)  -2.7747095572970771E-013
 FINITE PART (MadLoop)   3.0663104142107225E-013
   325.00000000000000        0.0000000000000000        0.0000000000000000        325.00000000000000        0.0000000000000000     
   325.00000000000000        0.0000000000000000        0.0000000000000000       -325.00000000000000        0.0000000000000000     
   239.93946036032617       -118.38249335138066        198.38150038413269        64.817514695144055        0.0000000000000000     
   167.09171530144732        7.2113699443857415       -137.69119621544849       -94.386291116157295        0.0000000000000000     
   147.42841605099403        141.33824959702750        29.962121832612223        29.341239159944546        0.0000000000000000     
   95.540408287232324       -30.167126190032558       -90.652426001296462       0.22753726106869709        0.0000000000000000     

 PASSED   1.0000000000000001E-005
 MU_R    =    325.00000000000000     
 ALPHA_S =   0.11799999999999999     
 BORN                    1.0912564240102099E-010
 SINGLE POLE (MadFKS)   -5.6408167993232402E-012
 DOUBLE POLE (MadFKS)   -1.1613326041613080E-011
 SINGLE POLE (MadLoop)  -5.6408167993247726E-012
 DOUBLE POLE (MadLoop)  -1.1613326041613408E-011
 FINITE PART (MadLoop)   1.4096647724458650E-011
   325.00000000000000        0.0000000000000000        0.0000000000000000        325.00000000000000        0.0000000000000000     
   325.00000000000000        0.0000000000000000        0.0000000000000000       -325.00000000000000        0.0000000000000000     
   159.40697652451672        65.486416914846913        144.60145732758897       -14.578473962665836        0.0000000000000000     
   236.04470008194673        139.56330399145907       -190.35258977177236        2.2530386022213040        0.0000000000000000     
   29.708663348895659        7.5039238033032474       -27.455992259717863        8.5125962295029769        0.0000000000000000     
   224.83966004464111       -212.55364470960924        73.207124703901201        3.8128391309416689        0.0000000000000000     

 PASSED   1.0000000000000001E-005
 MU_R    =    325.00000000000000     
 ALPHA_S =   0.11799999999999999     
 BORN                    1.8561518889573309E-010
 SINGLE POLE (MadFKS)   -5.6755157188493674E-011
 DOUBLE POLE (MadFKS)   -1.9753466366779254E-011
 SINGLE POLE (MadLoop)  -5.6755157188503355E-011
 DOUBLE POLE (MadLoop)  -1.9753466366778795E-011
 FINITE PART (MadLoop)  -5.6786051072664489E-011
   325.00000000000000        0.0000000000000000        0.0000000000000000        325.00000000000000        0.0000000000000000     
   325.00000000000000        0.0000000000000000        0.0000000000000000       -325.00000000000000        0.0000000000000000     
   24.309174251441426       -20.343371717663633       -12.872347686677493        3.3742917741646172        0.0000000000000000     
   249.19452906660493       -58.002617472339296       -204.67252616221276        129.77968530345123        0.0000000000000000     
   234.77675061733663        53.723273945814803        228.46914122351541        5.9819708765071606        0.0000000000000000     
   141.71954606461696        24.622715244188111       -10.924267374625149       -139.13594795412300        0.0000000000000000     

 PASSED   1.0000000000000001E-005
 MU_R    =    325.00000000000000     
 ALPHA_S =   0.11799999999999999     
 BORN                    1.3529350581455489E-012
 SINGLE POLE (MadFKS)   -7.6296831331854746E-014
 DOUBLE POLE (MadFKS)   -1.4398152072849567E-013
 SINGLE POLE (MadLoop)  -7.6296831331905473E-014
 DOUBLE POLE (MadLoop)  -1.4398152072849549E-013
 FINITE PART (MadLoop)   2.3961391254479585E-013
   325.00000000000000        0.0000000000000000        0.0000000000000000        325.00000000000000        0.0000000000000000     
   325.00000000000000        0.0000000000000000        0.0000000000000000       -325.00000000000000        0.0000000000000000     
   160.51381718208552       -51.955529177662186        110.19804166537580        104.50693808235495        0.0000000000000000     
   133.36844249042881        114.83590239151687       -12.658755772416944       -66.630420053779758        0.0000000000000000     
   197.09849532682168       -182.00983841156580       0.79745078635765543       -75.628034839840950        0.0000000000000000     
   159.01924500066389        119.12946519771110       -98.336736679316502        37.751516811265716        0.0000000000000000     

 PASSED   1.0000000000000001E-005
 MU_R    =    325.00000000000000     
 ALPHA_S =   0.11799999999999999     
 BORN                    1.2424774791583528E-013
 SINGLE POLE (MadFKS)   -1.0661832909914469E-014
 DOUBLE POLE (MadFKS)   -1.3222644785724962E-014
 SINGLE POLE (MadLoop)  -1.0661832909940171E-014
 DOUBLE POLE (MadLoop)  -1.3222644785724981E-014
 FINITE PART (MadLoop)   3.1094250201061897E-014
   325.00000000000000        0.0000000000000000        0.0000000000000000        325.00000000000000        0.0000000000000000     
   325.00000000000000        0.0000000000000000        0.0000000000000000       -325.00000000000000        0.0000000000000000     
   190.86020610441824        33.055885923765146       -150.97830992061054       -111.98426949144292        0.0000000000000000     
   258.79011101331128       -164.58644402947786        182.93745362879739        80.109375605013526        0.0000000000000000     
   64.577045450109793       -2.8205272286262733       -43.153514450525023        47.958457187303786        0.0000000000000000     
   135.77263743216076        134.35108533433899        11.194370742338162       -16.083563300874413        0.0000000000000000     

 PASSED   1.0000000000000001E-005
 MU_R    =    325.00000000000000     
 ALPHA_S =   0.11799999999999999     
 BORN                    1.5012933580072756E-012
 SINGLE POLE (MadFKS)    8.0783563288244738E-015
 DOUBLE POLE (MadFKS)   -1.5977004915650803E-013
 SINGLE POLE (MadLoop)   8.0783563277130288E-015
 DOUBLE POLE (MadLoop)  -1.5977004915650424E-013
 FINITE PART (MadLoop)   8.0745542139778763E-013
   325.00000000000000        0.0000000000000000        0.0000000000000000        325.00000000000000        0.0000000000000000     
   325.00000000000000        0.0000000000000000        0.0000000000000000       -325.00000000000000        0.0000000000000000     
   92.694158543948433        6.5566830798597806        91.484332891595571       -13.410211427888168        0.0000000000000000     
   32.539783331228648        9.3705899014588532        12.339182766936464        28.614229201327813        0.0000000000000000     
   288.84337753863440        37.617850434286595       -158.86488619565768       -238.27996560909293        0.0000000000000000     
   235.92268058618825       -53.545123415605296        55.041370537125736        223.07594783565327        0.0000000000000000     

 PASSED   1.0000000000000001E-005
 MU_R    =    325.00000000000000     
 ALPHA_S =   0.11799999999999999     
 BORN                    3.4440507897791300E-010
 SINGLE POLE (MadFKS)   -9.2432781198550664E-011
 DOUBLE POLE (MadFKS)   -3.6652141371683552E-011
 SINGLE POLE (MadLoop)  -9.2432781198546050E-011
 DOUBLE POLE (MadLoop)  -3.6652141371683074E-011
 FINITE PART (MadLoop)  -3.9281005823705456E-011
   325.00000000000000        0.0000000000000000        0.0000000000000000        325.00000000000000        0.0000000000000000     
   325.00000000000000        0.0000000000000000        0.0000000000000000       -325.00000000000000        0.0000000000000000     
   63.468369748143260        6.4827150130201128        58.249275933432877        24.356317820594132        0.0000000000000000     
   156.84018164938453       -11.446190170683789        115.07928056830373       -105.94614902992051        0.0000000000000000     
   285.16402042276502       -32.616041986393896       -177.12114809257707        221.09457534544882        0.0000000000000000     
   144.52742817970727        37.579517144057604        3.7925915908403449       -139.50474413612250        0.0000000000000000     

 PASSED   1.0000000000000001E-005
 MU_R    =    325.00000000000000     
 ALPHA_S =   0.11799999999999999     
 BORN                    4.9131188193870582E-012
 SINGLE POLE (MadFKS)   -6.4522494552699638E-013
 DOUBLE POLE (MadFKS)   -5.2286199169438468E-013
 SINGLE POLE (MadLoop)  -6.4522494552702203E-013
 DOUBLE POLE (MadLoop)  -5.2286199169437943E-013
 FINITE PART (MadLoop)   6.8657919757984626E-013
   325.00000000000000        0.0000000000000000        0.0000000000000000        325.00000000000000        0.0000000000000000     
   325.00000000000000        0.0000000000000000        0.0000000000000000       -325.00000000000000        0.0000000000000000     
   192.41171245671953        114.56992451084928       -147.79446046538470        45.307802240358718        0.0000000000000000     
   210.89768744698466        59.725839464288619        184.11905291624157        83.730717326428604        0.0000000000000000     
   68.635408032406502       -61.197919928211306        29.888184892330209       -8.5047184595993013        0.0000000000000000     
   178.05519206388945       -113.09784404692655       -66.212777343187099       -120.53380110718807        0.0000000000000000     

 PASSED   1.0000000000000001E-005
 MU_R    =    325.00000000000000     
 ALPHA_S =   0.11799999999999999     
 BORN                    4.4422195987930848E-011
 SINGLE POLE (MadFKS)   -8.6824062344845189E-012
 DOUBLE POLE (MadFKS)   -4.7274814071330559E-012
 SINGLE POLE (MadLoop)  -8.6824062344835690E-012
 DOUBLE POLE (MadLoop)  -4.7274814071331003E-012
 FINITE PART (MadLoop)  -7.3035340812636463E-012
   325.00000000000000        0.0000000000000000        0.0000000000000000        325.00000000000000        0.0000000000000000     
   325.00000000000000        0.0000000000000000        0.0000000000000000       -325.00000000000000        0.0000000000000000     
   273.13415886687022       -134.58035126427146        182.80493838469465        151.89717672052359        0.0000000000000000     
   55.503241551647186        42.271066854386703        28.023630789642503        22.548677280458509        0.0000000000000000     
   171.65825276893574        90.900937244617154       -139.10568925731792       -43.048607038794103        0.0000000000000000     
   149.70434681254682        1.4083471652676292       -71.722879917019227       -131.39724696218798        0.0000000000000000     

 PASSED   1.0000000000000001E-005
 MU_R    =    325.00000000000000     
 ALPHA_S =   0.11799999999999999     
 BORN                    2.4404477291233593E-012
 SINGLE POLE (MadFKS)   -3.0547272362911456E-013
 DOUBLE POLE (MadFKS)   -2.5971636493714368E-013
 SINGLE POLE (MadLoop)  -3.0547272362917277E-013
 DOUBLE POLE (MadLoop)  -2.5971636493714333E-013
 FINITE PART (MadLoop)  -4.3979781757664315E-013
   325.00000000000000        0.0000000000000000        0.0000000000000000        325.00000000000000        0.0000000000000000     
   325.00000000000000        0.0000000000000000        0.0000000000000000       -325.00000000000000        0.0000000000000000     
   267.05040562501557        263.34159231583430       -6.3617135765385466        43.893661289716604        0.0000000000000000     
   61.148964076537411       -14.189317988238910       -40.662663590143666        43.409755267878495        0.0000000000000000     
   279.56615651270300       -262.63917847183336        7.8452428737111166       -95.479578775663470        0.0000000000000000     
   42.234473785743987        13.486904144237947        39.179134292971092        8.1761622180684466        0.0000000000000000     

 PASSED   1.0000000000000001E-005
 MU_R    =    325.00000000000000     
 ALPHA_S =   0.11799999999999999     
 BORN                    2.0979201968107758E-012
 SINGLE POLE (MadFKS)   -3.0583189303649918E-014
 DOUBLE POLE (MadFKS)   -2.2326403509557408E-013
 SINGLE POLE (MadLoop)  -3.0583189554027358E-014
 DOUBLE POLE (MadLoop)  -2.2326403509557449E-013
 FINITE PART (MadLoop)   8.7613558025317836E-014
   325.00000000000000        0.0000000000000000        0.0000000000000000        325.00000000000000        0.0000000000000000     
   325.00000000000000        0.0000000000000000        0.0000000000000000       -325.00000000000000        0.0000000000000000     
   174.00377806108926        158.82584170162954        62.991049202387465       -32.921034426094806        0.0000000000000000     
   169.22133566212850       -66.070873380768020       -58.089426784586387       -144.55489832522269        0.0000000000000000     
   100.73201738423208       -18.975304189580694        97.813621041312587        14.811235464896640        0.0000000000000000     
   206.04286889254993       -73.779664131280825       -102.71524345911368        162.66469728642085        0.0000000000000000     

 PASSED   1.0000000000000001E-005
 MU_R    =    325.00000000000000     
 ALPHA_S =   0.11799999999999999     
 BORN                    5.7906752980054436E-012
 SINGLE POLE (MadFKS)   -7.0209901589630347E-013
 DOUBLE POLE (MadFKS)   -6.1625296087350232E-013
 SINGLE POLE (MadLoop)  -7.0209902336905525E-013
 DOUBLE POLE (MadLoop)  -6.1625296087350353E-013
 FINITE PART (MadLoop)   8.9729439268451768E-013
   325.00000000000000        0.0000000000000000        0.0000000000000000        325.00000000000000        0.0000000000000000     
   325.00000000000000        0.0000000000000000        0.0000000000000000       -325.00000000000000        0.0000000000000000     
   195.23153318014414       -89.968640102069372       -42.333462693461364        168.01450319075235        0.0000000000000000     
   111.18350940539528       -19.453226049649000       -12.316923408573532       -108.77333385397458        0.0000000000000000     
   189.77398240952186        68.342807391527430        174.90546445561361        27.413565637840350        0.0000000000000000     
   153.81097500493868        41.079058760190925       -120.25507835357868       -86.654734974618137        0.0000000000000000     

 PASSED   1.0000000000000001E-005
 MU_R    =    325.00000000000000     
 ALPHA_S =   0.11799999999999999     
 BORN                    2.6891642908100989E-013
 SINGLE POLE (MadFKS)   -9.1802425905619772E-015
 DOUBLE POLE (MadFKS)   -2.8618518069176283E-014
 SINGLE POLE (MadLoop)  -9.1802425906708195E-015
 DOUBLE POLE (MadLoop)  -2.8618518069176031E-014
 FINITE PART (MadLoop)  -6.4498914829076743E-015
   325.00000000000000        0.0000000000000000        0.0000000000000000        325.00000000000000        0.0000000000000000     
   325.00000000000000        0.0000000000000000        0.0000000000000000       -325.00000000000000        0.0000000000000000     
   122.99127855970561       -120.39996452248290       -5.7045431242600664       -24.457336986667698        0.0000000000000000     
   120.68224975084372       -53.033817957431069       -35.471633541226630        102.43721380289493        0.0000000000000000     
   252.11638226896028        156.15964023250686       -67.422361544597749       -186.09422918132640        0.0000000000000000     
   154.21008942049045        17.274142247407081        108.59853821008446        108.11435236509919        0.0000000000000000     

 PASSED   1.0000000000000001E-005
 MU_R    =    325.00000000000000     
 ALPHA_S =   0.11799999999999999     
 BORN                    3.1382448387631482E-011
 SINGLE POLE (MadFKS)   -7.3564507761139310E-012
 DOUBLE POLE (MadFKS)   -3.3397705350529896E-012
 SINGLE POLE (MadLoop)  -7.3564507761170184E-012
 DOUBLE POLE (MadLoop)  -3.3397705350537902E-012
 FINITE PART (MadLoop)  -9.0461717680340631E-012
   325.00000000000000        0.0000000000000000        0.0000000000000000        325.00000000000000        0.0000000000000000     
   325.00000000000000        0.0000000000000000        0.0000000000000000       -325.00000000000000        0.0000000000000000     
   147.98974514735093       -38.366831463165063       -134.50305097241915       -48.351630700171512        0.0000000000000000     
   265.38229379003855        60.727704069449850        27.785151518072695        256.84215614036827        0.0000000000000000     
   154.93415389968075       -3.9829937358325340        75.244615116070051       -135.37716093028664        0.0000000000000000     
   81.693807162930000       -18.377878870452150        31.473284338276414       -73.113364509910156        0.0000000000000000     

 PASSED   1.0000000000000001E-005
 MU_R    =    325.00000000000000     
 ALPHA_S =   0.11799999999999999     
 BORN                    8.5639111327854800E-010
 SINGLE POLE (MadFKS)   -1.1847550033848854E-010
 DOUBLE POLE (MadFKS)   -9.1138517023297967E-011
 SINGLE POLE (MadLoop)  -1.1847550033848140E-010
 DOUBLE POLE (MadLoop)  -9.1138517023296817E-011
Thanks for using LHAPDF 6.2.1. Please make sure to cite the paper:
  Eur.Phys.J. C75 (2015) 3, 132  (http://arxiv.org/abs/1412.7420)
 FINITE PART (MadLoop)   1.3580284729398157E-010
   325.00000000000000        0.0000000000000000        0.0000000000000000        325.00000000000000        0.0000000000000000     
   325.00000000000000        0.0000000000000000        0.0000000000000000       -325.00000000000000        0.0000000000000000     
   138.91685251832513        120.04173611623902       -60.140554249567323        35.650907959716449        0.0000000000000000     
   116.65278491986913        33.839851854736487       -3.0061517128208362        111.59614557810787        0.0000000000000000     
   97.772248901220451        11.375534127451646        19.261968614130460        95.178707932108622        0.0000000000000000     
   296.65811366058534       -165.25712209842709        43.884737348257730       -242.42576146993292        0.0000000000000000     

 PASSED   1.0000000000000001E-005
 MU_R    =    325.00000000000000     
 ALPHA_S =   0.11799999999999999     
 BORN                    1.7742548736057339E-011
 SINGLE POLE (MadFKS)   -3.4021194427728481E-013
 DOUBLE POLE (MadFKS)   -1.8881905182637082E-012
 SINGLE POLE (MadLoop)  -3.4021194427448520E-013
 DOUBLE POLE (MadLoop)  -1.8881905182637199E-012
 FINITE PART (MadLoop)   1.0789094451489807E-012
   325.00000000000000        0.0000000000000000        0.0000000000000000        325.00000000000000        0.0000000000000000     
   325.00000000000000        0.0000000000000000        0.0000000000000000       -325.00000000000000        0.0000000000000000     
   210.34373856157387       -10.354724720882935       -192.03529535495431       -85.203951586472328        0.0000000000000000     
   79.475534048052396       -50.009423598986331       -22.461347322487391       -57.540472191135791        0.0000000000000000     
   91.386995274572342       -85.470533258868628        23.671517228709543        22.046090851900292        0.0000000000000000     
   268.79373211580173        145.83468157873796        190.82512544873211        120.69833292570780        0.0000000000000000     

 PASSED   1.0000000000000001E-005
 MU_R    =    325.00000000000000     
 ALPHA_S =   0.11799999999999999     
 BORN                    4.1089777751037039E-011
 SINGLE POLE (MadFKS)   -3.0510741692769908E-012
 DOUBLE POLE (MadFKS)   -4.3728401088958677E-012
 SINGLE POLE (MadLoop)  -3.0510741692764367E-012
 DOUBLE POLE (MadLoop)  -4.3728401088961916E-012
 FINITE PART (MadLoop)  -2.6076914981735778E-012
   325.00000000000000        0.0000000000000000        0.0000000000000000        325.00000000000000        0.0000000000000000     
   325.00000000000000        0.0000000000000000        0.0000000000000000       -325.00000000000000        0.0000000000000000     
   95.178733604562808        69.889909268176581       -29.640651655725588        57.409264779113073        0.0000000000000000     
   262.51059243681271        182.71358679679145       -29.343744274355682       -186.18942239917649        0.0000000000000000     
   187.97634150382328       -153.85576487500612        46.187750440697357        97.622744732550203        0.0000000000000000     
   104.33433245480100       -98.747731189961996        12.796645489383890        31.157412887513246        0.0000000000000000     

 PASSED   1.0000000000000001E-005
 MU_R    =    325.00000000000000     
 ALPHA_S =   0.11799999999999999     
 BORN                    1.3684232631663626E-010
 SINGLE POLE (MadFKS)   -9.8709945758684503E-013
 DOUBLE POLE (MadFKS)   -1.4562980036972851E-011
 SINGLE POLE (MadLoop)  -9.8709945762417721E-013
 DOUBLE POLE (MadLoop)  -1.4562980036973442E-011
 FINITE PART (MadLoop)   6.3190759023529583E-012
   325.00000000000000        0.0000000000000000        0.0000000000000000        325.00000000000000        0.0000000000000000     
   325.00000000000000        0.0000000000000000        0.0000000000000000       -325.00000000000000        0.0000000000000000     
   185.55706660769204       -16.819715161561145       -132.85202652949059       -128.44789292527508        0.0000000000000000     
   105.04330941173878       -32.218187333943959       -85.498867029203311       -51.826913797830890        0.0000000000000000     
   45.055186473256917       -2.1219651895267386       -43.003057393365673        13.274190999729091        0.0000000000000000     
   314.34443750731219        51.159867685031841        261.35395095205956        167.00061572337691        0.0000000000000000     

 NUMBER OF POINTS PASSING THE CHECK          20
 NUMBER OF POINTS FAILING THE CHECK           0
 TOLERANCE    1.0000000000000001E-005
