==== LHAPDF6 USING DEFAULT-TYPE LHAGLUE INTERFACE ====
LHAPDF 6.2.1 loading /cvmfs/cms.cern.ch/slc6_amd64_gcc481/external/lhapdf/6.2.1/share/LHAPDF/NNPDF31_nnlo_as_0118_nf_4/NNPDF31_nnlo_as_0118_nf_4_0000.dat
NNPDF31_nnlo_as_0118_nf_4 PDF set, member #0, version 1; LHAPDF ID = 320900
 A PDF is used, so alpha_s(MZ) is going to be modified
 Old value of alpha_s from param_card:   0.11799999999999999     
 New value of alpha_s from PDF lhapdf :  0.11800240511781991     
 using LHAPDF
WARNING: the value of maxjetflavorspecified in the run_card (  4) is inconsistent with the number of light flavours inthe model. Hence it will be set to:  5
 *****************************************************
 *               MadGraph/MadEvent                   *
 *        --------------------------------           *
 *          http://madgraph.hep.uiuc.edu             *
 *          http://madgraph.phys.ucl.ac.be           *
 *          http://madgraph.roma2.infn.it            *
 *        --------------------------------           *
 *                                                   *
 *          PARAMETER AND COUPLING VALUES            *
 *                                                   *
 *****************************************************

  External Params
  ---------------------------------
  
 MU_R =    91.188000000000002     
 aEWM1 =    132.50700000000001     
 mdl_Gf =    1.1663900000000000E-005
 aS =   0.11799999999999999     
 mdl_ymt =    173.00000000000000     
 mdl_ymtau =    1.7769999999999999     
 mdl_MT =    173.00000000000000     
 mdl_MZ =    91.188000000000002     
 mdl_MH =    125.00000000000000     
 mdl_MTA =    1.7769999999999999     
 mdl_WT =    1.4915000000000000     
 mdl_WZ =    2.4414039999999999     
 mdl_WW =    2.0476000000000001     
 mdl_WH =    6.3823389999999999E-003
  Internal Params
  ---------------------------------
  
 mdl_conjg__CKM3x3 =    1.0000000000000000     
 mdl_CKM22 =    1.0000000000000000     
 mdl_I4x33 =    0.0000000000000000     
 mdl_I1x33 =    0.0000000000000000     
 mdl_lhv =    1.0000000000000000     
 mdl_CKM3x3 =    1.0000000000000000     
 mdl_conjg__CKM22 =    1.0000000000000000     
 mdl_conjg__CKM33 =    1.0000000000000000     
 mdl_Ncol =    3.0000000000000000     
 mdl_CA =    3.0000000000000000     
 mdl_TF =   0.50000000000000000     
 mdl_CF =    1.3333333333333333     
 mdl_complexi =  (  0.0000000000000000     ,  1.0000000000000000     )
 mdl_MZ__exp__2 =    8315.2513440000002     
 mdl_MZ__exp__4 =    69143404.913893804     
 mdl_sqrt__2 =    1.4142135623730951     
 mdl_MH__exp__2 =    15625.000000000000     
 mdl_Ncol__exp__2 =    9.0000000000000000     
 mdl_MT__exp__2 =    29929.000000000000     
 mdl_aEW =    7.5467711139788835E-003
 mdl_MW =    80.419002445756163     
 mdl_sqrt__aEW =    8.6872153846781555E-002
 mdl_ee =   0.30795376724436879     
 mdl_MW__exp__2 =    6467.2159543705357     
 mdl_sw2 =   0.22224648578577766     
 mdl_cw =   0.88190334743339216     
 mdl_sqrt__sw2 =   0.47143025548407230     
 mdl_sw =   0.47143025548407230     
 mdl_g1 =   0.34919219678733299     
 mdl_gw =   0.65323293034757990     
 mdl_v =    246.21845810181637     
 mdl_v__exp__2 =    60623.529110035903     
 mdl_lam =   0.12886910601690263     
 mdl_yt =   0.99366614581500623     
 mdl_ytau =    1.0206617000654717E-002
 mdl_muH =    88.388347648318430     
 mdl_AxialZUp =  -0.18517701861793787     
 mdl_AxialZDown =   0.18517701861793787     
 mdl_VectorZUp =    7.5430507588273299E-002
 mdl_VectorZDown =  -0.13030376310310560     
 mdl_VectorAUp =   0.20530251149624587     
 mdl_VectorADown =  -0.10265125574812294     
 mdl_VectorWmDxU =   0.23095271737156670     
 mdl_AxialWmDxU =  -0.23095271737156670     
 mdl_VectorWpUxD =   0.23095271737156670     
 mdl_AxialWpUxD =  -0.23095271737156670     
 mdl_I2x33 =  ( 0.99366614581500623     ,  0.0000000000000000     )
 mdl_I3x33 =  ( 0.99366614581500623     ,  0.0000000000000000     )
 mdl_Vector_tbGp =  (-0.99366614581500623     ,  0.0000000000000000     )
 mdl_Axial_tbGp =  (-0.99366614581500623     , -0.0000000000000000     )
 mdl_Vector_tbGm =  ( 0.99366614581500623     ,  0.0000000000000000     )
 mdl_Axial_tbGm =  (-0.99366614581500623     ,  0.0000000000000000     )
 mdl_gw__exp__2 =   0.42671326129048615     
 mdl_cw__exp__2 =   0.77775351421422245     
 mdl_ee__exp__2 =    9.4835522759998875E-002
 mdl_sw__exp__2 =   0.22224648578577769     
 mdl_yt__exp__2 =   0.98737240933884918     
  Internal Params evaluated point by point
  ----------------------------------------
  
 mdl_sqrt__aS =   0.34351128074635334     
 mdl_G__exp__4 =    2.1987899468922913     
 mdl_G__exp__2 =    1.4828317324943823     
 mdl_R2MixedFactor_FIN_ =   -2.5040377713124864E-002
 mdl_G_UVg_1EPS_ =   -5.1645779033320030E-002
 mdl_G_UVq_1EPS_ =    3.1300472141406080E-003
 mdl_GWcft_UV_t_1EPS_ =   -3.1300472141406080E-003
 mdl_tWcft_UV_1EPS_ =   -1.8780283284843650E-002
 mdl_G__exp__3 =    1.8056676068262196     
 mdl_MU_R__exp__2 =    8315.2513440000002     
 mdl_G_UVt_FIN_ =   -4.0087659331150384E-003
 mdl_GWcft_UV_t_FIN_ =    4.0087659331150384E-003
 mdl_tWcft_UV_FIN_ =   -9.8778211443463623E-004
  Couplings of loop_sm-no_b_mass
  ---------------------------------
  
      UV_GQQt =   0.00000E+00  -0.48815E-02
   UVWfct_G_2 =   0.40088E-02   0.00000E+00
       R2_DDA =   0.00000E+00   0.25704E-02
       R2_UUA =  -0.00000E+00  -0.51409E-02
    R2_DDZ_V2 =   0.00000E+00   0.72127E-02
    R2_UUZ_V2 =  -0.00000E+00  -0.72127E-02
    R2_UUZ_V5 =   0.00000E+00   0.68702E-03
      R2_GGHt =   0.00000E+00  -0.45657E+01
     R2_GGZup =  -0.46369E-02   0.00000E+00
   R2_GGZdown =   0.46369E-02   0.00000E+00
    R2_GGZAup =   0.00000E+00   0.19389E-03
  R2_GGZAdown =   0.00000E+00   0.16747E-03
  R2_GGAAdown =   0.00000E+00   0.13193E-03
    R2_GGAAup =   0.00000E+00   0.52771E-03
         GC_4 =  -0.12177E+01   0.00000E+00
         GC_5 =   0.00000E+00   0.12177E+01
       R2_GQQ =  -0.00000E+00  -0.30492E-01
       R2_QQq =   0.00000E+00   0.12520E-01
 UV_GQQg_1eps =   0.00000E+00  -0.62890E-01
 UV_GQQq_1eps =   0.00000E+00   0.38115E-02
 UVWfct_G_2_1eps -0.31300E-02   0.00000E+00
         GC_1 =  -0.00000E+00  -0.10265E+00
         GC_2 =   0.00000E+00   0.20530E+00
        GC_21 =  -0.00000E+00  -0.28804E+00
        GC_22 =   0.00000E+00   0.28804E+00
        GC_23 =  -0.00000E+00  -0.27437E-01
        GC_24 =   0.00000E+00   0.82310E-01
        GC_37 =  -0.00000E+00  -0.70263E+00
        GC_38 =  -0.00000E+00  -0.72172E-02
      GC_1003 =  -0.00000E+00  -0.30795E+00

 Collider parameters:
 --------------------

 Running at P P   machine @    13000.000000000000       GeV
 PDF set = lhapdf 
 alpha_s(Mz)= 0.1180 running at 3 loops.
 alpha_s(Mz)= 0.1180 running at 3 loops.
 Renormalization scale set on event-by-event basis
 Factorization   scale set on event-by-event basis


 ===============================================================
 INFO: MadFKS read these parameters from FKS_params.dat
 ===============================================================
  > IRPoleCheckThreshold      =    1.0000000000000001E-005
  > PrecisionVirtualAtRunTime =    1.0000000000000000E-003
  > NHelForMCoverHels         =            4
  > VirtualFraction           =    1.0000000000000000     
  > MinVirtualFraction        =    5.0000000000000001E-003
 ===============================================================
  Insert the number of points to test
 Insert the relative tolerance
  A negative number will mean use the default one:    1.0000000000000001E-005
Using random seed offsets:     1 ,     26 ,      0
  with seed                   32
 Ranmar initialization seeds       10730        9432
  ========================================================================================== 
 {                                                                                          }
 {       [32m                                                                            [0m       }
 {       [32m                               ,,                                           [0m       }
 {       [32m`7MMM.     ,MMF'             `7MM  `7MMF'                                   [0m       }
 {       [32m  MMMb    dPMM                 MM    MM                                     [0m       }
 {       [32m  M YM   ,M MM   ,6"Yb.   ,M""bMM    MM         ,pW"Wq.   ,pW"Wq.`7MMpdMAo. [0m       }
 {       [32m  M  Mb  M' MM  8)   MM ,AP    MM    MM        6W'   `Wb 6W'   `Wb MM   `Wb [0m       }
 {       [32m  M  YM.P'  MM   ,pm9MM 8MI    MM    MM      , 8M     M8 8M     M8 MM    M8 [0m       }
 {       [32m  M  `YM'   MM  8M   MM `Mb    MM    MM     ,M YA.   ,A9 YA.   ,A9 MM   ,AP [0m       }
 {       [32m.JML. `'  .JMML.`Moo9^Yo.`Wbmd"MML..JMMmmmmMMM  `Ybmd9'   `Ybmd9'  MMbmmd'  [0m       }
 {       [32m                                                                   MM       [0m       }
 {       [32m                                                                 .JMML.     [0m       }
 {       [32m[0mv2.6.1 (2017-12-12), Ref: arXiv:1103.0621v2, arXiv:1405.0301[32m                [0m       }
 {       [32m                                                                            [0m       }
 {                                                                                          }
  ========================================================================================== 
 ===============================================================
 INFO: MadLoop read these parameters from ./MadLoop5_resources/MadLoopParams.dat                                                                                                                                                                                                                                                                                                                                                                                                                                                                                          
 ===============================================================
  > MLReductionLib            = 6|7|1
  > CTModeRun                 =           -1
  > MLStabThres               =    1.0000000000000000E-003
  > NRotations_DP             =            0
  > NRotations_QP             =            0
  > CTStabThres               =    1.0000000000000000E-002
  > CTLoopLibrary             =            2
  > CTModeInit                =            1
  > CheckCycle                =            3
  > MaxAttempts               =           10
  > UseLoopFilter             =  F
  > HelicityFilterLevel       =            2
  > ImprovePSPoint            =            2
  > DoubleCheckHelicityFilter =  T
  > LoopInitStartOver         =  F
  > HelInitStartOver          =  F
  > ZeroThres                 =    1.0000000000000001E-009
  > OSThres                   =    1.0000000000000000E-008
  > WriteOutFilters           =  T
  > UseQPIntegrandForNinja    =  T
  > UseQPIntegrandForCutTools =  T
  > IREGIMODE                 =            2
  > IREGIRECY                 =  T
  > COLLIERMode               =            1
  > COLLIERRequiredAccuracy   =    1.0000000000000000E-008
  > COLLIERCanOutput          =  F
  > COLLIERComputeUVpoles     =  T
  > COLLIERComputeIRpoles     =  T
  > COLLIERGlobalCache        =           -1
  > COLLIERUseCacheForPoles   =  F
  > COLLIERUseInternalStabilityTest =  T
 ===============================================================
  
------------------------------------------------------------------------
|              You are using CutTools - Version 1.9.3                  |
|              Authors: G. Ossola, C. Papadopoulos, R. Pittau          |
|              Published in JHEP 0803:042,2008                         |
|              http://www.ugr.es/~pittau/CutTools                      |
|                                                                      |
|              Compiler with  34  significant digits detetected        |
 ---------------------------------------------------------------------- 
   
########################################################################
#                                                                      #
#                      You are using OneLOop-3.6                       #
#                                                                      #
# for the evaluation of 1-loop scalar 1-, 2-, 3- and 4-point functions #
#                                                                      #
# author: Andreas van Hameren <hamerenREMOVETHIS@ifj.edu.pl>           #
#   date: 18-02-2015                                                   #
#                                                                      #
# Please cite                                                          #
#    A. van Hameren,                                                   #
#      Comput.Phys.Commun. 182 (2011) 2427-2438, arXiv:1007.4716       #
#    A. van Hameren, C.G. Papadopoulos and R. Pittau,                  #
#      JHEP 0909:106,2009, arXiv:0903.4665                             #
# in publications with results obtained with the help of this program. #
#                                                                      #
########################################################################
 PASSED   1.0000000000000001E-005
 MU_R    =    325.00000000000000     
 ALPHA_S =   0.11799999999999999     
 BORN                    9.9375318684818030E-011
 SINGLE POLE (MadFKS)    1.4755552098019421E-013
 DOUBLE POLE (MadFKS)   -1.0575680939727493E-011
 SINGLE POLE (MadLoop)   1.4755552097912217E-013
 DOUBLE POLE (MadLoop)  -1.0575680939727887E-011
 FINITE PART (MadLoop)   1.1692279185703714E-011
   325.00000000000000        0.0000000000000000        0.0000000000000000        325.00000000000000        0.0000000000000000     
   325.00000000000000        0.0000000000000000        0.0000000000000000       -325.00000000000000        0.0000000000000000     
   256.75238983534905        45.113371285823845       -81.806733707438056       -239.14655341131461        1.7769999999999999     
   79.557174825577334        37.198063730278392       -53.567815988565833        45.529984429612689        1.7769999999999999     
   37.292074440575291        19.166200175455081        9.4878916349318665       -30.550540080980316        0.0000000000000000     
   276.39836089849842       -101.47763519155733        125.88665806107201        224.16710906268227        0.0000000000000000     

 PASSED   1.0000000000000001E-005
 MU_R    =    325.00000000000000     
 ALPHA_S =   0.11799999999999999     
 BORN                    5.6152115563397287E-013
 SINGLE POLE (MadFKS)   -3.3374069490579616E-014
 DOUBLE POLE (MadFKS)   -5.9757982781686474E-014
 SINGLE POLE (MadLoop)  -3.3374069491105306E-014
 DOUBLE POLE (MadLoop)  -5.9757982781686575E-014
 FINITE PART (MadLoop)   2.1006742051999969E-014
   325.00000000000000        0.0000000000000000        0.0000000000000000        325.00000000000000        0.0000000000000000     
   325.00000000000000        0.0000000000000000        0.0000000000000000       -325.00000000000000        0.0000000000000000     
   142.84523543274790       -71.054193926086413        116.85646629356825        41.200380674593411        1.7769999999999999     
   97.686716041036362        34.525334195250764       -77.444473167028178       -48.475680876804233        1.7769999999999999     
   219.09453500102717        218.46897701270788        16.394381484089354        2.2238718693717878        0.0000000000000000     
   190.37351352518854       -181.94011728187226       -55.806374610629426        5.0514283328389959        0.0000000000000000     

 PASSED   1.0000000000000001E-005
 MU_R    =    325.00000000000000     
 ALPHA_S =   0.11799999999999999     
 BORN                    1.0801686778299478E-010
 SINGLE POLE (MadFKS)   -5.7428766370854633E-012
 DOUBLE POLE (MadFKS)   -1.1495328466868145E-011
 SINGLE POLE (MadLoop)  -5.7428766370853736E-012
 DOUBLE POLE (MadLoop)  -1.1495328466868286E-011
 FINITE PART (MadLoop)   4.2603338603942083E-012
   325.00000000000000        0.0000000000000000        0.0000000000000000        325.00000000000000        0.0000000000000000     
   325.00000000000000        0.0000000000000000        0.0000000000000000       -325.00000000000000        0.0000000000000000     
   115.19795877466177        73.611072847166525        81.940862940606223        33.682590632055103        1.7769999999999999     
   231.32025031073280       -77.898859181647993        215.35817027798049       -32.535007415677960        1.7769999999999999     
   57.098608563918866        15.621943672050850       -51.915987616346385        17.914692452349467        0.0000000000000000     
   246.38318235069227       -11.334157337569399       -245.38304560224034       -19.062275668726599        0.0000000000000000     

 PASSED   1.0000000000000001E-005
 MU_R    =    325.00000000000000     
 ALPHA_S =   0.11799999999999999     
 BORN                    6.6083846868168333E-011
 SINGLE POLE (MadFKS)   -2.6162016694964029E-012
 DOUBLE POLE (MadFKS)   -7.0327490668397641E-012
 SINGLE POLE (MadLoop)  -2.6162016697517953E-012
 DOUBLE POLE (MadLoop)  -7.0327490668414887E-012
 FINITE PART (MadLoop)   1.5607641655396588E-012
   325.00000000000000        0.0000000000000000        0.0000000000000000        325.00000000000000        0.0000000000000000     
   325.00000000000000        0.0000000000000000        0.0000000000000000       -325.00000000000000        0.0000000000000000     
   159.19543173388109        104.50476688800437        97.313852907726769       -70.347675767390925        1.7769999999999999     
   72.866643939453652        40.550905147767523        51.725140516926800       -31.408979610933830        1.7769999999999999     
   186.17624813506166       -159.86907521530736        77.583426035647236        55.536349934270042        0.0000000000000000     
   231.76167619160356        14.813403179535516       -226.62241946030079        46.220305444054695        0.0000000000000000     

 PASSED   1.0000000000000001E-005
 MU_R    =    325.00000000000000     
 ALPHA_S =   0.11799999999999999     
 BORN                    7.8325046613148119E-011
 SINGLE POLE (MadFKS)   -5.4675925214169601E-012
 DOUBLE POLE (MadFKS)   -8.3354771942631958E-012
 SINGLE POLE (MadLoop)  -5.4675925214273718E-012
 DOUBLE POLE (MadLoop)  -8.3354771942633445E-012
 FINITE PART (MadLoop)   2.2018657084936006E-011
   325.00000000000000        0.0000000000000000        0.0000000000000000        325.00000000000000        0.0000000000000000     
   325.00000000000000        0.0000000000000000        0.0000000000000000       -325.00000000000000        0.0000000000000000     
   141.27107962677715        16.026365805868600       -59.682499932954798       -127.02564705886971        1.7769999999999999     
   87.861577750965125        27.116588990255678       -36.559770078782229       -75.130372880806448        1.7769999999999999     
   265.63340992255451       -175.89295706076052        15.861513959793896        198.42174401614503        0.0000000000000000     
   155.23393269970322        132.75000226463624        80.380756051943095        3.7342759235311553        0.0000000000000000     

 PASSED   1.0000000000000001E-005
 MU_R    =    325.00000000000000     
 ALPHA_S =   0.11799999999999999     
 BORN                    3.3650270380115071E-013
 SINGLE POLE (MadFKS)   -1.0641850232340813E-014
 DOUBLE POLE (MadFKS)   -3.5811157919841515E-014
 SINGLE POLE (MadLoop)  -1.0641850230408604E-014
 DOUBLE POLE (MadLoop)  -3.5811157919844166E-014
 FINITE PART (MadLoop)   2.5834559940566411E-013
   325.00000000000000        0.0000000000000000        0.0000000000000000        325.00000000000000        0.0000000000000000     
   325.00000000000000        0.0000000000000000        0.0000000000000000       -325.00000000000000        0.0000000000000000     
   171.84064308559334       -154.65425210734313       -74.702539755721730       -5.2575418432438452        1.7769999999999999     
   109.21113725441489       -62.490826062810292        56.633463683912218        69.364704429221334        1.7769999999999999     
   176.21321286047811        56.160587526209660       -7.9688670000984807       -166.83399519899368        0.0000000000000000     
   192.73500679951366        160.98449064394373        26.037943071907989        102.72683261301617        0.0000000000000000     

 PASSED   1.0000000000000001E-005
 MU_R    =    325.00000000000000     
 ALPHA_S =   0.11799999999999999     
 BORN                    1.0879445013295495E-011
 SINGLE POLE (MadFKS)   -5.9733821788849204E-013
 DOUBLE POLE (MadFKS)   -1.1578080028788910E-012
 SINGLE POLE (MadLoop)  -5.9733821788838672E-013
 DOUBLE POLE (MadLoop)  -1.1578080028788954E-012
 FINITE PART (MadLoop)   1.1950780613565681E-012
   325.00000000000000        0.0000000000000000        0.0000000000000000        325.00000000000000        0.0000000000000000     
   325.00000000000000        0.0000000000000000        0.0000000000000000       -325.00000000000000        0.0000000000000000     
   150.20837484700706       -37.695455562631935       -82.427812223799847       -119.76688418382835        1.7769999999999999     
   276.04848230634224        102.99495756737808        240.97555851124375        86.731918983284828        1.7769999999999999     
   74.025948998543157       -70.417429077673873       -16.941344939357165       -15.304170636509232        0.0000000000000000     
   149.71719384810916        5.1179270729277162       -141.60640134808673        48.339135837053000        0.0000000000000000     

 PASSED   1.0000000000000001E-005
 MU_R    =    325.00000000000000     
 ALPHA_S =   0.11799999999999999     
 BORN                    7.2733936939308285E-012
 SINGLE POLE (MadFKS)   -9.0626962731781119E-013
 DOUBLE POLE (MadFKS)   -7.7404623274722585E-013
 SINGLE POLE (MadLoop)  -9.0626962731783674E-013
 DOUBLE POLE (MadLoop)  -7.7404623274722090E-013
 FINITE PART (MadLoop)   8.0476840956874424E-013
   325.00000000000000        0.0000000000000000        0.0000000000000000        325.00000000000000        0.0000000000000000     
   325.00000000000000        0.0000000000000000        0.0000000000000000       -325.00000000000000        0.0000000000000000     
   94.304367161496629        47.627876036785480        80.316946271332284       -13.074001017396347        1.7769999999999999     
   114.81320540308431        70.538366254583593       -89.440288399522103        14.271934104226867        1.7769999999999999     
   215.99514269823757       -33.288646705096312        144.49924729767542        157.05328777259177        0.0000000000000000     
   224.88728473718146       -84.877595586272818       -135.37590516948563       -158.25122085942238        0.0000000000000000     

 PASSED   1.0000000000000001E-005
 MU_R    =    325.00000000000000     
 ALPHA_S =   0.11799999999999999     
 BORN                    1.5692531190145108E-012
 SINGLE POLE (MadFKS)   -6.0007115937981627E-014
 DOUBLE POLE (MadFKS)   -1.6700243601739620E-013
 SINGLE POLE (MadLoop)  -6.0007115935003241E-014
 DOUBLE POLE (MadLoop)  -1.6700243601739009E-013
 FINITE PART (MadLoop)   1.5303025136239555E-013
   325.00000000000000        0.0000000000000000        0.0000000000000000        325.00000000000000        0.0000000000000000     
   325.00000000000000        0.0000000000000000        0.0000000000000000       -325.00000000000000        0.0000000000000000     
   170.45759870333296        157.59849206317901        40.250323799969962       -50.943713646692274        1.7769999999999999     
   177.82907530319534       -161.77425693727915       -63.406557776449397       -37.798419510906925        1.7769999999999999     
   138.67040266032726       -124.68056904430058        60.573733724629307       -3.8806003948362831        0.0000000000000000     
   163.04292333314754        128.85633391840074       -37.417499748149844        92.622733552435477        0.0000000000000000     

 PASSED   1.0000000000000001E-005
 MU_R    =    325.00000000000000     
 ALPHA_S =   0.11799999999999999     
 BORN                    1.6507449615736366E-012
 SINGLE POLE (MadFKS)   -1.3295630803904334E-013
 DOUBLE POLE (MadFKS)   -1.7567492871982701E-013
 SINGLE POLE (MadLoop)  -1.3295630803955283E-013
 DOUBLE POLE (MadLoop)  -1.7567492871982502E-013
 FINITE PART (MadLoop)   3.9588216656243026E-013
   325.00000000000000        0.0000000000000000        0.0000000000000000        325.00000000000000        0.0000000000000000     
   325.00000000000000        0.0000000000000000        0.0000000000000000       -325.00000000000000        0.0000000000000000     
   260.74546074334114       -73.920809441954290       -185.20636548564690       -167.98617111030467        1.7769999999999999     
   28.964304279332030        23.366933572142432        6.1268745231418826       -15.881467734390602        1.7769999999999999     
   272.68811827114371       -17.845406867705329        224.64375081643462        153.54327246449790        0.0000000000000000     
   87.602116706183054        68.399282737517240       -45.564259853929620        30.324366380197620        0.0000000000000000     

 PASSED   1.0000000000000001E-005
 MU_R    =    325.00000000000000     
 ALPHA_S =   0.11799999999999999     
 BORN                    9.9532302608643943E-011
 SINGLE POLE (MadFKS)   -8.8322833034385735E-012
 DOUBLE POLE (MadFKS)   -1.0592387420904322E-011
 SINGLE POLE (MadLoop)  -8.8322833034266263E-012
 DOUBLE POLE (MadLoop)  -1.0592387420904617E-011
 FINITE PART (MadLoop)   1.4092914456356992E-011
   325.00000000000000        0.0000000000000000        0.0000000000000000        325.00000000000000        0.0000000000000000     
   325.00000000000000        0.0000000000000000        0.0000000000000000       -325.00000000000000        0.0000000000000000     
   226.26532179086996        223.12054988622492       -35.085065619192001       -13.382694238886737        1.7769999999999999     
   278.18149653189238       -228.33699241366278        157.41835462665577        21.528279212296596        1.7769999999999999     
   35.235202100259869        30.945259831534603       -15.059154140435972       -7.5585870094587762        0.0000000000000000     
   110.31797957697803       -25.728817304096783       -107.27413486702780      -0.58699796395108328        0.0000000000000000     

 PASSED   1.0000000000000001E-005
 MU_R    =    325.00000000000000     
 ALPHA_S =   0.11799999999999999     
 BORN                    2.6170660704006018E-010
 SINGLE POLE (MadFKS)   -1.2326377185297923E-011
 DOUBLE POLE (MadFKS)   -2.7851237233789662E-011
 SINGLE POLE (MadLoop)  -1.2326377185295034E-011
 DOUBLE POLE (MadLoop)  -2.7851237233792082E-011
 FINITE PART (MadLoop)   3.4703153430346166E-011
   325.00000000000000        0.0000000000000000        0.0000000000000000        325.00000000000000        0.0000000000000000     
   325.00000000000000        0.0000000000000000        0.0000000000000000       -325.00000000000000        0.0000000000000000     
   112.49685727718999        72.673516241663989       -85.789811746886059       -3.3246662615828049        1.7769999999999999     
   187.75862083286140        31.212486725504913       -169.06171540659190        75.458989022176269        1.7769999999999999     
   75.467950626596689        46.135334466194593        25.975286055214472       -53.779429151122208        0.0000000000000000     
   274.27657126335197       -150.02133743336356        228.87624109826353       -18.354893609471279        0.0000000000000000     

 PASSED   1.0000000000000001E-005
 MU_R    =    325.00000000000000     
 ALPHA_S =   0.11799999999999999     
 BORN                    1.0524461077680608E-012
 SINGLE POLE (MadFKS)   -6.7387817085958524E-014
 DOUBLE POLE (MadFKS)   -1.1200300426018653E-013
 SINGLE POLE (MadLoop)  -6.7387817085991341E-014
 DOUBLE POLE (MadLoop)  -1.1200300426018611E-013
 FINITE PART (MadLoop)   8.9401540064638092E-014
   325.00000000000000        0.0000000000000000        0.0000000000000000        325.00000000000000        0.0000000000000000     
   325.00000000000000        0.0000000000000000        0.0000000000000000       -325.00000000000000        0.0000000000000000     
   202.80849127956819        47.492550015683996        30.393282954253330        194.80460069096191        1.7769999999999999     
   217.55600326624219       -21.654807115480558        127.03071021678299       -175.27613876050611        1.7769999999999999     
   99.660971089654851       -71.038621683497013       -41.277263684496234       -56.409315636360745        0.0000000000000000     
   129.97453436453574        45.200878783293589       -116.14672948654010        36.880853705904904        0.0000000000000000     

 PASSED   1.0000000000000001E-005
 MU_R    =    325.00000000000000     
 ALPHA_S =   0.11799999999999999     
 BORN                    8.0105548736946084E-012
 SINGLE POLE (MadFKS)   -1.0157285655413803E-012
 DOUBLE POLE (MadFKS)   -8.5249610884836154E-013
 SINGLE POLE (MadLoop)  -1.0157285655396522E-012
 DOUBLE POLE (MadLoop)  -8.5249610884836174E-013
 FINITE PART (MadLoop)   1.9569986724828183E-014
   325.00000000000000        0.0000000000000000        0.0000000000000000        325.00000000000000        0.0000000000000000     
   325.00000000000000        0.0000000000000000        0.0000000000000000       -325.00000000000000        0.0000000000000000     
   98.452927001394713        84.302347839483872       -46.981980255114131       -19.381145120985305        1.7769999999999999     
   251.04255949576796        25.230600928437763        164.78594539771470       -187.69181635158606        1.7769999999999999     
   238.26334183290010       -61.738364206667256       -78.980181470037692        216.14792476779922        0.0000000000000000     
   62.241171669937174       -47.794584561254375       -38.823783672562904       -9.0749632952278763        0.0000000000000000     

 PASSED   1.0000000000000001E-005
 MU_R    =    325.00000000000000     
 ALPHA_S =   0.11799999999999999     
 BORN                    8.9111781129597453E-012
 SINGLE POLE (MadFKS)   -9.9710733988238039E-013
 DOUBLE POLE (MadFKS)   -9.4834187972413394E-013
 SINGLE POLE (MadLoop)  -9.9710733988234727E-013
 DOUBLE POLE (MadLoop)  -9.4834187972412162E-013
 FINITE PART (MadLoop)   1.4064052948737109E-012
   325.00000000000000        0.0000000000000000        0.0000000000000000        325.00000000000000        0.0000000000000000     
   325.00000000000000        0.0000000000000000        0.0000000000000000       -325.00000000000000        0.0000000000000000     
   224.48327634615322       -57.545003410228638       -216.93802184842284        4.0063560891853038        1.7769999999999999     
   161.50415356710647        112.36381719273520        49.403820027537378        104.94793491532738        1.7769999999999999     
   102.71200004965849        55.010586923008844        82.417255044550231       -27.036759264170151        0.0000000000000000     
   161.30057003708379       -109.82940070551537        85.116946776335269       -81.917531740342525        0.0000000000000000     

 PASSED   1.0000000000000001E-005
 MU_R    =    325.00000000000000     
 ALPHA_S =   0.11799999999999999     
 BORN                    1.8550583556436076E-012
 SINGLE POLE (MadFKS)   -9.8299080398840257E-014
 DOUBLE POLE (MadFKS)   -1.9741828809711805E-013
 SINGLE POLE (MadLoop)  -9.8299080398836143E-014
 DOUBLE POLE (MadLoop)  -1.9741828809711611E-013
 FINITE PART (MadLoop)   3.5918507915310855E-013
   325.00000000000000        0.0000000000000000        0.0000000000000000        325.00000000000000        0.0000000000000000     
   325.00000000000000        0.0000000000000000        0.0000000000000000       -325.00000000000000        0.0000000000000000     
   131.05135645951646       -32.911253040583695       -71.971239655202808       -104.44276129378846        1.7769999999999999     
   245.77544663547548       -193.46885924142555        47.987051673551214        143.76875813391740        1.7769999999999999     
   108.93469392730550        69.344114434473724        5.6995856906789362       -83.819305993839791        0.0000000000000000     
   164.23850297770596        157.03599784753555        18.284602290972668        44.493309153710840        0.0000000000000000     

 PASSED   1.0000000000000001E-005
 MU_R    =    325.00000000000000     
 ALPHA_S =   0.11799999999999999     
 BORN                    1.8100921648933918E-010
 SINGLE POLE (MadFKS)   -5.9967058140203852E-012
 DOUBLE POLE (MadFKS)   -1.9263291389411830E-011
 SINGLE POLE (MadLoop)  -5.9967058140293921E-012
 DOUBLE POLE (MadLoop)  -1.9263291389409077E-011
Thanks for using LHAPDF 6.2.1. Please make sure to cite the paper:
  Eur.Phys.J. C75 (2015) 3, 132  (http://arxiv.org/abs/1412.7420)
 FINITE PART (MadLoop)  -1.1647561020596297E-011
   325.00000000000000        0.0000000000000000        0.0000000000000000        325.00000000000000        0.0000000000000000     
   325.00000000000000        0.0000000000000000        0.0000000000000000       -325.00000000000000        0.0000000000000000     
   114.51384070722635        74.361621109510779        10.547365140540901       -86.425484546386400        1.7769999999999999     
   228.84255713291930        64.154304059367533       -179.10415250353540       -127.16794428149728        1.7769999999999999     
   138.83542962361750       -60.259461556921444        66.083856792621205        106.19320921347413        0.0000000000000000     
   167.80817253624284       -78.256463611956860        102.47293057037331        107.40021961440958        0.0000000000000000     

 PASSED   1.0000000000000001E-005
 MU_R    =    325.00000000000000     
 ALPHA_S =   0.11799999999999999     
 BORN                    2.1899281763670714E-012
 SINGLE POLE (MadFKS)   -1.4899286866806807E-013
 DOUBLE POLE (MadFKS)   -2.3305567197859629E-013
 SINGLE POLE (MadLoop)  -1.4899286866800869E-013
 DOUBLE POLE (MadLoop)  -2.3305567197859301E-013
 FINITE PART (MadLoop)   2.5603206101799067E-013
   325.00000000000000        0.0000000000000000        0.0000000000000000        325.00000000000000        0.0000000000000000     
   325.00000000000000        0.0000000000000000        0.0000000000000000       -325.00000000000000        0.0000000000000000     
   112.91455975709752        83.304809270310599        54.396426253520701        53.365509830054116        1.7769999999999999     
   232.70102443317390       -83.587200367291643       -216.61260795022960        15.452089017572613        1.7769999999999999     
   136.34976904195045       -112.62336650224638        37.779943007822752       -66.932150285341848        0.0000000000000000     
   168.03464676778415        112.90575759922748        124.43623868888614       -1.8854485622848758        0.0000000000000000     

 PASSED   1.0000000000000001E-005
 MU_R    =    325.00000000000000     
 ALPHA_S =   0.11799999999999999     
 BORN                    1.5621200934154997E-011
 SINGLE POLE (MadFKS)   -2.4667756500828122E-012
 DOUBLE POLE (MadFKS)   -1.6624332798264055E-012
 SINGLE POLE (MadLoop)  -2.4667756500828057E-012
 DOUBLE POLE (MadLoop)  -1.6624332798263742E-012
 FINITE PART (MadLoop)  -1.7378270178223256E-012
   325.00000000000000        0.0000000000000000        0.0000000000000000        325.00000000000000        0.0000000000000000     
   325.00000000000000        0.0000000000000000        0.0000000000000000       -325.00000000000000        0.0000000000000000     
   33.511362573927855        24.058222474549154        18.997201560674295       -13.422442281100146        1.7769999999999999     
   279.91526124188675        278.21679618574223        4.0607768370098736       -30.468346832982782        1.7769999999999999     
   299.47444392925155       -289.39882138375816       -56.915734931836049        51.902445661019499        0.0000000000000000     
   37.098932254933786       -12.876197276533135        33.857756534151747       -8.0116565469365622        0.0000000000000000     

 PASSED   1.0000000000000001E-005
 MU_R    =    325.00000000000000     
 ALPHA_S =   0.11799999999999999     
 BORN                    2.5042440263865261E-013
 SINGLE POLE (MadFKS)   -1.8501683222405445E-014
 DOUBLE POLE (MadFKS)   -2.6650566930285977E-014
 SINGLE POLE (MadLoop)  -1.8501683222493627E-014
 DOUBLE POLE (MadLoop)  -2.6650566930286157E-014
 FINITE PART (MadLoop)  -1.4463187348983292E-014
   325.00000000000000        0.0000000000000000        0.0000000000000000        325.00000000000000        0.0000000000000000     
   325.00000000000000        0.0000000000000000        0.0000000000000000       -325.00000000000000        0.0000000000000000     
   158.71583563465913       -140.48648033527974       -32.064283517216737        66.505558547693951        1.7769999999999999     
   121.93475201676475        55.811786019398774       -72.583247457743909       -80.508650157623933        1.7769999999999999     
   250.54546211362529        172.82513103607380        181.22364274725936       -7.9053132453846366        0.0000000000000000     
   118.80395023495088       -88.150436720192857       -76.576111772298745        21.908404855314618        0.0000000000000000     

 NUMBER OF POINTS PASSING THE CHECK          20
 NUMBER OF POINTS FAILING THE CHECK           0
 TOLERANCE    1.0000000000000001E-005
