==== LHAPDF6 USING DEFAULT-TYPE LHAGLUE INTERFACE ====
LHAPDF 6.2.1 loading /cvmfs/cms.cern.ch/slc6_amd64_gcc481/external/lhapdf/6.2.1/share/LHAPDF/NNPDF31_nnlo_as_0118_nf_4/NNPDF31_nnlo_as_0118_nf_4_0000.dat
NNPDF31_nnlo_as_0118_nf_4 PDF set, member #0, version 1; LHAPDF ID = 320900
 A PDF is used, so alpha_s(MZ) is going to be modified
 Old value of alpha_s from param_card:   0.11799999999999999     
 New value of alpha_s from PDF lhapdf :  0.11800240511781991     
 using LHAPDF
WARNING: the value of maxjetflavorspecified in the run_card (  4) is inconsistent with the number of light flavours inthe model. Hence it will be set to:  5
 *****************************************************
 *               MadGraph/MadEvent                   *
 *        --------------------------------           *
 *          http://madgraph.hep.uiuc.edu             *
 *          http://madgraph.phys.ucl.ac.be           *
 *          http://madgraph.roma2.infn.it            *
 *        --------------------------------           *
 *                                                   *
 *          PARAMETER AND COUPLING VALUES            *
 *                                                   *
 *****************************************************

  External Params
  ---------------------------------
  
 MU_R =    91.188000000000002     
 aEWM1 =    132.50700000000001     
 mdl_Gf =    1.1663900000000000E-005
 aS =   0.11799999999999999     
 mdl_ymt =    173.00000000000000     
 mdl_ymtau =    1.7769999999999999     
 mdl_MT =    173.00000000000000     
 mdl_MZ =    91.188000000000002     
 mdl_MH =    125.00000000000000     
 mdl_MTA =    1.7769999999999999     
 mdl_WT =    1.4915000000000000     
 mdl_WZ =    2.4414039999999999     
 mdl_WW =    2.0476000000000001     
 mdl_WH =    6.3823389999999999E-003
  Internal Params
  ---------------------------------
  
 mdl_conjg__CKM3x3 =    1.0000000000000000     
 mdl_CKM22 =    1.0000000000000000     
 mdl_I4x33 =    0.0000000000000000     
 mdl_I1x33 =    0.0000000000000000     
 mdl_lhv =    1.0000000000000000     
 mdl_CKM3x3 =    1.0000000000000000     
 mdl_conjg__CKM22 =    1.0000000000000000     
 mdl_conjg__CKM33 =    1.0000000000000000     
 mdl_Ncol =    3.0000000000000000     
 mdl_CA =    3.0000000000000000     
 mdl_TF =   0.50000000000000000     
 mdl_CF =    1.3333333333333333     
 mdl_complexi =  (  0.0000000000000000     ,  1.0000000000000000     )
 mdl_MZ__exp__2 =    8315.2513440000002     
 mdl_MZ__exp__4 =    69143404.913893804     
 mdl_sqrt__2 =    1.4142135623730951     
 mdl_MH__exp__2 =    15625.000000000000     
 mdl_Ncol__exp__2 =    9.0000000000000000     
 mdl_MT__exp__2 =    29929.000000000000     
 mdl_aEW =    7.5467711139788835E-003
 mdl_MW =    80.419002445756163     
 mdl_sqrt__aEW =    8.6872153846781555E-002
 mdl_ee =   0.30795376724436879     
 mdl_MW__exp__2 =    6467.2159543705357     
 mdl_sw2 =   0.22224648578577766     
 mdl_cw =   0.88190334743339216     
 mdl_sqrt__sw2 =   0.47143025548407230     
 mdl_sw =   0.47143025548407230     
 mdl_g1 =   0.34919219678733299     
 mdl_gw =   0.65323293034757990     
 mdl_v =    246.21845810181637     
 mdl_v__exp__2 =    60623.529110035903     
 mdl_lam =   0.12886910601690263     
 mdl_yt =   0.99366614581500623     
 mdl_ytau =    1.0206617000654717E-002
 mdl_muH =    88.388347648318430     
 mdl_AxialZUp =  -0.18517701861793787     
 mdl_AxialZDown =   0.18517701861793787     
 mdl_VectorZUp =    7.5430507588273299E-002
 mdl_VectorZDown =  -0.13030376310310560     
 mdl_VectorAUp =   0.20530251149624587     
 mdl_VectorADown =  -0.10265125574812294     
 mdl_VectorWmDxU =   0.23095271737156670     
 mdl_AxialWmDxU =  -0.23095271737156670     
 mdl_VectorWpUxD =   0.23095271737156670     
 mdl_AxialWpUxD =  -0.23095271737156670     
 mdl_I2x33 =  ( 0.99366614581500623     ,  0.0000000000000000     )
 mdl_I3x33 =  ( 0.99366614581500623     ,  0.0000000000000000     )
 mdl_Vector_tbGp =  (-0.99366614581500623     ,  0.0000000000000000     )
 mdl_Axial_tbGp =  (-0.99366614581500623     , -0.0000000000000000     )
 mdl_Vector_tbGm =  ( 0.99366614581500623     ,  0.0000000000000000     )
 mdl_Axial_tbGm =  (-0.99366614581500623     ,  0.0000000000000000     )
 mdl_gw__exp__2 =   0.42671326129048615     
 mdl_cw__exp__2 =   0.77775351421422245     
 mdl_ee__exp__2 =    9.4835522759998875E-002
 mdl_sw__exp__2 =   0.22224648578577769     
 mdl_yt__exp__2 =   0.98737240933884918     
  Internal Params evaluated point by point
  ----------------------------------------
  
 mdl_sqrt__aS =   0.34351128074635334     
 mdl_G__exp__4 =    2.1987899468922913     
 mdl_G__exp__2 =    1.4828317324943823     
 mdl_R2MixedFactor_FIN_ =   -2.5040377713124864E-002
 mdl_G_UVg_1EPS_ =   -5.1645779033320030E-002
 mdl_G_UVq_1EPS_ =    3.1300472141406080E-003
 mdl_GWcft_UV_t_1EPS_ =   -3.1300472141406080E-003
 mdl_tWcft_UV_1EPS_ =   -1.8780283284843650E-002
 mdl_G__exp__3 =    1.8056676068262196     
 mdl_MU_R__exp__2 =    8315.2513440000002     
 mdl_G_UVt_FIN_ =   -4.0087659331150384E-003
 mdl_GWcft_UV_t_FIN_ =    4.0087659331150384E-003
 mdl_tWcft_UV_FIN_ =   -9.8778211443463623E-004
  Couplings of loop_sm-no_b_mass
  ---------------------------------
  
      UV_GQQt =   0.00000E+00  -0.48815E-02
   UVWfct_G_2 =   0.40088E-02   0.00000E+00
       R2_DDA =   0.00000E+00   0.25704E-02
       R2_UUA =  -0.00000E+00  -0.51409E-02
    R2_DDZ_V2 =   0.00000E+00   0.72127E-02
    R2_UUZ_V2 =  -0.00000E+00  -0.72127E-02
    R2_UUZ_V5 =   0.00000E+00   0.68702E-03
      R2_GGHt =   0.00000E+00  -0.45657E+01
     R2_GGZup =  -0.46369E-02   0.00000E+00
   R2_GGZdown =   0.46369E-02   0.00000E+00
    R2_GGZAup =   0.00000E+00   0.19389E-03
  R2_GGZAdown =   0.00000E+00   0.16747E-03
  R2_GGAAdown =   0.00000E+00   0.13193E-03
    R2_GGAAup =   0.00000E+00   0.52771E-03
         GC_4 =  -0.12177E+01   0.00000E+00
         GC_5 =   0.00000E+00   0.12177E+01
       R2_GQQ =  -0.00000E+00  -0.30492E-01
       R2_QQq =   0.00000E+00   0.12520E-01
 UV_GQQg_1eps =   0.00000E+00  -0.62890E-01
 UV_GQQq_1eps =   0.00000E+00   0.38115E-02
 UVWfct_G_2_1eps -0.31300E-02   0.00000E+00
         GC_1 =  -0.00000E+00  -0.10265E+00
         GC_2 =   0.00000E+00   0.20530E+00
        GC_21 =  -0.00000E+00  -0.28804E+00
        GC_22 =   0.00000E+00   0.28804E+00
        GC_23 =  -0.00000E+00  -0.27437E-01
        GC_24 =   0.00000E+00   0.82310E-01
        GC_37 =  -0.00000E+00  -0.70263E+00
        GC_38 =  -0.00000E+00  -0.72172E-02
      GC_1003 =  -0.00000E+00  -0.30795E+00

 Collider parameters:
 --------------------

 Running at P P   machine @    13000.000000000000       GeV
 PDF set = lhapdf 
 alpha_s(Mz)= 0.1180 running at 3 loops.
 alpha_s(Mz)= 0.1180 running at 3 loops.
 Renormalization scale set on event-by-event basis
 Factorization   scale set on event-by-event basis


 ===============================================================
 INFO: MadFKS read these parameters from FKS_params.dat
 ===============================================================
  > IRPoleCheckThreshold      =    1.0000000000000001E-005
  > PrecisionVirtualAtRunTime =    1.0000000000000000E-003
  > NHelForMCoverHels         =            4
  > VirtualFraction           =    1.0000000000000000     
  > MinVirtualFraction        =    5.0000000000000001E-003
 ===============================================================
  Insert the number of points to test
 Insert the relative tolerance
  A negative number will mean use the default one:    1.0000000000000001E-005
Using random seed offsets:     1 ,     24 ,      0
  with seed                   32
 Ranmar initialization seeds       10730        9430
  ========================================================================================== 
 {                                                                                          }
 {       [32m                                                                            [0m       }
 {       [32m                               ,,                                           [0m       }
 {       [32m`7MMM.     ,MMF'             `7MM  `7MMF'                                   [0m       }
 {       [32m  MMMb    dPMM                 MM    MM                                     [0m       }
 {       [32m  M YM   ,M MM   ,6"Yb.   ,M""bMM    MM         ,pW"Wq.   ,pW"Wq.`7MMpdMAo. [0m       }
 {       [32m  M  Mb  M' MM  8)   MM ,AP    MM    MM        6W'   `Wb 6W'   `Wb MM   `Wb [0m       }
 {       [32m  M  YM.P'  MM   ,pm9MM 8MI    MM    MM      , 8M     M8 8M     M8 MM    M8 [0m       }
 {       [32m  M  `YM'   MM  8M   MM `Mb    MM    MM     ,M YA.   ,A9 YA.   ,A9 MM   ,AP [0m       }
 {       [32m.JML. `'  .JMML.`Moo9^Yo.`Wbmd"MML..JMMmmmmMMM  `Ybmd9'   `Ybmd9'  MMbmmd'  [0m       }
 {       [32m                                                                   MM       [0m       }
 {       [32m                                                                 .JMML.     [0m       }
 {       [32m[0mv2.6.1 (2017-12-12), Ref: arXiv:1103.0621v2, arXiv:1405.0301[32m                [0m       }
 {       [32m                                                                            [0m       }
 {                                                                                          }
  ========================================================================================== 
 ===============================================================
 INFO: MadLoop read these parameters from ./MadLoop5_resources/MadLoopParams.dat                                                                                                                                                                                                                                                                                                                                                                                                                                                                                          
 ===============================================================
  > MLReductionLib            = 6|7|1
  > CTModeRun                 =           -1
  > MLStabThres               =    1.0000000000000000E-003
  > NRotations_DP             =            0
  > NRotations_QP             =            0
  > CTStabThres               =    1.0000000000000000E-002
  > CTLoopLibrary             =            2
  > CTModeInit                =            1
  > CheckCycle                =            3
  > MaxAttempts               =           10
  > UseLoopFilter             =  F
  > HelicityFilterLevel       =            2
  > ImprovePSPoint            =            2
  > DoubleCheckHelicityFilter =  T
  > LoopInitStartOver         =  F
  > HelInitStartOver          =  F
  > ZeroThres                 =    1.0000000000000001E-009
  > OSThres                   =    1.0000000000000000E-008
  > WriteOutFilters           =  T
  > UseQPIntegrandForNinja    =  T
  > UseQPIntegrandForCutTools =  T
  > IREGIMODE                 =            2
  > IREGIRECY                 =  T
  > COLLIERMode               =            1
  > COLLIERRequiredAccuracy   =    1.0000000000000000E-008
  > COLLIERCanOutput          =  F
  > COLLIERComputeUVpoles     =  T
  > COLLIERComputeIRpoles     =  T
  > COLLIERGlobalCache        =           -1
  > COLLIERUseCacheForPoles   =  F
  > COLLIERUseInternalStabilityTest =  T
 ===============================================================
  
------------------------------------------------------------------------
|              You are using CutTools - Version 1.9.3                  |
|              Authors: G. Ossola, C. Papadopoulos, R. Pittau          |
|              Published in JHEP 0803:042,2008                         |
|              http://www.ugr.es/~pittau/CutTools                      |
|                                                                      |
|              Compiler with  34  significant digits detetected        |
 ---------------------------------------------------------------------- 
   
########################################################################
#                                                                      #
#                      You are using OneLOop-3.6                       #
#                                                                      #
# for the evaluation of 1-loop scalar 1-, 2-, 3- and 4-point functions #
#                                                                      #
# author: Andreas van Hameren <hamerenREMOVETHIS@ifj.edu.pl>           #
#   date: 18-02-2015                                                   #
#                                                                      #
# Please cite                                                          #
#    A. van Hameren,                                                   #
#      Comput.Phys.Commun. 182 (2011) 2427-2438, arXiv:1007.4716       #
#    A. van Hameren, C.G. Papadopoulos and R. Pittau,                  #
#      JHEP 0909:106,2009, arXiv:0903.4665                             #
# in publications with results obtained with the help of this program. #
#                                                                      #
########################################################################
 PASSED   1.0000000000000001E-005
 MU_R    =    325.00000000000000     
 ALPHA_S =   0.11799999999999999     
 BORN                    2.9318646793111643E-011
 SINGLE POLE (MadFKS)   -8.9628572605902630E-012
 DOUBLE POLE (MadFKS)   -3.1201374563831535E-012
 SINGLE POLE (MadLoop)  -8.9628572605893421E-012
 DOUBLE POLE (MadLoop)  -3.1201374563830691E-012
 FINITE PART (MadLoop)  -4.5991144912449329E-012
   325.00000000000000        0.0000000000000000        0.0000000000000000        325.00000000000000        0.0000000000000000     
   325.00000000000000        0.0000000000000000        0.0000000000000000       -325.00000000000000        0.0000000000000000     
   198.34638902257714       -77.595882971824309       -161.16135376371514       -85.697312140843124        1.7769999999999999     
   183.64493447386141        176.20749304163778        46.607568006612233       -22.382096179738124        1.7769999999999999     
   189.22963059091799       -141.38625532806668        118.53293164938934        42.044310108303371        0.0000000000000000     
   78.779045912645302        42.774645258253202       -3.9791458922865846        66.035098212277774        0.0000000000000000     

 PASSED   1.0000000000000001E-005
 MU_R    =    325.00000000000000     
 ALPHA_S =   0.11799999999999999     
 BORN                    3.4513699445102115E-012
 SINGLE POLE (MadFKS)   -6.5781426180708229E-013
 DOUBLE POLE (MadFKS)   -3.6730032991261561E-013
 SINGLE POLE (MadLoop)  -6.5781426180257652E-013
 DOUBLE POLE (MadLoop)  -3.6730032991260718E-013
 FINITE PART (MadLoop)   3.7624098858537535E-013
   325.00000000000000        0.0000000000000000        0.0000000000000000        325.00000000000000        0.0000000000000000     
   325.00000000000000        0.0000000000000000        0.0000000000000000       -325.00000000000000        0.0000000000000000     
   143.96914548210711       -36.325464017172493        27.998172276854277        136.45702669683533        1.7769999999999999     
   151.66181192289812        113.87803994776318       -89.867208834254171       -44.202084348282895        1.7769999999999999     
   197.68237025170671       -194.09906718635432        36.295480214036374        9.3010613239823972        0.0000000000000000     
   156.68667234328805        116.54649125576364        25.573556343363510       -101.55600367253489        0.0000000000000000     

 PASSED   1.0000000000000001E-005
 MU_R    =    325.00000000000000     
 ALPHA_S =   0.11799999999999999     
 BORN                    2.2105783836236983E-010
 SINGLE POLE (MadFKS)   -3.6171706189154317E-011
 DOUBLE POLE (MadFKS)   -2.3525330018422738E-011
 SINGLE POLE (MadLoop)  -3.6171706189239452E-011
 DOUBLE POLE (MadLoop)  -2.3525330018423723E-011
 FINITE PART (MadLoop)   3.6107782972721398E-011
   325.00000000000000        0.0000000000000000        0.0000000000000000        325.00000000000000        0.0000000000000000     
   325.00000000000000        0.0000000000000000        0.0000000000000000       -325.00000000000000        0.0000000000000000     
   157.17618856350788        121.34674949619425        94.622574201366760       -31.980171365489774        1.7769999999999999     
   174.82497850298631       -158.81896513886801       -72.461560351282330       -9.2991377689606178        1.7769999999999999     
   155.64021357383692        105.21610424934913        113.43733129681867       -16.894358708026449        0.0000000000000000     
   162.35861935967282       -67.743888606675384       -135.59834514690309        58.173667842476831        0.0000000000000000     

 PASSED   1.0000000000000001E-005
 MU_R    =    325.00000000000000     
 ALPHA_S =   0.11799999999999999     
 BORN                    1.7526298315480828E-009
 SINGLE POLE (MadFKS)   -1.1153470545898163E-009
 DOUBLE POLE (MadFKS)   -1.8651768013633118E-010
 SINGLE POLE (MadLoop)  -1.1153470545815805E-009
 DOUBLE POLE (MadLoop)  -1.8651768013625911E-010
 FINITE PART (MadLoop)  -4.4976292869935536E-009
   325.00000000000000        0.0000000000000000        0.0000000000000000        325.00000000000000        0.0000000000000000     
   325.00000000000000        0.0000000000000000        0.0000000000000000       -325.00000000000000        0.0000000000000000     
   246.35155331887967       -113.96941217214747       -213.97639507604868       -43.715049273890060        1.7769999999999999     
   189.78951449071525        95.526764741291970        97.444408040286802       -131.89437683753428        1.7769999999999999     
   210.89298548445669        20.315755952707146        117.83769641931528        173.71643183420127        0.0000000000000000     
   2.9659467059492868       -1.8731085218527357       -1.3057093835532938        1.8929942772219324        0.0000000000000000     

 PASSED   1.0000000000000001E-005
 MU_R    =    325.00000000000000     
 ALPHA_S =   0.11799999999999999     
 BORN                    6.5661171720275312E-012
 SINGLE POLE (MadFKS)   -1.5050535833933835E-012
 DOUBLE POLE (MadFKS)   -6.9877672990886973E-013
 SINGLE POLE (MadLoop)  -1.5050535833924662E-012
 DOUBLE POLE (MadLoop)  -6.9877672990886124E-013
 FINITE PART (MadLoop)   4.1605706470736980E-013
   325.00000000000000        0.0000000000000000        0.0000000000000000        325.00000000000000        0.0000000000000000     
   325.00000000000000        0.0000000000000000        0.0000000000000000       -325.00000000000000        0.0000000000000000     
   170.14070948033611        74.536682995891752       -146.46378665364784        44.015285759799475        1.7769999999999999     
   183.02827769597391       -129.01704526186796       -53.493566061874652        118.27608857768128        1.7769999999999999     
   197.56724091432369        100.80773640479748        129.05480739769411       -110.52362485452321        0.0000000000000000     
   99.263771909369169       -46.327374138821249        70.902545317828341       -51.767749482957541        0.0000000000000000     

 PASSED   1.0000000000000001E-005
 MU_R    =    325.00000000000000     
 ALPHA_S =   0.11799999999999999     
 BORN                    5.0669491500938900E-011
 SINGLE POLE (MadFKS)   -1.7565396423022781E-011
 DOUBLE POLE (MadFKS)   -5.3923286242907915E-012
 SINGLE POLE (MadLoop)  -1.7565396423021175E-011
 DOUBLE POLE (MadLoop)  -5.3923286242906841E-012
 FINITE PART (MadLoop)  -1.4884006495720769E-011
   325.00000000000000        0.0000000000000000        0.0000000000000000        325.00000000000000        0.0000000000000000     
   325.00000000000000        0.0000000000000000        0.0000000000000000       -325.00000000000000        0.0000000000000000     
   163.74876391634533       -83.934112676848855        132.05817003082811       -48.230741362640927        1.7769999999999999     
   115.99709930893997        4.7924382964714605        74.759263632403702        88.545210798797029        1.7769999999999999     
   253.12602776568298        65.480384417648054       -233.37652427549395        72.941778879049593        0.0000000000000000     
   117.12810900903175        13.661289962729514        26.559090612262338       -113.25624831520555        0.0000000000000000     

 PASSED   1.0000000000000001E-005
 MU_R    =    325.00000000000000     
 ALPHA_S =   0.11799999999999999     
 BORN                    2.5789700253621148E-010
 SINGLE POLE (MadFKS)   -2.4853923672802224E-011
 DOUBLE POLE (MadFKS)   -2.7445813007005192E-011
 SINGLE POLE (MadLoop)  -2.4853923672854685E-011
 DOUBLE POLE (MadLoop)  -2.7445813007004500E-011
 FINITE PART (MadLoop)   8.3028837571771412E-012
   325.00000000000000        0.0000000000000000        0.0000000000000000        325.00000000000000        0.0000000000000000     
   325.00000000000000        0.0000000000000000        0.0000000000000000       -325.00000000000000        0.0000000000000000     
   217.25640608040365        52.209969852258638       -182.88453192656436        104.99788228341062        1.7769999999999999     
   108.84569977924683        7.8171182472314822       -102.90787070940466       -34.541155739193094        1.7769999999999999     
   32.144776047940525        4.8895709215799030        18.217630003923478        26.028766402102846        0.0000000000000000     
   291.75311809240901       -64.916659021069975        267.57477263204555       -96.485492946320292        0.0000000000000000     

 PASSED   1.0000000000000001E-005
 MU_R    =    325.00000000000000     
 ALPHA_S =   0.11799999999999999     
 BORN                    8.8719101251037409E-012
 SINGLE POLE (MadFKS)   -1.2175426247333356E-012
 DOUBLE POLE (MadFKS)   -9.4416291742035175E-013
 SINGLE POLE (MadLoop)  -1.2175426247331801E-012
 DOUBLE POLE (MadLoop)  -9.4416291742036508E-013
 FINITE PART (MadLoop)   1.1967648984820414E-012
   325.00000000000000        0.0000000000000000        0.0000000000000000        325.00000000000000        0.0000000000000000     
   325.00000000000000        0.0000000000000000        0.0000000000000000       -325.00000000000000        0.0000000000000000     
   196.38659882730741       -174.43757425743908       -85.380292448996258       -29.090837362682237        1.7769999999999999     
   94.551415294948328       -12.681387336393461        43.479299454338857        82.979186182211293        1.7769999999999999     
   148.29174974482345        23.972544051764896        142.34495111991345        33.965792567478331        0.0000000000000000     
   210.77023613292084        163.14641754206716       -100.44395812525559       -87.854141387007374        0.0000000000000000     

 PASSED   1.0000000000000001E-005
 MU_R    =    325.00000000000000     
 ALPHA_S =   0.11799999999999999     
 BORN                    1.1273217148125359E-012
 SINGLE POLE (MadFKS)   -1.6483721054761050E-013
 DOUBLE POLE (MadFKS)   -1.1997138655823249E-013
 SINGLE POLE (MadLoop)  -1.6483721054762539E-013
 DOUBLE POLE (MadLoop)  -1.1997138655823229E-013
 FINITE PART (MadLoop)   1.7330183223978224E-013
   325.00000000000000        0.0000000000000000        0.0000000000000000        325.00000000000000        0.0000000000000000     
   325.00000000000000        0.0000000000000000        0.0000000000000000       -325.00000000000000        0.0000000000000000     
   116.02986603521508        41.033260851329040       -108.24040683200327       -7.7497042459151722        1.7769999999999999     
   126.87346726956928       -42.711570683310669        69.907957839658167       -96.862366936058308        1.7769999999999999     
   227.77822195893680       -14.892635473442999        214.45922381839938        75.288572350918599        0.0000000000000000     
   179.31844473627885        16.570945305424626       -176.12677482605434        29.323498831054884        0.0000000000000000     

 PASSED   1.0000000000000001E-005
 MU_R    =    325.00000000000000     
 ALPHA_S =   0.11799999999999999     
 BORN                    7.7845489239306810E-011
 SINGLE POLE (MadFKS)   -1.9366302648855689E-011
 DOUBLE POLE (MadFKS)   -8.2844419287147685E-012
 SINGLE POLE (MadLoop)  -1.9366302648819083E-011
 DOUBLE POLE (MadLoop)  -8.2844419287147943E-012
 FINITE PART (MadLoop)   1.5099593381090378E-012
   325.00000000000000        0.0000000000000000        0.0000000000000000        325.00000000000000        0.0000000000000000     
   325.00000000000000        0.0000000000000000        0.0000000000000000       -325.00000000000000        0.0000000000000000     
   309.37701173853776        284.90052257361765        107.68300296315057       -54.286653731696049        1.7769999999999999     
   138.83180844342689       -95.630607666361300       -96.723268940793119        27.758051614655194        1.7769999999999999     
   119.46163826963456       -118.49621715434235       -3.2085226217849909       -14.813335909289593        0.0000000000000000     
   82.329541548402531       -70.773697752913989       -7.7512114005724770        41.341938026330460        0.0000000000000000     

 PASSED   1.0000000000000001E-005
 MU_R    =    325.00000000000000     
 ALPHA_S =   0.11799999999999999     
 BORN                    3.3961025813175070E-011
 SINGLE POLE (MadFKS)   -6.8146723754444410E-012
 DOUBLE POLE (MadFKS)   -3.6141868840201212E-012
 SINGLE POLE (MadLoop)  -6.8146723754467069E-012
 DOUBLE POLE (MadLoop)  -3.6141868840201483E-012
 FINITE PART (MadLoop)   5.4441886647802268E-012
   325.00000000000000        0.0000000000000000        0.0000000000000000        325.00000000000000        0.0000000000000000     
   325.00000000000000        0.0000000000000000        0.0000000000000000       -325.00000000000000        0.0000000000000000     
   86.342760867767964        54.795310084077329       -32.253702187306239        58.387390019343229        1.7769999999999999     
   201.20860457503670       -5.6027378806833914        148.84519690660326        135.26071681056675        1.7769999999999999     
   100.05381065945031       -88.161789695828176       -14.664851379124904        44.980062240217563        0.0000000000000000     
   262.39482389774503        38.969217492434623       -101.92664334017186       -238.62816907012740        0.0000000000000000     

 PASSED   1.0000000000000001E-005
 MU_R    =    325.00000000000000     
 ALPHA_S =   0.11799999999999999     
 BORN                    1.2227141635894223E-007
 SINGLE POLE (MadFKS)   -5.4758179289845411E-008
 DOUBLE POLE (MadFKS)   -1.3012320408873337E-008
 SINGLE POLE (MadLoop)  -5.4758179289851446E-008
 DOUBLE POLE (MadLoop)  -1.3012320408873878E-008
 FINITE PART (MadLoop)  -9.4745024374907463E-008
   325.00000000000000        0.0000000000000000        0.0000000000000000        325.00000000000000        0.0000000000000000     
   325.00000000000000        0.0000000000000000        0.0000000000000000       -325.00000000000000        0.0000000000000000     
   51.991416334695153       -26.929441522835450        20.046051066660937        39.659937712868555        1.7769999999999999     
   277.91982050127962        74.141021632935235        66.671754103520669        259.41136253920689        1.7769999999999999     
   278.29371312191057       -58.758536421049328       -82.878217574230732       -259.08690860897423        0.0000000000000000     
   41.795050042114617        11.546956310949557       -3.8395875959508845       -39.984391643101283        0.0000000000000000     

 PASSED   1.0000000000000001E-005
 MU_R    =    325.00000000000000     
 ALPHA_S =   0.11799999999999999     
 BORN                    5.6774150029807466E-011
 SINGLE POLE (MadFKS)   -1.1784777672171031E-011
 DOUBLE POLE (MadFKS)   -6.0419961846239925E-012
 SINGLE POLE (MadLoop)  -1.1784777672159135E-011
 DOUBLE POLE (MadLoop)  -6.0419961846238608E-012
 FINITE PART (MadLoop)   5.8277312836526983E-012
   325.00000000000000        0.0000000000000000        0.0000000000000000        325.00000000000000        0.0000000000000000     
   325.00000000000000        0.0000000000000000        0.0000000000000000       -325.00000000000000        0.0000000000000000     
   172.50020679599345       -59.613727989083266       -88.444038975070427        135.56186418266867        1.7769999999999999     
   205.44958444585293        2.0725600454308228        119.92801812052990       -166.79133366129545        1.7769999999999999     
   158.22134867037803        35.106863004868615       -131.63217167075200        80.464120738826267        0.0000000000000000     
   113.82886008777767        22.434304938783797        100.14819252529254       -49.234651260199492        0.0000000000000000     

 PASSED   1.0000000000000001E-005
 MU_R    =    325.00000000000000     
 ALPHA_S =   0.11799999999999999     
 BORN                    2.1513907534869259E-010
 SINGLE POLE (MadFKS)   -8.6952761649373828E-011
 DOUBLE POLE (MadFKS)   -2.2895445757230695E-011
 SINGLE POLE (MadLoop)  -8.6952761649400569E-011
 DOUBLE POLE (MadLoop)  -2.2895445757232392E-011
 FINITE PART (MadLoop)  -1.3368337964371905E-010
   325.00000000000000        0.0000000000000000        0.0000000000000000        325.00000000000000        0.0000000000000000     
   325.00000000000000        0.0000000000000000        0.0000000000000000       -325.00000000000000        0.0000000000000000     
   153.76658223326763        71.597196433646346       -74.552156248232222        113.82803496626516        1.7769999999999999     
   278.30771694756720       -101.35202315801006       -88.672501575171566       -243.55078002286621        1.7769999999999999     
   178.83522333228780        17.063540865789985        150.56049207519570        94.986372198888134        0.0000000000000000     
   39.090477486878804        12.691285858573865        12.664165748208232        34.736372857712851        0.0000000000000000     

 PASSED   1.0000000000000001E-005
 MU_R    =    325.00000000000000     
 ALPHA_S =   0.11799999999999999     
 BORN                    2.7518402971742211E-010
 SINGLE POLE (MadFKS)   -9.1246732443812056E-011
 DOUBLE POLE (MadFKS)   -2.9285526190162114E-011
 SINGLE POLE (MadLoop)  -9.1246732443818609E-011
 DOUBLE POLE (MadLoop)  -2.9285526190164091E-011
 FINITE PART (MadLoop)  -7.5917458836173773E-011
   325.00000000000000        0.0000000000000000        0.0000000000000000        325.00000000000000        0.0000000000000000     
   325.00000000000000        0.0000000000000000        0.0000000000000000       -325.00000000000000        0.0000000000000000     
   112.28596013268665       -65.049096155387005       -61.210358098348415       -68.021219224286639        1.7769999999999999     
   291.88320698448968        156.09291685743952        246.62488422434461        1.9536066173848081        1.7769999999999999     
   172.43489835372577       -75.192785141440808       -155.17292084212389        1.0972102154207759        0.0000000000000000     
   73.395934529102306       -15.851035560611702       -30.241605283872243        64.970402391481031        0.0000000000000000     

 PASSED   1.0000000000000001E-005
 MU_R    =    325.00000000000000     
 ALPHA_S =   0.11799999999999999     
 BORN                    2.1691913751414433E-011
 SINGLE POLE (MadFKS)   -6.4559812777454113E-012
 DOUBLE POLE (MadFKS)   -2.3084882830377651E-012
 SINGLE POLE (MadLoop)  -6.4559812777674414E-012
 DOUBLE POLE (MadLoop)  -2.3084882830378443E-012
 FINITE PART (MadLoop)   3.0570301459299495E-012
   325.00000000000000        0.0000000000000000        0.0000000000000000        325.00000000000000        0.0000000000000000     
   325.00000000000000        0.0000000000000000        0.0000000000000000       -325.00000000000000        0.0000000000000000     
   260.29444852631002        167.18174993135526        101.52904977462229       -171.73280626126135        1.7769999999999999     
   157.39223379725786       -114.26200268416632       -103.18321603620424       -32.658478251753543        1.7769999999999999     
   173.80549444819690       -24.821488029433933       -34.961543416080431        168.43376773780372        0.0000000000000000     
   58.507823228236767       -28.098259217754944        36.615709677662380        35.957516775211140        0.0000000000000000     

 PASSED   1.0000000000000001E-005
 MU_R    =    325.00000000000000     
 ALPHA_S =   0.11799999999999999     
 BORN                    3.2868589959928074E-010
 SINGLE POLE (MadFKS)   -3.1883301786933212E-011
 DOUBLE POLE (MadFKS)   -3.4979281068512963E-011
 SINGLE POLE (MadLoop)  -3.1883301775290516E-011
 DOUBLE POLE (MadLoop)  -3.4979281068515690E-011
Thanks for using LHAPDF 6.2.1. Please make sure to cite the paper:
  Eur.Phys.J. C75 (2015) 3, 132  (http://arxiv.org/abs/1412.7420)
 FINITE PART (MadLoop)   3.7371389462788595E-011
   325.00000000000000        0.0000000000000000        0.0000000000000000        325.00000000000000        0.0000000000000000     
   325.00000000000000        0.0000000000000000        0.0000000000000000       -325.00000000000000        0.0000000000000000     
   260.54508421402335        251.17448354329139       -43.535005297922375       -53.820677342107672        1.7769999999999999     
   86.421328213827195        30.752563290987858        59.760751408012972       -54.299361722082033        1.7769999999999999     
   9.5046541679137118       -8.4107836503576383       -3.7680532863180289        2.3235627105770167        0.0000000000000000     
   293.52893340423583       -273.51626318392169       -12.457692823772616        105.79647635361273        0.0000000000000000     

 PASSED   1.0000000000000001E-005
 MU_R    =    325.00000000000000     
 ALPHA_S =   0.11799999999999999     
 BORN                    2.1072249406753796E-010
 SINGLE POLE (MadFKS)   -7.3186253013536174E-011
 DOUBLE POLE (MadFKS)   -2.2425426087437172E-011
 SINGLE POLE (MadLoop)  -7.3186253013512949E-011
 DOUBLE POLE (MadLoop)  -2.2425426087437081E-011
 FINITE PART (MadLoop)  -6.1866347718293781E-011
   325.00000000000000        0.0000000000000000        0.0000000000000000        325.00000000000000        0.0000000000000000     
   325.00000000000000        0.0000000000000000        0.0000000000000000       -325.00000000000000        0.0000000000000000     
   250.57456854590242       -136.31947008996394        159.65667814214785        136.78890259071161        1.7769999999999999     
   166.40814428305410        12.614635969082300       -162.00403746147137        35.834000059712324        1.7769999999999999     
   202.81413908744415        112.16629636746704       -25.015491474277393       -167.11230403320712        0.0000000000000000     
   30.203148083600698        11.538537753414595        27.362850793600913       -5.5105986172168420        0.0000000000000000     

 PASSED   1.0000000000000001E-005
 MU_R    =    325.00000000000000     
 ALPHA_S =   0.11799999999999999     
 BORN                    4.3918529813920194E-012
 SINGLE POLE (MadFKS)   -6.7552151645918014E-013
 DOUBLE POLE (MadFKS)   -4.6738804443692127E-013
 SINGLE POLE (MadLoop)  -6.7552151718830320E-013
 DOUBLE POLE (MadLoop)  -4.6738804443691339E-013
 FINITE PART (MadLoop)   7.6467663063016081E-013
   325.00000000000000        0.0000000000000000        0.0000000000000000        325.00000000000000        0.0000000000000000     
   325.00000000000000        0.0000000000000000        0.0000000000000000       -325.00000000000000        0.0000000000000000     
   187.01756030367270       -72.926112816320170        57.690881263309521       -162.25274857919024        1.7769999999999999     
   128.71373456801388        53.122169545965818        21.806659230610684        115.18060797449724        1.7769999999999999     
   161.45478538642345        161.31045310449809        6.0930761201248185       -3.0756896449336764        0.0000000000000000     
   172.81391974189586       -141.50650983414371       -85.590616614045047        50.147830249626665        0.0000000000000000     

 PASSED   1.0000000000000001E-005
 MU_R    =    325.00000000000000     
 ALPHA_S =   0.11799999999999999     
 BORN                    5.5878445457582726E-010
 SINGLE POLE (MadFKS)   -1.1323210041202111E-010
 DOUBLE POLE (MadFKS)   -5.9466738661905008E-011
 SINGLE POLE (MadLoop)  -1.1323210041199812E-010
 DOUBLE POLE (MadLoop)  -5.9466738661902682E-011
 FINITE PART (MadLoop)   2.1015827577653821E-010
   325.00000000000000        0.0000000000000000        0.0000000000000000        325.00000000000000        0.0000000000000000     
   325.00000000000000        0.0000000000000000        0.0000000000000000       -325.00000000000000        0.0000000000000000     
   31.066879592853027       -12.658942491853761       -5.2760043729393784        27.819206161957453        1.7769999999999999     
   121.83210762490933        74.962965461092054        27.359365772792401        92.043053149692767        1.7769999999999999     
   295.04608152748693        24.014158790229889        41.524170557143783       -291.12068573336268        0.0000000000000000     
   202.05493125475073       -86.318181759468146       -63.607531956996802        171.25842642171244        0.0000000000000000     

 NUMBER OF POINTS PASSING THE CHECK          20
 NUMBER OF POINTS FAILING THE CHECK           0
 TOLERANCE    1.0000000000000001E-005
