==== LHAPDF6 USING DEFAULT-TYPE LHAGLUE INTERFACE ====
LHAPDF 6.2.1 loading /cvmfs/cms.cern.ch/slc6_amd64_gcc481/external/lhapdf/6.2.1/share/LHAPDF/NNPDF31_nnlo_as_0118_nf_4/NNPDF31_nnlo_as_0118_nf_4_0000.dat
NNPDF31_nnlo_as_0118_nf_4 PDF set, member #0, version 1; LHAPDF ID = 320900
 A PDF is used, so alpha_s(MZ) is going to be modified
 Old value of alpha_s from param_card:   0.11799999999999999     
 New value of alpha_s from PDF lhapdf :  0.11800240511781991     
 using LHAPDF
WARNING: the value of maxjetflavorspecified in the run_card (  4) is inconsistent with the number of light flavours inthe model. Hence it will be set to:  5
 *****************************************************
 *               MadGraph/MadEvent                   *
 *        --------------------------------           *
 *          http://madgraph.hep.uiuc.edu             *
 *          http://madgraph.phys.ucl.ac.be           *
 *          http://madgraph.roma2.infn.it            *
 *        --------------------------------           *
 *                                                   *
 *          PARAMETER AND COUPLING VALUES            *
 *                                                   *
 *****************************************************

  External Params
  ---------------------------------
  
 MU_R =    91.188000000000002     
 aEWM1 =    132.50700000000001     
 mdl_Gf =    1.1663900000000000E-005
 aS =   0.11799999999999999     
 mdl_ymt =    173.00000000000000     
 mdl_ymtau =    1.7769999999999999     
 mdl_MT =    173.00000000000000     
 mdl_MZ =    91.188000000000002     
 mdl_MH =    125.00000000000000     
 mdl_MTA =    1.7769999999999999     
 mdl_WT =    1.4915000000000000     
 mdl_WZ =    2.4414039999999999     
 mdl_WW =    2.0476000000000001     
 mdl_WH =    6.3823389999999999E-003
  Internal Params
  ---------------------------------
  
 mdl_conjg__CKM3x3 =    1.0000000000000000     
 mdl_CKM22 =    1.0000000000000000     
 mdl_I4x33 =    0.0000000000000000     
 mdl_I1x33 =    0.0000000000000000     
 mdl_lhv =    1.0000000000000000     
 mdl_CKM3x3 =    1.0000000000000000     
 mdl_conjg__CKM22 =    1.0000000000000000     
 mdl_conjg__CKM33 =    1.0000000000000000     
 mdl_Ncol =    3.0000000000000000     
 mdl_CA =    3.0000000000000000     
 mdl_TF =   0.50000000000000000     
 mdl_CF =    1.3333333333333333     
 mdl_complexi =  (  0.0000000000000000     ,  1.0000000000000000     )
 mdl_MZ__exp__2 =    8315.2513440000002     
 mdl_MZ__exp__4 =    69143404.913893804     
 mdl_sqrt__2 =    1.4142135623730951     
 mdl_MH__exp__2 =    15625.000000000000     
 mdl_Ncol__exp__2 =    9.0000000000000000     
 mdl_MT__exp__2 =    29929.000000000000     
 mdl_aEW =    7.5467711139788835E-003
 mdl_MW =    80.419002445756163     
 mdl_sqrt__aEW =    8.6872153846781555E-002
 mdl_ee =   0.30795376724436879     
 mdl_MW__exp__2 =    6467.2159543705357     
 mdl_sw2 =   0.22224648578577766     
 mdl_cw =   0.88190334743339216     
 mdl_sqrt__sw2 =   0.47143025548407230     
 mdl_sw =   0.47143025548407230     
 mdl_g1 =   0.34919219678733299     
 mdl_gw =   0.65323293034757990     
 mdl_v =    246.21845810181637     
 mdl_v__exp__2 =    60623.529110035903     
 mdl_lam =   0.12886910601690263     
 mdl_yt =   0.99366614581500623     
 mdl_ytau =    1.0206617000654717E-002
 mdl_muH =    88.388347648318430     
 mdl_AxialZUp =  -0.18517701861793787     
 mdl_AxialZDown =   0.18517701861793787     
 mdl_VectorZUp =    7.5430507588273299E-002
 mdl_VectorZDown =  -0.13030376310310560     
 mdl_VectorAUp =   0.20530251149624587     
 mdl_VectorADown =  -0.10265125574812294     
 mdl_VectorWmDxU =   0.23095271737156670     
 mdl_AxialWmDxU =  -0.23095271737156670     
 mdl_VectorWpUxD =   0.23095271737156670     
 mdl_AxialWpUxD =  -0.23095271737156670     
 mdl_I2x33 =  ( 0.99366614581500623     ,  0.0000000000000000     )
 mdl_I3x33 =  ( 0.99366614581500623     ,  0.0000000000000000     )
 mdl_Vector_tbGp =  (-0.99366614581500623     ,  0.0000000000000000     )
 mdl_Axial_tbGp =  (-0.99366614581500623     , -0.0000000000000000     )
 mdl_Vector_tbGm =  ( 0.99366614581500623     ,  0.0000000000000000     )
 mdl_Axial_tbGm =  (-0.99366614581500623     ,  0.0000000000000000     )
 mdl_gw__exp__2 =   0.42671326129048615     
 mdl_cw__exp__2 =   0.77775351421422245     
 mdl_ee__exp__2 =    9.4835522759998875E-002
 mdl_sw__exp__2 =   0.22224648578577769     
 mdl_yt__exp__2 =   0.98737240933884918     
  Internal Params evaluated point by point
  ----------------------------------------
  
 mdl_sqrt__aS =   0.34351128074635334     
 mdl_G__exp__4 =    2.1987899468922913     
 mdl_G__exp__2 =    1.4828317324943823     
 mdl_R2MixedFactor_FIN_ =   -2.5040377713124864E-002
 mdl_G_UVg_1EPS_ =   -5.1645779033320030E-002
 mdl_G_UVq_1EPS_ =    3.1300472141406080E-003
 mdl_GWcft_UV_t_1EPS_ =   -3.1300472141406080E-003
 mdl_tWcft_UV_1EPS_ =   -1.8780283284843650E-002
 mdl_G__exp__3 =    1.8056676068262196     
 mdl_MU_R__exp__2 =    8315.2513440000002     
 mdl_G_UVt_FIN_ =   -4.0087659331150384E-003
 mdl_GWcft_UV_t_FIN_ =    4.0087659331150384E-003
 mdl_tWcft_UV_FIN_ =   -9.8778211443463623E-004
  Couplings of loop_sm-no_b_mass
  ---------------------------------
  
      UV_GQQt =   0.00000E+00  -0.48815E-02
   UVWfct_G_2 =   0.40088E-02   0.00000E+00
       R2_DDA =   0.00000E+00   0.25704E-02
       R2_UUA =  -0.00000E+00  -0.51409E-02
    R2_DDZ_V2 =   0.00000E+00   0.72127E-02
    R2_UUZ_V2 =  -0.00000E+00  -0.72127E-02
    R2_UUZ_V5 =   0.00000E+00   0.68702E-03
      R2_GGHt =   0.00000E+00  -0.45657E+01
     R2_GGZup =  -0.46369E-02   0.00000E+00
   R2_GGZdown =   0.46369E-02   0.00000E+00
    R2_GGZAup =   0.00000E+00   0.19389E-03
  R2_GGZAdown =   0.00000E+00   0.16747E-03
  R2_GGAAdown =   0.00000E+00   0.13193E-03
    R2_GGAAup =   0.00000E+00   0.52771E-03
         GC_4 =  -0.12177E+01   0.00000E+00
         GC_5 =   0.00000E+00   0.12177E+01
       R2_GQQ =  -0.00000E+00  -0.30492E-01
       R2_QQq =   0.00000E+00   0.12520E-01
 UV_GQQg_1eps =   0.00000E+00  -0.62890E-01
 UV_GQQq_1eps =   0.00000E+00   0.38115E-02
 UVWfct_G_2_1eps -0.31300E-02   0.00000E+00
         GC_1 =  -0.00000E+00  -0.10265E+00
         GC_2 =   0.00000E+00   0.20530E+00
        GC_21 =  -0.00000E+00  -0.28804E+00
        GC_22 =   0.00000E+00   0.28804E+00
        GC_23 =  -0.00000E+00  -0.27437E-01
        GC_24 =   0.00000E+00   0.82310E-01
        GC_37 =  -0.00000E+00  -0.70263E+00
        GC_38 =  -0.00000E+00  -0.72172E-02
      GC_1003 =  -0.00000E+00  -0.30795E+00

 Collider parameters:
 --------------------

 Running at P P   machine @    13000.000000000000       GeV
 PDF set = lhapdf 
 alpha_s(Mz)= 0.1180 running at 3 loops.
 alpha_s(Mz)= 0.1180 running at 3 loops.
 Renormalization scale set on event-by-event basis
 Factorization   scale set on event-by-event basis


 ===============================================================
 INFO: MadFKS read these parameters from FKS_params.dat
 ===============================================================
  > IRPoleCheckThreshold      =    1.0000000000000001E-005
  > PrecisionVirtualAtRunTime =    1.0000000000000000E-003
  > NHelForMCoverHels         =            4
  > VirtualFraction           =    1.0000000000000000     
  > MinVirtualFraction        =    5.0000000000000001E-003
 ===============================================================
  Insert the number of points to test
 Insert the relative tolerance
  A negative number will mean use the default one:    1.0000000000000001E-005
Using random seed offsets:     1 ,      6 ,      0
  with seed                   32
 Ranmar initialization seeds       10730        9412
  ========================================================================================== 
 {                                                                                          }
 {       [32m                                                                            [0m       }
 {       [32m                               ,,                                           [0m       }
 {       [32m`7MMM.     ,MMF'             `7MM  `7MMF'                                   [0m       }
 {       [32m  MMMb    dPMM                 MM    MM                                     [0m       }
 {       [32m  M YM   ,M MM   ,6"Yb.   ,M""bMM    MM         ,pW"Wq.   ,pW"Wq.`7MMpdMAo. [0m       }
 {       [32m  M  Mb  M' MM  8)   MM ,AP    MM    MM        6W'   `Wb 6W'   `Wb MM   `Wb [0m       }
 {       [32m  M  YM.P'  MM   ,pm9MM 8MI    MM    MM      , 8M     M8 8M     M8 MM    M8 [0m       }
 {       [32m  M  `YM'   MM  8M   MM `Mb    MM    MM     ,M YA.   ,A9 YA.   ,A9 MM   ,AP [0m       }
 {       [32m.JML. `'  .JMML.`Moo9^Yo.`Wbmd"MML..JMMmmmmMMM  `Ybmd9'   `Ybmd9'  MMbmmd'  [0m       }
 {       [32m                                                                   MM       [0m       }
 {       [32m                                                                 .JMML.     [0m       }
 {       [32m[0mv2.6.0 (2017-08-16), Ref: arXiv:1103.0621v2, arXiv:1405.0301[32m                [0m       }
 {       [32m                                                                            [0m       }
 {                                                                                          }
  ========================================================================================== 
 ===============================================================
 INFO: MadLoop read these parameters from ./MadLoop5_resources/MadLoopParams.dat                                                                                                                                                                                                                                                                                                                                                                                                                                                                                          
 ===============================================================
  > MLReductionLib            = 6|7|1
  > CTModeRun                 =           -1
  > MLStabThres               =    1.0000000000000000E-003
  > NRotations_DP             =            0
  > NRotations_QP             =            0
  > CTStabThres               =    1.0000000000000000E-002
  > CTLoopLibrary             =            2
  > CTModeInit                =            1
  > CheckCycle                =            3
  > MaxAttempts               =           10
  > UseLoopFilter             =  F
  > HelicityFilterLevel       =            2
  > ImprovePSPoint            =            2
  > DoubleCheckHelicityFilter =  T
  > LoopInitStartOver         =  F
  > HelInitStartOver          =  F
  > ZeroThres                 =    1.0000000000000001E-009
  > OSThres                   =    1.0000000000000000E-008
  > WriteOutFilters           =  T
  > UseQPIntegrandForNinja    =  T
  > UseQPIntegrandForCutTools =  T
  > IREGIMODE                 =            2
  > IREGIRECY                 =  T
  > COLLIERMode               =            1
  > COLLIERRequiredAccuracy   =    1.0000000000000000E-008
  > COLLIERCanOutput          =  F
  > COLLIERComputeUVpoles     =  T
  > COLLIERComputeIRpoles     =  T
  > COLLIERGlobalCache        =           -1
  > COLLIERUseCacheForPoles   =  F
  > COLLIERUseInternalStabilityTest =  T
 ===============================================================
  
------------------------------------------------------------------------
|              You are using CutTools - Version 1.9.3                  |
|              Authors: G. Ossola, C. Papadopoulos, R. Pittau          |
|              Published in JHEP 0803:042,2008                         |
|              http://www.ugr.es/~pittau/CutTools                      |
|                                                                      |
|              Compiler with  34  significant digits detetected        |
 ---------------------------------------------------------------------- 
   
########################################################################
#                                                                      #
#                      You are using OneLOop-3.6                       #
#                                                                      #
# for the evaluation of 1-loop scalar 1-, 2-, 3- and 4-point functions #
#                                                                      #
# author: Andreas van Hameren <hamerenREMOVETHIS@ifj.edu.pl>           #
#   date: 18-02-2015                                                   #
#                                                                      #
# Please cite                                                          #
#    A. van Hameren,                                                   #
#      Comput.Phys.Commun. 182 (2011) 2427-2438, arXiv:1007.4716       #
#    A. van Hameren, C.G. Papadopoulos and R. Pittau,                  #
#      JHEP 0909:106,2009, arXiv:0903.4665                             #
# in publications with results obtained with the help of this program. #
#                                                                      #
########################################################################
 PASSED   1.0000000000000001E-005
 MU_R    =    325.00000000000000     
 ALPHA_S =   0.11799999999999999     
 BORN                    1.4340152857060214E-009
 SINGLE POLE (MadFKS)   -8.1659488376890016E-012
 DOUBLE POLE (MadFKS)   -7.1816568800946877E-011
 SINGLE POLE (MadLoop)  -8.1659488376887302E-012
 DOUBLE POLE (MadLoop)  -7.1816568800946760E-011
 FINITE PART (MadLoop)   4.9440633038507257E-011
   325.00000000000000        0.0000000000000000        0.0000000000000000        325.00000000000000        0.0000000000000000     
   325.00000000000000        0.0000000000000000        0.0000000000000000       -325.00000000000000        0.0000000000000000     
   133.57382351943642       -9.5916423371348287        72.976449803841518        111.45064724758412        1.7769999999999999     
   286.91663062685620       -160.54451223370864       -223.82877147686312       -80.275375128781434        1.7769999999999999     
   229.50954585370974        170.13615457084339        150.85232167302161       -31.175272118802685        0.0000000000000000     

 PASSED   1.0000000000000001E-005
 MU_R    =    325.00000000000000     
 ALPHA_S =   0.11799999999999999     
 BORN                    2.1142817060406437E-007
 SINGLE POLE (MadFKS)   -1.2039701676882370E-009
 DOUBLE POLE (MadFKS)   -1.0588482502241550E-008
 SINGLE POLE (MadLoop)  -1.2039701676906065E-009
 DOUBLE POLE (MadLoop)  -1.0588482502241784E-008
 FINITE PART (MadLoop)   7.5488286159612942E-008
   325.00000000000000        0.0000000000000000        0.0000000000000000        325.00000000000000        0.0000000000000000     
   325.00000000000000        0.0000000000000000        0.0000000000000000       -325.00000000000000        0.0000000000000000     
   257.46011939649395        143.28964575622280        48.725762207853066        208.27009594989121        1.7769999999999999     
   115.34186862778682       -88.900365854183804       -37.290098667699375        63.298992266031732        1.7769999999999999     
   277.19801197572406       -54.389279902038872       -11.435663540153698       -271.56908821592299        0.0000000000000000     

 PASSED   1.0000000000000001E-005
 MU_R    =    325.00000000000000     
 ALPHA_S =   0.11799999999999999     
 BORN                    1.0413515395345757E-007
 SINGLE POLE (MadFKS)   -5.9299391566118180E-010
 DOUBLE POLE (MadFKS)   -5.2151671764179710E-009
 SINGLE POLE (MadLoop)  -5.9299391566137350E-010
 DOUBLE POLE (MadLoop)  -5.2151671764179123E-009
 FINITE PART (MadLoop)   1.1698352627125714E-008
   325.00000000000000        0.0000000000000000        0.0000000000000000        325.00000000000000        0.0000000000000000     
   325.00000000000000        0.0000000000000000        0.0000000000000000       -325.00000000000000        0.0000000000000000     
   187.08741433182726        119.46888557136002        110.96060699123015       -91.724979960989998        1.7769999999999999     
   227.67389428294854        1.4452209814585539        41.563698794769259        223.83613356153140        1.7769999999999999     
   235.23869138522534       -120.91410655281879       -152.52430578599979       -132.11115360054197        0.0000000000000000     

 PASSED   1.0000000000000001E-005
 MU_R    =    325.00000000000000     
 ALPHA_S =   0.11799999999999999     
 BORN                    7.3757193028121760E-008
 SINGLE POLE (MadFKS)   -4.2000770192812763E-010
 DOUBLE POLE (MadFKS)   -3.6938159449680576E-009
 SINGLE POLE (MadLoop)  -4.2000770192823067E-010
 DOUBLE POLE (MadLoop)  -3.6938159449680216E-009
 FINITE PART (MadLoop)   1.7041298206585264E-008
   325.00000000000000        0.0000000000000000        0.0000000000000000        325.00000000000000        0.0000000000000000     
   325.00000000000000        0.0000000000000000        0.0000000000000000       -325.00000000000000        0.0000000000000000     
   73.025816156100447       -64.878411408890344        9.1044463793741972        32.210446837143699        1.7769999999999999     
   315.16441738751774        143.04144614586690        25.584956189704002       -279.66052091684941        1.7769999999999999     
   261.80976645638185       -78.163034736976471       -34.689402569077686        247.45007407970587        0.0000000000000000     

 PASSED   1.0000000000000001E-005
 MU_R    =    325.00000000000000     
 ALPHA_S =   0.11799999999999999     
 BORN                    5.5976659732741453E-009
 SINGLE POLE (MadFKS)   -3.1875708999659740E-011
 DOUBLE POLE (MadFKS)   -2.8033534056538266E-010
 SINGLE POLE (MadLoop)  -3.1875708999688407E-011
 DOUBLE POLE (MadLoop)  -2.8033534056539776E-010
 FINITE PART (MadLoop)   3.4531234277189869E-009
   325.00000000000000        0.0000000000000000        0.0000000000000000        325.00000000000000        0.0000000000000000     
   325.00000000000000        0.0000000000000000        0.0000000000000000       -325.00000000000000        0.0000000000000000     
   52.120214482097751        8.8675809075114351        3.3806549449415924        51.218123839631744        1.7769999999999999     
   323.02514560918115        59.975244850885375       -28.876552087713566       -316.08733241215896        1.7769999999999999     
   274.85463990872114       -68.842825758396756        25.495897142771927        264.86920857252721        0.0000000000000000     

 PASSED   1.0000000000000001E-005
 MU_R    =    325.00000000000000     
 ALPHA_S =   0.11799999999999999     
 BORN                    6.9543185243505242E-008
 SINGLE POLE (MadFKS)   -3.9601118507519988E-010
 DOUBLE POLE (MadFKS)   -3.4827752517423654E-009
 SINGLE POLE (MadLoop)  -3.9601118507502287E-010
 DOUBLE POLE (MadLoop)  -3.4827752517423467E-009
 FINITE PART (MadLoop)   6.9589237086900875E-009
   325.00000000000000        0.0000000000000000        0.0000000000000000        325.00000000000000        0.0000000000000000     
   325.00000000000000        0.0000000000000000        0.0000000000000000       -325.00000000000000        0.0000000000000000     
   251.95029200967053       -143.67125623589561        1.9245885390271422        206.95569092275116        1.7769999999999999     
   86.050159454474027       -6.1396540690312671        62.215651500429615        59.101519180390994        1.7769999999999999     
   311.99954853585541        149.81091030492698       -64.140240039456785       -266.05721010314215        0.0000000000000000     

 PASSED   1.0000000000000001E-005
 MU_R    =    325.00000000000000     
 ALPHA_S =   0.11799999999999999     
 BORN                    3.6364445687162027E-009
 SINGLE POLE (MadFKS)   -2.0707603743992659E-011
 DOUBLE POLE (MadFKS)   -1.8211589106699033E-010
 SINGLE POLE (MadLoop)  -2.0707603743998178E-011
 DOUBLE POLE (MadLoop)  -1.8211589106698992E-010
 FINITE PART (MadLoop)   3.9168947315825895E-010
   325.00000000000000        0.0000000000000000        0.0000000000000000        325.00000000000000        0.0000000000000000     
   325.00000000000000        0.0000000000000000        0.0000000000000000       -325.00000000000000        0.0000000000000000     
   211.60713936066932        181.65042509965363       -6.2708169578056641        108.34308291350469        1.7769999999999999     
   249.79329907109380       -117.43960775776148       -167.59762281373912       -143.22189039636251        1.7769999999999999     
   188.59956156823748       -64.210817341892181        173.86843977154479        34.878807482857844        0.0000000000000000     

 PASSED   1.0000000000000001E-005
 MU_R    =    325.00000000000000     
 ALPHA_S =   0.11799999999999999     
 BORN                    4.8157635506783954E-008
 SINGLE POLE (MadFKS)   -2.7423193574875989E-010
 DOUBLE POLE (MadFKS)   -2.4117707657217273E-009
 SINGLE POLE (MadLoop)  -2.7423193574878806E-010
 DOUBLE POLE (MadLoop)  -2.4117707657217455E-009
 FINITE PART (MadLoop)   5.2441308296990191E-009
   325.00000000000000        0.0000000000000000        0.0000000000000000        325.00000000000000        0.0000000000000000     
   325.00000000000000        0.0000000000000000        0.0000000000000000       -325.00000000000000        0.0000000000000000     
   256.05287093081984       -133.60515003470090       -217.56116120124057       -19.409276232974005        1.7769999999999999     
   232.98509274289984        210.17573698462553        81.558067419810129        58.765099618165124        1.7769999999999999     
   160.96203632628070       -76.570586949924618        136.00309378143052       -39.355823385191158        0.0000000000000000     

 PASSED   1.0000000000000001E-005
 MU_R    =    325.00000000000000     
 ALPHA_S =   0.11799999999999999     
 BORN                    3.0808066432062138E-008
 SINGLE POLE (MadFKS)   -1.7543543418261545E-010
 DOUBLE POLE (MadFKS)   -1.5428912401397579E-009
 SINGLE POLE (MadLoop)  -1.7543543418267571E-010
 DOUBLE POLE (MadLoop)  -1.5428912401399875E-009
 FINITE PART (MadLoop)   4.2937124754505479E-009
   325.00000000000000        0.0000000000000000        0.0000000000000000        325.00000000000000        0.0000000000000000     
   325.00000000000000        0.0000000000000000        0.0000000000000000       -325.00000000000000        0.0000000000000000     
   168.57525047312112       -125.75272333432770        112.08564113759671       -6.1252728795875777        1.7769999999999999     
   167.66523900322517       -133.97514347180081        31.465069582031230       -95.755339114416614        1.7769999999999999     
   313.75951052365735        259.72786680612842       -143.55071071962783        101.88061199400414        0.0000000000000000     

 PASSED   1.0000000000000001E-005
 MU_R    =    325.00000000000000     
 ALPHA_S =   0.11799999999999999     
 BORN                    6.1673650106718174E-009
 SINGLE POLE (MadFKS)   -3.5119839824931749E-011
 DOUBLE POLE (MadFKS)   -3.0886629872386535E-010
 SINGLE POLE (MadLoop)  -3.5119839824915115E-011
 DOUBLE POLE (MadLoop)  -3.0886629872386354E-010
 FINITE PART (MadLoop)   1.3984457364529427E-009
   325.00000000000000        0.0000000000000000        0.0000000000000000        325.00000000000000        0.0000000000000000     
   325.00000000000000        0.0000000000000000        0.0000000000000000       -325.00000000000000        0.0000000000000000     
   182.51606617131668       -104.59793678176332       -39.424957294327250        144.27023617153736        1.7769999999999999     
   243.38771402968925        196.13546575843651        140.08223068587989        33.797475192489848        1.7769999999999999     
   224.09621979899515       -91.537528976673130       -100.65727339155264       -178.06771136402719        0.0000000000000000     

 PASSED   1.0000000000000001E-005
 MU_R    =    325.00000000000000     
 ALPHA_S =   0.11799999999999999     
 BORN                    2.1434308061042797E-008
 SINGLE POLE (MadFKS)   -1.2205690186319454E-010
 DOUBLE POLE (MadFKS)   -1.0734463397359775E-009
 SINGLE POLE (MadLoop)  -1.2205690186306927E-010
 DOUBLE POLE (MadLoop)  -1.0734463397359756E-009
 FINITE PART (MadLoop)   1.5949760326016887E-009
   325.00000000000000        0.0000000000000000        0.0000000000000000        325.00000000000000        0.0000000000000000     
   325.00000000000000        0.0000000000000000        0.0000000000000000       -325.00000000000000        0.0000000000000000     
   121.00258229898859        71.033583046418670        86.403140438280133        46.121519879703470        1.7769999999999999     
   315.18208363365693       -267.69462456946093       -165.40333101458015       -17.830148079873737        1.7769999999999999     
   213.81533406735741        196.66104152304226        79.000190576299929       -28.291371799829694        0.0000000000000000     

 PASSED   1.0000000000000001E-005
 MU_R    =    325.00000000000000     
 ALPHA_S =   0.11799999999999999     
 BORN                    1.0885632302220302E-007
 SINGLE POLE (MadFKS)   -6.1987844433653315E-010
 DOUBLE POLE (MadFKS)   -5.4516068898757876E-009
 SINGLE POLE (MadLoop)  -6.1987844433644123E-010
 DOUBLE POLE (MadLoop)  -5.4516068898751267E-009
 FINITE PART (MadLoop)   1.0565183848250241E-008
   325.00000000000000        0.0000000000000000        0.0000000000000000        325.00000000000000        0.0000000000000000     
   325.00000000000000        0.0000000000000000        0.0000000000000000       -325.00000000000000        0.0000000000000000     
   63.123564130409115       -41.977002727791977       -24.477485350574433       -40.251839367030549        1.7769999999999999     
   315.38990804436355        312.31490558687710      -0.20169246217242712        43.897556146588592        1.7769999999999999     
   271.48652782522737       -270.33790285908515        24.679177812746953       -3.6457167795580045        0.0000000000000000     

 PASSED   1.0000000000000001E-005
 MU_R    =    325.00000000000000     
 ALPHA_S =   0.11799999999999999     
 BORN                    1.4630849766375242E-006
 SINGLE POLE (MadFKS)   -8.3314851546587294E-009
 DOUBLE POLE (MadFKS)   -7.3272400882804146E-008
 SINGLE POLE (MadLoop)  -8.3314851546592787E-009
 DOUBLE POLE (MadLoop)  -7.3272400882805046E-008
 FINITE PART (MadLoop)   1.6542005856111587E-007
   325.00000000000000        0.0000000000000000        0.0000000000000000        325.00000000000000        0.0000000000000000     
   325.00000000000000        0.0000000000000000        0.0000000000000000       -325.00000000000000        0.0000000000000000     
   318.61302570808704        171.64782140240285        48.570279612597012       -263.98684771788356        1.7769999999999999     
   231.97690730129005       -99.544756199652127       -7.2952751580121245        209.39853931102769        1.7769999999999999     
   99.410066990622980       -72.103065202750642       -41.275004454584995        54.588308406855894        0.0000000000000000     

 PASSED   1.0000000000000001E-005
 MU_R    =    325.00000000000000     
 ALPHA_S =   0.11799999999999999     
 BORN                    6.9204312811815113E-008
 SINGLE POLE (MadFKS)   -3.9408148811362094E-010
 DOUBLE POLE (MadFKS)   -3.4658042643701934E-009
 SINGLE POLE (MadLoop)  -3.9408148811352193E-010
 DOUBLE POLE (MadLoop)  -3.4658042643702199E-009
 FINITE PART (MadLoop)   6.2970109164914000E-009
   325.00000000000000        0.0000000000000000        0.0000000000000000        325.00000000000000        0.0000000000000000     
   325.00000000000000        0.0000000000000000        0.0000000000000000       -325.00000000000000        0.0000000000000000     
   150.03499411010498        17.309178978817794        85.728032793813512       -121.89519451152006        1.7769999999999999     
   235.49830531294623       -46.460126678571967        175.63865338543829        149.82928332682681        1.7769999999999999     
   264.46670057695110        29.150947699754170       -261.36668617925176       -27.934088815306723        0.0000000000000000     

 PASSED   1.0000000000000001E-005
 MU_R    =    325.00000000000000     
 ALPHA_S =   0.11799999999999999     
 BORN                    5.6282480456353018E-008
 SINGLE POLE (MadFKS)   -3.2049857518675726E-010
 DOUBLE POLE (MadFKS)   -2.8186691385172958E-009
 SINGLE POLE (MadLoop)  -3.2049857518678792E-010
 DOUBLE POLE (MadLoop)  -2.8186691385173160E-009
 FINITE PART (MadLoop)   6.9768402878689535E-009
   325.00000000000000        0.0000000000000000        0.0000000000000000        325.00000000000000        0.0000000000000000     
   325.00000000000000        0.0000000000000000        0.0000000000000000       -325.00000000000000        0.0000000000000000     
   241.35626061436116       -240.11656148453011        9.0430741885500172        22.626235188685008        1.7769999999999999     
   173.21385878538382        77.865355869823432       -79.438505580548124        132.76442796441319        1.7769999999999999     
   235.42988060025638        162.25120561470669        70.395431391998116       -155.39066315309822        0.0000000000000000     

 PASSED   1.0000000000000001E-005
 MU_R    =    325.00000000000000     
 ALPHA_S =   0.11799999999999999     
 BORN                    9.3875196992024690E-009
 SINGLE POLE (MadFKS)   -5.3456895711361335E-011
 DOUBLE POLE (MadFKS)   -4.7013407811486033E-010
 SINGLE POLE (MadLoop)  -5.3456895711351009E-011
 DOUBLE POLE (MadLoop)  -4.7013407811487140E-010
 FINITE PART (MadLoop)   2.3360157420261756E-009
   325.00000000000000        0.0000000000000000        0.0000000000000000        325.00000000000000        0.0000000000000000     
   325.00000000000000        0.0000000000000000        0.0000000000000000       -325.00000000000000        0.0000000000000000     
   113.84981766471761       -65.280488803717802        83.032781912532201        42.457486533036636        1.7769999999999999     
   287.76298301520808        127.46826191110777        26.304055584904475       -256.64044016865000        1.7769999999999999     
   248.38719932007857       -62.187773107390036       -109.33683749743682        214.18295363561333        0.0000000000000000     

 PASSED   1.0000000000000001E-005
 MU_R    =    325.00000000000000     
 ALPHA_S =   0.11799999999999999     
 BORN                    1.4039128915606052E-007
 SINGLE POLE (MadFKS)   -7.9945318291440356E-010
 DOUBLE POLE (MadFKS)   -7.0309018162005734E-009
 SINGLE POLE (MadLoop)  -7.9945318291447997E-010
 DOUBLE POLE (MadLoop)  -7.0309018162005196E-009
 FINITE PART (MadLoop)   4.2599923277270005E-008
   325.00000000000000        0.0000000000000000        0.0000000000000000        325.00000000000000        0.0000000000000000     
   325.00000000000000        0.0000000000000000        0.0000000000000000       -325.00000000000000        0.0000000000000000     
   173.70248717441385        142.22722292271695       -1.6974447596519684       -99.689177258904181        1.7769999999999999     
   194.48100263366985       -79.799092717037041        43.510708382968616       -171.92622171718736        1.7769999999999999     
   281.81651019191850       -62.428130205679800       -41.813263623316651        271.61539897609151        0.0000000000000000     

 PASSED   1.0000000000000001E-005
 MU_R    =    325.00000000000000     
 ALPHA_S =   0.11799999999999999     
 BORN                    3.3120796608392800E-008
 SINGLE POLE (MadFKS)   -1.8860519358723671E-010
 DOUBLE POLE (MadFKS)   -1.6587145144674815E-009
 SINGLE POLE (MadLoop)  -1.8860519358717966E-010
 DOUBLE POLE (MadLoop)  -1.6587145144674184E-009
 FINITE PART (MadLoop)   4.7056977280541122E-009
   325.00000000000000        0.0000000000000000        0.0000000000000000        325.00000000000000        0.0000000000000000     
   325.00000000000000        0.0000000000000000        0.0000000000000000       -325.00000000000000        0.0000000000000000     
   100.10794572218410        74.315032728487651        66.181881043507602       -10.755352147771884        1.7769999999999999     
   314.99122810883483       -140.73473926613045       -222.19662588288531        173.31678703018758        1.7769999999999999     
   234.90082616898698        66.419706537642625        156.01474483937798       -162.56143488241568        0.0000000000000000     

 PASSED   1.0000000000000001E-005
 MU_R    =    325.00000000000000     
 ALPHA_S =   0.11799999999999999     
 BORN                    2.2290013249375378E-008
 SINGLE POLE (MadFKS)   -1.2692968450206908E-010
 DOUBLE POLE (MadFKS)   -1.1163007019898344E-009
 SINGLE POLE (MadLoop)  -1.2692968450229296E-010
 DOUBLE POLE (MadLoop)  -1.1163007019898394E-009
 FINITE PART (MadLoop)   2.2206892268408998E-009
Thanks for using LHAPDF 6.2.1. Please make sure to cite the paper:
  Eur.Phys.J. C75 (2015) 3, 132  (http://arxiv.org/abs/1412.7420)
   325.00000000000000        0.0000000000000000        0.0000000000000000        325.00000000000000        0.0000000000000000     
   325.00000000000000        0.0000000000000000        0.0000000000000000       -325.00000000000000        0.0000000000000000     
   310.35049481958049       -123.47605473055964        78.954619380209607        273.55822760878613        1.7769999999999999     
   279.63970783904074        82.122623141966542       -110.34603903680376       -243.46423743226592        1.7769999999999999     
   60.009797341378835        41.353431588593295        31.391419656594074       -30.093990176520165        0.0000000000000000     

 PASSED   1.0000000000000001E-005
 MU_R    =    325.00000000000000     
 ALPHA_S =   0.11799999999999999     
 BORN                    3.1899592583941301E-007
 SINGLE POLE (MadFKS)   -1.8165109087755509E-009
 DOUBLE POLE (MadFKS)   -1.5975556943933739E-008
 SINGLE POLE (MadLoop)  -1.8165109087754026E-009
 DOUBLE POLE (MadLoop)  -1.5975556943933785E-008
 FINITE PART (MadLoop)   3.1853718063147522E-008
   325.00000000000000        0.0000000000000000        0.0000000000000000        325.00000000000000        0.0000000000000000     
   325.00000000000000        0.0000000000000000        0.0000000000000000       -325.00000000000000        0.0000000000000000     
   318.35019285967456       -169.47599016670898       -269.33242912054686       -9.0343204410259990        1.7769999999999999     
   280.17036218847312        129.31302846813122        248.07402901390364       -15.155557298541996        1.7769999999999999     
   51.479444951852372        40.162961698577739        21.258400106643212        24.189877739567997        0.0000000000000000     

 NUMBER OF POINTS PASSING THE CHECK          20
 NUMBER OF POINTS FAILING THE CHECK           0
 TOLERANCE    1.0000000000000001E-005
