==== LHAPDF6 USING DEFAULT-TYPE LHAGLUE INTERFACE ====
LHAPDF 6.2.1 loading /cvmfs/cms.cern.ch/slc6_amd64_gcc481/external/lhapdf/6.2.1/share/LHAPDF/NNPDF31_nnlo_as_0118_nf_4/NNPDF31_nnlo_as_0118_nf_4_0000.dat
NNPDF31_nnlo_as_0118_nf_4 PDF set, member #0, version 1; LHAPDF ID = 320900
 A PDF is used, so alpha_s(MZ) is going to be modified
 Old value of alpha_s from param_card:   0.11799999999999999     
 New value of alpha_s from PDF lhapdf :  0.11800240511781991     
 using LHAPDF
WARNING: the value of maxjetflavorspecified in the run_card (  4) is inconsistent with the number of light flavours inthe model. Hence it will be set to:  5
 *****************************************************
 *               MadGraph/MadEvent                   *
 *        --------------------------------           *
 *          http://madgraph.hep.uiuc.edu             *
 *          http://madgraph.phys.ucl.ac.be           *
 *          http://madgraph.roma2.infn.it            *
 *        --------------------------------           *
 *                                                   *
 *          PARAMETER AND COUPLING VALUES            *
 *                                                   *
 *****************************************************

  External Params
  ---------------------------------
  
 MU_R =    91.188000000000002     
 aEWM1 =    132.50700000000001     
 mdl_Gf =    1.1663900000000000E-005
 aS =   0.11799999999999999     
 mdl_ymt =    173.00000000000000     
 mdl_ymtau =    1.7769999999999999     
 mdl_MT =    173.00000000000000     
 mdl_MZ =    91.188000000000002     
 mdl_MH =    125.00000000000000     
 mdl_MTA =    1.7769999999999999     
 mdl_WT =    1.4915000000000000     
 mdl_WZ =    2.4414039999999999     
 mdl_WW =    2.0476000000000001     
 mdl_WH =    6.3823389999999999E-003
  Internal Params
  ---------------------------------
  
 mdl_conjg__CKM3x3 =    1.0000000000000000     
 mdl_CKM22 =    1.0000000000000000     
 mdl_I4x33 =    0.0000000000000000     
 mdl_I1x33 =    0.0000000000000000     
 mdl_lhv =    1.0000000000000000     
 mdl_CKM3x3 =    1.0000000000000000     
 mdl_conjg__CKM22 =    1.0000000000000000     
 mdl_conjg__CKM33 =    1.0000000000000000     
 mdl_Ncol =    3.0000000000000000     
 mdl_CA =    3.0000000000000000     
 mdl_TF =   0.50000000000000000     
 mdl_CF =    1.3333333333333333     
 mdl_complexi =  (  0.0000000000000000     ,  1.0000000000000000     )
 mdl_MZ__exp__2 =    8315.2513440000002     
 mdl_MZ__exp__4 =    69143404.913893804     
 mdl_sqrt__2 =    1.4142135623730951     
 mdl_MH__exp__2 =    15625.000000000000     
 mdl_Ncol__exp__2 =    9.0000000000000000     
 mdl_MT__exp__2 =    29929.000000000000     
 mdl_aEW =    7.5467711139788835E-003
 mdl_MW =    80.419002445756163     
 mdl_sqrt__aEW =    8.6872153846781555E-002
 mdl_ee =   0.30795376724436879     
 mdl_MW__exp__2 =    6467.2159543705357     
 mdl_sw2 =   0.22224648578577766     
 mdl_cw =   0.88190334743339216     
 mdl_sqrt__sw2 =   0.47143025548407230     
 mdl_sw =   0.47143025548407230     
 mdl_g1 =   0.34919219678733299     
 mdl_gw =   0.65323293034757990     
 mdl_v =    246.21845810181637     
 mdl_v__exp__2 =    60623.529110035903     
 mdl_lam =   0.12886910601690263     
 mdl_yt =   0.99366614581500623     
 mdl_ytau =    1.0206617000654717E-002
 mdl_muH =    88.388347648318430     
 mdl_AxialZUp =  -0.18517701861793787     
 mdl_AxialZDown =   0.18517701861793787     
 mdl_VectorZUp =    7.5430507588273299E-002
 mdl_VectorZDown =  -0.13030376310310560     
 mdl_VectorAUp =   0.20530251149624587     
 mdl_VectorADown =  -0.10265125574812294     
 mdl_VectorWmDxU =   0.23095271737156670     
 mdl_AxialWmDxU =  -0.23095271737156670     
 mdl_VectorWpUxD =   0.23095271737156670     
 mdl_AxialWpUxD =  -0.23095271737156670     
 mdl_I2x33 =  ( 0.99366614581500623     ,  0.0000000000000000     )
 mdl_I3x33 =  ( 0.99366614581500623     ,  0.0000000000000000     )
 mdl_Vector_tbGp =  (-0.99366614581500623     ,  0.0000000000000000     )
 mdl_Axial_tbGp =  (-0.99366614581500623     , -0.0000000000000000     )
 mdl_Vector_tbGm =  ( 0.99366614581500623     ,  0.0000000000000000     )
 mdl_Axial_tbGm =  (-0.99366614581500623     ,  0.0000000000000000     )
 mdl_gw__exp__2 =   0.42671326129048615     
 mdl_cw__exp__2 =   0.77775351421422245     
 mdl_ee__exp__2 =    9.4835522759998875E-002
 mdl_sw__exp__2 =   0.22224648578577769     
 mdl_yt__exp__2 =   0.98737240933884918     
  Internal Params evaluated point by point
  ----------------------------------------
  
 mdl_sqrt__aS =   0.34351128074635334     
 mdl_G__exp__4 =    2.1987899468922913     
 mdl_G__exp__2 =    1.4828317324943823     
 mdl_R2MixedFactor_FIN_ =   -2.5040377713124864E-002
 mdl_G_UVg_1EPS_ =   -5.1645779033320030E-002
 mdl_G_UVq_1EPS_ =    3.1300472141406080E-003
 mdl_GWcft_UV_t_1EPS_ =   -3.1300472141406080E-003
 mdl_tWcft_UV_1EPS_ =   -1.8780283284843650E-002
 mdl_G__exp__3 =    1.8056676068262196     
 mdl_MU_R__exp__2 =    8315.2513440000002     
 mdl_G_UVt_FIN_ =   -4.0087659331150384E-003
 mdl_GWcft_UV_t_FIN_ =    4.0087659331150384E-003
 mdl_tWcft_UV_FIN_ =   -9.8778211443463623E-004
  Couplings of loop_sm-no_b_mass
  ---------------------------------
  
      UV_GQQt =   0.00000E+00  -0.48815E-02
   UVWfct_G_2 =   0.40088E-02   0.00000E+00
       R2_DDA =   0.00000E+00   0.25704E-02
       R2_UUA =  -0.00000E+00  -0.51409E-02
    R2_DDZ_V2 =   0.00000E+00   0.72127E-02
    R2_UUZ_V2 =  -0.00000E+00  -0.72127E-02
    R2_UUZ_V5 =   0.00000E+00   0.68702E-03
      R2_GGHt =   0.00000E+00  -0.45657E+01
     R2_GGZup =  -0.46369E-02   0.00000E+00
   R2_GGZdown =   0.46369E-02   0.00000E+00
    R2_GGZAup =   0.00000E+00   0.19389E-03
  R2_GGZAdown =   0.00000E+00   0.16747E-03
  R2_GGAAdown =   0.00000E+00   0.13193E-03
    R2_GGAAup =   0.00000E+00   0.52771E-03
         GC_4 =  -0.12177E+01   0.00000E+00
         GC_5 =   0.00000E+00   0.12177E+01
       R2_GQQ =  -0.00000E+00  -0.30492E-01
       R2_QQq =   0.00000E+00   0.12520E-01
 UV_GQQg_1eps =   0.00000E+00  -0.62890E-01
 UV_GQQq_1eps =   0.00000E+00   0.38115E-02
 UVWfct_G_2_1eps -0.31300E-02   0.00000E+00
         GC_1 =  -0.00000E+00  -0.10265E+00
         GC_2 =   0.00000E+00   0.20530E+00
        GC_21 =  -0.00000E+00  -0.28804E+00
        GC_22 =   0.00000E+00   0.28804E+00
        GC_23 =  -0.00000E+00  -0.27437E-01
        GC_24 =   0.00000E+00   0.82310E-01
        GC_37 =  -0.00000E+00  -0.70263E+00
        GC_38 =  -0.00000E+00  -0.72172E-02
      GC_1003 =  -0.00000E+00  -0.30795E+00

 Collider parameters:
 --------------------

 Running at P P   machine @    13000.000000000000       GeV
 PDF set = lhapdf 
 alpha_s(Mz)= 0.1180 running at 3 loops.
 alpha_s(Mz)= 0.1180 running at 3 loops.
 Renormalization scale set on event-by-event basis
 Factorization   scale set on event-by-event basis


 ===============================================================
 INFO: MadFKS read these parameters from FKS_params.dat
 ===============================================================
  > IRPoleCheckThreshold      =    1.0000000000000001E-005
  > PrecisionVirtualAtRunTime =    1.0000000000000000E-003
  > NHelForMCoverHels         =            4
  > VirtualFraction           =    1.0000000000000000     
  > MinVirtualFraction        =    5.0000000000000001E-003
 ===============================================================
  Insert the number of points to test
 Insert the relative tolerance
  A negative number will mean use the default one:    1.0000000000000001E-005
Using random seed offsets:     1 ,     19 ,      0
  with seed                   32
 Ranmar initialization seeds       10730        9425
  ========================================================================================== 
 {                                                                                          }
 {       [32m                                                                            [0m       }
 {       [32m                               ,,                                           [0m       }
 {       [32m`7MMM.     ,MMF'             `7MM  `7MMF'                                   [0m       }
 {       [32m  MMMb    dPMM                 MM    MM                                     [0m       }
 {       [32m  M YM   ,M MM   ,6"Yb.   ,M""bMM    MM         ,pW"Wq.   ,pW"Wq.`7MMpdMAo. [0m       }
 {       [32m  M  Mb  M' MM  8)   MM ,AP    MM    MM        6W'   `Wb 6W'   `Wb MM   `Wb [0m       }
 {       [32m  M  YM.P'  MM   ,pm9MM 8MI    MM    MM      , 8M     M8 8M     M8 MM    M8 [0m       }
 {       [32m  M  `YM'   MM  8M   MM `Mb    MM    MM     ,M YA.   ,A9 YA.   ,A9 MM   ,AP [0m       }
 {       [32m.JML. `'  .JMML.`Moo9^Yo.`Wbmd"MML..JMMmmmmMMM  `Ybmd9'   `Ybmd9'  MMbmmd'  [0m       }
 {       [32m                                                                   MM       [0m       }
 {       [32m                                                                 .JMML.     [0m       }
 {       [32m[0mv2.6.1 (2017-12-12), Ref: arXiv:1103.0621v2, arXiv:1405.0301[32m                [0m       }
 {       [32m                                                                            [0m       }
 {                                                                                          }
  ========================================================================================== 
 ===============================================================
 INFO: MadLoop read these parameters from ./MadLoop5_resources/MadLoopParams.dat                                                                                                                                                                                                                                                                                                                                                                                                                                                                                          
 ===============================================================
  > MLReductionLib            = 6|7|1
  > CTModeRun                 =           -1
  > MLStabThres               =    1.0000000000000000E-003
  > NRotations_DP             =            0
  > NRotations_QP             =            0
  > CTStabThres               =    1.0000000000000000E-002
  > CTLoopLibrary             =            2
  > CTModeInit                =            1
  > CheckCycle                =            3
  > MaxAttempts               =           10
  > UseLoopFilter             =  F
  > HelicityFilterLevel       =            2
  > ImprovePSPoint            =            2
  > DoubleCheckHelicityFilter =  T
  > LoopInitStartOver         =  F
  > HelInitStartOver          =  F
  > ZeroThres                 =    1.0000000000000001E-009
  > OSThres                   =    1.0000000000000000E-008
  > WriteOutFilters           =  T
  > UseQPIntegrandForNinja    =  T
  > UseQPIntegrandForCutTools =  T
  > IREGIMODE                 =            2
  > IREGIRECY                 =  T
  > COLLIERMode               =            1
  > COLLIERRequiredAccuracy   =    1.0000000000000000E-008
  > COLLIERCanOutput          =  F
  > COLLIERComputeUVpoles     =  T
  > COLLIERComputeIRpoles     =  T
  > COLLIERGlobalCache        =           -1
  > COLLIERUseCacheForPoles   =  F
  > COLLIERUseInternalStabilityTest =  T
 ===============================================================
  
------------------------------------------------------------------------
|              You are using CutTools - Version 1.9.3                  |
|              Authors: G. Ossola, C. Papadopoulos, R. Pittau          |
|              Published in JHEP 0803:042,2008                         |
|              http://www.ugr.es/~pittau/CutTools                      |
|                                                                      |
|              Compiler with  34  significant digits detetected        |
 ---------------------------------------------------------------------- 
   
########################################################################
#                                                                      #
#                      You are using OneLOop-3.6                       #
#                                                                      #
# for the evaluation of 1-loop scalar 1-, 2-, 3- and 4-point functions #
#                                                                      #
# author: Andreas van Hameren <hamerenREMOVETHIS@ifj.edu.pl>           #
#   date: 18-02-2015                                                   #
#                                                                      #
# Please cite                                                          #
#    A. van Hameren,                                                   #
#      Comput.Phys.Commun. 182 (2011) 2427-2438, arXiv:1007.4716       #
#    A. van Hameren, C.G. Papadopoulos and R. Pittau,                  #
#      JHEP 0909:106,2009, arXiv:0903.4665                             #
# in publications with results obtained with the help of this program. #
#                                                                      #
########################################################################
 PASSED   1.0000000000000001E-005
 MU_R    =    325.00000000000000     
 ALPHA_S =   0.11799999999999999     
 BORN                    3.3106111580406976E-009
 SINGLE POLE (MadFKS)   -4.0085078583158545E-010
 DOUBLE POLE (MadFKS)   -3.5232055389915528E-010
 SINGLE POLE (MadLoop)  -4.0085078583152445E-010
 DOUBLE POLE (MadLoop)  -3.5232055389915317E-010
 FINITE PART (MadLoop)   4.5543342459202718E-010
   325.00000000000000        0.0000000000000000        0.0000000000000000        325.00000000000000        0.0000000000000000     
   325.00000000000000        0.0000000000000000        0.0000000000000000       -325.00000000000000        0.0000000000000000     
   203.87099340432934        99.723449306108023       -80.615214822779109        158.49227977803011        0.0000000000000000     
   201.47585672039193        29.679566207950042       -85.165747859893131       -180.16225903998020        0.0000000000000000     
   22.738927108404713        22.058519712976643        4.6778076428305138        2.9323420281815946        0.0000000000000000     
   221.91422276687416       -151.46153522703472        161.10315503984171        18.737637233768499        0.0000000000000000     

 PASSED   1.0000000000000001E-005
 MU_R    =    325.00000000000000     
 ALPHA_S =   0.11799999999999999     
 BORN                    1.0143408115514597E-010
 SINGLE POLE (MadFKS)   -1.4892203308584204E-011
 DOUBLE POLE (MadFKS)   -1.0794777746711619E-011
 SINGLE POLE (MadLoop)  -1.4892203308700837E-011
 DOUBLE POLE (MadLoop)  -1.0794777746711691E-011
 FINITE PART (MadLoop)   1.1075121721567680E-011
   325.00000000000000        0.0000000000000000        0.0000000000000000        325.00000000000000        0.0000000000000000     
   325.00000000000000        0.0000000000000000        0.0000000000000000       -325.00000000000000        0.0000000000000000     
   75.178102056311374       -65.113808697469750       -35.865490655159931       -11.207387106864388        0.0000000000000000     
   102.24311896193703       -32.734088463463451       -95.241468591731334        17.640790459080993        0.0000000000000000     
   256.29745296355026        226.56032352179196        11.111796336871555        119.31191132268441        0.0000000000000000     
   216.28132601820144       -128.71242636085873        119.99516291001972       -125.74531467490104        0.0000000000000000     

 PASSED   1.0000000000000001E-005
 MU_R    =    325.00000000000000     
 ALPHA_S =   0.11799999999999999     
 BORN                    1.2607481527330547E-011
 SINGLE POLE (MadFKS)   -1.8431958314522855E-012
 DOUBLE POLE (MadFKS)   -1.3417084226863056E-012
 SINGLE POLE (MadLoop)  -1.8431958314497507E-012
 DOUBLE POLE (MadLoop)  -1.3417084226863009E-012
 FINITE PART (MadLoop)   1.4651118443789065E-012
   325.00000000000000        0.0000000000000000        0.0000000000000000        325.00000000000000        0.0000000000000000     
   325.00000000000000        0.0000000000000000        0.0000000000000000       -325.00000000000000        0.0000000000000000     
   293.17966229498916       -209.05087565708519       -205.13674622691605        13.075210049695858        0.0000000000000000     
   40.930500599686795        13.779354630210580        23.448699809962587        30.587476890683806        0.0000000000000000     
   132.07031565785528        26.271213746851512        129.28433086936849        6.1606329132992927        0.0000000000000000     
   183.81952144746879        169.00030728002312        52.403715547584959       -49.823319853678953        0.0000000000000000     

 PASSED   1.0000000000000001E-005
 MU_R    =    325.00000000000000     
 ALPHA_S =   0.11799999999999999     
 BORN                    1.0914695810992421E-010
 SINGLE POLE (MadFKS)   -1.3851146362261024E-011
 DOUBLE POLE (MadFKS)   -1.1615594493572258E-011
 SINGLE POLE (MadLoop)  -1.3851146366461854E-011
 DOUBLE POLE (MadLoop)  -1.1615594493573496E-011
 FINITE PART (MadLoop)   1.0733519651833943E-011
   325.00000000000000        0.0000000000000000        0.0000000000000000        325.00000000000000        0.0000000000000000     
   325.00000000000000        0.0000000000000000        0.0000000000000000       -325.00000000000000        0.0000000000000000     
   218.62516253088859        218.06947793896256       -14.637383152081823       -5.3302436665631889        0.0000000000000000     
   141.68396128255608        39.292186840387316        92.665185353028420       -99.717763520377005        0.0000000000000000     
   67.903633267727244       -55.955675228465822       -18.619356901840611        33.662818795316710        0.0000000000000000     
   221.78724291882810       -201.40598955088396       -59.408445299106020        71.385188391623558        0.0000000000000000     

 PASSED   1.0000000000000001E-005
 MU_R    =    325.00000000000000     
 ALPHA_S =   0.11799999999999999     
 BORN                    1.5925533675323080E-009
 SINGLE POLE (MadFKS)   -2.6507846400942176E-010
 DOUBLE POLE (MadFKS)   -1.6948208586810132E-010
 SINGLE POLE (MadLoop)  -2.6507846400947817E-010
 DOUBLE POLE (MadLoop)  -1.6948208586809989E-010
 FINITE PART (MadLoop)   3.6061360511072670E-010
   325.00000000000000        0.0000000000000000        0.0000000000000000        325.00000000000000        0.0000000000000000     
   325.00000000000000        0.0000000000000000        0.0000000000000000       -325.00000000000000        0.0000000000000000     
   193.88809085009336        109.52877510264081        2.0863285136234131       -159.97401798836722        0.0000000000000000     
   98.313976559503814        25.884808974104864        20.273572758823398       -92.653099780360620        0.0000000000000000     
   197.54213338509302       -6.9656426146231105        50.825370431153182        190.76466131292577        0.0000000000000000     
   160.25579920530984       -128.44794146212249       -73.185271703599952        61.862456455802047        0.0000000000000000     

 PASSED   1.0000000000000001E-005
 MU_R    =    325.00000000000000     
 ALPHA_S =   0.11799999999999999     
 BORN                    6.3911472120842798E-012
 SINGLE POLE (MadFKS)   -8.5177414832421396E-013
 DOUBLE POLE (MadFKS)   -6.8015614589579506E-013
 SINGLE POLE (MadLoop)  -8.5177414832109870E-013
 DOUBLE POLE (MadLoop)  -6.8015614589579516E-013
 FINITE PART (MadLoop)   7.3786419260518915E-013
   325.00000000000000        0.0000000000000000        0.0000000000000000        325.00000000000000        0.0000000000000000     
   325.00000000000000        0.0000000000000000        0.0000000000000000       -325.00000000000000        0.0000000000000000     
   110.94192401192024        5.7487982180375825        107.47836354852200       -26.897271078061266        0.0000000000000000     
   120.28657541319727        58.898382278247517       -93.172721810339411        48.152722665424804        0.0000000000000000     
   203.66668586191713       -61.399253419092091        184.11076609115486        61.753351478952233        0.0000000000000000     
   215.10481471296526       -3.2479270771929762       -198.41640782933746       -83.008803066315807        0.0000000000000000     

 PASSED   1.0000000000000001E-005
 MU_R    =    325.00000000000000     
 ALPHA_S =   0.11799999999999999     
 BORN                    2.7767944997830943E-011
 SINGLE POLE (MadFKS)   -3.0220552176727302E-012
 DOUBLE POLE (MadFKS)   -2.9551092820175930E-012
 SINGLE POLE (MadLoop)  -3.0220552176724066E-012
 DOUBLE POLE (MadLoop)  -2.9551092820176245E-012
 FINITE PART (MadLoop)   4.8948388356789109E-012
   325.00000000000000        0.0000000000000000        0.0000000000000000        325.00000000000000        0.0000000000000000     
   325.00000000000000        0.0000000000000000        0.0000000000000000       -325.00000000000000        0.0000000000000000     
   131.66829909406420       -95.041308594919130       -69.491178969405553       -58.946303466217024        0.0000000000000000     
   200.52641861566110       -196.73487338813177        32.620995873660938        21.026287927015083        0.0000000000000000     
   68.036933771623239        45.636512848824538        50.409592639945600       -2.2816708610281107        0.0000000000000000     
   249.76834851865129        246.13966913422638       -13.539409544200987        40.201686400230052        0.0000000000000000     

 PASSED   1.0000000000000001E-005
 MU_R    =    325.00000000000000     
 ALPHA_S =   0.11799999999999999     
 BORN                    3.0693264327058743E-010
 SINGLE POLE (MadFKS)   -3.6973478871840631E-011
 DOUBLE POLE (MadFKS)   -3.2664264609929120E-011
 SINGLE POLE (MadLoop)  -3.6973478871839455E-011
 DOUBLE POLE (MadLoop)  -3.2664264609929398E-011
 FINITE PART (MadLoop)   4.7060431314780720E-011
   325.00000000000000        0.0000000000000000        0.0000000000000000        325.00000000000000        0.0000000000000000     
   325.00000000000000        0.0000000000000000        0.0000000000000000       -325.00000000000000        0.0000000000000000     
   230.47111078243668        59.043155073713493       -188.89799739835118        118.10328244009193        0.0000000000000000     
   76.589971203092077        47.553361119544114        56.189053111613902       -21.154003061948671        0.0000000000000000     
   105.51275938827588        96.106549527205146        41.348210913968131       -13.667442552177356        0.0000000000000000     
   237.42615862619536       -202.70306572046275        91.360733372769133       -83.281836825965911        0.0000000000000000     

 PASSED   1.0000000000000001E-005
 MU_R    =    325.00000000000000     
 ALPHA_S =   0.11799999999999999     
 BORN                    1.2916220863583998E-012
 SINGLE POLE (MadFKS)   -2.5657645182063026E-013
 DOUBLE POLE (MadFKS)   -1.3745649584637203E-013
 SINGLE POLE (MadLoop)  -2.5657645179492869E-013
 DOUBLE POLE (MadLoop)  -1.3745649584637067E-013
 FINITE PART (MadLoop)   1.5244358918157620E-013
   325.00000000000000        0.0000000000000000        0.0000000000000000        325.00000000000000        0.0000000000000000     
   325.00000000000000        0.0000000000000000        0.0000000000000000       -325.00000000000000        0.0000000000000000     
   56.959553528790238        7.5183204482187174       -41.533196959616937       -38.247341687373293        0.0000000000000000     
   182.23622704174622        1.4519227376749466       -77.829487568509634        164.77410364373981        0.0000000000000000     
   289.22727024480514       -39.729561182659197        226.11030104484942       -175.92074233274042        0.0000000000000000     
   121.57694918465860        30.759317996765553       -106.74761651672283        49.393980376373797        0.0000000000000000     

 PASSED   1.0000000000000001E-005
 MU_R    =    325.00000000000000     
 ALPHA_S =   0.11799999999999999     
 BORN                    9.0067985640635777E-012
 SINGLE POLE (MadFKS)   -2.0734956477983016E-012
 DOUBLE POLE (MadFKS)   -9.5851796162827631E-013
 SINGLE POLE (MadLoop)  -2.0734956477965261E-012
 DOUBLE POLE (MadLoop)  -9.5851796162828560E-013
 FINITE PART (MadLoop)   4.0703964562908460E-013
   325.00000000000000        0.0000000000000000        0.0000000000000000        325.00000000000000        0.0000000000000000     
   325.00000000000000        0.0000000000000000        0.0000000000000000       -325.00000000000000        0.0000000000000000     
   149.34852093413880       -66.190437065672000       -102.67875483033131       -85.912048356228439        0.0000000000000000     
   235.24182165103247        18.174597675861879        221.18552253817958        78.008738436981886        0.0000000000000000     
   179.92630609802015        131.95175010708803       -119.93619818676659        24.031638193428073        0.0000000000000000     
   85.483351316806903       -83.935910717277764        1.4294304789184413       -16.128328274181435        0.0000000000000000     

 PASSED   1.0000000000000001E-005
 MU_R    =    325.00000000000000     
 ALPHA_S =   0.11799999999999999     
 BORN                    5.9499214383419591E-011
 SINGLE POLE (MadFKS)   -6.8062989877664564E-012
 DOUBLE POLE (MadFKS)   -6.3320019076288279E-012
 SINGLE POLE (MadLoop)  -6.8062989816144064E-012
 DOUBLE POLE (MadLoop)  -6.3320019076279490E-012
 FINITE PART (MadLoop)   7.2775306892030465E-012
   325.00000000000000        0.0000000000000000        0.0000000000000000        325.00000000000000        0.0000000000000000     
   325.00000000000000        0.0000000000000000        0.0000000000000000       -325.00000000000000        0.0000000000000000     
   259.57209726543181       -249.87787358345042       -66.892656236713847        21.542852962984849        0.0000000000000000     
   101.53129717941627       -28.090484979465884        80.930114174905512        54.496289600211348        0.0000000000000000     
   44.536613068070118        43.827056657909701        1.2871553071070219       -7.8129533145126278        0.0000000000000000     
   244.35999248708177        234.14130190500669       -15.324613245298707       -68.226189248683582        0.0000000000000000     

 PASSED   1.0000000000000001E-005
 MU_R    =    325.00000000000000     
 ALPHA_S =   0.11799999999999999     
 BORN                    6.4390546235764015E-011
 SINGLE POLE (MadFKS)   -7.8511544967995638E-012
 DOUBLE POLE (MadFKS)   -6.8525452953163362E-012
 SINGLE POLE (MadLoop)  -7.8511544967996058E-012
 DOUBLE POLE (MadLoop)  -6.8525452953162869E-012
 FINITE PART (MadLoop)   1.1178366966285478E-011
   325.00000000000000        0.0000000000000000        0.0000000000000000        325.00000000000000        0.0000000000000000     
   325.00000000000000        0.0000000000000000        0.0000000000000000       -325.00000000000000        0.0000000000000000     
   68.961061590136097       -30.546070977027401       -58.111627726584793       -21.109341213590010        0.0000000000000000     
   78.567394659610173        36.302255526337454        57.532043251422756       -39.307069931703964        0.0000000000000000     
   267.08373428651299       -160.13827580550716        156.55771536736415        145.53053116586707        0.0000000000000000     
   235.38780946374052        154.38209125619710       -155.97813089220213       -85.114120020573083        0.0000000000000000     

 PASSED   1.0000000000000001E-005
 MU_R    =    325.00000000000000     
 ALPHA_S =   0.11799999999999999     
 BORN                    6.6204250115588874E-011
 SINGLE POLE (MadFKS)   -1.2161065474253310E-011
 DOUBLE POLE (MadFKS)   -7.0455625737112776E-012
 SINGLE POLE (MadLoop)  -1.2161065474252302E-011
 DOUBLE POLE (MadLoop)  -7.0455625737111557E-012
 FINITE PART (MadLoop)   7.8606617848419637E-012
   325.00000000000000        0.0000000000000000        0.0000000000000000        325.00000000000000        0.0000000000000000     
   325.00000000000000        0.0000000000000000        0.0000000000000000       -325.00000000000000        0.0000000000000000     
   289.55221742187484       -209.97061508277332       -160.32395763019505        118.52871392822274        0.0000000000000000     
   118.99766580822410        92.066161490862626        58.710113030262903        47.301046543580306        0.0000000000000000     
   73.086239553002187        47.797917878097451       -4.1144009889598054       -55.136459471202286        0.0000000000000000     
   168.36387721689795        70.106535713813145        105.72824558889154       -110.69330100060063        0.0000000000000000     

 PASSED   1.0000000000000001E-005
 MU_R    =    325.00000000000000     
 ALPHA_S =   0.11799999999999999     
 BORN                    9.5446122972147601E-010
 SINGLE POLE (MadFKS)   -1.0684905350515728E-010
 DOUBLE POLE (MadFKS)   -1.0157529624522745E-010
 SINGLE POLE (MadLoop)  -1.0684905349551115E-010
 DOUBLE POLE (MadLoop)  -1.0157529624522841E-010
 FINITE PART (MadLoop)   1.3960623907143346E-010
   325.00000000000000        0.0000000000000000        0.0000000000000000        325.00000000000000        0.0000000000000000     
   325.00000000000000        0.0000000000000000        0.0000000000000000       -325.00000000000000        0.0000000000000000     
   110.50131813858651       -64.417150852846277        59.821845088174896        66.950122005961589        0.0000000000000000     
   224.07471903957025       -94.796212603485671       -202.38496747826144        16.232151044151081        0.0000000000000000     
   46.521336237745899       -18.641315131363839       -18.271340158412627        38.508365640912011        0.0000000000000000     
   268.90262658409779        177.85467858769576        160.83446254849900       -121.69063869102490        0.0000000000000000     

 PASSED   1.0000000000000001E-005
 MU_R    =    325.00000000000000     
 ALPHA_S =   0.11799999999999999     
 BORN                    4.2387430218804259E-012
 SINGLE POLE (MadFKS)   -4.9692646539143281E-013
 DOUBLE POLE (MadFKS)   -4.5109383676122219E-013
 SINGLE POLE (MadLoop)  -4.9692646538655334E-013
 DOUBLE POLE (MadLoop)  -4.5109383676121068E-013
 FINITE PART (MadLoop)   3.3899236862084533E-013
   325.00000000000000        0.0000000000000000        0.0000000000000000        325.00000000000000        0.0000000000000000     
   325.00000000000000        0.0000000000000000        0.0000000000000000       -325.00000000000000        0.0000000000000000     
   239.72406198636267        41.324693324722304        174.76228501782424       -158.80188711790507        0.0000000000000000     
   118.40596884494687        30.784787366279158        2.1027259942290191        114.31469226795261        0.0000000000000000     
   63.070156169543189       -9.9237311605732685        43.321768255327292        44.750291108940864        0.0000000000000000     
   228.79981299914732       -62.185749530428197       -220.18677926738056      -0.26309625898840427        0.0000000000000000     

 PASSED   1.0000000000000001E-005
 MU_R    =    325.00000000000000     
 ALPHA_S =   0.11799999999999999     
 BORN                    1.2735095887333461E-009
 SINGLE POLE (MadFKS)   -4.5083567015163607E-010
 DOUBLE POLE (MadFKS)   -1.3552893477346949E-010
 SINGLE POLE (MadLoop)  -4.5083567015160423E-010
 DOUBLE POLE (MadLoop)  -1.3552893477346184E-010
 FINITE PART (MadLoop)  -4.7824835510975641E-010
   325.00000000000000        0.0000000000000000        0.0000000000000000        325.00000000000000        0.0000000000000000     
   325.00000000000000        0.0000000000000000        0.0000000000000000       -325.00000000000000        0.0000000000000000     
   260.95524076175070       -222.36142251336324       -133.03018663793461       -30.919328937302687        0.0000000000000000     
   242.43349084297009        206.82729195592981        70.703735514930599        104.86873017596709        0.0000000000000000     
   59.669385873541586       -12.084465387247747        57.830825885645559        8.3664140594499408        0.0000000000000000     
   86.941882521737526        27.618595944681189        4.4956252373584071       -82.315815298114330        0.0000000000000000     

 PASSED   1.0000000000000001E-005
 MU_R    =    325.00000000000000     
 ALPHA_S =   0.11799999999999999     
 BORN                    2.0148463827859447E-010
 SINGLE POLE (MadFKS)   -7.5480738090270175E-011
 DOUBLE POLE (MadFKS)   -2.1442318645025454E-011
 SINGLE POLE (MadLoop)  -7.5480738090239983E-011
 DOUBLE POLE (MadLoop)  -2.1442318645020949E-011
Thanks for using LHAPDF 6.2.1. Please make sure to cite the paper:
  Eur.Phys.J. C75 (2015) 3, 132  (http://arxiv.org/abs/1412.7420)
 FINITE PART (MadLoop)  -6.1973841292195988E-011
   325.00000000000000        0.0000000000000000        0.0000000000000000        325.00000000000000        0.0000000000000000     
   325.00000000000000        0.0000000000000000        0.0000000000000000       -325.00000000000000        0.0000000000000000     
   180.00353243102495        87.699604368102399        42.457268058840185       -151.35201178149279        0.0000000000000000     
   120.81058843785948        24.548979299696942       -115.16057743769876       -27.029378429048240        0.0000000000000000     
   133.80224192449160       -94.464061274176174        87.763273003354868       -35.737780895677730        0.0000000000000000     
   215.38363720662403       -17.784522393623188       -15.059963624496193        214.11917110621874        0.0000000000000000     

 PASSED   1.0000000000000001E-005
 MU_R    =    325.00000000000000     
 ALPHA_S =   0.11799999999999999     
 BORN                    1.5141207263463081E-010
 SINGLE POLE (MadFKS)   -4.2617049499779863E-011
 DOUBLE POLE (MadFKS)   -1.6113515828667573E-011
 SINGLE POLE (MadLoop)  -4.2617049499780083E-011
 DOUBLE POLE (MadLoop)  -1.6113515828667867E-011
 FINITE PART (MadLoop)  -1.4767660671042909E-011
   325.00000000000000        0.0000000000000000        0.0000000000000000        325.00000000000000        0.0000000000000000     
   325.00000000000000        0.0000000000000000        0.0000000000000000       -325.00000000000000        0.0000000000000000     
   93.880330785817208        8.7026246390091586       -79.454452503960880        49.241961883568294        0.0000000000000000     
   245.61006326840143       -235.94683727739621        68.185305825673893        2.0389278950958576        0.0000000000000000     
   216.68191354921811        174.39143554755901        4.6114011559433381       -128.52009121686532        0.0000000000000000     
   93.827692396563108        52.852777090828056        6.6577455223436610        77.239201438201192        0.0000000000000000     

 PASSED   1.0000000000000001E-005
 MU_R    =    325.00000000000000     
 ALPHA_S =   0.11799999999999999     
 BORN                    1.6686752692274864E-010
 SINGLE POLE (MadFKS)   -2.9257149324646728E-011
 DOUBLE POLE (MadFKS)   -1.7758310084352798E-011
 SINGLE POLE (MadLoop)  -2.9257149324607050E-011
 DOUBLE POLE (MadLoop)  -1.7758310084352886E-011
 FINITE PART (MadLoop)   2.0642519988870330E-011
   325.00000000000000        0.0000000000000000        0.0000000000000000        325.00000000000000        0.0000000000000000     
   325.00000000000000        0.0000000000000000        0.0000000000000000       -325.00000000000000        0.0000000000000000     
   97.692316268581123       -81.595831351475610        50.868424727812268       -17.271720519187777        0.0000000000000000     
   153.09524892058050       -147.03795209358705        34.725659958073564       -24.741148450602520        0.0000000000000000     
   179.29771777900339        92.058601204387543       -81.804998929805208       -130.31050493012930        0.0000000000000000     
   219.91471703183495        136.57518224067513       -3.7890857560805720        172.32337389991957        0.0000000000000000     

 PASSED   1.0000000000000001E-005
 MU_R    =    325.00000000000000     
 ALPHA_S =   0.11799999999999999     
 BORN                    2.6029012278344002E-010
 SINGLE POLE (MadFKS)   -7.2155974810424365E-011
 DOUBLE POLE (MadFKS)   -2.7700492705345191E-011
 SINGLE POLE (MadLoop)  -7.2155974810420048E-011
 DOUBLE POLE (MadLoop)  -2.7700492705345372E-011
 FINITE PART (MadLoop)   3.3455557211399157E-011
   325.00000000000000        0.0000000000000000        0.0000000000000000        325.00000000000000        0.0000000000000000     
   325.00000000000000        0.0000000000000000        0.0000000000000000       -325.00000000000000        0.0000000000000000     
   239.39569641790925       -140.65033861577186        40.207728087520820       -189.50229632572919        0.0000000000000000     
   125.75072239564413        124.20931829551385       -16.988229608542863       -9.8330812239861611        0.0000000000000000     
   226.05263817309788       -35.659060584760155       -41.812103224708878        219.27146336711527        0.0000000000000000     
   58.800943013349006        52.100080905017890        18.592604745730874       -19.936085817399888        0.0000000000000000     

 NUMBER OF POINTS PASSING THE CHECK          20
 NUMBER OF POINTS FAILING THE CHECK           0
 TOLERANCE    1.0000000000000001E-005
