==== LHAPDF6 USING DEFAULT-TYPE LHAGLUE INTERFACE ====
LHAPDF 6.2.1 loading /cvmfs/cms.cern.ch/slc6_amd64_gcc481/external/lhapdf/6.2.1/share/LHAPDF/NNPDF31_nnlo_as_0118_nf_4/NNPDF31_nnlo_as_0118_nf_4_0000.dat
NNPDF31_nnlo_as_0118_nf_4 PDF set, member #0, version 1; LHAPDF ID = 320900
 A PDF is used, so alpha_s(MZ) is going to be modified
 Old value of alpha_s from param_card:   0.11799999999999999     
 New value of alpha_s from PDF lhapdf :  0.11800240511781991     
 using LHAPDF
WARNING: the value of maxjetflavorspecified in the run_card (  4) is inconsistent with the number of light flavours inthe model. Hence it will be set to:  5
 *****************************************************
 *               MadGraph/MadEvent                   *
 *        --------------------------------           *
 *          http://madgraph.hep.uiuc.edu             *
 *          http://madgraph.phys.ucl.ac.be           *
 *          http://madgraph.roma2.infn.it            *
 *        --------------------------------           *
 *                                                   *
 *          PARAMETER AND COUPLING VALUES            *
 *                                                   *
 *****************************************************

  External Params
  ---------------------------------
  
 MU_R =    91.188000000000002     
 aEWM1 =    132.50700000000001     
 mdl_Gf =    1.1663900000000000E-005
 aS =   0.11799999999999999     
 mdl_ymt =    173.00000000000000     
 mdl_ymtau =    1.7769999999999999     
 mdl_MT =    173.00000000000000     
 mdl_MZ =    91.188000000000002     
 mdl_MH =    125.00000000000000     
 mdl_MTA =    1.7769999999999999     
 mdl_WT =    1.4915000000000000     
 mdl_WZ =    2.4414039999999999     
 mdl_WW =    2.0476000000000001     
 mdl_WH =    6.3823389999999999E-003
  Internal Params
  ---------------------------------
  
 mdl_conjg__CKM3x3 =    1.0000000000000000     
 mdl_CKM22 =    1.0000000000000000     
 mdl_I4x33 =    0.0000000000000000     
 mdl_I1x33 =    0.0000000000000000     
 mdl_lhv =    1.0000000000000000     
 mdl_CKM3x3 =    1.0000000000000000     
 mdl_conjg__CKM22 =    1.0000000000000000     
 mdl_conjg__CKM33 =    1.0000000000000000     
 mdl_Ncol =    3.0000000000000000     
 mdl_CA =    3.0000000000000000     
 mdl_TF =   0.50000000000000000     
 mdl_CF =    1.3333333333333333     
 mdl_complexi =  (  0.0000000000000000     ,  1.0000000000000000     )
 mdl_MZ__exp__2 =    8315.2513440000002     
 mdl_MZ__exp__4 =    69143404.913893804     
 mdl_sqrt__2 =    1.4142135623730951     
 mdl_MH__exp__2 =    15625.000000000000     
 mdl_Ncol__exp__2 =    9.0000000000000000     
 mdl_MT__exp__2 =    29929.000000000000     
 mdl_aEW =    7.5467711139788835E-003
 mdl_MW =    80.419002445756163     
 mdl_sqrt__aEW =    8.6872153846781555E-002
 mdl_ee =   0.30795376724436879     
 mdl_MW__exp__2 =    6467.2159543705357     
 mdl_sw2 =   0.22224648578577766     
 mdl_cw =   0.88190334743339216     
 mdl_sqrt__sw2 =   0.47143025548407230     
 mdl_sw =   0.47143025548407230     
 mdl_g1 =   0.34919219678733299     
 mdl_gw =   0.65323293034757990     
 mdl_v =    246.21845810181637     
 mdl_v__exp__2 =    60623.529110035903     
 mdl_lam =   0.12886910601690263     
 mdl_yt =   0.99366614581500623     
 mdl_ytau =    1.0206617000654717E-002
 mdl_muH =    88.388347648318430     
 mdl_AxialZUp =  -0.18517701861793787     
 mdl_AxialZDown =   0.18517701861793787     
 mdl_VectorZUp =    7.5430507588273299E-002
 mdl_VectorZDown =  -0.13030376310310560     
 mdl_VectorAUp =   0.20530251149624587     
 mdl_VectorADown =  -0.10265125574812294     
 mdl_VectorWmDxU =   0.23095271737156670     
 mdl_AxialWmDxU =  -0.23095271737156670     
 mdl_VectorWpUxD =   0.23095271737156670     
 mdl_AxialWpUxD =  -0.23095271737156670     
 mdl_I2x33 =  ( 0.99366614581500623     ,  0.0000000000000000     )
 mdl_I3x33 =  ( 0.99366614581500623     ,  0.0000000000000000     )
 mdl_Vector_tbGp =  (-0.99366614581500623     ,  0.0000000000000000     )
 mdl_Axial_tbGp =  (-0.99366614581500623     , -0.0000000000000000     )
 mdl_Vector_tbGm =  ( 0.99366614581500623     ,  0.0000000000000000     )
 mdl_Axial_tbGm =  (-0.99366614581500623     ,  0.0000000000000000     )
 mdl_gw__exp__2 =   0.42671326129048615     
 mdl_cw__exp__2 =   0.77775351421422245     
 mdl_ee__exp__2 =    9.4835522759998875E-002
 mdl_sw__exp__2 =   0.22224648578577769     
 mdl_yt__exp__2 =   0.98737240933884918     
  Internal Params evaluated point by point
  ----------------------------------------
  
 mdl_sqrt__aS =   0.34351128074635334     
 mdl_G__exp__4 =    2.1987899468922913     
 mdl_G__exp__2 =    1.4828317324943823     
 mdl_R2MixedFactor_FIN_ =   -2.5040377713124864E-002
 mdl_G_UVg_1EPS_ =   -5.1645779033320030E-002
 mdl_G_UVq_1EPS_ =    3.1300472141406080E-003
 mdl_GWcft_UV_t_1EPS_ =   -3.1300472141406080E-003
 mdl_tWcft_UV_1EPS_ =   -1.8780283284843650E-002
 mdl_G__exp__3 =    1.8056676068262196     
 mdl_MU_R__exp__2 =    8315.2513440000002     
 mdl_G_UVt_FIN_ =   -4.0087659331150384E-003
 mdl_GWcft_UV_t_FIN_ =    4.0087659331150384E-003
 mdl_tWcft_UV_FIN_ =   -9.8778211443463623E-004
  Couplings of loop_sm-no_b_mass
  ---------------------------------
  
      UV_GQQt =   0.00000E+00  -0.48815E-02
   UVWfct_G_2 =   0.40088E-02   0.00000E+00
       R2_DDA =   0.00000E+00   0.25704E-02
       R2_UUA =  -0.00000E+00  -0.51409E-02
    R2_DDZ_V2 =   0.00000E+00   0.72127E-02
    R2_UUZ_V2 =  -0.00000E+00  -0.72127E-02
    R2_UUZ_V5 =   0.00000E+00   0.68702E-03
      R2_GGHt =   0.00000E+00  -0.45657E+01
     R2_GGZup =  -0.46369E-02   0.00000E+00
   R2_GGZdown =   0.46369E-02   0.00000E+00
    R2_GGZAup =   0.00000E+00   0.19389E-03
  R2_GGZAdown =   0.00000E+00   0.16747E-03
  R2_GGAAdown =   0.00000E+00   0.13193E-03
    R2_GGAAup =   0.00000E+00   0.52771E-03
         GC_4 =  -0.12177E+01   0.00000E+00
         GC_5 =   0.00000E+00   0.12177E+01
       R2_GQQ =  -0.00000E+00  -0.30492E-01
       R2_QQq =   0.00000E+00   0.12520E-01
 UV_GQQg_1eps =   0.00000E+00  -0.62890E-01
 UV_GQQq_1eps =   0.00000E+00   0.38115E-02
 UVWfct_G_2_1eps -0.31300E-02   0.00000E+00
         GC_1 =  -0.00000E+00  -0.10265E+00
         GC_2 =   0.00000E+00   0.20530E+00
        GC_21 =  -0.00000E+00  -0.28804E+00
        GC_22 =   0.00000E+00   0.28804E+00
        GC_23 =  -0.00000E+00  -0.27437E-01
        GC_24 =   0.00000E+00   0.82310E-01
        GC_37 =  -0.00000E+00  -0.70263E+00
        GC_38 =  -0.00000E+00  -0.72172E-02
      GC_1003 =  -0.00000E+00  -0.30795E+00

 Collider parameters:
 --------------------

 Running at P P   machine @    13000.000000000000       GeV
 PDF set = lhapdf 
 alpha_s(Mz)= 0.1180 running at 3 loops.
 alpha_s(Mz)= 0.1180 running at 3 loops.
 Renormalization scale set on event-by-event basis
 Factorization   scale set on event-by-event basis


 ===============================================================
 INFO: MadFKS read these parameters from FKS_params.dat
 ===============================================================
  > IRPoleCheckThreshold      =    1.0000000000000001E-005
  > PrecisionVirtualAtRunTime =    1.0000000000000000E-003
  > NHelForMCoverHels         =            4
  > VirtualFraction           =    1.0000000000000000     
  > MinVirtualFraction        =    5.0000000000000001E-003
 ===============================================================
  Insert the number of points to test
 Insert the relative tolerance
  A negative number will mean use the default one:    1.0000000000000001E-005
Using random seed offsets:     1 ,      1 ,      0
  with seed                   32
 Ranmar initialization seeds       10730        9407
  ========================================================================================== 
 {                                                                                          }
 {       [32m                                                                            [0m       }
 {       [32m                               ,,                                           [0m       }
 {       [32m`7MMM.     ,MMF'             `7MM  `7MMF'                                   [0m       }
 {       [32m  MMMb    dPMM                 MM    MM                                     [0m       }
 {       [32m  M YM   ,M MM   ,6"Yb.   ,M""bMM    MM         ,pW"Wq.   ,pW"Wq.`7MMpdMAo. [0m       }
 {       [32m  M  Mb  M' MM  8)   MM ,AP    MM    MM        6W'   `Wb 6W'   `Wb MM   `Wb [0m       }
 {       [32m  M  YM.P'  MM   ,pm9MM 8MI    MM    MM      , 8M     M8 8M     M8 MM    M8 [0m       }
 {       [32m  M  `YM'   MM  8M   MM `Mb    MM    MM     ,M YA.   ,A9 YA.   ,A9 MM   ,AP [0m       }
 {       [32m.JML. `'  .JMML.`Moo9^Yo.`Wbmd"MML..JMMmmmmMMM  `Ybmd9'   `Ybmd9'  MMbmmd'  [0m       }
 {       [32m                                                                   MM       [0m       }
 {       [32m                                                                 .JMML.     [0m       }
 {       [32m[0mv2.6.1 (2017-12-12), Ref: arXiv:1103.0621v2, arXiv:1405.0301[32m                [0m       }
 {       [32m                                                                            [0m       }
 {                                                                                          }
  ========================================================================================== 
 ===============================================================
 INFO: MadLoop read these parameters from ./MadLoop5_resources/MadLoopParams.dat                                                                                                                                                                                                                                                                                                                                                                                                                                                                                          
 ===============================================================
  > MLReductionLib            = 6|7|1
  > CTModeRun                 =           -1
  > MLStabThres               =    1.0000000000000000E-003
  > NRotations_DP             =            0
  > NRotations_QP             =            0
  > CTStabThres               =    1.0000000000000000E-002
  > CTLoopLibrary             =            2
  > CTModeInit                =            1
  > CheckCycle                =            3
  > MaxAttempts               =           10
  > UseLoopFilter             =  F
  > HelicityFilterLevel       =            2
  > ImprovePSPoint            =            2
  > DoubleCheckHelicityFilter =  T
  > LoopInitStartOver         =  F
  > HelInitStartOver          =  F
  > ZeroThres                 =    1.0000000000000001E-009
  > OSThres                   =    1.0000000000000000E-008
  > WriteOutFilters           =  T
  > UseQPIntegrandForNinja    =  T
  > UseQPIntegrandForCutTools =  T
  > IREGIMODE                 =            2
  > IREGIRECY                 =  T
  > COLLIERMode               =            1
  > COLLIERRequiredAccuracy   =    1.0000000000000000E-008
  > COLLIERCanOutput          =  F
  > COLLIERComputeUVpoles     =  T
  > COLLIERComputeIRpoles     =  T
  > COLLIERGlobalCache        =           -1
  > COLLIERUseCacheForPoles   =  F
  > COLLIERUseInternalStabilityTest =  T
 ===============================================================
  
------------------------------------------------------------------------
|              You are using CutTools - Version 1.9.3                  |
|              Authors: G. Ossola, C. Papadopoulos, R. Pittau          |
|              Published in JHEP 0803:042,2008                         |
|              http://www.ugr.es/~pittau/CutTools                      |
|                                                                      |
|              Compiler with  34  significant digits detetected        |
 ---------------------------------------------------------------------- 
   
########################################################################
#                                                                      #
#                      You are using OneLOop-3.6                       #
#                                                                      #
# for the evaluation of 1-loop scalar 1-, 2-, 3- and 4-point functions #
#                                                                      #
# author: Andreas van Hameren <hamerenREMOVETHIS@ifj.edu.pl>           #
#   date: 18-02-2015                                                   #
#                                                                      #
# Please cite                                                          #
#    A. van Hameren,                                                   #
#      Comput.Phys.Commun. 182 (2011) 2427-2438, arXiv:1007.4716       #
#    A. van Hameren, C.G. Papadopoulos and R. Pittau,                  #
#      JHEP 0909:106,2009, arXiv:0903.4665                             #
# in publications with results obtained with the help of this program. #
#                                                                      #
########################################################################
 PASSED   1.0000000000000001E-005
 MU_R    =    325.00000000000000     
 ALPHA_S =   0.11799999999999999     
 BORN                    2.1338129612374924E-008
 SINGLE POLE (MadFKS)   -1.2150921712165840E-010
 DOUBLE POLE (MadFKS)   -1.0686296503709656E-009
 SINGLE POLE (MadLoop)  -1.2150921712164643E-010
 DOUBLE POLE (MadLoop)  -1.0686296503709723E-009
 FINITE PART (MadLoop)   1.9495382286606991E-009
   325.00000000000000        0.0000000000000000        0.0000000000000000        325.00000000000000        0.0000000000000000     
   325.00000000000000        0.0000000000000000        0.0000000000000000       -325.00000000000000        0.0000000000000000     
   178.30780030452624       -170.01690703263313       -52.920156276560142       -9.3477287166577003        0.0000000000000000     
   234.80494340723970        24.079733192787351        224.89150888872831       -63.066132968433145        0.0000000000000000     
   236.88725628823406        145.93717383984577       -171.97135261216815        72.413861685090751        0.0000000000000000     

 PASSED   1.0000000000000001E-005
 MU_R    =    325.00000000000000     
 ALPHA_S =   0.11799999999999999     
 BORN                    5.5020207222995885E-009
 SINGLE POLE (MadFKS)   -3.1331060533349187E-011
 DOUBLE POLE (MadFKS)   -2.7554535414364362E-010
 SINGLE POLE (MadLoop)  -3.1331060533434568E-011
 DOUBLE POLE (MadLoop)  -2.7554535414363618E-010
 FINITE PART (MadLoop)   1.0760701679960525E-009
   325.00000000000000        0.0000000000000000        0.0000000000000000        325.00000000000000        0.0000000000000000     
   325.00000000000000        0.0000000000000000        0.0000000000000000       -325.00000000000000        0.0000000000000000     
   235.89682136696004        170.16302303683651       -79.235810394260383       -142.87596814428034        0.0000000000000000     
   105.65413514362569        66.367776184514440       -78.755085207160590        23.574374037980011        0.0000000000000000     
   308.44904348941418       -236.53079922135095        157.99089560142090        119.30159410630030        0.0000000000000000     

 PASSED   1.0000000000000001E-005
 MU_R    =    325.00000000000000     
 ALPHA_S =   0.11799999999999999     
 BORN                    4.7420590834582714E-008
 SINGLE POLE (MadFKS)   -2.7003486118178760E-010
 DOUBLE POLE (MadFKS)   -2.3748590117549962E-009
 SINGLE POLE (MadLoop)  -2.7003486118180234E-010
 DOUBLE POLE (MadLoop)  -2.3748590117549937E-009
 FINITE PART (MadLoop)   4.8673733292995013E-009
   325.00000000000000        0.0000000000000000        0.0000000000000000        325.00000000000000        0.0000000000000000     
   325.00000000000000        0.0000000000000000        0.0000000000000000       -325.00000000000000        0.0000000000000000     
   301.37312168081269        139.76532768664180       -170.92746115646466       -205.12243824333038        0.0000000000000000     
   300.25172970057508       -172.02625455759687        134.88726833914163        205.82393877067966        0.0000000000000000     
   48.375148618612030        32.260926870955025        36.040192817323025      -0.70150052734931345        0.0000000000000000     

 PASSED   1.0000000000000001E-005
 MU_R    =    325.00000000000000     
 ALPHA_S =   0.11799999999999999     
 BORN                    2.3403673081663615E-009
 SINGLE POLE (MadFKS)   -1.3327138064973392E-011
 DOUBLE POLE (MadFKS)   -1.1720736276787000E-010
 SINGLE POLE (MadLoop)  -1.3327138064980927E-011
 DOUBLE POLE (MadLoop)  -1.1720736276786901E-010
 FINITE PART (MadLoop)   4.3044265958608955E-010
   325.00000000000000        0.0000000000000000        0.0000000000000000        325.00000000000000        0.0000000000000000     
   325.00000000000000        0.0000000000000000        0.0000000000000000       -325.00000000000000        0.0000000000000000     
   166.52861124916470        58.135085385927560        99.715970057136872       -120.03672574387606        0.0000000000000000     
   185.19153329499451        46.687273565273429        171.29300754545318        52.677396074841262        0.0000000000000000     
   298.27985545584090       -104.82235895120097       -271.00897760259005        67.359329669034793        0.0000000000000000     

 PASSED   1.0000000000000001E-005
 MU_R    =    325.00000000000000     
 ALPHA_S =   0.11799999999999999     
 BORN                    2.5477500062025411E-008
 SINGLE POLE (MadFKS)   -1.4508071433582229E-010
 DOUBLE POLE (MadFKS)   -1.2759324494785568E-009
 SINGLE POLE (MadLoop)  -1.4508071433598917E-010
 DOUBLE POLE (MadLoop)  -1.2759324494786007E-009
 FINITE PART (MadLoop)   6.3321915753377208E-009
   325.00000000000000        0.0000000000000000        0.0000000000000000        325.00000000000000        0.0000000000000000     
   325.00000000000000        0.0000000000000000        0.0000000000000000       -325.00000000000000        0.0000000000000000     
   293.41119820045327        91.841593798549567       -140.55381325644561       -240.62393575253495        0.0000000000000000     
   245.75612994623469       -118.30815279279231        166.83422475016357        136.25563416211389        0.0000000000000000     
   110.83267185331208        26.466558994242703       -26.280411493717995        104.36830159042104        0.0000000000000000     

 PASSED   1.0000000000000001E-005
 MU_R    =    325.00000000000000     
 ALPHA_S =   0.11799999999999999     
 BORN                    4.2473394183481192E-008
 SINGLE POLE (MadFKS)   -2.4186322650985213E-010
 DOUBLE POLE (MadFKS)   -2.1270996662256193E-009
 SINGLE POLE (MadLoop)  -2.4186322650976331E-010
 DOUBLE POLE (MadLoop)  -2.1270996662255937E-009
 FINITE PART (MadLoop)   4.7481125049051471E-009
   325.00000000000000        0.0000000000000000        0.0000000000000000        325.00000000000000        0.0000000000000000     
   325.00000000000000        0.0000000000000000        0.0000000000000000       -325.00000000000000        0.0000000000000000     
   239.46309243141820        204.17084523353100       -125.07202787732139        3.7183916009525673        0.0000000000000000     
   201.94281994774170       -165.13475030867465       -54.303631506555838       -102.77418145691016        0.0000000000000000     
   208.59408762084030       -39.036094924856357        179.37565938387732        99.055789855957613        0.0000000000000000     

 PASSED   1.0000000000000001E-005
 MU_R    =    325.00000000000000     
 ALPHA_S =   0.11799999999999999     
 BORN                    1.0640755736442803E-007
 SINGLE POLE (MadFKS)   -6.0593403574047097E-010
 DOUBLE POLE (MadFKS)   -5.3289708558725579E-009
 SINGLE POLE (MadLoop)  -6.0593403574025539E-010
 DOUBLE POLE (MadLoop)  -5.3289708558725414E-009
 FINITE PART (MadLoop)   1.3875602640315488E-008
   325.00000000000000        0.0000000000000000        0.0000000000000000        325.00000000000000        0.0000000000000000     
   325.00000000000000        0.0000000000000000        0.0000000000000000       -325.00000000000000        0.0000000000000000     
   264.17817457008988        257.67667199601550       -57.493525582698517        9.3453274054110018        0.0000000000000000     
   220.54232915161120       -148.48434073311523        106.86062926407442       -123.17518182635573        0.0000000000000000     
   165.27949627829872       -109.19233126290024       -49.367103681375987        113.82985442094481        0.0000000000000000     

 PASSED   1.0000000000000001E-005
 MU_R    =    325.00000000000000     
 ALPHA_S =   0.11799999999999999     
 BORN                    3.1631307326780835E-007
 SINGLE POLE (MadFKS)   -1.8012335006076226E-009
 DOUBLE POLE (MadFKS)   -1.5841197660450524E-008
 SINGLE POLE (MadLoop)  -1.8012335006079830E-009
 DOUBLE POLE (MadLoop)  -1.5841197660450478E-008
 FINITE PART (MadLoop)   3.7730183578769893E-008
   325.00000000000000        0.0000000000000000        0.0000000000000000        325.00000000000000        0.0000000000000000     
   325.00000000000000        0.0000000000000000        0.0000000000000000       -325.00000000000000        0.0000000000000000     
   233.60423531614620       -57.532671520027804       -149.88433487741048        169.69271234724920        0.0000000000000000     
   286.42365247027965        138.39200394390613        75.504402035939790       -239.13437062037028        0.0000000000000000     
   129.97211221357395       -80.859332423878300        74.379932841470662        69.441658273121050        0.0000000000000000     

 PASSED   1.0000000000000001E-005
 MU_R    =    325.00000000000000     
 ALPHA_S =   0.11799999999999999     
 BORN                    6.5700684162342671E-008
 SINGLE POLE (MadFKS)   -3.7413019987908438E-010
 DOUBLE POLE (MadFKS)   -3.2903398948715625E-009
 SINGLE POLE (MadLoop)  -3.7413019987903858E-010
 DOUBLE POLE (MadLoop)  -3.2903398948715633E-009
 FINITE PART (MadLoop)   1.1890008899800855E-008
   325.00000000000000        0.0000000000000000        0.0000000000000000        325.00000000000000        0.0000000000000000     
   325.00000000000000        0.0000000000000000        0.0000000000000000       -325.00000000000000        0.0000000000000000     
   143.67148445777843       -62.801563699058121       -103.57253579686321        77.266997300673637        0.0000000000000000     
   266.84474887303980        156.24054240339569        170.81167363003379        132.73426483886996        0.0000000000000000     
   239.48376666918179       -93.438978704337643       -67.239137833170716       -210.00126213954360        0.0000000000000000     

 PASSED   1.0000000000000001E-005
 MU_R    =    325.00000000000000     
 ALPHA_S =   0.11799999999999999     
 BORN                    5.3533836870802275E-008
 SINGLE POLE (MadFKS)   -3.0484652243921660E-010
 DOUBLE POLE (MadFKS)   -2.6810149913553993E-009
 SINGLE POLE (MadLoop)  -3.0484652243921226E-010
 DOUBLE POLE (MadLoop)  -2.6810149913553926E-009
 FINITE PART (MadLoop)   9.1271514730817908E-009
   325.00000000000000        0.0000000000000000        0.0000000000000000        325.00000000000000        0.0000000000000000     
   325.00000000000000        0.0000000000000000        0.0000000000000000       -325.00000000000000        0.0000000000000000     
   187.73718916113683        46.613913228555688       -148.42130472737458       -105.08811346041466        0.0000000000000000     
   196.51063266935813       -146.41897455125931        50.542438152744971       -120.92714579053388        0.0000000000000000     
   265.75217816950482        99.805061322703622        97.878866574629598        226.01525925094853        0.0000000000000000     

 PASSED   1.0000000000000001E-005
 MU_R    =    325.00000000000000     
 ALPHA_S =   0.11799999999999999     
 BORN                    6.2003350158952630E-008
 SINGLE POLE (MadFKS)   -3.5307586342362027E-010
 DOUBLE POLE (MadFKS)   -3.1051746149186293E-009
 SINGLE POLE (MadLoop)  -3.5307586342364001E-010
 DOUBLE POLE (MadLoop)  -3.1051746149186376E-009
 FINITE PART (MadLoop)   7.1747789970794134E-009
   325.00000000000000        0.0000000000000000        0.0000000000000000        325.00000000000000        0.0000000000000000     
   325.00000000000000        0.0000000000000000        0.0000000000000000       -325.00000000000000        0.0000000000000000     
   148.55319311793971       -43.507372020854312        53.111777550535784        131.73571592699253        0.0000000000000000     
   263.37464585430871        122.34674068211700       -233.21907867044393        2.5180284856680153        0.0000000000000000     
   238.07216102775172       -78.839368661262668        180.10730111990819       -134.25374441266052        0.0000000000000000     

 PASSED   1.0000000000000001E-005
 MU_R    =    325.00000000000000     
 ALPHA_S =   0.11799999999999999     
 BORN                    9.0165564890502223E-008
 SINGLE POLE (MadFKS)   -5.1344458957748588E-010
 DOUBLE POLE (MadFKS)   -4.5155596031508914E-009
 SINGLE POLE (MadLoop)  -5.1344458957743686E-010
 DOUBLE POLE (MadLoop)  -4.5155596031508905E-009
 FINITE PART (MadLoop)   9.2424669247189022E-009
   325.00000000000000        0.0000000000000000        0.0000000000000000        325.00000000000000        0.0000000000000000     
   325.00000000000000        0.0000000000000000        0.0000000000000000       -325.00000000000000        0.0000000000000000     
   108.25133115281953       -80.377500964170295        18.506941208867705        70.109208825971763        0.0000000000000000     
   278.26618363401764       -81.719013091028003       -192.50800270497959       -183.56127246292664        0.0000000000000000     
   263.48248521316265        162.09651405519830        174.00106149611193        113.45206363695489        0.0000000000000000     

 PASSED   1.0000000000000001E-005
 MU_R    =    325.00000000000000     
 ALPHA_S =   0.11799999999999999     
 BORN                    5.3252532201903746E-008
 SINGLE POLE (MadFKS)   -3.0324464304718652E-010
 DOUBLE POLE (MadFKS)   -2.6669270410320299E-009
 SINGLE POLE (MadLoop)  -3.0324464304716625E-010
 DOUBLE POLE (MadLoop)  -2.6669270410320059E-009
 FINITE PART (MadLoop)   1.2076718128949067E-008
   325.00000000000000        0.0000000000000000        0.0000000000000000        325.00000000000000        0.0000000000000000     
   325.00000000000000        0.0000000000000000        0.0000000000000000       -325.00000000000000        0.0000000000000000     
   144.20063257124127       -81.847374891877507        98.477860595632023        66.309430926240537        0.0000000000000000     
   209.10330488823320        30.823048463305536        5.7815963010572871        206.73825224863873        0.0000000000000000     
   296.69606254052519        51.024326428571911       -104.25945689668939       -273.04768317487913        0.0000000000000000     

 PASSED   1.0000000000000001E-005
 MU_R    =    325.00000000000000     
 ALPHA_S =   0.11799999999999999     
 BORN                    1.0573244701451922E-008
 SINGLE POLE (MadFKS)   -6.0208964396020267E-011
 DOUBLE POLE (MadFKS)   -5.2951608195530459E-010
 SINGLE POLE (MadLoop)  -6.0208964396017152E-011
 DOUBLE POLE (MadLoop)  -5.2951608195530438E-010
 FINITE PART (MadLoop)   9.6764357758514960E-010
   325.00000000000000        0.0000000000000000        0.0000000000000000        325.00000000000000        0.0000000000000000     
   325.00000000000000        0.0000000000000000        0.0000000000000000       -325.00000000000000        0.0000000000000000     
   270.28453835444338        150.48866515625983       -214.43143652723944       -66.528583043878413        0.0000000000000000     
   192.54790380753531        33.372643168551626        180.23330575635507        58.965391924048312        0.0000000000000000     
   187.16755783802094       -183.86130832481132        34.198130770884454        7.5631911198300692        0.0000000000000000     

 PASSED   1.0000000000000001E-005
 MU_R    =    325.00000000000000     
 ALPHA_S =   0.11799999999999999     
 BORN                    1.1285222500266191E-008
 SINGLE POLE (MadFKS)   -6.4263296547595255E-011
 DOUBLE POLE (MadFKS)   -5.6517246796664154E-010
 SINGLE POLE (MadLoop)  -6.4263296547599080E-011
 DOUBLE POLE (MadLoop)  -5.6517246796664474E-010
 FINITE PART (MadLoop)   1.4413366204197730E-009
   325.00000000000000        0.0000000000000000        0.0000000000000000        325.00000000000000        0.0000000000000000     
   325.00000000000000        0.0000000000000000        0.0000000000000000       -325.00000000000000        0.0000000000000000     
   129.72779741826784        112.78574946650905       -35.650133560655838       -53.270480731642991        0.0000000000000000     
   302.69725107511437       -131.46863777263746        235.23364719625098        137.86498582811953        0.0000000000000000     
   217.57495150661748        18.682888306128476       -199.58351363559515       -84.594505096476539        0.0000000000000000     

 PASSED   1.0000000000000001E-005
 MU_R    =    325.00000000000000     
 ALPHA_S =   0.11799999999999999     
 BORN                    1.6898369799788345E-009
 SINGLE POLE (MadFKS)   -9.6227163406756671E-012
 DOUBLE POLE (MadFKS)   -8.4628312504552467E-011
 SINGLE POLE (MadLoop)  -9.6227163407106881E-012
 DOUBLE POLE (MadLoop)  -8.4628312504551537E-011
 FINITE PART (MadLoop)   3.1451418380176003E-010
   325.00000000000000        0.0000000000000000        0.0000000000000000        325.00000000000000        0.0000000000000000     
   325.00000000000000        0.0000000000000000        0.0000000000000000       -325.00000000000000        0.0000000000000000     
   116.39611627350261        6.9341526748210232        99.613190782711158       -59.809578098530025        0.0000000000000000     
   249.92393972325061       -153.78158354399469        124.69343793590244        152.52785563698788        0.0000000000000000     
   283.67994400324682        146.84743086917368       -224.30662871861358       -92.718277538457897        0.0000000000000000     

 PASSED   1.0000000000000001E-005
 MU_R    =    325.00000000000000     
 ALPHA_S =   0.11799999999999999     
 BORN                    2.3691294519665726E-007
 SINGLE POLE (MadFKS)   -1.3490923065786090E-009
 DOUBLE POLE (MadFKS)   -1.1864779265706299E-008
 SINGLE POLE (MadLoop)  -1.3490923065786190E-009
 DOUBLE POLE (MadLoop)  -1.1864779265706195E-008
 FINITE PART (MadLoop)   3.8497766503651564E-008
   325.00000000000000        0.0000000000000000        0.0000000000000000        325.00000000000000        0.0000000000000000     
   325.00000000000000        0.0000000000000000        0.0000000000000000       -325.00000000000000        0.0000000000000000     
   41.901784302066410        27.095947066839589       -2.5635252736921292       -31.859025697893948        0.0000000000000000     
   299.17705895734576       -192.83308646345841       -14.194962790838277       -228.29983881446410        0.0000000000000000     
   308.92115674058766        165.73713939661886        16.758488064530408        260.15886451235804        0.0000000000000000     

 PASSED   1.0000000000000001E-005
 MU_R    =    325.00000000000000     
 ALPHA_S =   0.11799999999999999     
 BORN                    4.4482018529115859E-007
 SINGLE POLE (MadFKS)   -2.5330126612078475E-009
 DOUBLE POLE (MadFKS)   -2.2276930908225601E-008
 SINGLE POLE (MadLoop)  -2.5330126612069020E-009
 DOUBLE POLE (MadLoop)  -2.2276930908225647E-008
 FINITE PART (MadLoop)   6.1293062171313715E-008
   325.00000000000000        0.0000000000000000        0.0000000000000000        325.00000000000000        0.0000000000000000     
   325.00000000000000        0.0000000000000000        0.0000000000000000       -325.00000000000000        0.0000000000000000     
   150.59813226527800       -116.11756014937508        12.444330471761711       -95.087582290517830        0.0000000000000000     
   179.26894503252649       -81.993658975101866        74.913259786897356       -140.72099363297053        0.0000000000000000     
   320.13292270219557        198.11121912447689       -87.357590258659087        235.80857592348821        0.0000000000000000     

 PASSED   1.0000000000000001E-005
 MU_R    =    325.00000000000000     
 ALPHA_S =   0.11799999999999999     
 BORN                    6.9641188510376083E-007
 SINGLE POLE (MadFKS)   -3.9656926117883066E-009
 DOUBLE POLE (MadFKS)   -3.4876833293814975E-008
 SINGLE POLE (MadLoop)  -3.9656926117879360E-009
 DOUBLE POLE (MadLoop)  -3.4876833293814717E-008
 FINITE PART (MadLoop)   1.1121543923891761E-007
Thanks for using LHAPDF 6.2.1. Please make sure to cite the paper:
  Eur.Phys.J. C75 (2015) 3, 132  (http://arxiv.org/abs/1412.7420)
   325.00000000000000        0.0000000000000000        0.0000000000000000        325.00000000000000        0.0000000000000000     
   325.00000000000000        0.0000000000000000        0.0000000000000000       -325.00000000000000        0.0000000000000000     
   50.080415761189592       -36.558617968138840        32.800413105602757       -9.7799997533274947        0.0000000000000000     
   292.26782921331829       -95.940578432023230       -82.987721898751715       -263.30386897508680        0.0000000000000000     
   307.65175502549221        132.49919640016205        50.187308793149043        273.08386872841436        0.0000000000000000     

 PASSED   1.0000000000000001E-005
 MU_R    =    325.00000000000000     
 ALPHA_S =   0.11799999999999999     
 BORN                    6.1357902703900540E-008
 SINGLE POLE (MadFKS)   -3.4940038593889002E-010
 DOUBLE POLE (MadFKS)   -3.0728501187816704E-009
 SINGLE POLE (MadLoop)  -3.4940038593888821E-010
 DOUBLE POLE (MadLoop)  -3.0728501187816712E-009
 FINITE PART (MadLoop)   9.1973872577040606E-009
   325.00000000000000        0.0000000000000000        0.0000000000000000        325.00000000000000        0.0000000000000000     
   325.00000000000000        0.0000000000000000        0.0000000000000000       -325.00000000000000        0.0000000000000000     
   147.87455896099559       -26.931580509537344       -145.35766242875985       -3.5672303561683272        0.0000000000000000     
   274.86973488976702        175.36252701435910        129.08264840544251       -167.74690804347472        0.0000000000000000     
   227.25570614923731       -148.43094650482178        16.275014023317308        171.31413839964310        0.0000000000000000     

 NUMBER OF POINTS PASSING THE CHECK          20
 NUMBER OF POINTS FAILING THE CHECK           0
 TOLERANCE    1.0000000000000001E-005
