==== LHAPDF6 USING DEFAULT-TYPE LHAGLUE INTERFACE ====
LHAPDF 6.2.1 loading /cvmfs/cms.cern.ch/slc6_amd64_gcc481/external/lhapdf/6.2.1/share/LHAPDF/NNPDF31_nnlo_as_0118_nf_4/NNPDF31_nnlo_as_0118_nf_4_0000.dat
NNPDF31_nnlo_as_0118_nf_4 PDF set, member #0, version 1; LHAPDF ID = 320900
 A PDF is used, so alpha_s(MZ) is going to be modified
 Old value of alpha_s from param_card:   0.11799999999999999     
 New value of alpha_s from PDF lhapdf :  0.11800240511781991     
 using LHAPDF
WARNING: the value of maxjetflavorspecified in the run_card (  4) is inconsistent with the number of light flavours inthe model. Hence it will be set to:  5
 *****************************************************
 *               MadGraph/MadEvent                   *
 *        --------------------------------           *
 *          http://madgraph.hep.uiuc.edu             *
 *          http://madgraph.phys.ucl.ac.be           *
 *          http://madgraph.roma2.infn.it            *
 *        --------------------------------           *
 *                                                   *
 *          PARAMETER AND COUPLING VALUES            *
 *                                                   *
 *****************************************************

  External Params
  ---------------------------------
  
 MU_R =    91.188000000000002     
 aEWM1 =    132.50700000000001     
 mdl_Gf =    1.1663900000000000E-005
 aS =   0.11799999999999999     
 mdl_ymt =    173.00000000000000     
 mdl_ymtau =    1.7769999999999999     
 mdl_MT =    173.00000000000000     
 mdl_MZ =    91.188000000000002     
 mdl_MH =    125.00000000000000     
 mdl_MTA =    1.7769999999999999     
 mdl_WT =    1.4915000000000000     
 mdl_WZ =    2.4414039999999999     
 mdl_WW =    2.0476000000000001     
 mdl_WH =    6.3823389999999999E-003
  Internal Params
  ---------------------------------
  
 mdl_conjg__CKM3x3 =    1.0000000000000000     
 mdl_CKM22 =    1.0000000000000000     
 mdl_I4x33 =    0.0000000000000000     
 mdl_I1x33 =    0.0000000000000000     
 mdl_lhv =    1.0000000000000000     
 mdl_CKM3x3 =    1.0000000000000000     
 mdl_conjg__CKM22 =    1.0000000000000000     
 mdl_conjg__CKM33 =    1.0000000000000000     
 mdl_Ncol =    3.0000000000000000     
 mdl_CA =    3.0000000000000000     
 mdl_TF =   0.50000000000000000     
 mdl_CF =    1.3333333333333333     
 mdl_complexi =  (  0.0000000000000000     ,  1.0000000000000000     )
 mdl_MZ__exp__2 =    8315.2513440000002     
 mdl_MZ__exp__4 =    69143404.913893804     
 mdl_sqrt__2 =    1.4142135623730951     
 mdl_MH__exp__2 =    15625.000000000000     
 mdl_Ncol__exp__2 =    9.0000000000000000     
 mdl_MT__exp__2 =    29929.000000000000     
 mdl_aEW =    7.5467711139788835E-003
 mdl_MW =    80.419002445756163     
 mdl_sqrt__aEW =    8.6872153846781555E-002
 mdl_ee =   0.30795376724436879     
 mdl_MW__exp__2 =    6467.2159543705357     
 mdl_sw2 =   0.22224648578577766     
 mdl_cw =   0.88190334743339216     
 mdl_sqrt__sw2 =   0.47143025548407230     
 mdl_sw =   0.47143025548407230     
 mdl_g1 =   0.34919219678733299     
 mdl_gw =   0.65323293034757990     
 mdl_v =    246.21845810181637     
 mdl_v__exp__2 =    60623.529110035903     
 mdl_lam =   0.12886910601690263     
 mdl_yt =   0.99366614581500623     
 mdl_ytau =    1.0206617000654717E-002
 mdl_muH =    88.388347648318430     
 mdl_AxialZUp =  -0.18517701861793787     
 mdl_AxialZDown =   0.18517701861793787     
 mdl_VectorZUp =    7.5430507588273299E-002
 mdl_VectorZDown =  -0.13030376310310560     
 mdl_VectorAUp =   0.20530251149624587     
 mdl_VectorADown =  -0.10265125574812294     
 mdl_VectorWmDxU =   0.23095271737156670     
 mdl_AxialWmDxU =  -0.23095271737156670     
 mdl_VectorWpUxD =   0.23095271737156670     
 mdl_AxialWpUxD =  -0.23095271737156670     
 mdl_I2x33 =  ( 0.99366614581500623     ,  0.0000000000000000     )
 mdl_I3x33 =  ( 0.99366614581500623     ,  0.0000000000000000     )
 mdl_Vector_tbGp =  (-0.99366614581500623     ,  0.0000000000000000     )
 mdl_Axial_tbGp =  (-0.99366614581500623     , -0.0000000000000000     )
 mdl_Vector_tbGm =  ( 0.99366614581500623     ,  0.0000000000000000     )
 mdl_Axial_tbGm =  (-0.99366614581500623     ,  0.0000000000000000     )
 mdl_gw__exp__2 =   0.42671326129048615     
 mdl_cw__exp__2 =   0.77775351421422245     
 mdl_ee__exp__2 =    9.4835522759998875E-002
 mdl_sw__exp__2 =   0.22224648578577769     
 mdl_yt__exp__2 =   0.98737240933884918     
  Internal Params evaluated point by point
  ----------------------------------------
  
 mdl_sqrt__aS =   0.34351128074635334     
 mdl_G__exp__4 =    2.1987899468922913     
 mdl_G__exp__2 =    1.4828317324943823     
 mdl_R2MixedFactor_FIN_ =   -2.5040377713124864E-002
 mdl_G_UVg_1EPS_ =   -5.1645779033320030E-002
 mdl_G_UVq_1EPS_ =    3.1300472141406080E-003
 mdl_GWcft_UV_t_1EPS_ =   -3.1300472141406080E-003
 mdl_tWcft_UV_1EPS_ =   -1.8780283284843650E-002
 mdl_G__exp__3 =    1.8056676068262196     
 mdl_MU_R__exp__2 =    8315.2513440000002     
 mdl_G_UVt_FIN_ =   -4.0087659331150384E-003
 mdl_GWcft_UV_t_FIN_ =    4.0087659331150384E-003
 mdl_tWcft_UV_FIN_ =   -9.8778211443463623E-004
  Couplings of loop_sm-no_b_mass
  ---------------------------------
  
      UV_GQQt =   0.00000E+00  -0.48815E-02
   UVWfct_G_2 =   0.40088E-02   0.00000E+00
       R2_DDA =   0.00000E+00   0.25704E-02
       R2_UUA =  -0.00000E+00  -0.51409E-02
    R2_DDZ_V2 =   0.00000E+00   0.72127E-02
    R2_UUZ_V2 =  -0.00000E+00  -0.72127E-02
    R2_UUZ_V5 =   0.00000E+00   0.68702E-03
      R2_GGHt =   0.00000E+00  -0.45657E+01
     R2_GGZup =  -0.46369E-02   0.00000E+00
   R2_GGZdown =   0.46369E-02   0.00000E+00
    R2_GGZAup =   0.00000E+00   0.19389E-03
  R2_GGZAdown =   0.00000E+00   0.16747E-03
  R2_GGAAdown =   0.00000E+00   0.13193E-03
    R2_GGAAup =   0.00000E+00   0.52771E-03
         GC_4 =  -0.12177E+01   0.00000E+00
         GC_5 =   0.00000E+00   0.12177E+01
       R2_GQQ =  -0.00000E+00  -0.30492E-01
       R2_QQq =   0.00000E+00   0.12520E-01
 UV_GQQg_1eps =   0.00000E+00  -0.62890E-01
 UV_GQQq_1eps =   0.00000E+00   0.38115E-02
 UVWfct_G_2_1eps -0.31300E-02   0.00000E+00
         GC_1 =  -0.00000E+00  -0.10265E+00
         GC_2 =   0.00000E+00   0.20530E+00
        GC_21 =  -0.00000E+00  -0.28804E+00
        GC_22 =   0.00000E+00   0.28804E+00
        GC_23 =  -0.00000E+00  -0.27437E-01
        GC_24 =   0.00000E+00   0.82310E-01
        GC_37 =  -0.00000E+00  -0.70263E+00
        GC_38 =  -0.00000E+00  -0.72172E-02
      GC_1003 =  -0.00000E+00  -0.30795E+00

 Collider parameters:
 --------------------

 Running at P P   machine @    13000.000000000000       GeV
 PDF set = lhapdf 
 alpha_s(Mz)= 0.1180 running at 3 loops.
 alpha_s(Mz)= 0.1180 running at 3 loops.
 Renormalization scale set on event-by-event basis
 Factorization   scale set on event-by-event basis


 ===============================================================
 INFO: MadFKS read these parameters from FKS_params.dat
 ===============================================================
  > IRPoleCheckThreshold      =    1.0000000000000001E-005
  > PrecisionVirtualAtRunTime =    1.0000000000000000E-003
  > NHelForMCoverHels         =            4
  > VirtualFraction           =    1.0000000000000000     
  > MinVirtualFraction        =    5.0000000000000001E-003
 ===============================================================
  Insert the number of points to test
 Insert the relative tolerance
  A negative number will mean use the default one:    1.0000000000000001E-005
Using random seed offsets:     1 ,      4 ,      0
  with seed                   32
 Ranmar initialization seeds       10730        9410
  ========================================================================================== 
 {                                                                                          }
 {       [32m                                                                            [0m       }
 {       [32m                               ,,                                           [0m       }
 {       [32m`7MMM.     ,MMF'             `7MM  `7MMF'                                   [0m       }
 {       [32m  MMMb    dPMM                 MM    MM                                     [0m       }
 {       [32m  M YM   ,M MM   ,6"Yb.   ,M""bMM    MM         ,pW"Wq.   ,pW"Wq.`7MMpdMAo. [0m       }
 {       [32m  M  Mb  M' MM  8)   MM ,AP    MM    MM        6W'   `Wb 6W'   `Wb MM   `Wb [0m       }
 {       [32m  M  YM.P'  MM   ,pm9MM 8MI    MM    MM      , 8M     M8 8M     M8 MM    M8 [0m       }
 {       [32m  M  `YM'   MM  8M   MM `Mb    MM    MM     ,M YA.   ,A9 YA.   ,A9 MM   ,AP [0m       }
 {       [32m.JML. `'  .JMML.`Moo9^Yo.`Wbmd"MML..JMMmmmmMMM  `Ybmd9'   `Ybmd9'  MMbmmd'  [0m       }
 {       [32m                                                                   MM       [0m       }
 {       [32m                                                                 .JMML.     [0m       }
 {       [32m[0mv2.6.1 (2017-12-12), Ref: arXiv:1103.0621v2, arXiv:1405.0301[32m                [0m       }
 {       [32m                                                                            [0m       }
 {                                                                                          }
  ========================================================================================== 
 ===============================================================
 INFO: MadLoop read these parameters from ./MadLoop5_resources/MadLoopParams.dat                                                                                                                                                                                                                                                                                                                                                                                                                                                                                          
 ===============================================================
  > MLReductionLib            = 6|7|1
  > CTModeRun                 =           -1
  > MLStabThres               =    1.0000000000000000E-003
  > NRotations_DP             =            0
  > NRotations_QP             =            0
  > CTStabThres               =    1.0000000000000000E-002
  > CTLoopLibrary             =            2
  > CTModeInit                =            1
  > CheckCycle                =            3
  > MaxAttempts               =           10
  > UseLoopFilter             =  F
  > HelicityFilterLevel       =            2
  > ImprovePSPoint            =            2
  > DoubleCheckHelicityFilter =  T
  > LoopInitStartOver         =  F
  > HelInitStartOver          =  F
  > ZeroThres                 =    1.0000000000000001E-009
  > OSThres                   =    1.0000000000000000E-008
  > WriteOutFilters           =  T
  > UseQPIntegrandForNinja    =  T
  > UseQPIntegrandForCutTools =  T
  > IREGIMODE                 =            2
  > IREGIRECY                 =  T
  > COLLIERMode               =            1
  > COLLIERRequiredAccuracy   =    1.0000000000000000E-008
  > COLLIERCanOutput          =  F
  > COLLIERComputeUVpoles     =  T
  > COLLIERComputeIRpoles     =  T
  > COLLIERGlobalCache        =           -1
  > COLLIERUseCacheForPoles   =  F
  > COLLIERUseInternalStabilityTest =  T
 ===============================================================
  
------------------------------------------------------------------------
|              You are using CutTools - Version 1.9.3                  |
|              Authors: G. Ossola, C. Papadopoulos, R. Pittau          |
|              Published in JHEP 0803:042,2008                         |
|              http://www.ugr.es/~pittau/CutTools                      |
|                                                                      |
|              Compiler with  34  significant digits detetected        |
 ---------------------------------------------------------------------- 
   
########################################################################
#                                                                      #
#                      You are using OneLOop-3.6                       #
#                                                                      #
# for the evaluation of 1-loop scalar 1-, 2-, 3- and 4-point functions #
#                                                                      #
# author: Andreas van Hameren <hamerenREMOVETHIS@ifj.edu.pl>           #
#   date: 18-02-2015                                                   #
#                                                                      #
# Please cite                                                          #
#    A. van Hameren,                                                   #
#      Comput.Phys.Commun. 182 (2011) 2427-2438, arXiv:1007.4716       #
#    A. van Hameren, C.G. Papadopoulos and R. Pittau,                  #
#      JHEP 0909:106,2009, arXiv:0903.4665                             #
# in publications with results obtained with the help of this program. #
#                                                                      #
########################################################################
 PASSED   1.0000000000000001E-005
 MU_R    =    325.00000000000000     
 ALPHA_S =   0.11799999999999999     
 BORN                    2.6808578724145965E-009
 SINGLE POLE (MadFKS)   -1.5266049424623251E-011
 DOUBLE POLE (MadFKS)   -1.3425938744093162E-010
 SINGLE POLE (MadLoop)  -1.5266049424635290E-011
 DOUBLE POLE (MadLoop)  -1.3425938744093136E-010
 FINITE PART (MadLoop)   3.2783610246850545E-010
   325.00000000000000        0.0000000000000000        0.0000000000000000        325.00000000000000        0.0000000000000000     
   325.00000000000000        0.0000000000000000        0.0000000000000000       -325.00000000000000        0.0000000000000000     
   256.80709929530389       -172.45125110910098       -109.59420373276480       -155.55193672389652        1.7769999999999999     
   117.73636269548980        47.831404793505428       -102.70869181323194        31.965210984104047        1.7769999999999999     
   275.45653800921076        124.61984631559558        212.30289554599676        123.58672573979248        0.0000000000000000     

 PASSED   1.0000000000000001E-005
 MU_R    =    325.00000000000000     
 ALPHA_S =   0.11799999999999999     
 BORN                    8.6538940295645044E-008
 SINGLE POLE (MadFKS)   -4.9279290532397648E-010
 DOUBLE POLE (MadFKS)   -4.3339355037930270E-009
 SINGLE POLE (MadLoop)  -4.9279290532430725E-010
 DOUBLE POLE (MadLoop)  -4.3339355037930295E-009
 FINITE PART (MadLoop)   1.1894808742272988E-008
   325.00000000000000        0.0000000000000000        0.0000000000000000        325.00000000000000        0.0000000000000000     
   325.00000000000000        0.0000000000000000        0.0000000000000000       -325.00000000000000        0.0000000000000000     
   268.34227323532019       -4.5492377768028067       -222.88935314309236       -149.34543370054266        1.7769999999999999     
   309.24649877105975        23.792525549160430        217.11933420293937        218.91402357186698        1.7769999999999999     
   72.411227993620102       -19.243287772357668        5.7700189401530508       -69.568589871324377        0.0000000000000000     

 PASSED   1.0000000000000001E-005
 MU_R    =    325.00000000000000     
 ALPHA_S =   0.11799999999999999     
 BORN                    2.7945705960391469E-008
 SINGLE POLE (MadFKS)   -1.5913582468774280E-010
 DOUBLE POLE (MadFKS)   -1.3995420654162546E-009
 SINGLE POLE (MadLoop)  -1.5913582468772840E-010
 DOUBLE POLE (MadLoop)  -1.3995420654162492E-009
 FINITE PART (MadLoop)   3.1007086833267592E-009
   325.00000000000000        0.0000000000000000        0.0000000000000000        325.00000000000000        0.0000000000000000     
   325.00000000000000        0.0000000000000000        0.0000000000000000       -325.00000000000000        0.0000000000000000     
   250.17584915886448        128.37727743490805        159.28381794530603       -143.98867230628315        1.7769999999999999     
   309.32860445216426       -89.990949950464099       -210.76889436480340        207.74775545977587        1.7769999999999999     
   90.495546388971391       -38.386327484443925        51.485076419497439       -63.759083153492774        0.0000000000000000     

 PASSED   1.0000000000000001E-005
 MU_R    =    325.00000000000000     
 ALPHA_S =   0.11799999999999999     
 BORN                    3.3123075266675868E-008
 SINGLE POLE (MadFKS)   -1.8861816932546071E-010
 DOUBLE POLE (MadFKS)   -1.6588286313956558E-009
 SINGLE POLE (MadLoop)  -1.8861816932543683E-010
 DOUBLE POLE (MadLoop)  -1.6588286313956423E-009
 FINITE PART (MadLoop)   2.8641535252914676E-009
   325.00000000000000        0.0000000000000000        0.0000000000000000        325.00000000000000        0.0000000000000000     
   325.00000000000000        0.0000000000000000        0.0000000000000000       -325.00000000000000        0.0000000000000000     
   246.62599569077130        160.03179290318911        114.09840274033382        148.97182207974706        1.7769999999999999     
   303.43498556786000       -241.58591066984798       -150.95412652889246       -104.49273748584991        1.7769999999999999     
   99.939018741368770        81.554117766658905        36.855723788558898       -44.479084593897085        0.0000000000000000     

 PASSED   1.0000000000000001E-005
 MU_R    =    325.00000000000000     
 ALPHA_S =   0.11799999999999999     
 BORN                    2.8254527848702496E-009
 SINGLE POLE (MadFKS)   -1.6089439990311469E-011
 DOUBLE POLE (MadFKS)   -1.4150080988750314E-010
 SINGLE POLE (MadLoop)  -1.6089439990316571E-011
 DOUBLE POLE (MadLoop)  -1.4150080988750276E-010
 FINITE PART (MadLoop)   3.5419071196698737E-010
   325.00000000000000        0.0000000000000000        0.0000000000000000        325.00000000000000        0.0000000000000000     
   325.00000000000000        0.0000000000000000        0.0000000000000000       -325.00000000000000        0.0000000000000000     
   216.80089600365434       -44.306085426978193       -131.75161094074608       -166.36692756567612        1.7769999999999999     
   149.02636459072011       -140.47847660081143       -37.622534079522815        32.496802234629975        1.7769999999999999     
   284.17273940562836        184.78456202778963        169.37414502026891        133.87012533104615        0.0000000000000000     

 PASSED   1.0000000000000001E-005
 MU_R    =    325.00000000000000     
 ALPHA_S =   0.11799999999999999     
 BORN                    3.7990336851847932E-008
 SINGLE POLE (MadFKS)   -2.1633461661883426E-010
 DOUBLE POLE (MadFKS)   -1.9025847684382386E-009
 SINGLE POLE (MadLoop)  -2.1633461661882296E-010
 DOUBLE POLE (MadLoop)  -1.9025847684382204E-009
 FINITE PART (MadLoop)   4.0544862225075222E-009
   325.00000000000000        0.0000000000000000        0.0000000000000000        325.00000000000000        0.0000000000000000     
   325.00000000000000        0.0000000000000000        0.0000000000000000       -325.00000000000000        0.0000000000000000     
   317.31647328656379        266.14528380236891       -128.09357693137463       -115.95391303748710        1.7769999999999999     
   186.71688537585334       -144.97036808437682        47.120759926896412        107.81124207081403        1.7769999999999999     
   145.96664133758333       -121.17491571799206        80.972817004478202        8.1426709666730588        0.0000000000000000     

 PASSED   1.0000000000000001E-005
 MU_R    =    325.00000000000000     
 ALPHA_S =   0.11799999999999999     
 BORN                    1.4491252470385576E-008
 SINGLE POLE (MadFKS)   -8.2519919729406328E-011
 DOUBLE POLE (MadFKS)   -7.2573287078941723E-010
 SINGLE POLE (MadLoop)  -8.2519919729409378E-011
 DOUBLE POLE (MadLoop)  -7.2573287078942509E-010
 FINITE PART (MadLoop)   1.5356475667405956E-009
   325.00000000000000        0.0000000000000000        0.0000000000000000        325.00000000000000        0.0000000000000000     
   325.00000000000000        0.0000000000000000        0.0000000000000000       -325.00000000000000        0.0000000000000000     
   309.54041388596721        249.45260054922247       -125.54968407706227       -133.50201124730594        1.7769999999999999     
   174.22692615034802       -146.75368472934039       0.98378642020848794        93.884249208477740        1.7769999999999999     
   166.23265996368539       -102.69891581988200        124.56589765685391        39.617762038828204        0.0000000000000000     

 PASSED   1.0000000000000001E-005
 MU_R    =    325.00000000000000     
 ALPHA_S =   0.11799999999999999     
 BORN                    3.6554485350456687E-009
 SINGLE POLE (MadFKS)   -2.0815821151649526E-011
 DOUBLE POLE (MadFKS)   -1.8306762405686502E-010
 SINGLE POLE (MadLoop)  -2.0815821151650308E-011
 DOUBLE POLE (MadLoop)  -1.8306762405686507E-010
 FINITE PART (MadLoop)   5.3829028516794696E-010
   325.00000000000000        0.0000000000000000        0.0000000000000000        325.00000000000000        0.0000000000000000     
   325.00000000000000        0.0000000000000000        0.0000000000000000       -325.00000000000000        0.0000000000000000     
   144.70114001978004       -141.60860042653894       -27.559414482915159       -11.079041141710187        1.7769999999999999     
   221.08266247612769       -77.608543743190737        206.35557218998147       -16.391390506603283        1.7769999999999999     
   284.21619750409525        219.21714416972964       -178.79615770706633        27.470431648313539        0.0000000000000000     

 PASSED   1.0000000000000001E-005
 MU_R    =    325.00000000000000     
 ALPHA_S =   0.11799999999999999     
 BORN                    1.0028195598489188E-008
 SINGLE POLE (MadFKS)   -5.7105201742171906E-011
 DOUBLE POLE (MadFKS)   -5.0221961113453101E-010
 SINGLE POLE (MadLoop)  -5.7105201742171060E-011
 DOUBLE POLE (MadLoop)  -5.0221961113452770E-010
 FINITE PART (MadLoop)   1.1061960537365392E-009
   325.00000000000000        0.0000000000000000        0.0000000000000000        325.00000000000000        0.0000000000000000     
   325.00000000000000        0.0000000000000000        0.0000000000000000       -325.00000000000000        0.0000000000000000     
   239.49853135273588        49.707347747606256       -230.71082678882078        40.719562539824928        1.7769999999999999     
   121.21719822398060       -32.002017920989331       -11.586835649019642        116.32741510451908        1.7769999999999999     
   289.28427042328804       -17.705329826616957        242.29766243784047       -157.04697764434408        0.0000000000000000     

 PASSED   1.0000000000000001E-005
 MU_R    =    325.00000000000000     
 ALPHA_S =   0.11799999999999999     
 BORN                    5.0893185664244151E-008
 SINGLE POLE (MadFKS)   -2.8980942843758672E-010
 DOUBLE POLE (MadFKS)   -2.5487691841137302E-009
 SINGLE POLE (MadLoop)  -2.8980942843757566E-010
 DOUBLE POLE (MadLoop)  -2.5487691841138369E-009
 FINITE PART (MadLoop)   5.5078188144996106E-009
   325.00000000000000        0.0000000000000000        0.0000000000000000        325.00000000000000        0.0000000000000000     
   325.00000000000000        0.0000000000000000        0.0000000000000000       -325.00000000000000        0.0000000000000000     
   318.07046433432862       -155.71961840549827        264.14070081216522       -84.538471543786784        1.7769999999999999     
   199.64586964477979        54.676257695169625       -182.17293980336723        60.653461443437827        1.7769999999999999     
   132.28366602089190        101.04336071032856       -81.967761008797964        23.885010100348904        0.0000000000000000     

 PASSED   1.0000000000000001E-005
 MU_R    =    325.00000000000000     
 ALPHA_S =   0.11799999999999999     
 BORN                    4.0626217156394425E-009
 SINGLE POLE (MadFKS)   -2.3134454288932131E-011
 DOUBLE POLE (MadFKS)   -2.0345916453031001E-010
 SINGLE POLE (MadLoop)  -2.3134454288931572E-011
 DOUBLE POLE (MadLoop)  -2.0345916453031076E-010
 FINITE PART (MadLoop)   3.4747677154825878E-010
   325.00000000000000        0.0000000000000000        0.0000000000000000        325.00000000000000        0.0000000000000000     
   325.00000000000000        0.0000000000000000        0.0000000000000000       -325.00000000000000        0.0000000000000000     
   123.92202930218605       -38.834022727763490       -96.281190342895314        67.641427263967273        1.7769999999999999     
   228.19995309826328       -185.89063506649435        50.330032684543582        122.40759972157679        1.7769999999999999     
   297.87801759955533        224.72465779425795        45.951157658351590       -190.04902698554415        0.0000000000000000     

 PASSED   1.0000000000000001E-005
 MU_R    =    325.00000000000000     
 ALPHA_S =   0.11799999999999999     
 BORN                    3.6464410541536564E-009
 SINGLE POLE (MadFKS)   -2.0764528373355073E-011
 DOUBLE POLE (MadFKS)   -1.8261652260930551E-010
 SINGLE POLE (MadLoop)  -2.0764528373350701E-011
 DOUBLE POLE (MadLoop)  -1.8261652260931363E-010
 FINITE PART (MadLoop)   4.4230758449362897E-010
   325.00000000000000        0.0000000000000000        0.0000000000000000        325.00000000000000        0.0000000000000000     
   325.00000000000000        0.0000000000000000        0.0000000000000000       -325.00000000000000        0.0000000000000000     
   109.58343664466037        79.746260689051695        75.138054191863830       0.42258280683161670        1.7769999999999999     
   242.61600353398217        177.68537191456733       -70.837455704362981        149.22912222054896        1.7769999999999999     
   297.80055982136372       -257.43163260361911       -4.3005984875008769       -149.65170502738073        0.0000000000000000     

 PASSED   1.0000000000000001E-005
 MU_R    =    325.00000000000000     
 ALPHA_S =   0.11799999999999999     
 BORN                    5.9941676446551182E-009
 SINGLE POLE (MadFKS)   -3.4133573608795564E-011
 DOUBLE POLE (MadFKS)   -3.0019244379591238E-010
 SINGLE POLE (MadLoop)  -3.4133573608798860E-011
 DOUBLE POLE (MadLoop)  -3.0019244379591217E-010
 FINITE PART (MadLoop)   1.0802280790509912E-009
   325.00000000000000        0.0000000000000000        0.0000000000000000        325.00000000000000        0.0000000000000000     
   325.00000000000000        0.0000000000000000        0.0000000000000000       -325.00000000000000        0.0000000000000000     
   265.25613228691918        101.53644629613616        97.327037282948154       -224.88987499238610        1.7769999999999999     
   89.658553293646534        60.278695148981242       -63.408089596834074       -19.529248181271718        1.7769999999999999     
   295.08531441943427       -161.81514144511743       -33.918947686114088        244.41912317365785        0.0000000000000000     

 PASSED   1.0000000000000001E-005
 MU_R    =    325.00000000000000     
 ALPHA_S =   0.11799999999999999     
 BORN                    2.2386192600975853E-008
 SINGLE POLE (MadFKS)   -1.2747737438532263E-010
 DOUBLE POLE (MadFKS)   -1.1211174365743929E-009
 SINGLE POLE (MadLoop)  -1.2747737438531392E-010
 DOUBLE POLE (MadLoop)  -1.1211174365743888E-009
 FINITE PART (MadLoop)   1.6351076415787433E-009
   325.00000000000000        0.0000000000000000        0.0000000000000000        325.00000000000000        0.0000000000000000     
   325.00000000000000        0.0000000000000000        0.0000000000000000       -325.00000000000000        0.0000000000000000     
   171.29954556848307        110.02142755757507        78.787587118013178        105.01513308701546        1.7769999999999999     
   293.96960684695580       -159.61200325967420        31.239031127440931       -244.87364776636599        1.7769999999999999     
   184.73084758456187        49.590575702099187       -110.02661824545412        139.85851467935055        0.0000000000000000     

 PASSED   1.0000000000000001E-005
 MU_R    =    325.00000000000000     
 ALPHA_S =   0.11799999999999999     
 BORN                    3.1682243324149083E-007
 SINGLE POLE (MadFKS)   -1.8041340327891881E-009
 DOUBLE POLE (MadFKS)   -1.5866706792716435E-008
 SINGLE POLE (MadLoop)  -1.8041340327891228E-009
 DOUBLE POLE (MadLoop)  -1.5866706792716329E-008
 FINITE PART (MadLoop)   4.3923589532442715E-008
   325.00000000000000        0.0000000000000000        0.0000000000000000        325.00000000000000        0.0000000000000000     
   325.00000000000000        0.0000000000000000        0.0000000000000000       -325.00000000000000        0.0000000000000000     
   311.12033653782856       -217.96187141346050       -121.55981269377483        185.76474538030143        1.7769999999999999     
   225.55292655153445        188.87486467297907        93.998998053624319       -79.758628414990454        1.7769999999999999     
   113.32673691063711        29.087006740481460        27.560814640150596       -106.00611696531105        0.0000000000000000     

 PASSED   1.0000000000000001E-005
 MU_R    =    325.00000000000000     
 ALPHA_S =   0.11799999999999999     
 BORN                    2.2672406941696229E-007
 SINGLE POLE (MadFKS)   -1.2910721172822380E-009
 DOUBLE POLE (MadFKS)   -1.1354512669714954E-008
 SINGLE POLE (MadLoop)  -1.2910721172822672E-009
 DOUBLE POLE (MadLoop)  -1.1354512669715032E-008
 FINITE PART (MadLoop)   2.9422924057205720E-008
   325.00000000000000        0.0000000000000000        0.0000000000000000        325.00000000000000        0.0000000000000000     
   325.00000000000000        0.0000000000000000        0.0000000000000000       -325.00000000000000        0.0000000000000000     
   320.26612318554146        20.909683363957651       -196.88956115134519        251.72309743554743        1.7769999999999999     
   64.158543749340566      -0.65185615062140057        58.692777085750421       -25.843645419277731        1.7769999999999999     
   265.57533306511795       -20.257827213336220        138.19678406559476       -225.87945201626971        0.0000000000000000     

 PASSED   1.0000000000000001E-005
 MU_R    =    325.00000000000000     
 ALPHA_S =   0.11799999999999999     
 BORN                    1.6940197008238889E-008
 SINGLE POLE (MadFKS)   -9.6465346951684949E-011
 DOUBLE POLE (MadFKS)   -8.4837786324209926E-010
 SINGLE POLE (MadLoop)  -9.6465346951686978E-011
 DOUBLE POLE (MadLoop)  -8.4837786324209709E-010
 FINITE PART (MadLoop)   1.8560083673017985E-009
   325.00000000000000        0.0000000000000000        0.0000000000000000        325.00000000000000        0.0000000000000000     
   325.00000000000000        0.0000000000000000        0.0000000000000000       -325.00000000000000        0.0000000000000000     
   250.54403535157249        40.860040001303204        165.43002024392820       -183.66415397250330        1.7769999999999999     
   297.98777880879015        41.090983809803305       -224.77760946272468        191.25928977218797        1.7769999999999999     
   101.46818583963750       -81.951023811106495        59.347589218796585       -7.5951357996847237        0.0000000000000000     

 PASSED   1.0000000000000001E-005
 MU_R    =    325.00000000000000     
 ALPHA_S =   0.11799999999999999     
 BORN                    3.7983651171869155E-008
 SINGLE POLE (MadFKS)   -2.1629654525293330E-010
 DOUBLE POLE (MadFKS)   -1.9022499445343633E-009
 SINGLE POLE (MadLoop)  -2.1629654525295595E-010
 DOUBLE POLE (MadLoop)  -1.9022499445343566E-009
 FINITE PART (MadLoop)   3.6366676259876740E-009
   325.00000000000000        0.0000000000000000        0.0000000000000000        325.00000000000000        0.0000000000000000     
   325.00000000000000        0.0000000000000000        0.0000000000000000       -325.00000000000000        0.0000000000000000     
   284.04971637994794       -162.07023044866366        188.16544798384055        137.86982350712776        1.7769999999999999     
   275.05874947849037        163.55888682415534       -113.55497865469582       -189.75751710866604        1.7769999999999999     
   90.891534141561792       -1.4886563754913160       -74.610469329144607        51.887693601538459        0.0000000000000000     

 PASSED   1.0000000000000001E-005
 MU_R    =    325.00000000000000     
 ALPHA_S =   0.11799999999999999     
 BORN                    2.7546410557602855E-010
 SINGLE POLE (MadFKS)   -1.5686205127486564E-012
 DOUBLE POLE (MadFKS)   -1.3795450500063721E-011
 SINGLE POLE (MadLoop)  -1.5686205127461528E-012
 DOUBLE POLE (MadLoop)  -1.3795450500063639E-011
 FINITE PART (MadLoop)  -1.0521073257589063E-011
Thanks for using LHAPDF 6.2.1. Please make sure to cite the paper:
  Eur.Phys.J. C75 (2015) 3, 132  (http://arxiv.org/abs/1412.7420)
   325.00000000000000        0.0000000000000000        0.0000000000000000        325.00000000000000        0.0000000000000000     
   325.00000000000000        0.0000000000000000        0.0000000000000000       -325.00000000000000        0.0000000000000000     
   156.03642320136677        10.219690459926994       -32.881814927318779        152.17934094503389        1.7769999999999999     
   222.12969090514096       -211.92729311493238       -66.520368370036707       0.55215713852068304        1.7769999999999999     
   271.83388589349460        201.70760265500536        99.402183297355535       -152.73149808355456        0.0000000000000000     

 PASSED   1.0000000000000001E-005
 MU_R    =    325.00000000000000     
 ALPHA_S =   0.11799999999999999     
 BORN                    1.1669163271752570E-008
 SINGLE POLE (MadFKS)   -6.6449633560813749E-011
 DOUBLE POLE (MadFKS)   -5.8440051184161658E-010
 SINGLE POLE (MadLoop)  -6.6449633560809148E-011
 DOUBLE POLE (MadLoop)  -5.8440051184161554E-010
 FINITE PART (MadLoop)   7.7155491599770427E-010
   325.00000000000000        0.0000000000000000        0.0000000000000000        325.00000000000000        0.0000000000000000     
   325.00000000000000        0.0000000000000000        0.0000000000000000       -325.00000000000000        0.0000000000000000     
   219.13060952450121        119.76683525783012        73.978837247664202        167.92290824478607        1.7769999999999999     
   277.72263650305018       -84.697390340721185        42.421972344533664       -261.06212561203989        1.7769999999999999     
   153.14675397244889       -35.069444917108925       -116.40080959219787        93.139217367253792        0.0000000000000000     

 NUMBER OF POINTS PASSING THE CHECK          20
 NUMBER OF POINTS FAILING THE CHECK           0
 TOLERANCE    1.0000000000000001E-005
