==== LHAPDF6 USING DEFAULT-TYPE LHAGLUE INTERFACE ====
LHAPDF 6.2.1 loading /cvmfs/cms.cern.ch/slc6_amd64_gcc481/external/lhapdf/6.2.1/share/LHAPDF/NNPDF31_nnlo_as_0118_nf_4/NNPDF31_nnlo_as_0118_nf_4_0000.dat
NNPDF31_nnlo_as_0118_nf_4 PDF set, member #0, version 1; LHAPDF ID = 320900
 A PDF is used, so alpha_s(MZ) is going to be modified
 Old value of alpha_s from param_card:   0.11799999999999999     
 New value of alpha_s from PDF lhapdf :  0.11800240511781991     
 using LHAPDF
WARNING: the value of maxjetflavorspecified in the run_card (  4) is inconsistent with the number of light flavours inthe model. Hence it will be set to:  5
 *****************************************************
 *               MadGraph/MadEvent                   *
 *        --------------------------------           *
 *          http://madgraph.hep.uiuc.edu             *
 *          http://madgraph.phys.ucl.ac.be           *
 *          http://madgraph.roma2.infn.it            *
 *        --------------------------------           *
 *                                                   *
 *          PARAMETER AND COUPLING VALUES            *
 *                                                   *
 *****************************************************

  External Params
  ---------------------------------
  
 MU_R =    91.188000000000002     
 aEWM1 =    132.50700000000001     
 mdl_Gf =    1.1663900000000000E-005
 aS =   0.11799999999999999     
 mdl_ymt =    173.00000000000000     
 mdl_ymtau =    1.7769999999999999     
 mdl_MT =    173.00000000000000     
 mdl_MZ =    91.188000000000002     
 mdl_MH =    125.00000000000000     
 mdl_MTA =    1.7769999999999999     
 mdl_WT =    1.4915000000000000     
 mdl_WZ =    2.4414039999999999     
 mdl_WW =    2.0476000000000001     
 mdl_WH =    6.3823389999999999E-003
  Internal Params
  ---------------------------------
  
 mdl_conjg__CKM3x3 =    1.0000000000000000     
 mdl_CKM22 =    1.0000000000000000     
 mdl_I4x33 =    0.0000000000000000     
 mdl_I1x33 =    0.0000000000000000     
 mdl_lhv =    1.0000000000000000     
 mdl_CKM3x3 =    1.0000000000000000     
 mdl_conjg__CKM22 =    1.0000000000000000     
 mdl_conjg__CKM33 =    1.0000000000000000     
 mdl_Ncol =    3.0000000000000000     
 mdl_CA =    3.0000000000000000     
 mdl_TF =   0.50000000000000000     
 mdl_CF =    1.3333333333333333     
 mdl_complexi =  (  0.0000000000000000     ,  1.0000000000000000     )
 mdl_MZ__exp__2 =    8315.2513440000002     
 mdl_MZ__exp__4 =    69143404.913893804     
 mdl_sqrt__2 =    1.4142135623730951     
 mdl_MH__exp__2 =    15625.000000000000     
 mdl_Ncol__exp__2 =    9.0000000000000000     
 mdl_MT__exp__2 =    29929.000000000000     
 mdl_aEW =    7.5467711139788835E-003
 mdl_MW =    80.419002445756163     
 mdl_sqrt__aEW =    8.6872153846781555E-002
 mdl_ee =   0.30795376724436879     
 mdl_MW__exp__2 =    6467.2159543705357     
 mdl_sw2 =   0.22224648578577766     
 mdl_cw =   0.88190334743339216     
 mdl_sqrt__sw2 =   0.47143025548407230     
 mdl_sw =   0.47143025548407230     
 mdl_g1 =   0.34919219678733299     
 mdl_gw =   0.65323293034757990     
 mdl_v =    246.21845810181637     
 mdl_v__exp__2 =    60623.529110035903     
 mdl_lam =   0.12886910601690263     
 mdl_yt =   0.99366614581500623     
 mdl_ytau =    1.0206617000654717E-002
 mdl_muH =    88.388347648318430     
 mdl_AxialZUp =  -0.18517701861793787     
 mdl_AxialZDown =   0.18517701861793787     
 mdl_VectorZUp =    7.5430507588273299E-002
 mdl_VectorZDown =  -0.13030376310310560     
 mdl_VectorAUp =   0.20530251149624587     
 mdl_VectorADown =  -0.10265125574812294     
 mdl_VectorWmDxU =   0.23095271737156670     
 mdl_AxialWmDxU =  -0.23095271737156670     
 mdl_VectorWpUxD =   0.23095271737156670     
 mdl_AxialWpUxD =  -0.23095271737156670     
 mdl_I2x33 =  ( 0.99366614581500623     ,  0.0000000000000000     )
 mdl_I3x33 =  ( 0.99366614581500623     ,  0.0000000000000000     )
 mdl_Vector_tbGp =  (-0.99366614581500623     ,  0.0000000000000000     )
 mdl_Axial_tbGp =  (-0.99366614581500623     , -0.0000000000000000     )
 mdl_Vector_tbGm =  ( 0.99366614581500623     ,  0.0000000000000000     )
 mdl_Axial_tbGm =  (-0.99366614581500623     ,  0.0000000000000000     )
 mdl_gw__exp__2 =   0.42671326129048615     
 mdl_cw__exp__2 =   0.77775351421422245     
 mdl_ee__exp__2 =    9.4835522759998875E-002
 mdl_sw__exp__2 =   0.22224648578577769     
 mdl_yt__exp__2 =   0.98737240933884918     
  Internal Params evaluated point by point
  ----------------------------------------
  
 mdl_sqrt__aS =   0.34351128074635334     
 mdl_G__exp__4 =    2.1987899468922913     
 mdl_G__exp__2 =    1.4828317324943823     
 mdl_R2MixedFactor_FIN_ =   -2.5040377713124864E-002
 mdl_G_UVg_1EPS_ =   -5.1645779033320030E-002
 mdl_G_UVq_1EPS_ =    3.1300472141406080E-003
 mdl_GWcft_UV_t_1EPS_ =   -3.1300472141406080E-003
 mdl_tWcft_UV_1EPS_ =   -1.8780283284843650E-002
 mdl_G__exp__3 =    1.8056676068262196     
 mdl_MU_R__exp__2 =    8315.2513440000002     
 mdl_G_UVt_FIN_ =   -4.0087659331150384E-003
 mdl_GWcft_UV_t_FIN_ =    4.0087659331150384E-003
 mdl_tWcft_UV_FIN_ =   -9.8778211443463623E-004
  Couplings of loop_sm-no_b_mass
  ---------------------------------
  
      UV_GQQt =   0.00000E+00  -0.48815E-02
   UVWfct_G_2 =   0.40088E-02   0.00000E+00
       R2_DDA =   0.00000E+00   0.25704E-02
       R2_UUA =  -0.00000E+00  -0.51409E-02
    R2_DDZ_V2 =   0.00000E+00   0.72127E-02
    R2_UUZ_V2 =  -0.00000E+00  -0.72127E-02
    R2_UUZ_V5 =   0.00000E+00   0.68702E-03
      R2_GGHt =   0.00000E+00  -0.45657E+01
     R2_GGZup =  -0.46369E-02   0.00000E+00
   R2_GGZdown =   0.46369E-02   0.00000E+00
    R2_GGZAup =   0.00000E+00   0.19389E-03
  R2_GGZAdown =   0.00000E+00   0.16747E-03
  R2_GGAAdown =   0.00000E+00   0.13193E-03
    R2_GGAAup =   0.00000E+00   0.52771E-03
         GC_4 =  -0.12177E+01   0.00000E+00
         GC_5 =   0.00000E+00   0.12177E+01
       R2_GQQ =  -0.00000E+00  -0.30492E-01
       R2_QQq =   0.00000E+00   0.12520E-01
 UV_GQQg_1eps =   0.00000E+00  -0.62890E-01
 UV_GQQq_1eps =   0.00000E+00   0.38115E-02
 UVWfct_G_2_1eps -0.31300E-02   0.00000E+00
         GC_1 =  -0.00000E+00  -0.10265E+00
         GC_2 =   0.00000E+00   0.20530E+00
        GC_21 =  -0.00000E+00  -0.28804E+00
        GC_22 =   0.00000E+00   0.28804E+00
        GC_23 =  -0.00000E+00  -0.27437E-01
        GC_24 =   0.00000E+00   0.82310E-01
        GC_37 =  -0.00000E+00  -0.70263E+00
        GC_38 =  -0.00000E+00  -0.72172E-02
      GC_1003 =  -0.00000E+00  -0.30795E+00

 Collider parameters:
 --------------------

 Running at P P   machine @    13000.000000000000       GeV
 PDF set = lhapdf 
 alpha_s(Mz)= 0.1180 running at 3 loops.
 alpha_s(Mz)= 0.1180 running at 3 loops.
 Renormalization scale set on event-by-event basis
 Factorization   scale set on event-by-event basis


 ===============================================================
 INFO: MadFKS read these parameters from FKS_params.dat
 ===============================================================
  > IRPoleCheckThreshold      =    1.0000000000000001E-005
  > PrecisionVirtualAtRunTime =    1.0000000000000000E-003
  > NHelForMCoverHels         =            4
  > VirtualFraction           =    1.0000000000000000     
  > MinVirtualFraction        =    5.0000000000000001E-003
 ===============================================================
  Insert the number of points to test
 Insert the relative tolerance
  A negative number will mean use the default one:    1.0000000000000001E-005
Using random seed offsets:     1 ,     22 ,      0
  with seed                   32
 Ranmar initialization seeds       10730        9428
  ========================================================================================== 
 {                                                                                          }
 {       [32m                                                                            [0m       }
 {       [32m                               ,,                                           [0m       }
 {       [32m`7MMM.     ,MMF'             `7MM  `7MMF'                                   [0m       }
 {       [32m  MMMb    dPMM                 MM    MM                                     [0m       }
 {       [32m  M YM   ,M MM   ,6"Yb.   ,M""bMM    MM         ,pW"Wq.   ,pW"Wq.`7MMpdMAo. [0m       }
 {       [32m  M  Mb  M' MM  8)   MM ,AP    MM    MM        6W'   `Wb 6W'   `Wb MM   `Wb [0m       }
 {       [32m  M  YM.P'  MM   ,pm9MM 8MI    MM    MM      , 8M     M8 8M     M8 MM    M8 [0m       }
 {       [32m  M  `YM'   MM  8M   MM `Mb    MM    MM     ,M YA.   ,A9 YA.   ,A9 MM   ,AP [0m       }
 {       [32m.JML. `'  .JMML.`Moo9^Yo.`Wbmd"MML..JMMmmmmMMM  `Ybmd9'   `Ybmd9'  MMbmmd'  [0m       }
 {       [32m                                                                   MM       [0m       }
 {       [32m                                                                 .JMML.     [0m       }
 {       [32m[0mv2.6.1 (2017-12-12), Ref: arXiv:1103.0621v2, arXiv:1405.0301[32m                [0m       }
 {       [32m                                                                            [0m       }
 {                                                                                          }
  ========================================================================================== 
 ===============================================================
 INFO: MadLoop read these parameters from ./MadLoop5_resources/MadLoopParams.dat                                                                                                                                                                                                                                                                                                                                                                                                                                                                                          
 ===============================================================
  > MLReductionLib            = 6|7|1
  > CTModeRun                 =           -1
  > MLStabThres               =    1.0000000000000000E-003
  > NRotations_DP             =            0
  > NRotations_QP             =            0
  > CTStabThres               =    1.0000000000000000E-002
  > CTLoopLibrary             =            2
  > CTModeInit                =            1
  > CheckCycle                =            3
  > MaxAttempts               =           10
  > UseLoopFilter             =  F
  > HelicityFilterLevel       =            2
  > ImprovePSPoint            =            2
  > DoubleCheckHelicityFilter =  T
  > LoopInitStartOver         =  F
  > HelInitStartOver          =  F
  > ZeroThres                 =    1.0000000000000001E-009
  > OSThres                   =    1.0000000000000000E-008
  > WriteOutFilters           =  T
  > UseQPIntegrandForNinja    =  T
  > UseQPIntegrandForCutTools =  T
  > IREGIMODE                 =            2
  > IREGIRECY                 =  T
  > COLLIERMode               =            1
  > COLLIERRequiredAccuracy   =    1.0000000000000000E-008
  > COLLIERCanOutput          =  F
  > COLLIERComputeUVpoles     =  T
  > COLLIERComputeIRpoles     =  T
  > COLLIERGlobalCache        =           -1
  > COLLIERUseCacheForPoles   =  F
  > COLLIERUseInternalStabilityTest =  T
 ===============================================================
  
------------------------------------------------------------------------
|              You are using CutTools - Version 1.9.3                  |
|              Authors: G. Ossola, C. Papadopoulos, R. Pittau          |
|              Published in JHEP 0803:042,2008                         |
|              http://www.ugr.es/~pittau/CutTools                      |
|                                                                      |
|              Compiler with  34  significant digits detetected        |
 ---------------------------------------------------------------------- 
   
########################################################################
#                                                                      #
#                      You are using OneLOop-3.6                       #
#                                                                      #
# for the evaluation of 1-loop scalar 1-, 2-, 3- and 4-point functions #
#                                                                      #
# author: Andreas van Hameren <hamerenREMOVETHIS@ifj.edu.pl>           #
#   date: 18-02-2015                                                   #
#                                                                      #
# Please cite                                                          #
#    A. van Hameren,                                                   #
#      Comput.Phys.Commun. 182 (2011) 2427-2438, arXiv:1007.4716       #
#    A. van Hameren, C.G. Papadopoulos and R. Pittau,                  #
#      JHEP 0909:106,2009, arXiv:0903.4665                             #
# in publications with results obtained with the help of this program. #
#                                                                      #
########################################################################
 PASSED   1.0000000000000001E-005
 MU_R    =    325.00000000000000     
 ALPHA_S =   0.11799999999999999     
 BORN                    3.4765718195303436E-012
 SINGLE POLE (MadFKS)   -3.5966516543800034E-013
 DOUBLE POLE (MadFKS)   -3.6998235390834368E-013
 SINGLE POLE (MadLoop)  -3.5966516543777926E-013
 DOUBLE POLE (MadLoop)  -3.6998235390834595E-013
 FINITE PART (MadLoop)   3.9693869115465143E-013
   325.00000000000000        0.0000000000000000        0.0000000000000000        325.00000000000000        0.0000000000000000     
   325.00000000000000        0.0000000000000000        0.0000000000000000       -325.00000000000000        0.0000000000000000     
   104.15349551059565        14.063445746573292        9.1930101480804769        102.77402860755313        1.7769999999999999     
   235.67948041649424       -131.77040411085503       -138.35137736700329       -137.97505840369746        1.7769999999999999     
   143.19616981735115        89.966794281507191       -17.510670269788378        110.02043175597602        0.0000000000000000     
   166.97085425555889        27.740164082774527        146.66903748871121       -74.819401959831708        0.0000000000000000     

 PASSED   1.0000000000000001E-005
 MU_R    =    325.00000000000000     
 ALPHA_S =   0.11799999999999999     
 BORN                    1.2487171755286550E-012
 SINGLE POLE (MadFKS)   -1.5842754406153572E-013
 DOUBLE POLE (MadFKS)   -1.3289048636144186E-013
 SINGLE POLE (MadLoop)  -1.5842753880324411E-013
 DOUBLE POLE (MadLoop)  -1.3289048636143716E-013
 FINITE PART (MadLoop)   2.0401369746967679E-013
   325.00000000000000        0.0000000000000000        0.0000000000000000        325.00000000000000        0.0000000000000000     
   325.00000000000000        0.0000000000000000        0.0000000000000000       -325.00000000000000        0.0000000000000000     
   150.00894696442651        106.03298771561224       -105.10334545644325        14.485120998476303        1.7769999999999999     
   153.33501788020018        17.242381345877856        110.44003342722901        104.94841247697453        1.7769999999999999     
   155.87715595941199       -84.559187389154658        130.66315258825881        8.6355158374049967        0.0000000000000000     
   190.77887919596739       -38.716181672335445       -135.99984055904454       -128.06904931285581        0.0000000000000000     

 PASSED   1.0000000000000001E-005
 MU_R    =    325.00000000000000     
 ALPHA_S =   0.11799999999999999     
 BORN                    1.1025595310519783E-012
 SINGLE POLE (MadFKS)   -1.3644741779977684E-013
 DOUBLE POLE (MadFKS)   -1.1733615521217627E-013
 SINGLE POLE (MadLoop)  -1.3644741779967541E-013
 DOUBLE POLE (MadLoop)  -1.1733615521217256E-013
 FINITE PART (MadLoop)  -6.2177814425443209E-014
   325.00000000000000        0.0000000000000000        0.0000000000000000        325.00000000000000        0.0000000000000000     
   325.00000000000000        0.0000000000000000        0.0000000000000000       -325.00000000000000        0.0000000000000000     
   48.658259192690423        2.5520971211566468       -15.835910417075260        45.904021612595059        1.7769999999999999     
   232.83439054074037        1.8498059433718423       -98.592108662501772       -210.91436654939221        1.7769999999999999     
   248.19800368340458       -92.550924499898997        56.806040958094705        223.18075436136650        0.0000000000000000     
   120.30934658316454        88.149021435370514        57.621978121482350       -58.170409424569243        0.0000000000000000     

 PASSED   1.0000000000000001E-005
 MU_R    =    325.00000000000000     
 ALPHA_S =   0.11799999999999999     
 BORN                    5.8852551185055180E-013
 SINGLE POLE (MadFKS)   -6.9994851170206728E-014
 DOUBLE POLE (MadFKS)   -6.2631829719828835E-014
 SINGLE POLE (MadLoop)  -6.9994851165517625E-014
 DOUBLE POLE (MadLoop)  -6.2631829719828028E-014
 FINITE PART (MadLoop)   2.6136756432986410E-013
   325.00000000000000        0.0000000000000000        0.0000000000000000        325.00000000000000        0.0000000000000000     
   325.00000000000000        0.0000000000000000        0.0000000000000000       -325.00000000000000        0.0000000000000000     
   188.44954506223885        92.771170467095317        66.834505665821226       -149.78895849739811        1.7769999999999999     
   113.36443024241176       -36.515829645653888       -70.732524129629311       -80.695975926483641        1.7769999999999999     
   273.73509018804856       -120.98974702634565        38.660917186968497        242.48239976753447        0.0000000000000000     
   74.450934507300872        64.734406204904246       -34.762898723160447       -11.997465343652685        0.0000000000000000     

 PASSED   1.0000000000000001E-005
 MU_R    =    325.00000000000000     
 ALPHA_S =   0.11799999999999999     
 BORN                    5.7509364721613134E-013
 SINGLE POLE (MadFKS)   -2.2085153527856381E-014
 DOUBLE POLE (MadFKS)   -6.1202389123519663E-014
 SINGLE POLE (MadLoop)  -2.2085153528769794E-014
 DOUBLE POLE (MadLoop)  -6.1202389123520042E-014
 FINITE PART (MadLoop)   2.2877156753396597E-014
   325.00000000000000        0.0000000000000000        0.0000000000000000        325.00000000000000        0.0000000000000000     
   325.00000000000000        0.0000000000000000        0.0000000000000000       -325.00000000000000        0.0000000000000000     
   72.648644156705757        33.300947810662819       -2.7616166214705284       -64.483239042057932        1.7769999999999999     
   134.96561329073771        60.355312929393321       -113.11182280077284        42.136810342342301        1.7769999999999999     
   250.72348691249266        27.003011922810760        243.11878783688414       -55.012355315687536        0.0000000000000000     
   191.66225564006388       -120.65927266286687       -127.24534841464083        77.358784015403145        0.0000000000000000     

 PASSED   1.0000000000000001E-005
 MU_R    =    325.00000000000000     
 ALPHA_S =   0.11799999999999999     
 BORN                    8.7387520236550993E-013
 SINGLE POLE (MadFKS)   -1.8028633519124383E-015
 DOUBLE POLE (MadFKS)   -9.2999201850804630E-014
 SINGLE POLE (MadLoop)  -1.8028633520635659E-015
 DOUBLE POLE (MadLoop)  -9.2999201850806852E-014
 FINITE PART (MadLoop)  -1.5738897074965391E-013
   325.00000000000000        0.0000000000000000        0.0000000000000000        325.00000000000000        0.0000000000000000     
   325.00000000000000        0.0000000000000000        0.0000000000000000       -325.00000000000000        0.0000000000000000     
   83.675150116686766        4.4376289374381379        81.647935968586978       -17.671870855491992        1.7769999999999999     
   78.201805730392877        59.900841281886407       -48.372860201302537        13.576461253272186        1.7769999999999999     
   224.20875807114160        90.561180498355696        11.832007902414411       -204.76387223224981        0.0000000000000000     
   263.91428608177876       -154.89965071768023       -45.107083669698866        208.85928183446958        0.0000000000000000     

 PASSED   1.0000000000000001E-005
 MU_R    =    325.00000000000000     
 ALPHA_S =   0.11799999999999999     
 BORN                    3.9733965288905794E-013
 SINGLE POLE (MadFKS)   -1.0092271503408202E-014
 DOUBLE POLE (MadFKS)   -4.2285523702161728E-014
 SINGLE POLE (MadLoop)  -1.0092271503555619E-014
 DOUBLE POLE (MadLoop)  -4.2285523702161640E-014
 FINITE PART (MadLoop)   4.3329020425115441E-014
   325.00000000000000        0.0000000000000000        0.0000000000000000        325.00000000000000        0.0000000000000000     
   325.00000000000000        0.0000000000000000        0.0000000000000000       -325.00000000000000        0.0000000000000000     
   75.757908368928710       -51.150531807963027       -15.663383728547407        53.613286201927934        1.7769999999999999     
   251.18524924596835       -173.31416025871468       -99.779745450754262       -151.97722185037625        1.7769999999999999     
   161.35997648128648        137.60207147418930        77.679998805069033       -32.688372882385714        0.0000000000000000     
   161.69686590381647        86.862620592488412        37.763130374232638        131.05230853083407        0.0000000000000000     

 PASSED   1.0000000000000001E-005
 MU_R    =    325.00000000000000     
 ALPHA_S =   0.11799999999999999     
 BORN                    1.6724257716506829E-011
 SINGLE POLE (MadFKS)   -1.8962474528860577E-012
 DOUBLE POLE (MadFKS)   -1.7798223533201401E-012
 SINGLE POLE (MadLoop)  -1.8962474528853355E-012
 DOUBLE POLE (MadLoop)  -1.7798223533201399E-012
 FINITE PART (MadLoop)   2.3391689830781871E-012
   325.00000000000000        0.0000000000000000        0.0000000000000000        325.00000000000000        0.0000000000000000     
   325.00000000000000        0.0000000000000000        0.0000000000000000       -325.00000000000000        0.0000000000000000     
   93.682413467369116        44.730924886809944       -52.033947869376604       -63.756172187237382        1.7769999999999999     
   147.79498761476927        119.14101193148855       -79.616183293766298       -36.150840498169742        1.7769999999999999     
   221.10435050675210       -73.658393456802870        8.2183676951077640        208.31234557462867        0.0000000000000000     
   187.41824841110957       -90.213543361495567        123.43176346803514       -108.40533288922154        0.0000000000000000     

 PASSED   1.0000000000000001E-005
 MU_R    =    325.00000000000000     
 ALPHA_S =   0.11799999999999999     
 BORN                    9.2205896475276906E-013
 SINGLE POLE (MadFKS)   -1.0350954977507904E-013
 DOUBLE POLE (MadFKS)   -9.8126995192524456E-014
 SINGLE POLE (MadLoop)  -1.0350954977433105E-013
 DOUBLE POLE (MadLoop)  -9.8126995192524103E-014
 FINITE PART (MadLoop)   1.4900915462453979E-013
   325.00000000000000        0.0000000000000000        0.0000000000000000        325.00000000000000        0.0000000000000000     
   325.00000000000000        0.0000000000000000        0.0000000000000000       -325.00000000000000        0.0000000000000000     
   80.762718465657159       -64.430971006231545        13.689610859109878        46.698003112374010        1.7769999999999999     
   162.27108452532562        94.628133135662338        88.162512716499180        97.987932495781621        1.7769999999999999     
   233.54592919969059       -165.33731028169217       -156.87608062993027       -50.962439117000173        0.0000000000000000     
   173.42026780932665        135.14014815226139        55.023957054321222       -93.723496491155487        0.0000000000000000     

 PASSED   1.0000000000000001E-005
 MU_R    =    325.00000000000000     
 ALPHA_S =   0.11799999999999999     
 BORN                    2.7307775950746347E-012
 SINGLE POLE (MadFKS)   -1.0842611733091495E-013
 DOUBLE POLE (MadFKS)   -2.9061373533263230E-013
 SINGLE POLE (MadLoop)  -1.0842611733253512E-013
 DOUBLE POLE (MadLoop)  -2.9061373533263255E-013
 FINITE PART (MadLoop)   2.2147493156233185E-013
   325.00000000000000        0.0000000000000000        0.0000000000000000        325.00000000000000        0.0000000000000000     
   325.00000000000000        0.0000000000000000        0.0000000000000000       -325.00000000000000        0.0000000000000000     
   91.100651129500605       -58.672739966423379       -41.381052032958408        56.047203540382242        1.7769999999999999     
   66.953787424881526       -50.487633683081043       -40.108680483406665       -17.942812391017149        1.7769999999999999     
   301.72075345707259        278.27222704677081        34.453167517455086       -111.41346403890424        0.0000000000000000     
   190.22480798854531       -169.11185339726651        47.036564998909924        73.309072889539109        0.0000000000000000     

 PASSED   1.0000000000000001E-005
 MU_R    =    325.00000000000000     
 ALPHA_S =   0.11799999999999999     
 BORN                    3.5480895665257348E-012
 SINGLE POLE (MadFKS)   -2.4830825554327406E-013
 DOUBLE POLE (MadFKS)   -3.7759338734965795E-013
 SINGLE POLE (MadLoop)  -2.4830825554321383E-013
 DOUBLE POLE (MadLoop)  -3.7759338734965280E-013
 FINITE PART (MadLoop)   4.8373999616174677E-013
   325.00000000000000        0.0000000000000000        0.0000000000000000        325.00000000000000        0.0000000000000000     
   325.00000000000000        0.0000000000000000        0.0000000000000000       -325.00000000000000        0.0000000000000000     
   236.76291748311212        146.28005954444043        171.78693083732222        71.728069396039089        1.7769999999999999     
   167.81482860033725        33.550838435090114       -105.57104135148957       -126.04663992913548        1.7769999999999999     
   71.974125196307938       -26.092383889087493        13.269903400982475        65.752352539562381        0.0000000000000000     
   173.44812872024426       -153.73851409044318       -79.485792886815048       -11.433782006466066        0.0000000000000000     

 PASSED   1.0000000000000001E-005
 MU_R    =    325.00000000000000     
 ALPHA_S =   0.11799999999999999     
 BORN                    2.0233230039680269E-013
 SINGLE POLE (MadFKS)   -2.9113470840384025E-014
 DOUBLE POLE (MadFKS)   -2.1532528208380877E-014
 SINGLE POLE (MadLoop)  -2.9113470840383249E-014
 DOUBLE POLE (MadLoop)  -2.1532528208380199E-014
 FINITE PART (MadLoop)   6.3202671345482787E-015
   325.00000000000000        0.0000000000000000        0.0000000000000000        325.00000000000000        0.0000000000000000     
   325.00000000000000        0.0000000000000000        0.0000000000000000       -325.00000000000000        0.0000000000000000     
   154.41163714919134       -32.878587201186029      -0.21078769281815010        150.86003456945147        1.7769999999999999     
   212.76710467350549       -43.860757295996564       -200.37332448763695       -56.510599937890099        1.7769999999999999     
   165.30568554662980       -7.0906787711392294        163.85927583923876       -20.635640771394431        0.0000000000000000     
   117.51557263067596        83.830023268321810        36.724836341216310       -73.713793860166902        0.0000000000000000     

 PASSED   1.0000000000000001E-005
 MU_R    =    325.00000000000000     
 ALPHA_S =   0.11799999999999999     
 BORN                    6.4177324283390245E-012
 SINGLE POLE (MadFKS)   -1.7711546749487925E-013
 DOUBLE POLE (MadFKS)   -6.8298538728636169E-013
 SINGLE POLE (MadLoop)  -1.7711546749295024E-013
 DOUBLE POLE (MadLoop)  -6.8298538728632695E-013
 FINITE PART (MadLoop)   6.0845315021600329E-013
   325.00000000000000        0.0000000000000000        0.0000000000000000        325.00000000000000        0.0000000000000000     
   325.00000000000000        0.0000000000000000        0.0000000000000000       -325.00000000000000        0.0000000000000000     
   232.12995793950495       -197.57781631641731       -88.032520074223044       -84.228507959086542        1.7769999999999999     
   120.67619565056063        55.348036177579111        96.410024082857277       -46.917892272785053        1.7769999999999999     
   71.623496392630344       -57.003663660496017       -32.896963349738222        28.254156634947702        0.0000000000000000     
   225.57035001730898        199.23344379933420        24.519459341103985        102.89224359692389        0.0000000000000000     

 PASSED   1.0000000000000001E-005
 MU_R    =    325.00000000000000     
 ALPHA_S =   0.11799999999999999     
 BORN                    2.1098956560646361E-013
 SINGLE POLE (MadFKS)   -1.4040118860732887E-014
 DOUBLE POLE (MadFKS)   -2.2453848269334446E-014
 SINGLE POLE (MadLoop)  -1.4040118860732678E-014
 DOUBLE POLE (MadLoop)  -2.2453848269334326E-014
 FINITE PART (MadLoop)   2.2824736300138240E-014
   325.00000000000000        0.0000000000000000        0.0000000000000000        325.00000000000000        0.0000000000000000     
   325.00000000000000        0.0000000000000000        0.0000000000000000       -325.00000000000000        0.0000000000000000     
   196.92956241462224        97.562837065621736       -139.71189746594760       -98.692316590432171        1.7769999999999999     
   222.07239685065443       -210.93824753953916        67.049257397592768       -17.956740276955145        1.7769999999999999     
   157.93751257179383        93.380649646662491        112.87529902680313        59.021004892687017        0.0000000000000000     
   73.060528162930495        19.994760827254950       -40.212658958448280        57.628051974700320        0.0000000000000000     

 PASSED   1.0000000000000001E-005
 MU_R    =    325.00000000000000     
 ALPHA_S =   0.11799999999999999     
 BORN                    4.3888084624917837E-013
 SINGLE POLE (MadFKS)   -1.8941503980150215E-014
 DOUBLE POLE (MadFKS)   -4.6706404184825056E-014
 SINGLE POLE (MadLoop)  -1.8941503980183095E-014
 DOUBLE POLE (MadLoop)  -4.6706404184825075E-014
 FINITE PART (MadLoop)   3.3816656644096836E-014
   325.00000000000000        0.0000000000000000        0.0000000000000000        325.00000000000000        0.0000000000000000     
   325.00000000000000        0.0000000000000000        0.0000000000000000       -325.00000000000000        0.0000000000000000     
   230.73179901093511        153.81309512482497        166.99312484345705        41.095417858462923        1.7769999999999999     
   100.54347868154115       -21.960147381133460       -50.399835262302190       -84.163186185631162        1.7769999999999999     
   130.76410942925526       -114.62800648207303        60.019215950486043       -18.904130804165437        0.0000000000000000     
   187.96061287826848       -17.224941261618550       -176.61250553164095        61.971899131333799        0.0000000000000000     

 PASSED   1.0000000000000001E-005
 MU_R    =    325.00000000000000     
 ALPHA_S =   0.11799999999999999     
 BORN                    2.1304033307547846E-012
 SINGLE POLE (MadFKS)   -3.8408820013462319E-013
 DOUBLE POLE (MadFKS)   -2.2672094235444610E-013
 SINGLE POLE (MadLoop)  -3.8408820013462355E-013
 DOUBLE POLE (MadLoop)  -2.2672094235444362E-013
 FINITE PART (MadLoop)   7.6500059198495173E-014
   325.00000000000000        0.0000000000000000        0.0000000000000000        325.00000000000000        0.0000000000000000     
   325.00000000000000        0.0000000000000000        0.0000000000000000       -325.00000000000000        0.0000000000000000     
   151.69777115511437       -77.523948190373758       -119.04649056156656        53.169790166790648        1.7769999999999999     
   284.10146856108219        77.860515625463890        269.12386472032125        47.122948274685996        1.7769999999999999     
   139.96431865582809        45.138637116018018       -123.49118634797350       -47.983755902062292        0.0000000000000000     
   74.236441627976845       -45.475204551108199       -26.586187810781325       -52.308982539414281        0.0000000000000000     

 PASSED   1.0000000000000001E-005
 MU_R    =    325.00000000000000     
 ALPHA_S =   0.11799999999999999     
 BORN                    8.7398621897951793E-012
 SINGLE POLE (MadFKS)   -1.3088289834108747E-013
 DOUBLE POLE (MadFKS)   -9.3011016417080190E-013
 SINGLE POLE (MadLoop)  -1.3088289834050818E-013
 DOUBLE POLE (MadLoop)  -9.3011016417080634E-013
Thanks for using LHAPDF 6.2.1. Please make sure to cite the paper:
  Eur.Phys.J. C75 (2015) 3, 132  (http://arxiv.org/abs/1412.7420)
 FINITE PART (MadLoop)   9.3575507208144510E-013
   325.00000000000000        0.0000000000000000        0.0000000000000000        325.00000000000000        0.0000000000000000     
   325.00000000000000        0.0000000000000000        0.0000000000000000       -325.00000000000000        0.0000000000000000     
   267.27148385008979       -94.396203571939296       -10.923019453063176       -249.80178691847215        1.7769999999999999     
   97.380572418510695       -15.801409166171753        40.737748192275163        87.009019625225108        1.7769999999999999     
   55.097993478035086       -54.826947068687240        1.3724411178255020        5.2831019118567530        0.0000000000000000     
   230.24995025336437        165.02455980679829       -31.187169857037460        157.50966538139016        0.0000000000000000     

 PASSED   1.0000000000000001E-005
 MU_R    =    325.00000000000000     
 ALPHA_S =   0.11799999999999999     
 BORN                    1.7372412586424882E-013
 SINGLE POLE (MadFKS)   -5.2115525719940782E-015
 DOUBLE POLE (MadFKS)   -1.8488000350473749E-014
 SINGLE POLE (MadLoop)  -5.2115525725355713E-015
 DOUBLE POLE (MadLoop)  -1.8488000350480000E-014
 FINITE PART (MadLoop)   7.1443193959862943E-013
   325.00000000000000        0.0000000000000000        0.0000000000000000        325.00000000000000        0.0000000000000000     
   325.00000000000000        0.0000000000000000        0.0000000000000000       -325.00000000000000        0.0000000000000000     
   267.21828880134126        170.63115302632201       -194.97390699349194       -65.365444613480790        1.7769999999999999     
   43.733015516997902       -19.176519045552052       -14.473678972403784       -36.499214395783305        1.7769999999999999     
   239.64686799394607       -140.85413874160494        193.83626240715446        4.2703998282709623        0.0000000000000000     
   99.401827687714771       -10.600495239165005        15.611323558741324        97.594259180993134        0.0000000000000000     

 PASSED   1.0000000000000001E-005
 MU_R    =    325.00000000000000     
 ALPHA_S =   0.11799999999999999     
 BORN                    9.3633270035109824E-013
 SINGLE POLE (MadFKS)   -1.4843856341486057E-013
 DOUBLE POLE (MadFKS)   -9.9646029048252071E-014
 SINGLE POLE (MadLoop)  -1.4843856341485312E-013
 DOUBLE POLE (MadLoop)  -9.9646029048248739E-014
 FINITE PART (MadLoop)   1.4315013698844688E-013
   325.00000000000000        0.0000000000000000        0.0000000000000000        325.00000000000000        0.0000000000000000     
   325.00000000000000        0.0000000000000000        0.0000000000000000       -325.00000000000000        0.0000000000000000     
   106.01514793957581        6.8656982735936980       -13.128474957835691       -104.95979799974654        1.7769999999999999     
   282.60537816007349        75.033038889282764        90.831330437173307        256.87030681269977        1.7769999999999999     
   157.44939268457432       -28.020240282530043       -131.82152973926264       -81.414136907856857        0.0000000000000000     
   103.93008121578202       -53.878496880346397        54.118674259925022       -70.496371905096467        0.0000000000000000     

 PASSED   1.0000000000000001E-005
 MU_R    =    325.00000000000000     
 ALPHA_S =   0.11799999999999999     
 BORN                    3.2359312861780400E-012
 SINGLE POLE (MadFKS)   -4.1817156496653648E-013
 DOUBLE POLE (MadFKS)   -3.4437300205336832E-013
 SINGLE POLE (MadLoop)  -4.1817156496684415E-013
 DOUBLE POLE (MadLoop)  -3.4437300205336954E-013
 FINITE PART (MadLoop)   8.1010917198360562E-013
   325.00000000000000        0.0000000000000000        0.0000000000000000        325.00000000000000        0.0000000000000000     
   325.00000000000000        0.0000000000000000        0.0000000000000000       -325.00000000000000        0.0000000000000000     
   168.49983667879687       -62.832996994331189        39.304429556749469        151.31494816345838        1.7769999999999999     
   107.71277904219404        63.878403363093931        61.226616576071898        61.398176246701837        1.7769999999999999     
   177.15117088679492       -140.68498012534147       -75.742756404943151       -76.506918418376628        0.0000000000000000     
   196.63621339221424        139.63957375657873       -24.788289727878219       -136.20620599178358        0.0000000000000000     

 NUMBER OF POINTS PASSING THE CHECK          20
 NUMBER OF POINTS FAILING THE CHECK           0
 TOLERANCE    1.0000000000000001E-005
