==== LHAPDF6 USING DEFAULT-TYPE LHAGLUE INTERFACE ====
LHAPDF 6.2.1 loading /cvmfs/cms.cern.ch/slc6_amd64_gcc481/external/lhapdf/6.2.1/share/LHAPDF/NNPDF31_nnlo_as_0118_nf_4/NNPDF31_nnlo_as_0118_nf_4_0000.dat
NNPDF31_nnlo_as_0118_nf_4 PDF set, member #0, version 1; LHAPDF ID = 320900
 A PDF is used, so alpha_s(MZ) is going to be modified
 Old value of alpha_s from param_card:   0.11799999999999999     
 New value of alpha_s from PDF lhapdf :  0.11800240511781991     
 using LHAPDF
WARNING: the value of maxjetflavorspecified in the run_card (  4) is inconsistent with the number of light flavours inthe model. Hence it will be set to:  5
 *****************************************************
 *               MadGraph/MadEvent                   *
 *        --------------------------------           *
 *          http://madgraph.hep.uiuc.edu             *
 *          http://madgraph.phys.ucl.ac.be           *
 *          http://madgraph.roma2.infn.it            *
 *        --------------------------------           *
 *                                                   *
 *          PARAMETER AND COUPLING VALUES            *
 *                                                   *
 *****************************************************

  External Params
  ---------------------------------
  
 MU_R =    91.188000000000002     
 aEWM1 =    132.50700000000001     
 mdl_Gf =    1.1663900000000000E-005
 aS =   0.11799999999999999     
 mdl_ymt =    173.00000000000000     
 mdl_ymtau =    1.7769999999999999     
 mdl_MT =    173.00000000000000     
 mdl_MZ =    91.188000000000002     
 mdl_MH =    125.00000000000000     
 mdl_MTA =    1.7769999999999999     
 mdl_WT =    1.4915000000000000     
 mdl_WZ =    2.4414039999999999     
 mdl_WW =    2.0476000000000001     
 mdl_WH =    6.3823389999999999E-003
  Internal Params
  ---------------------------------
  
 mdl_conjg__CKM3x3 =    1.0000000000000000     
 mdl_CKM22 =    1.0000000000000000     
 mdl_I4x33 =    0.0000000000000000     
 mdl_I1x33 =    0.0000000000000000     
 mdl_lhv =    1.0000000000000000     
 mdl_CKM3x3 =    1.0000000000000000     
 mdl_conjg__CKM22 =    1.0000000000000000     
 mdl_conjg__CKM33 =    1.0000000000000000     
 mdl_Ncol =    3.0000000000000000     
 mdl_CA =    3.0000000000000000     
 mdl_TF =   0.50000000000000000     
 mdl_CF =    1.3333333333333333     
 mdl_complexi =  (  0.0000000000000000     ,  1.0000000000000000     )
 mdl_MZ__exp__2 =    8315.2513440000002     
 mdl_MZ__exp__4 =    69143404.913893804     
 mdl_sqrt__2 =    1.4142135623730951     
 mdl_MH__exp__2 =    15625.000000000000     
 mdl_Ncol__exp__2 =    9.0000000000000000     
 mdl_MT__exp__2 =    29929.000000000000     
 mdl_aEW =    7.5467711139788835E-003
 mdl_MW =    80.419002445756163     
 mdl_sqrt__aEW =    8.6872153846781555E-002
 mdl_ee =   0.30795376724436879     
 mdl_MW__exp__2 =    6467.2159543705357     
 mdl_sw2 =   0.22224648578577766     
 mdl_cw =   0.88190334743339216     
 mdl_sqrt__sw2 =   0.47143025548407230     
 mdl_sw =   0.47143025548407230     
 mdl_g1 =   0.34919219678733299     
 mdl_gw =   0.65323293034757990     
 mdl_v =    246.21845810181637     
 mdl_v__exp__2 =    60623.529110035903     
 mdl_lam =   0.12886910601690263     
 mdl_yt =   0.99366614581500623     
 mdl_ytau =    1.0206617000654717E-002
 mdl_muH =    88.388347648318430     
 mdl_AxialZUp =  -0.18517701861793787     
 mdl_AxialZDown =   0.18517701861793787     
 mdl_VectorZUp =    7.5430507588273299E-002
 mdl_VectorZDown =  -0.13030376310310560     
 mdl_VectorAUp =   0.20530251149624587     
 mdl_VectorADown =  -0.10265125574812294     
 mdl_VectorWmDxU =   0.23095271737156670     
 mdl_AxialWmDxU =  -0.23095271737156670     
 mdl_VectorWpUxD =   0.23095271737156670     
 mdl_AxialWpUxD =  -0.23095271737156670     
 mdl_I2x33 =  ( 0.99366614581500623     ,  0.0000000000000000     )
 mdl_I3x33 =  ( 0.99366614581500623     ,  0.0000000000000000     )
 mdl_Vector_tbGp =  (-0.99366614581500623     ,  0.0000000000000000     )
 mdl_Axial_tbGp =  (-0.99366614581500623     , -0.0000000000000000     )
 mdl_Vector_tbGm =  ( 0.99366614581500623     ,  0.0000000000000000     )
 mdl_Axial_tbGm =  (-0.99366614581500623     ,  0.0000000000000000     )
 mdl_gw__exp__2 =   0.42671326129048615     
 mdl_cw__exp__2 =   0.77775351421422245     
 mdl_ee__exp__2 =    9.4835522759998875E-002
 mdl_sw__exp__2 =   0.22224648578577769     
 mdl_yt__exp__2 =   0.98737240933884918     
  Internal Params evaluated point by point
  ----------------------------------------
  
 mdl_sqrt__aS =   0.34351128074635334     
 mdl_G__exp__4 =    2.1987899468922913     
 mdl_G__exp__2 =    1.4828317324943823     
 mdl_R2MixedFactor_FIN_ =   -2.5040377713124864E-002
 mdl_G_UVg_1EPS_ =   -5.1645779033320030E-002
 mdl_G_UVq_1EPS_ =    3.1300472141406080E-003
 mdl_GWcft_UV_t_1EPS_ =   -3.1300472141406080E-003
 mdl_tWcft_UV_1EPS_ =   -1.8780283284843650E-002
 mdl_G__exp__3 =    1.8056676068262196     
 mdl_MU_R__exp__2 =    8315.2513440000002     
 mdl_G_UVt_FIN_ =   -4.0087659331150384E-003
 mdl_GWcft_UV_t_FIN_ =    4.0087659331150384E-003
 mdl_tWcft_UV_FIN_ =   -9.8778211443463623E-004
  Couplings of loop_sm-no_b_mass
  ---------------------------------
  
      UV_GQQt =   0.00000E+00  -0.48815E-02
   UVWfct_G_2 =   0.40088E-02   0.00000E+00
       R2_DDA =   0.00000E+00   0.25704E-02
       R2_UUA =  -0.00000E+00  -0.51409E-02
    R2_DDZ_V2 =   0.00000E+00   0.72127E-02
    R2_UUZ_V2 =  -0.00000E+00  -0.72127E-02
    R2_UUZ_V5 =   0.00000E+00   0.68702E-03
      R2_GGHt =   0.00000E+00  -0.45657E+01
     R2_GGZup =  -0.46369E-02   0.00000E+00
   R2_GGZdown =   0.46369E-02   0.00000E+00
    R2_GGZAup =   0.00000E+00   0.19389E-03
  R2_GGZAdown =   0.00000E+00   0.16747E-03
  R2_GGAAdown =   0.00000E+00   0.13193E-03
    R2_GGAAup =   0.00000E+00   0.52771E-03
         GC_4 =  -0.12177E+01   0.00000E+00
         GC_5 =   0.00000E+00   0.12177E+01
       R2_GQQ =  -0.00000E+00  -0.30492E-01
       R2_QQq =   0.00000E+00   0.12520E-01
 UV_GQQg_1eps =   0.00000E+00  -0.62890E-01
 UV_GQQq_1eps =   0.00000E+00   0.38115E-02
 UVWfct_G_2_1eps -0.31300E-02   0.00000E+00
         GC_1 =  -0.00000E+00  -0.10265E+00
         GC_2 =   0.00000E+00   0.20530E+00
        GC_21 =  -0.00000E+00  -0.28804E+00
        GC_22 =   0.00000E+00   0.28804E+00
        GC_23 =  -0.00000E+00  -0.27437E-01
        GC_24 =   0.00000E+00   0.82310E-01
        GC_37 =  -0.00000E+00  -0.70263E+00
        GC_38 =  -0.00000E+00  -0.72172E-02
      GC_1003 =  -0.00000E+00  -0.30795E+00

 Collider parameters:
 --------------------

 Running at P P   machine @    13000.000000000000       GeV
 PDF set = lhapdf 
 alpha_s(Mz)= 0.1180 running at 3 loops.
 alpha_s(Mz)= 0.1180 running at 3 loops.
 Renormalization scale set on event-by-event basis
 Factorization   scale set on event-by-event basis


 ===============================================================
 INFO: MadFKS read these parameters from FKS_params.dat
 ===============================================================
  > IRPoleCheckThreshold      =    1.0000000000000001E-005
  > PrecisionVirtualAtRunTime =    1.0000000000000000E-003
  > NHelForMCoverHels         =            4
  > VirtualFraction           =    1.0000000000000000     
  > MinVirtualFraction        =    5.0000000000000001E-003
 ===============================================================
  Insert the number of points to test
 Insert the relative tolerance
  A negative number will mean use the default one:    1.0000000000000001E-005
Using random seed offsets:     1 ,     32 ,      0
  with seed                   32
 Ranmar initialization seeds       10730        9438
  ========================================================================================== 
 {                                                                                          }
 {       [32m                                                                            [0m       }
 {       [32m                               ,,                                           [0m       }
 {       [32m`7MMM.     ,MMF'             `7MM  `7MMF'                                   [0m       }
 {       [32m  MMMb    dPMM                 MM    MM                                     [0m       }
 {       [32m  M YM   ,M MM   ,6"Yb.   ,M""bMM    MM         ,pW"Wq.   ,pW"Wq.`7MMpdMAo. [0m       }
 {       [32m  M  Mb  M' MM  8)   MM ,AP    MM    MM        6W'   `Wb 6W'   `Wb MM   `Wb [0m       }
 {       [32m  M  YM.P'  MM   ,pm9MM 8MI    MM    MM      , 8M     M8 8M     M8 MM    M8 [0m       }
 {       [32m  M  `YM'   MM  8M   MM `Mb    MM    MM     ,M YA.   ,A9 YA.   ,A9 MM   ,AP [0m       }
 {       [32m.JML. `'  .JMML.`Moo9^Yo.`Wbmd"MML..JMMmmmmMMM  `Ybmd9'   `Ybmd9'  MMbmmd'  [0m       }
 {       [32m                                                                   MM       [0m       }
 {       [32m                                                                 .JMML.     [0m       }
 {       [32m[0mv2.6.0 (2017-08-16), Ref: arXiv:1103.0621v2, arXiv:1405.0301[32m                [0m       }
 {       [32m                                                                            [0m       }
 {                                                                                          }
  ========================================================================================== 
 ===============================================================
 INFO: MadLoop read these parameters from ./MadLoop5_resources/MadLoopParams.dat                                                                                                                                                                                                                                                                                                                                                                                                                                                                                          
 ===============================================================
  > MLReductionLib            = 6|7|1
  > CTModeRun                 =           -1
  > MLStabThres               =    1.0000000000000000E-003
  > NRotations_DP             =            0
  > NRotations_QP             =            0
  > CTStabThres               =    1.0000000000000000E-002
  > CTLoopLibrary             =            2
  > CTModeInit                =            1
  > CheckCycle                =            3
  > MaxAttempts               =           10
  > UseLoopFilter             =  F
  > HelicityFilterLevel       =            2
  > ImprovePSPoint            =            2
  > DoubleCheckHelicityFilter =  T
  > LoopInitStartOver         =  F
  > HelInitStartOver          =  F
  > ZeroThres                 =    1.0000000000000001E-009
  > OSThres                   =    1.0000000000000000E-008
  > WriteOutFilters           =  T
  > UseQPIntegrandForNinja    =  T
  > UseQPIntegrandForCutTools =  T
  > IREGIMODE                 =            2
  > IREGIRECY                 =  T
  > COLLIERMode               =            1
  > COLLIERRequiredAccuracy   =    1.0000000000000000E-008
  > COLLIERCanOutput          =  F
  > COLLIERComputeUVpoles     =  T
  > COLLIERComputeIRpoles     =  T
  > COLLIERGlobalCache        =           -1
  > COLLIERUseCacheForPoles   =  F
  > COLLIERUseInternalStabilityTest =  T
 ===============================================================
  
------------------------------------------------------------------------
|              You are using CutTools - Version 1.9.3                  |
|              Authors: G. Ossola, C. Papadopoulos, R. Pittau          |
|              Published in JHEP 0803:042,2008                         |
|              http://www.ugr.es/~pittau/CutTools                      |
|                                                                      |
|              Compiler with  34  significant digits detetected        |
 ---------------------------------------------------------------------- 
   
########################################################################
#                                                                      #
#                      You are using OneLOop-3.6                       #
#                                                                      #
# for the evaluation of 1-loop scalar 1-, 2-, 3- and 4-point functions #
#                                                                      #
# author: Andreas van Hameren <hamerenREMOVETHIS@ifj.edu.pl>           #
#   date: 18-02-2015                                                   #
#                                                                      #
# Please cite                                                          #
#    A. van Hameren,                                                   #
#      Comput.Phys.Commun. 182 (2011) 2427-2438, arXiv:1007.4716       #
#    A. van Hameren, C.G. Papadopoulos and R. Pittau,                  #
#      JHEP 0909:106,2009, arXiv:0903.4665                             #
# in publications with results obtained with the help of this program. #
#                                                                      #
########################################################################
 PASSED   1.0000000000000001E-005
 MU_R    =    325.00000000000000     
 ALPHA_S =   0.11799999999999999     
 BORN                    1.6566996918612493E-011
 SINGLE POLE (MadFKS)   -4.0906310876985089E-012
 DOUBLE POLE (MadFKS)   -1.7630864067604884E-012
 SINGLE POLE (MadLoop)  -4.0906310877037515E-012
 DOUBLE POLE (MadLoop)  -1.7630864067604957E-012
 FINITE PART (MadLoop)   1.3746317227260045E-012
   325.00000000000000        0.0000000000000000        0.0000000000000000        325.00000000000000        0.0000000000000000     
   325.00000000000000        0.0000000000000000        0.0000000000000000       -325.00000000000000        0.0000000000000000     
   238.75688287318613       -206.96419250464984        117.42777064182614       -19.448215684457470        1.7769999999999999     
   92.523777851991312        55.285255184480199        74.123782108792312       -2.5878995497938360        1.7769999999999999     
   209.42277660076599        86.596412637426184       -159.86878054951941        103.92754054201684        0.0000000000000000     
   109.29656267405660        65.082524682743411       -31.682772201099020       -81.891425307765545        0.0000000000000000     

 PASSED   1.0000000000000001E-005
 MU_R    =    325.00000000000000     
 ALPHA_S =   0.11799999999999999     
 BORN                    1.4239454197945744E-010
 SINGLE POLE (MadFKS)   -2.1946968454868419E-011
 DOUBLE POLE (MadFKS)   -1.5153855740675372E-011
 SINGLE POLE (MadLoop)  -2.1946968454878138E-011
 DOUBLE POLE (MadLoop)  -1.5153855740675392E-011
 FINITE PART (MadLoop)   2.2346774373972450E-011
   325.00000000000000        0.0000000000000000        0.0000000000000000        325.00000000000000        0.0000000000000000     
   325.00000000000000        0.0000000000000000        0.0000000000000000       -325.00000000000000        0.0000000000000000     
   192.47915530061448       -185.46255895498916        32.735725613250565       -39.712453848625344        1.7769999999999999     
   169.28698873544874        165.16516509217738        34.359004119048656       -13.959007920942934        1.7769999999999999     
   116.66661172726045       -112.30499844480360        30.954968578671124        6.3620387082670922        0.0000000000000000     
   171.56724423667882        132.60239230761536       -98.049698310970314        47.309423061301175        0.0000000000000000     

 PASSED   1.0000000000000001E-005
 MU_R    =    325.00000000000000     
 ALPHA_S =   0.11799999999999999     
 BORN                    3.2534802439735514E-010
 SINGLE POLE (MadFKS)   -3.8063614668962224E-011
 DOUBLE POLE (MadFKS)   -3.4624059031297131E-011
 SINGLE POLE (MadLoop)  -3.8063614668867272E-011
 DOUBLE POLE (MadLoop)  -3.4624059031292329E-011
 FINITE PART (MadLoop)   6.0545712601881125E-011
   325.00000000000000        0.0000000000000000        0.0000000000000000        325.00000000000000        0.0000000000000000     
   325.00000000000000        0.0000000000000000        0.0000000000000000       -325.00000000000000        0.0000000000000000     
   85.899348976731716        27.007712715519784        30.605397465360078       -75.560793573715344        1.7769999999999999     
   254.49853755239695       -38.093438603079051       -250.51571557947327        23.603263977820891        1.7769999999999999     
   78.841963187503069       -7.9275336730662040       -8.5892586215866142        77.970725310551586        0.0000000000000000     
   230.76015028336835        19.013259560625503        228.49957673569983       -26.013195714657126        0.0000000000000000     

 PASSED   1.0000000000000001E-005
 MU_R    =    325.00000000000000     
 ALPHA_S =   0.11799999999999999     
 BORN                    1.9915438116954780E-011
 SINGLE POLE (MadFKS)   -2.6419940515784707E-012
 DOUBLE POLE (MadFKS)   -2.1194328942763755E-012
 SINGLE POLE (MadLoop)  -2.6419940515813977E-012
 DOUBLE POLE (MadLoop)  -2.1194328942764167E-012
 FINITE PART (MadLoop)   2.7900900710308570E-012
   325.00000000000000        0.0000000000000000        0.0000000000000000        325.00000000000000        0.0000000000000000     
   325.00000000000000        0.0000000000000000        0.0000000000000000       -325.00000000000000        0.0000000000000000     
   172.51918785287484       -125.00525393081254       -118.77058443769359        5.1910702593287894        1.7769999999999999     
   84.409622092544112       -69.368689134138734       -47.180461100904843       -9.1550877070258565        1.7769999999999999     
   172.61718023835962        139.90248312549380       -25.995824820171162        97.714907873272949        0.0000000000000000     
   220.45400981622146        54.471459939457453        191.94687035876970       -93.750890425576102        0.0000000000000000     

 PASSED   1.0000000000000001E-005
 MU_R    =    325.00000000000000     
 ALPHA_S =   0.11799999999999999     
 BORN                    5.4419500662148529E-011
 SINGLE POLE (MadFKS)   -5.6662054540593914E-012
 DOUBLE POLE (MadFKS)   -5.7914106190443539E-012
 SINGLE POLE (MadLoop)  -5.6662054540575254E-012
 DOUBLE POLE (MadLoop)  -5.7914106190440308E-012
 FINITE PART (MadLoop)   1.0470943785953581E-011
   325.00000000000000        0.0000000000000000        0.0000000000000000        325.00000000000000        0.0000000000000000     
   325.00000000000000        0.0000000000000000        0.0000000000000000       -325.00000000000000        0.0000000000000000     
   133.23108870184012        128.31107178668185        21.856291228919243        28.389023553958985        1.7769999999999999     
   201.32966597872252        56.337901337983766       -183.32252469864108       -61.232095220168439        1.7769999999999999     
   52.046859853000129        35.568498562808124        28.904007800659311       -24.664060160581464        0.0000000000000000     
   263.39238546644179       -220.21747168747379        132.56222566906251        57.507131826790832        0.0000000000000000     

 PASSED   1.0000000000000001E-005
 MU_R    =    325.00000000000000     
 ALPHA_S =   0.11799999999999999     
 BORN                    9.8618488646394975E-011
 SINGLE POLE (MadFKS)   -8.4708165503071349E-012
 DOUBLE POLE (MadFKS)   -1.0495137872113797E-011
 SINGLE POLE (MadLoop)  -8.4708165502981862E-012
 DOUBLE POLE (MadLoop)  -1.0495137872114713E-011
 FINITE PART (MadLoop)   1.5766488718962107E-011
   325.00000000000000        0.0000000000000000        0.0000000000000000        325.00000000000000        0.0000000000000000     
   325.00000000000000        0.0000000000000000        0.0000000000000000       -325.00000000000000        0.0000000000000000     
   24.052403485149089       -6.9959509492648735       -21.317911648076457        8.4831419705612419        1.7769999999999999     
   157.43848182122312       -77.463925095591378       -136.39427407322211       -13.403735971548242        1.7769999999999999     
   161.13485336303373        45.466403685229309       -141.92577135754053        61.272526705083884        0.0000000000000000     
   307.37426133059415        38.993472359626921        299.63795707883924       -56.351932704096882        0.0000000000000000     

 PASSED   1.0000000000000001E-005
 MU_R    =    325.00000000000000     
 ALPHA_S =   0.11799999999999999     
 BORN                    2.7215756282752095E-011
 SINGLE POLE (MadFKS)   -7.7172346196777835E-012
 DOUBLE POLE (MadFKS)   -2.8963444725409701E-012
 SINGLE POLE (MadLoop)  -7.7172346196789499E-012
 DOUBLE POLE (MadLoop)  -2.8963444725410496E-012
 FINITE PART (MadLoop)  -1.3169528270986971E-012
   325.00000000000000        0.0000000000000000        0.0000000000000000        325.00000000000000        0.0000000000000000     
   325.00000000000000        0.0000000000000000        0.0000000000000000       -325.00000000000000        0.0000000000000000     
   262.76581402191749       -43.843426420743761        125.57143101851958        226.61042553521429        1.7769999999999999     
   54.792566258899178       -46.106526848306913       -16.765217564882754       -24.334815598733346        1.7769999999999999     
   173.00301561843713        138.62283013111426       -89.696552586748140       -51.655424047877993        0.0000000000000000     
   159.43860410074623       -48.672876862063546       -19.109660866888685       -150.62018588860298        0.0000000000000000     

 PASSED   1.0000000000000001E-005
 MU_R    =    325.00000000000000     
 ALPHA_S =   0.11799999999999999     
 BORN                    3.8706056932860473E-012
 SINGLE POLE (MadFKS)   -7.2072174979301227E-013
 DOUBLE POLE (MadFKS)   -4.1191607128843017E-013
 SINGLE POLE (MadLoop)  -7.2072174979316343E-013
 DOUBLE POLE (MadLoop)  -4.1191607128842851E-013
 FINITE PART (MadLoop)   6.2188110261673195E-013
   325.00000000000000        0.0000000000000000        0.0000000000000000        325.00000000000000        0.0000000000000000     
   325.00000000000000        0.0000000000000000        0.0000000000000000       -325.00000000000000        0.0000000000000000     
   144.78655642773859        47.879077033380547        107.94612145245284        83.756898456226409        1.7769999999999999     
   198.54495245757050       -89.838218668069914        172.94913048158179       -37.876551447983218        1.7769999999999999     
   180.45683293655168        54.680819846551969       -157.48824357366516       -69.080602418344142        0.0000000000000000     
   126.21165817814297       -12.721678211862336       -123.40700836036949        23.200255410100844        0.0000000000000000     

 PASSED   1.0000000000000001E-005
 MU_R    =    325.00000000000000     
 ALPHA_S =   0.11799999999999999     
 BORN                    1.1378410008310527E-010
 SINGLE POLE (MadFKS)   -1.5381138122410462E-011
 DOUBLE POLE (MadFKS)   -1.2109086586273072E-011
 SINGLE POLE (MadLoop)  -1.5381138122367485E-011
 DOUBLE POLE (MadLoop)  -1.2109086586273138E-011
 FINITE PART (MadLoop)   1.0143650469007443E-011
   325.00000000000000        0.0000000000000000        0.0000000000000000        325.00000000000000        0.0000000000000000     
   325.00000000000000        0.0000000000000000        0.0000000000000000       -325.00000000000000        0.0000000000000000     
   127.68418252244142       -54.954081183379841        16.432462415472475       -114.06189494164434        1.7769999999999999     
   175.81535619339132       -41.081540556059096       -120.25804991666008       -121.48329185609035        1.7769999999999999     
   64.012850268800108       -49.159611882638913       -26.517230251698539        31.270018529935911        0.0000000000000000     
   282.48761101536712        145.19523362207786        130.34281775288619        204.27516826779876        0.0000000000000000     

 PASSED   1.0000000000000001E-005
 MU_R    =    325.00000000000000     
 ALPHA_S =   0.11799999999999999     
 BORN                    9.1454145323955073E-012
 SINGLE POLE (MadFKS)   -1.2095296854873153E-012
 DOUBLE POLE (MadFKS)   -9.7326969549571013E-013
 SINGLE POLE (MadLoop)  -1.2095296854874964E-012
 DOUBLE POLE (MadLoop)  -9.7326969549570084E-013
 FINITE PART (MadLoop)   1.9533641864456227E-012
   325.00000000000000        0.0000000000000000        0.0000000000000000        325.00000000000000        0.0000000000000000     
   325.00000000000000        0.0000000000000000        0.0000000000000000       -325.00000000000000        0.0000000000000000     
   102.52068114726393       -1.6734408597626140        2.1684636700544986        102.46867665242627        1.7769999999999999     
   204.26072099889018        191.06222636836060        70.617384511684392       -15.089568379537088        1.7769999999999999     
   138.77088398156255        9.6887954171827531       -51.192579708840604       -128.61883713959742        0.0000000000000000     
   204.44771387228340       -199.07758092578072       -21.593268472898306        41.239728866708226        0.0000000000000000     

 PASSED   1.0000000000000001E-005
 MU_R    =    325.00000000000000     
 ALPHA_S =   0.11799999999999999     
 BORN                    9.6372226086084768E-011
 SINGLE POLE (MadFKS)   -2.5946016991791983E-011
 DOUBLE POLE (MadFKS)   -1.0256087004563467E-011
 SINGLE POLE (MadLoop)  -2.5946016991791525E-011
 DOUBLE POLE (MadLoop)  -1.0256087004563517E-011
 FINITE PART (MadLoop)  -1.7526047555346635E-011
   325.00000000000000        0.0000000000000000        0.0000000000000000        325.00000000000000        0.0000000000000000     
   325.00000000000000        0.0000000000000000        0.0000000000000000       -325.00000000000000        0.0000000000000000     
   70.947023535895980        8.2756999239107625       -45.290818090620313       -53.949763734929384        1.7769999999999999     
   295.04479765076610       -108.12369966574066       -47.824835189016461        270.31523375776965        1.7769999999999999     
   224.26400841835220        65.441608824468062        44.717971200007767       -209.79047728170920        0.0000000000000000     
   59.744170394985808        34.406390917361868        48.397682079629107       -6.5749927411310285        0.0000000000000000     

 PASSED   1.0000000000000001E-005
 MU_R    =    325.00000000000000     
 ALPHA_S =   0.11799999999999999     
 BORN                    1.5661292722888292E-011
 SINGLE POLE (MadFKS)   -3.5375780736900376E-012
 DOUBLE POLE (MadFKS)   -1.6666999123419805E-012
 SINGLE POLE (MadLoop)  -3.5375780736959240E-012
 DOUBLE POLE (MadLoop)  -1.6666999123423483E-012
 FINITE PART (MadLoop)   1.7030395903655828E-012
   325.00000000000000        0.0000000000000000        0.0000000000000000        325.00000000000000        0.0000000000000000     
   325.00000000000000        0.0000000000000000        0.0000000000000000       -325.00000000000000        0.0000000000000000     
   130.05730804438920        84.991901436040862        98.428236235232063       -6.8181088341678478E-002   1.7769999999999999     
   181.55899070688139        58.468285677885561        22.981276785263667       -170.33446470021775        1.7769999999999999     
   239.70288486624509       -86.898521537945527       -54.989740668736758        216.52308973618648        0.0000000000000000     
   98.680816382490434       -56.561665575980889       -66.419772351758979       -46.120443947627066        0.0000000000000000     

 PASSED   1.0000000000000001E-005
 MU_R    =    325.00000000000000     
 ALPHA_S =   0.11799999999999999     
 BORN                    1.2353703409395535E-007
 SINGLE POLE (MadFKS)   -4.1179811126812907E-008
 DOUBLE POLE (MadFKS)   -1.3147009479905260E-008
 SINGLE POLE (MadLoop)  -4.1179811124077626E-008
 DOUBLE POLE (MadLoop)  -1.3147009479904649E-008
 FINITE PART (MadLoop)  -3.6110724675555967E-008
   325.00000000000000        0.0000000000000000        0.0000000000000000        325.00000000000000        0.0000000000000000     
   325.00000000000000        0.0000000000000000        0.0000000000000000       -325.00000000000000        0.0000000000000000     
   311.00912658473004        217.87624313108952        217.45643427352164       -44.341413623434811        1.7769999999999999     
   288.99846129848402       -190.00587754050875       -216.49697043002328        23.319116590774836        1.7769999999999999     
   7.5559855433605820        5.7434485897794723      -0.56125349382634737       -4.8775721771904132        0.0000000000000000     
   42.436426573425472       -33.613814180360279      -0.39821034967201341        25.899869209850383        0.0000000000000000     

 PASSED   1.0000000000000001E-005
 MU_R    =    325.00000000000000     
 ALPHA_S =   0.11799999999999999     
 BORN                    1.1408101253389942E-010
 SINGLE POLE (MadFKS)   -1.7479682470730390E-011
 DOUBLE POLE (MadFKS)   -1.2140684485914438E-011
 SINGLE POLE (MadLoop)  -1.7479682470729640E-011
 DOUBLE POLE (MadLoop)  -1.2140684485914530E-011
 FINITE PART (MadLoop)   9.9809554261224749E-012
   325.00000000000000        0.0000000000000000        0.0000000000000000        325.00000000000000        0.0000000000000000     
   325.00000000000000        0.0000000000000000        0.0000000000000000       -325.00000000000000        0.0000000000000000     
   289.64437180046451        61.816849695466992       -248.94268389334829       -134.52479926166123        1.7769999999999999     
   15.179683139842576        8.8202652087561635       -8.4017584813415596        8.8813527851578797        1.7769999999999999     
   138.66526173370769        39.559026544164240        132.86578013289474        3.1341187330803555        0.0000000000000000     
   206.51068332598521       -110.19614144838738        124.47866224179513        122.50932774342300        0.0000000000000000     

 PASSED   1.0000000000000001E-005
 MU_R    =    325.00000000000000     
 ALPHA_S =   0.11799999999999999     
 BORN                    1.1422515062188013E-009
 SINGLE POLE (MadFKS)   -2.5577388949448361E-010
 DOUBLE POLE (MadFKS)   -1.2156023892619445E-010
 SINGLE POLE (MadLoop)  -2.5577388949441594E-010
 DOUBLE POLE (MadLoop)  -1.2156023892619182E-010
 FINITE PART (MadLoop)   9.1045829553485393E-011
   325.00000000000000        0.0000000000000000        0.0000000000000000        325.00000000000000        0.0000000000000000     
   325.00000000000000        0.0000000000000000        0.0000000000000000       -325.00000000000000        0.0000000000000000     
   285.02041594634613        151.97513999803888        54.722237912219846       -234.82443075132338        1.7769999999999999     
   156.49861668719686       -75.919227137912159       -44.389632164733989        129.43913937858164        1.7769999999999999     
   42.973086757084239        11.800374355895425       -23.038507136658648       -34.302544211861928        0.0000000000000000     
   165.50788060937407       -87.856287216022125        12.705901389172785        139.68783558460365        0.0000000000000000     

 PASSED   1.0000000000000001E-005
 MU_R    =    325.00000000000000     
 ALPHA_S =   0.11799999999999999     
 BORN                    1.0965810621452826E-011
 SINGLE POLE (MadFKS)   -1.2094421822669784E-012
 DOUBLE POLE (MadFKS)   -1.1669991695400450E-012
 SINGLE POLE (MadLoop)  -1.2094421822667300E-012
 DOUBLE POLE (MadLoop)  -1.1669991695400386E-012
 FINITE PART (MadLoop)   1.4791455818180646E-012
   325.00000000000000        0.0000000000000000        0.0000000000000000        325.00000000000000        0.0000000000000000     
   325.00000000000000        0.0000000000000000        0.0000000000000000       -325.00000000000000        0.0000000000000000     
   158.73336589834108        124.43481201723326       -83.735332603774623       -51.937417652283145        1.7769999999999999     
   153.07936282228843       -4.0189445779895623       -106.44821347217480        109.92160627528679        1.7769999999999999     
   93.806578654486827       -31.542940178082645       -36.345924917325362       -80.521369000324825        0.0000000000000000     
   244.38069262488901       -88.872927261161053        226.52947099327483        22.537180377321125        0.0000000000000000     

 PASSED   1.0000000000000001E-005
 MU_R    =    325.00000000000000     
 ALPHA_S =   0.11799999999999999     
 BORN                    3.2559848901748804E-011
 SINGLE POLE (MadFKS)   -4.5032815843542906E-012
 DOUBLE POLE (MadFKS)   -3.4650713878237712E-012
 SINGLE POLE (MadLoop)  -4.5032815843714675E-012
 DOUBLE POLE (MadLoop)  -3.4650713878238249E-012
Thanks for using LHAPDF 6.2.1. Please make sure to cite the paper:
  Eur.Phys.J. C75 (2015) 3, 132  (http://arxiv.org/abs/1412.7420)
 FINITE PART (MadLoop)   4.4970692987762319E-012
   325.00000000000000        0.0000000000000000        0.0000000000000000        325.00000000000000        0.0000000000000000     
   325.00000000000000        0.0000000000000000        0.0000000000000000       -325.00000000000000        0.0000000000000000     
   117.16119812944352        10.462260971623616        81.542281915479791       -83.456491500091062        1.7769999999999999     
   174.62710411483778       -88.536730253117881       -71.003502326565254        132.70726361425162        1.7769999999999999     
   146.29440173431428       -82.011481680121562       -112.45219694425265        45.062980969339215        0.0000000000000000     
   211.91729602140441        160.08595096161582        101.91341735533805       -94.313753083499776        0.0000000000000000     

 PASSED   1.0000000000000001E-005
 MU_R    =    325.00000000000000     
 ALPHA_S =   0.11799999999999999     
 BORN                    1.6881558317917035E-011
 SINGLE POLE (MadFKS)   -4.7122367974749450E-012
 DOUBLE POLE (MadFKS)   -1.7965625358338464E-012
 SINGLE POLE (MadLoop)  -4.7122367974742681E-012
 DOUBLE POLE (MadLoop)  -1.7965625358338503E-012
 FINITE PART (MadLoop)  -6.6199707994712888E-013
   325.00000000000000        0.0000000000000000        0.0000000000000000        325.00000000000000        0.0000000000000000     
   325.00000000000000        0.0000000000000000        0.0000000000000000       -325.00000000000000        0.0000000000000000     
   93.606695352978548        83.213425257641802       -17.030047156240016       -39.300878319096576        1.7769999999999999     
   196.93281380887018        128.11354397953460        148.77329968536009        15.257803754570956        1.7769999999999999     
   286.29889372065838       -262.14361023524231       -112.37405334836133       -24.896913314019425        0.0000000000000000     
   73.161597117492931        50.816640998065886       -19.369199180758681        48.939987878545047        0.0000000000000000     

 PASSED   1.0000000000000001E-005
 MU_R    =    325.00000000000000     
 ALPHA_S =   0.11799999999999999     
 BORN                    8.8649195088147358E-012
 SINGLE POLE (MadFKS)   -1.1981825289097082E-012
 DOUBLE POLE (MadFKS)   -9.4341896481297394E-013
 SINGLE POLE (MadLoop)  -1.1981825289141868E-012
 DOUBLE POLE (MadLoop)  -9.4341896481297212E-013
 FINITE PART (MadLoop)   1.1537460205837309E-012
   325.00000000000000        0.0000000000000000        0.0000000000000000        325.00000000000000        0.0000000000000000     
   325.00000000000000        0.0000000000000000        0.0000000000000000       -325.00000000000000        0.0000000000000000     
   89.441471281101897       -24.369661751207559       -82.418465876718443       -24.696864671210875        1.7769999999999999     
   119.52428829382220        19.997924478489750        117.80969601852969       -1.9637473663815290        1.7769999999999999     
   220.73789491001904       -173.49925743836286        44.890548744866592        128.87227999468331        0.0000000000000000     
   220.29634551505688        177.87099471108067       -80.281778886677841       -102.21166795709092        0.0000000000000000     

 PASSED   1.0000000000000001E-005
 MU_R    =    325.00000000000000     
 ALPHA_S =   0.11799999999999999     
 BORN                    2.8985540164733127E-012
 SINGLE POLE (MadFKS)   -4.5612936497050236E-013
 DOUBLE POLE (MadFKS)   -3.0846877142614435E-013
 SINGLE POLE (MadLoop)  -4.5612936497052336E-013
 DOUBLE POLE (MadLoop)  -3.0846877142614536E-013
 FINITE PART (MadLoop)  -6.1770756692602647E-014
   325.00000000000000        0.0000000000000000        0.0000000000000000        325.00000000000000        0.0000000000000000     
   325.00000000000000        0.0000000000000000        0.0000000000000000       -325.00000000000000        0.0000000000000000     
   144.35098328702725        46.928918772655202        129.01725154285162       -44.567634378433283        1.7769999999999999     
   149.51503832313696        52.956233604883323        113.64694583010190        81.434623973123550        1.7769999999999999     
   195.46143761218184       -163.44511110021060       -95.562454102816730       -48.566311541105328        0.0000000000000000     
   160.67254077765401        63.559958722672093       -147.10174327013681        11.699321946415047        0.0000000000000000     

 NUMBER OF POINTS PASSING THE CHECK          20
 NUMBER OF POINTS FAILING THE CHECK           0
 TOLERANCE    1.0000000000000001E-005
