==== LHAPDF6 USING DEFAULT-TYPE LHAGLUE INTERFACE ====
LHAPDF 6.2.1 loading /cvmfs/cms.cern.ch/slc6_amd64_gcc481/external/lhapdf/6.2.1/share/LHAPDF/NNPDF31_nnlo_as_0118_nf_4/NNPDF31_nnlo_as_0118_nf_4_0000.dat
NNPDF31_nnlo_as_0118_nf_4 PDF set, member #0, version 1; LHAPDF ID = 320900
 A PDF is used, so alpha_s(MZ) is going to be modified
 Old value of alpha_s from param_card:   0.11799999999999999     
 New value of alpha_s from PDF lhapdf :  0.11800240511781991     
 using LHAPDF
WARNING: the value of maxjetflavorspecified in the run_card (  4) is inconsistent with the number of light flavours inthe model. Hence it will be set to:  5
 *****************************************************
 *               MadGraph/MadEvent                   *
 *        --------------------------------           *
 *          http://madgraph.hep.uiuc.edu             *
 *          http://madgraph.phys.ucl.ac.be           *
 *          http://madgraph.roma2.infn.it            *
 *        --------------------------------           *
 *                                                   *
 *          PARAMETER AND COUPLING VALUES            *
 *                                                   *
 *****************************************************

  External Params
  ---------------------------------
  
 MU_R =    91.188000000000002     
 aEWM1 =    132.50700000000001     
 mdl_Gf =    1.1663900000000000E-005
 aS =   0.11799999999999999     
 mdl_ymt =    173.00000000000000     
 mdl_ymtau =    1.7769999999999999     
 mdl_MT =    173.00000000000000     
 mdl_MZ =    91.188000000000002     
 mdl_MH =    125.00000000000000     
 mdl_MTA =    1.7769999999999999     
 mdl_WT =    1.4915000000000000     
 mdl_WZ =    2.4414039999999999     
 mdl_WW =    2.0476000000000001     
 mdl_WH =    6.3823389999999999E-003
  Internal Params
  ---------------------------------
  
 mdl_conjg__CKM3x3 =    1.0000000000000000     
 mdl_CKM22 =    1.0000000000000000     
 mdl_I4x33 =    0.0000000000000000     
 mdl_I1x33 =    0.0000000000000000     
 mdl_lhv =    1.0000000000000000     
 mdl_CKM3x3 =    1.0000000000000000     
 mdl_conjg__CKM22 =    1.0000000000000000     
 mdl_conjg__CKM33 =    1.0000000000000000     
 mdl_Ncol =    3.0000000000000000     
 mdl_CA =    3.0000000000000000     
 mdl_TF =   0.50000000000000000     
 mdl_CF =    1.3333333333333333     
 mdl_complexi =  (  0.0000000000000000     ,  1.0000000000000000     )
 mdl_MZ__exp__2 =    8315.2513440000002     
 mdl_MZ__exp__4 =    69143404.913893804     
 mdl_sqrt__2 =    1.4142135623730951     
 mdl_MH__exp__2 =    15625.000000000000     
 mdl_Ncol__exp__2 =    9.0000000000000000     
 mdl_MT__exp__2 =    29929.000000000000     
 mdl_aEW =    7.5467711139788835E-003
 mdl_MW =    80.419002445756163     
 mdl_sqrt__aEW =    8.6872153846781555E-002
 mdl_ee =   0.30795376724436879     
 mdl_MW__exp__2 =    6467.2159543705357     
 mdl_sw2 =   0.22224648578577766     
 mdl_cw =   0.88190334743339216     
 mdl_sqrt__sw2 =   0.47143025548407230     
 mdl_sw =   0.47143025548407230     
 mdl_g1 =   0.34919219678733299     
 mdl_gw =   0.65323293034757990     
 mdl_v =    246.21845810181637     
 mdl_v__exp__2 =    60623.529110035903     
 mdl_lam =   0.12886910601690263     
 mdl_yt =   0.99366614581500623     
 mdl_ytau =    1.0206617000654717E-002
 mdl_muH =    88.388347648318430     
 mdl_AxialZUp =  -0.18517701861793787     
 mdl_AxialZDown =   0.18517701861793787     
 mdl_VectorZUp =    7.5430507588273299E-002
 mdl_VectorZDown =  -0.13030376310310560     
 mdl_VectorAUp =   0.20530251149624587     
 mdl_VectorADown =  -0.10265125574812294     
 mdl_VectorWmDxU =   0.23095271737156670     
 mdl_AxialWmDxU =  -0.23095271737156670     
 mdl_VectorWpUxD =   0.23095271737156670     
 mdl_AxialWpUxD =  -0.23095271737156670     
 mdl_I2x33 =  ( 0.99366614581500623     ,  0.0000000000000000     )
 mdl_I3x33 =  ( 0.99366614581500623     ,  0.0000000000000000     )
 mdl_Vector_tbGp =  (-0.99366614581500623     ,  0.0000000000000000     )
 mdl_Axial_tbGp =  (-0.99366614581500623     , -0.0000000000000000     )
 mdl_Vector_tbGm =  ( 0.99366614581500623     ,  0.0000000000000000     )
 mdl_Axial_tbGm =  (-0.99366614581500623     ,  0.0000000000000000     )
 mdl_gw__exp__2 =   0.42671326129048615     
 mdl_cw__exp__2 =   0.77775351421422245     
 mdl_ee__exp__2 =    9.4835522759998875E-002
 mdl_sw__exp__2 =   0.22224648578577769     
 mdl_yt__exp__2 =   0.98737240933884918     
  Internal Params evaluated point by point
  ----------------------------------------
  
 mdl_sqrt__aS =   0.34351128074635334     
 mdl_G__exp__4 =    2.1987899468922913     
 mdl_G__exp__2 =    1.4828317324943823     
 mdl_R2MixedFactor_FIN_ =   -2.5040377713124864E-002
 mdl_G_UVg_1EPS_ =   -5.1645779033320030E-002
 mdl_G_UVq_1EPS_ =    3.1300472141406080E-003
 mdl_GWcft_UV_t_1EPS_ =   -3.1300472141406080E-003
 mdl_tWcft_UV_1EPS_ =   -1.8780283284843650E-002
 mdl_G__exp__3 =    1.8056676068262196     
 mdl_MU_R__exp__2 =    8315.2513440000002     
 mdl_G_UVt_FIN_ =   -4.0087659331150384E-003
 mdl_GWcft_UV_t_FIN_ =    4.0087659331150384E-003
 mdl_tWcft_UV_FIN_ =   -9.8778211443463623E-004
  Couplings of loop_sm-no_b_mass
  ---------------------------------
  
      UV_GQQt =   0.00000E+00  -0.48815E-02
   UVWfct_G_2 =   0.40088E-02   0.00000E+00
       R2_DDA =   0.00000E+00   0.25704E-02
       R2_UUA =  -0.00000E+00  -0.51409E-02
    R2_DDZ_V2 =   0.00000E+00   0.72127E-02
    R2_UUZ_V2 =  -0.00000E+00  -0.72127E-02
    R2_UUZ_V5 =   0.00000E+00   0.68702E-03
      R2_GGHt =   0.00000E+00  -0.45657E+01
     R2_GGZup =  -0.46369E-02   0.00000E+00
   R2_GGZdown =   0.46369E-02   0.00000E+00
    R2_GGZAup =   0.00000E+00   0.19389E-03
  R2_GGZAdown =   0.00000E+00   0.16747E-03
  R2_GGAAdown =   0.00000E+00   0.13193E-03
    R2_GGAAup =   0.00000E+00   0.52771E-03
         GC_4 =  -0.12177E+01   0.00000E+00
         GC_5 =   0.00000E+00   0.12177E+01
       R2_GQQ =  -0.00000E+00  -0.30492E-01
       R2_QQq =   0.00000E+00   0.12520E-01
 UV_GQQg_1eps =   0.00000E+00  -0.62890E-01
 UV_GQQq_1eps =   0.00000E+00   0.38115E-02
 UVWfct_G_2_1eps -0.31300E-02   0.00000E+00
         GC_1 =  -0.00000E+00  -0.10265E+00
         GC_2 =   0.00000E+00   0.20530E+00
        GC_21 =  -0.00000E+00  -0.28804E+00
        GC_22 =   0.00000E+00   0.28804E+00
        GC_23 =  -0.00000E+00  -0.27437E-01
        GC_24 =   0.00000E+00   0.82310E-01
        GC_37 =  -0.00000E+00  -0.70263E+00
        GC_38 =  -0.00000E+00  -0.72172E-02
      GC_1003 =  -0.00000E+00  -0.30795E+00

 Collider parameters:
 --------------------

 Running at P P   machine @    13000.000000000000       GeV
 PDF set = lhapdf 
 alpha_s(Mz)= 0.1180 running at 3 loops.
 alpha_s(Mz)= 0.1180 running at 3 loops.
 Renormalization scale set on event-by-event basis
 Factorization   scale set on event-by-event basis


 ===============================================================
 INFO: MadFKS read these parameters from FKS_params.dat
 ===============================================================
  > IRPoleCheckThreshold      =    1.0000000000000001E-005
  > PrecisionVirtualAtRunTime =    1.0000000000000000E-003
  > NHelForMCoverHels         =            4
  > VirtualFraction           =    1.0000000000000000     
  > MinVirtualFraction        =    5.0000000000000001E-003
 ===============================================================
  Insert the number of points to test
 Insert the relative tolerance
  A negative number will mean use the default one:    1.0000000000000001E-005
Using random seed offsets:     1 ,      5 ,      0
  with seed                   32
 Ranmar initialization seeds       10730        9411
  ========================================================================================== 
 {                                                                                          }
 {       [32m                                                                            [0m       }
 {       [32m                               ,,                                           [0m       }
 {       [32m`7MMM.     ,MMF'             `7MM  `7MMF'                                   [0m       }
 {       [32m  MMMb    dPMM                 MM    MM                                     [0m       }
 {       [32m  M YM   ,M MM   ,6"Yb.   ,M""bMM    MM         ,pW"Wq.   ,pW"Wq.`7MMpdMAo. [0m       }
 {       [32m  M  Mb  M' MM  8)   MM ,AP    MM    MM        6W'   `Wb 6W'   `Wb MM   `Wb [0m       }
 {       [32m  M  YM.P'  MM   ,pm9MM 8MI    MM    MM      , 8M     M8 8M     M8 MM    M8 [0m       }
 {       [32m  M  `YM'   MM  8M   MM `Mb    MM    MM     ,M YA.   ,A9 YA.   ,A9 MM   ,AP [0m       }
 {       [32m.JML. `'  .JMML.`Moo9^Yo.`Wbmd"MML..JMMmmmmMMM  `Ybmd9'   `Ybmd9'  MMbmmd'  [0m       }
 {       [32m                                                                   MM       [0m       }
 {       [32m                                                                 .JMML.     [0m       }
 {       [32m[0mv2.6.1 (2017-12-12), Ref: arXiv:1103.0621v2, arXiv:1405.0301[32m                [0m       }
 {       [32m                                                                            [0m       }
 {                                                                                          }
  ========================================================================================== 
 ===============================================================
 INFO: MadLoop read these parameters from ./MadLoop5_resources/MadLoopParams.dat                                                                                                                                                                                                                                                                                                                                                                                                                                                                                          
 ===============================================================
  > MLReductionLib            = 6|7|1
  > CTModeRun                 =           -1
  > MLStabThres               =    1.0000000000000000E-003
  > NRotations_DP             =            0
  > NRotations_QP             =            0
  > CTStabThres               =    1.0000000000000000E-002
  > CTLoopLibrary             =            2
  > CTModeInit                =            1
  > CheckCycle                =            3
  > MaxAttempts               =           10
  > UseLoopFilter             =  F
  > HelicityFilterLevel       =            2
  > ImprovePSPoint            =            2
  > DoubleCheckHelicityFilter =  T
  > LoopInitStartOver         =  F
  > HelInitStartOver          =  F
  > ZeroThres                 =    1.0000000000000001E-009
  > OSThres                   =    1.0000000000000000E-008
  > WriteOutFilters           =  T
  > UseQPIntegrandForNinja    =  T
  > UseQPIntegrandForCutTools =  T
  > IREGIMODE                 =            2
  > IREGIRECY                 =  T
  > COLLIERMode               =            1
  > COLLIERRequiredAccuracy   =    1.0000000000000000E-008
  > COLLIERCanOutput          =  F
  > COLLIERComputeUVpoles     =  T
  > COLLIERComputeIRpoles     =  T
  > COLLIERGlobalCache        =           -1
  > COLLIERUseCacheForPoles   =  F
  > COLLIERUseInternalStabilityTest =  T
 ===============================================================
  
------------------------------------------------------------------------
|              You are using CutTools - Version 1.9.3                  |
|              Authors: G. Ossola, C. Papadopoulos, R. Pittau          |
|              Published in JHEP 0803:042,2008                         |
|              http://www.ugr.es/~pittau/CutTools                      |
|                                                                      |
|              Compiler with  34  significant digits detetected        |
 ---------------------------------------------------------------------- 
   
########################################################################
#                                                                      #
#                      You are using OneLOop-3.6                       #
#                                                                      #
# for the evaluation of 1-loop scalar 1-, 2-, 3- and 4-point functions #
#                                                                      #
# author: Andreas van Hameren <hamerenREMOVETHIS@ifj.edu.pl>           #
#   date: 18-02-2015                                                   #
#                                                                      #
# Please cite                                                          #
#    A. van Hameren,                                                   #
#      Comput.Phys.Commun. 182 (2011) 2427-2438, arXiv:1007.4716       #
#    A. van Hameren, C.G. Papadopoulos and R. Pittau,                  #
#      JHEP 0909:106,2009, arXiv:0903.4665                             #
# in publications with results obtained with the help of this program. #
#                                                                      #
########################################################################
 PASSED   1.0000000000000001E-005
 MU_R    =    325.00000000000000     
 ALPHA_S =   0.11799999999999999     
 BORN                    4.2299258615514050E-007
 SINGLE POLE (MadFKS)   -2.4087161773621056E-009
 DOUBLE POLE (MadFKS)   -2.1183788254352461E-008
 SINGLE POLE (MadLoop)  -2.4087161773621685E-009
 DOUBLE POLE (MadLoop)  -2.1183788254352597E-008
 FINITE PART (MadLoop)   4.5676512448837838E-008
   325.00000000000000        0.0000000000000000        0.0000000000000000        325.00000000000000        0.0000000000000000     
   325.00000000000000        0.0000000000000000        0.0000000000000000       -325.00000000000000        0.0000000000000000     
   318.95944722095675        8.5894273134199643        293.88698574003678       -123.65997866149375        0.0000000000000000     
   228.09409464421793       -45.135290466349836       -210.26227100897137        76.023015963808930        0.0000000000000000     
   102.94645813482546        36.545863152929869       -83.624714731065453        47.636962697684808        0.0000000000000000     

 PASSED   1.0000000000000001E-005
 MU_R    =    325.00000000000000     
 ALPHA_S =   0.11799999999999999     
 BORN                    5.5633208247314073E-007
 SINGLE POLE (MadFKS)   -3.1680131777702385E-009
 DOUBLE POLE (MadFKS)   -2.7861530958113557E-008
 SINGLE POLE (MadLoop)  -3.1680131777700503E-009
 DOUBLE POLE (MadLoop)  -2.7861530958113580E-008
 FINITE PART (MadLoop)   6.4461397234476661E-008
   325.00000000000000        0.0000000000000000        0.0000000000000000        325.00000000000000        0.0000000000000000     
   325.00000000000000        0.0000000000000000        0.0000000000000000       -325.00000000000000        0.0000000000000000     
   270.84164632203999        26.739780591160322        100.73620382046224       -249.98479705016442        0.0000000000000000     
   279.41200596679664       -94.141869323783794       -161.08922323257511        207.98711420888162        0.0000000000000000     
   99.746347711163395        67.402088732623540        60.353019412112808        41.997682841282824        0.0000000000000000     

 PASSED   1.0000000000000001E-005
 MU_R    =    325.00000000000000     
 ALPHA_S =   0.11799999999999999     
 BORN                    4.4423606354521688E-009
 SINGLE POLE (MadFKS)   -2.5296864007837867E-011
 DOUBLE POLE (MadFKS)   -2.2247677649927941E-010
 SINGLE POLE (MadLoop)  -2.5296864007841189E-011
 DOUBLE POLE (MadLoop)  -2.2247677649927998E-010
 FINITE PART (MadLoop)   7.0719267711979057E-010
   325.00000000000000        0.0000000000000000        0.0000000000000000        325.00000000000000        0.0000000000000000     
   325.00000000000000        0.0000000000000000        0.0000000000000000       -325.00000000000000        0.0000000000000000     
   88.221719038876827        31.406049716688660        48.866053520851167        66.399100631444711        0.0000000000000000     
   278.39637917048196        232.17388400101993       -148.91422265581164       -37.741036206377601        0.0000000000000000     
   283.38190179064105       -263.57993371770857        100.04816913496049       -28.658064425066954        0.0000000000000000     

 PASSED   1.0000000000000001E-005
 MU_R    =    325.00000000000000     
 ALPHA_S =   0.11799999999999999     
 BORN                    1.4388257281800538E-008
 SINGLE POLE (MadFKS)   -8.1933417305829026E-011
 DOUBLE POLE (MadFKS)   -7.2057479393980952E-010
 SINGLE POLE (MadLoop)  -8.1933417305812585E-011
 DOUBLE POLE (MadLoop)  -7.2057479393981117E-010
 FINITE PART (MadLoop)   1.6021758079628734E-009
   325.00000000000000        0.0000000000000000        0.0000000000000000        325.00000000000000        0.0000000000000000     
   325.00000000000000        0.0000000000000000        0.0000000000000000       -325.00000000000000        0.0000000000000000     
   156.55772904907724       -118.26936794705811       -89.630677287955933        49.890087385270888        0.0000000000000000     
   254.76560777966827       -32.830000586384436        248.79181616366932        43.935614014426889        0.0000000000000000     
   238.67666317125443        151.09936853344252       -159.16113887571333       -93.825701399697650        0.0000000000000000     

 PASSED   1.0000000000000001E-005
 MU_R    =    325.00000000000000     
 ALPHA_S =   0.11799999999999999     
 BORN                    6.7686903324134821E-008
 SINGLE POLE (MadFKS)   -3.8544065397068456E-010
 DOUBLE POLE (MadFKS)   -3.3898112509362058E-009
 SINGLE POLE (MadLoop)  -3.8544065397069210E-010
 DOUBLE POLE (MadLoop)  -3.3898112509365210E-009
 FINITE PART (MadLoop)   7.4228103047770744E-009
   325.00000000000000        0.0000000000000000        0.0000000000000000        325.00000000000000        0.0000000000000000     
   325.00000000000000        0.0000000000000000        0.0000000000000000       -325.00000000000000        0.0000000000000000     
   279.41998458312582       -65.510272643565230       -269.94803349809985        30.199191596942402        0.0000000000000000     
   263.47927021768828       -37.064932111460934        260.85806247325223      -0.76673640793706443        0.0000000000000000     
   107.10074519918577        102.57520475502616        9.0899710248476264       -29.432455189005339        0.0000000000000000     

 PASSED   1.0000000000000001E-005
 MU_R    =    325.00000000000000     
 ALPHA_S =   0.11799999999999999     
 BORN                    7.9154543456446874E-009
 SINGLE POLE (MadFKS)   -4.5074272121007467E-011
 DOUBLE POLE (MadFKS)   -3.9641193317187720E-010
 SINGLE POLE (MadLoop)  -4.5074272121004087E-011
 DOUBLE POLE (MadLoop)  -3.9641193317187751E-010
 FINITE PART (MadLoop)   7.3397420347967979E-010
   325.00000000000000        0.0000000000000000        0.0000000000000000        325.00000000000000        0.0000000000000000     
   325.00000000000000        0.0000000000000000        0.0000000000000000       -325.00000000000000        0.0000000000000000     
   257.81250384272806       -111.61316505454350       -189.80712765764400        134.10086806027289        0.0000000000000000     
   171.89887973956291       -76.010336446952152        152.14240014521090       -24.986870292062825        0.0000000000000000     
   220.28861641770905        187.62350150149567        37.664727512433089       -109.11399776821010        0.0000000000000000     

 PASSED   1.0000000000000001E-005
 MU_R    =    325.00000000000000     
 ALPHA_S =   0.11799999999999999     
 BORN                    5.8172715958864335E-007
 SINGLE POLE (MadFKS)   -3.3126245375803032E-009
 DOUBLE POLE (MadFKS)   -2.9133335604165795E-008
 SINGLE POLE (MadLoop)  -3.3126245375816225E-009
 DOUBLE POLE (MadLoop)  -2.9133335604164515E-008
 FINITE PART (MadLoop)   4.9807487702023220E-008
   325.00000000000000        0.0000000000000000        0.0000000000000000        325.00000000000000        0.0000000000000000     
   325.00000000000000        0.0000000000000000        0.0000000000000000       -325.00000000000000        0.0000000000000000     
   322.17742248747430        88.018596606575997        305.39200073309166       -52.789621142045831        0.0000000000000000     
   294.33659255087633       -83.624362472358300       -280.52135143397948        30.802063327089591        0.0000000000000000     
   33.485984961649180       -4.3942341342177089       -24.870649299112195        21.987557814956197        0.0000000000000000     

 PASSED   1.0000000000000001E-005
 MU_R    =    325.00000000000000     
 ALPHA_S =   0.11799999999999999     
 BORN                    9.3939684332010946E-008
 SINGLE POLE (MadFKS)   -5.3493617796840953E-010
 DOUBLE POLE (MadFKS)   -4.7045703558505436E-009
 SINGLE POLE (MadLoop)  -5.3493617796833860E-010
 DOUBLE POLE (MadLoop)  -4.7045703558505411E-009
 FINITE PART (MadLoop)   1.0949908718916566E-008
   325.00000000000000        0.0000000000000000        0.0000000000000000        325.00000000000000        0.0000000000000000     
   325.00000000000000        0.0000000000000000        0.0000000000000000       -325.00000000000000        0.0000000000000000     
   155.57938618675652       -142.06662528202747       -4.2626473501615676       -63.275976679875008        0.0000000000000000     
   305.83831650938777        303.21891797963463       -26.806005612286150       -29.610837334836596        0.0000000000000000     
   188.58229730385582       -161.15229269760709        31.068652962447718        92.886814014711632        0.0000000000000000     

 PASSED   1.0000000000000001E-005
 MU_R    =    325.00000000000000     
 ALPHA_S =   0.11799999999999999     
 BORN                    4.6416065866300025E-009
 SINGLE POLE (MadFKS)   -2.6431462962014306E-011
 DOUBLE POLE (MadFKS)   -2.3245516424988702E-010
 SINGLE POLE (MadLoop)  -2.6431462962025060E-011
 DOUBLE POLE (MadLoop)  -2.3245516424988681E-010
 FINITE PART (MadLoop)   2.6756050251347355E-010
   325.00000000000000        0.0000000000000000        0.0000000000000000        325.00000000000000        0.0000000000000000     
   325.00000000000000        0.0000000000000000        0.0000000000000000       -325.00000000000000        0.0000000000000000     
   167.28958199976302       -125.90514570362308        50.791965165422475        97.743924648232621        0.0000000000000000     
   298.55769864801141        221.20432225934505       -196.79009242838643       -38.457856906070440        0.0000000000000000     
   184.15271935222549       -95.299176555721985        145.99812726296392       -59.286067742162160        0.0000000000000000     

 PASSED   1.0000000000000001E-005
 MU_R    =    325.00000000000000     
 ALPHA_S =   0.11799999999999999     
 BORN                    1.2307016346694295E-008
 SINGLE POLE (MadFKS)   -7.0081865119191029E-011
 DOUBLE POLE (MadFKS)   -6.1634467568565446E-010
 SINGLE POLE (MadLoop)  -7.0081865119162388E-011
 DOUBLE POLE (MadLoop)  -6.1634467568562448E-010
 FINITE PART (MadLoop)   8.7977885176194566E-010
   325.00000000000000        0.0000000000000000        0.0000000000000000        325.00000000000000        0.0000000000000000     
   325.00000000000000        0.0000000000000000        0.0000000000000000       -325.00000000000000        0.0000000000000000     
   98.323722401037784        83.408177113210897        2.6501290959384058        51.996222874574869        0.0000000000000000     
   311.97337827326862       -215.54130052741479        177.12379155123560       -139.62986422932974        0.0000000000000000     
   239.70289932569295        132.13312341420419       -179.77392064717424        87.633641354754602        0.0000000000000000     

 PASSED   1.0000000000000001E-005
 MU_R    =    325.00000000000000     
 ALPHA_S =   0.11799999999999999     
 BORN                    3.5470708411750977E-007
 SINGLE POLE (MadFKS)   -2.0198668243925746E-009
 DOUBLE POLE (MadFKS)   -1.7763998727647196E-008
 SINGLE POLE (MadLoop)  -2.0198668243925324E-009
 DOUBLE POLE (MadLoop)  -1.7763998727647252E-008
 FINITE PART (MadLoop)   1.0616160231807676E-007
   325.00000000000000        0.0000000000000000        0.0000000000000000        325.00000000000000        0.0000000000000000     
   325.00000000000000        0.0000000000000000        0.0000000000000000       -325.00000000000000        0.0000000000000000     
   293.34159175364005        115.47193368860526       -128.64332549568505       -236.99455012338316        0.0000000000000000     
   140.62511760401614       -61.255112060672083        123.46102948632792        27.939383417569264        0.0000000000000000     
   216.03329064234376       -54.216821627933186        5.1822960093571124        209.05516670581392        0.0000000000000000     

 PASSED   1.0000000000000001E-005
 MU_R    =    325.00000000000000     
 ALPHA_S =   0.11799999999999999     
 BORN                    8.8683555107589740E-009
 SINGLE POLE (MadFKS)   -5.0500533778927210E-011
 DOUBLE POLE (MadFKS)   -4.4413394336735422E-010
 SINGLE POLE (MadLoop)  -5.0500533778912631E-011
 DOUBLE POLE (MadLoop)  -4.4413394336735329E-010
 FINITE PART (MadLoop)   1.6236786777414572E-009
   325.00000000000000        0.0000000000000000        0.0000000000000000        325.00000000000000        0.0000000000000000     
   325.00000000000000        0.0000000000000000        0.0000000000000000       -325.00000000000000        0.0000000000000000     
   296.75241140568420       -189.78196799115653        119.80656481634671        194.14217812571954        0.0000000000000000     
   65.592691873638088       -25.856117298276025       -58.670659707917196       -13.842547270123404        0.0000000000000000     
   287.65489672067764        215.63808528943258       -61.135905108429498       -180.29963085559615        0.0000000000000000     

 PASSED   1.0000000000000001E-005
 MU_R    =    325.00000000000000     
 ALPHA_S =   0.11799999999999999     
 BORN                    2.0305661792604151E-007
 SINGLE POLE (MadFKS)   -1.1562986599001589E-009
 DOUBLE POLE (MadFKS)   -1.0169228820035521E-008
 SINGLE POLE (MadLoop)  -1.1562986599001958E-009
 DOUBLE POLE (MadLoop)  -1.0169228820035545E-008
 FINITE PART (MadLoop)   2.2077276338793775E-008
   325.00000000000000        0.0000000000000000        0.0000000000000000        325.00000000000000        0.0000000000000000     
   325.00000000000000        0.0000000000000000        0.0000000000000000       -325.00000000000000        0.0000000000000000     
   309.45750415279446        249.55024871529673        52.841967104233753       -175.20372928441174        0.0000000000000000     
   135.67611077971114       -60.422915830409259        4.6484056953702924        121.38974669777912        0.0000000000000000     
   204.86638506749441       -189.12733288488744       -57.490372799604039        53.813982586632612        0.0000000000000000     

 PASSED   1.0000000000000001E-005
 MU_R    =    325.00000000000000     
 ALPHA_S =   0.11799999999999999     
 BORN                    2.7981066318573875E-007
 SINGLE POLE (MadFKS)   -1.5933718298474143E-009
 DOUBLE POLE (MadFKS)   -1.4013129388661722E-008
 SINGLE POLE (MadLoop)  -1.5933718298475464E-009
 DOUBLE POLE (MadLoop)  -1.4013129388662189E-008
 FINITE PART (MadLoop)   3.1405120373940926E-008
   325.00000000000000        0.0000000000000000        0.0000000000000000        325.00000000000000        0.0000000000000000     
   325.00000000000000        0.0000000000000000        0.0000000000000000       -325.00000000000000        0.0000000000000000     
   262.80539599314380       -141.18333878295482        29.583861798057939       -219.67871115409423        0.0000000000000000     
   258.76236846264703        100.45020966589415        92.217592946315065        219.91733506402909        0.0000000000000000     
   128.43223554420865        40.733129117060699       -121.80145474437357      -0.23862390993494095        0.0000000000000000     

 PASSED   1.0000000000000001E-005
 MU_R    =    325.00000000000000     
 ALPHA_S =   0.11799999999999999     
 BORN                    8.2127934980283613E-009
 SINGLE POLE (MadFKS)   -4.6767459306674017E-011
 DOUBLE POLE (MadFKS)   -4.1130290254105238E-010
 SINGLE POLE (MadLoop)  -4.6767459306667348E-011
 DOUBLE POLE (MadLoop)  -4.1130290254104488E-010
 FINITE PART (MadLoop)   1.0765227859102093E-009
   325.00000000000000        0.0000000000000000        0.0000000000000000        325.00000000000000        0.0000000000000000     
   325.00000000000000        0.0000000000000000        0.0000000000000000       -325.00000000000000        0.0000000000000000     
   161.29396667476288       -99.236617405962463       -50.517593844901505        116.68680372528725        0.0000000000000000     
   189.18706451157425       -35.727273542564149       -185.57234929661388        8.8436689364143923        0.0000000000000000     
   299.51896881366287        134.96389094852657        236.08994314151536       -125.53047266170161        0.0000000000000000     

 PASSED   1.0000000000000001E-005
 MU_R    =    325.00000000000000     
 ALPHA_S =   0.11799999999999999     
 BORN                    9.2938135942045832E-008
 SINGLE POLE (MadFKS)   -5.2923289642570195E-010
 DOUBLE POLE (MadFKS)   -4.6544120558851465E-009
 SINGLE POLE (MadLoop)  -5.2923289642564270E-010
 DOUBLE POLE (MadLoop)  -4.6544120558851267E-009
 FINITE PART (MadLoop)   8.9849172237099965E-009
   325.00000000000000        0.0000000000000000        0.0000000000000000        325.00000000000000        0.0000000000000000     
   325.00000000000000        0.0000000000000000        0.0000000000000000       -325.00000000000000        0.0000000000000000     
   302.67263497301110       -240.70354480187208       -143.37209817487263       -114.52933661841232        0.0000000000000000     
   95.804703803748879        6.8065835944845761        60.069836115215779        74.322449366167078        0.0000000000000000     
   251.52266122323962        233.89696120738736        83.302262059656840        40.206887252245203        0.0000000000000000     

 PASSED   1.0000000000000001E-005
 MU_R    =    325.00000000000000     
 ALPHA_S =   0.11799999999999999     
 BORN                    3.7460555403871140E-008
 SINGLE POLE (MadFKS)   -2.1331779508111630E-010
 DOUBLE POLE (MadFKS)   -1.8760529133127482E-009
 SINGLE POLE (MadLoop)  -2.1331779508111645E-010
 DOUBLE POLE (MadLoop)  -1.8760529133127408E-009
 FINITE PART (MadLoop)   2.7205391093645025E-009
   325.00000000000000        0.0000000000000000        0.0000000000000000        325.00000000000000        0.0000000000000000     
   325.00000000000000        0.0000000000000000        0.0000000000000000       -325.00000000000000        0.0000000000000000     
   132.42630268414067       -95.893384685304781       -84.245953436161642       -35.267601928964162        0.0000000000000000     
   216.84660312314455        33.313631868952527       -209.77821706881133        43.654906496030513        0.0000000000000000     
   300.72709419271467        62.579752816352304        294.02417050497297       -8.3873045670663515        0.0000000000000000     

 PASSED   1.0000000000000001E-005
 MU_R    =    325.00000000000000     
 ALPHA_S =   0.11799999999999999     
 BORN                    5.2035797518952879E-006
 SINGLE POLE (MadFKS)   -2.9631599084308877E-008
 DOUBLE POLE (MadFKS)   -2.6059920489565318E-007
 SINGLE POLE (MadLoop)  -2.9631599084398166E-008
 DOUBLE POLE (MadLoop)  -2.6059920489566562E-007
 FINITE PART (MadLoop)   6.0143597600088243E-007
   325.00000000000000        0.0000000000000000        0.0000000000000000        325.00000000000000        0.0000000000000000     
   325.00000000000000        0.0000000000000000        0.0000000000000000       -325.00000000000000        0.0000000000000000     
   312.91717108529690       -38.524727106145953        304.86130224588652       -59.098119719363027        0.0000000000000000     
   311.87916303043909        27.251043036183752       -308.49311834971883        36.850901167727365        0.0000000000000000     
   25.203665884264055        11.273684069962185        3.6318161038322803        22.247218551635648        0.0000000000000000     

 PASSED   1.0000000000000001E-005
 MU_R    =    325.00000000000000     
 ALPHA_S =   0.11799999999999999     
 BORN                    7.3631090610733203E-008
 SINGLE POLE (MadFKS)   -4.1928961621525663E-010
 DOUBLE POLE (MadFKS)   -3.6875006406441627E-009
 SINGLE POLE (MadLoop)  -4.1928961621529618E-010
 DOUBLE POLE (MadLoop)  -3.6875006406441631E-009
 FINITE PART (MadLoop)   8.8684341094809769E-009
Thanks for using LHAPDF 6.2.1. Please make sure to cite the paper:
  Eur.Phys.J. C75 (2015) 3, 132  (http://arxiv.org/abs/1412.7420)
   325.00000000000000        0.0000000000000000        0.0000000000000000        325.00000000000000        0.0000000000000000     
   325.00000000000000        0.0000000000000000        0.0000000000000000       -325.00000000000000        0.0000000000000000     
   152.54291861922488        16.526921050596165        119.40569063160980       -93.479858505707625        0.0000000000000000     
   291.03325883475708        11.569272884263599       -290.18018070674873       -19.025572209707278        0.0000000000000000     
   206.42382254601816       -28.096193934859741        170.77449007513894        112.50543071541487        0.0000000000000000     

 PASSED   1.0000000000000001E-005
 MU_R    =    325.00000000000000     
 ALPHA_S =   0.11799999999999999     
 BORN                    4.9638445762063152E-008
 SINGLE POLE (MadFKS)   -2.8266435686969707E-010
 DOUBLE POLE (MadFKS)   -2.4859308619490472E-009
 SINGLE POLE (MadLoop)  -2.8266435686967344E-010
 DOUBLE POLE (MadLoop)  -2.4859308619490402E-009
 FINITE PART (MadLoop)   9.7367232614497828E-009
   325.00000000000000        0.0000000000000000        0.0000000000000000        325.00000000000000        0.0000000000000000     
   325.00000000000000        0.0000000000000000        0.0000000000000000       -325.00000000000000        0.0000000000000000     
   232.65716727014967        179.13236491445898        88.474165079161963        119.21944235680982        0.0000000000000000     
   225.61325056995690       -218.45497932875858       -16.262723005853509        53.984115067756072        0.0000000000000000     
   191.72958215989351        39.322614414299615       -72.211442073308405       -173.20355742456590        0.0000000000000000     

 NUMBER OF POINTS PASSING THE CHECK          20
 NUMBER OF POINTS FAILING THE CHECK           0
 TOLERANCE    1.0000000000000001E-005
