==== LHAPDF6 USING DEFAULT-TYPE LHAGLUE INTERFACE ====
LHAPDF 6.2.1 loading /cvmfs/cms.cern.ch/slc6_amd64_gcc481/external/lhapdf/6.2.1/share/LHAPDF/NNPDF31_nnlo_as_0118_nf_4/NNPDF31_nnlo_as_0118_nf_4_0000.dat
NNPDF31_nnlo_as_0118_nf_4 PDF set, member #0, version 1; LHAPDF ID = 320900
 A PDF is used, so alpha_s(MZ) is going to be modified
 Old value of alpha_s from param_card:   0.11799999999999999     
 New value of alpha_s from PDF lhapdf :  0.11800240511781991     
 using LHAPDF
WARNING: the value of maxjetflavorspecified in the run_card (  4) is inconsistent with the number of light flavours inthe model. Hence it will be set to:  5
 *****************************************************
 *               MadGraph/MadEvent                   *
 *        --------------------------------           *
 *          http://madgraph.hep.uiuc.edu             *
 *          http://madgraph.phys.ucl.ac.be           *
 *          http://madgraph.roma2.infn.it            *
 *        --------------------------------           *
 *                                                   *
 *          PARAMETER AND COUPLING VALUES            *
 *                                                   *
 *****************************************************

  External Params
  ---------------------------------
  
 MU_R =    91.188000000000002     
 aEWM1 =    132.50700000000001     
 mdl_Gf =    1.1663900000000000E-005
 aS =   0.11799999999999999     
 mdl_ymt =    173.00000000000000     
 mdl_ymtau =    1.7769999999999999     
 mdl_MT =    173.00000000000000     
 mdl_MZ =    91.188000000000002     
 mdl_MH =    125.00000000000000     
 mdl_MTA =    1.7769999999999999     
 mdl_WT =    1.4915000000000000     
 mdl_WZ =    2.4414039999999999     
 mdl_WW =    2.0476000000000001     
 mdl_WH =    6.3823389999999999E-003
  Internal Params
  ---------------------------------
  
 mdl_conjg__CKM3x3 =    1.0000000000000000     
 mdl_CKM22 =    1.0000000000000000     
 mdl_I4x33 =    0.0000000000000000     
 mdl_I1x33 =    0.0000000000000000     
 mdl_lhv =    1.0000000000000000     
 mdl_CKM3x3 =    1.0000000000000000     
 mdl_conjg__CKM22 =    1.0000000000000000     
 mdl_conjg__CKM33 =    1.0000000000000000     
 mdl_Ncol =    3.0000000000000000     
 mdl_CA =    3.0000000000000000     
 mdl_TF =   0.50000000000000000     
 mdl_CF =    1.3333333333333333     
 mdl_complexi =  (  0.0000000000000000     ,  1.0000000000000000     )
 mdl_MZ__exp__2 =    8315.2513440000002     
 mdl_MZ__exp__4 =    69143404.913893804     
 mdl_sqrt__2 =    1.4142135623730951     
 mdl_MH__exp__2 =    15625.000000000000     
 mdl_Ncol__exp__2 =    9.0000000000000000     
 mdl_MT__exp__2 =    29929.000000000000     
 mdl_aEW =    7.5467711139788835E-003
 mdl_MW =    80.419002445756163     
 mdl_sqrt__aEW =    8.6872153846781555E-002
 mdl_ee =   0.30795376724436879     
 mdl_MW__exp__2 =    6467.2159543705357     
 mdl_sw2 =   0.22224648578577766     
 mdl_cw =   0.88190334743339216     
 mdl_sqrt__sw2 =   0.47143025548407230     
 mdl_sw =   0.47143025548407230     
 mdl_g1 =   0.34919219678733299     
 mdl_gw =   0.65323293034757990     
 mdl_v =    246.21845810181637     
 mdl_v__exp__2 =    60623.529110035903     
 mdl_lam =   0.12886910601690263     
 mdl_yt =   0.99366614581500623     
 mdl_ytau =    1.0206617000654717E-002
 mdl_muH =    88.388347648318430     
 mdl_AxialZUp =  -0.18517701861793787     
 mdl_AxialZDown =   0.18517701861793787     
 mdl_VectorZUp =    7.5430507588273299E-002
 mdl_VectorZDown =  -0.13030376310310560     
 mdl_VectorAUp =   0.20530251149624587     
 mdl_VectorADown =  -0.10265125574812294     
 mdl_VectorWmDxU =   0.23095271737156670     
 mdl_AxialWmDxU =  -0.23095271737156670     
 mdl_VectorWpUxD =   0.23095271737156670     
 mdl_AxialWpUxD =  -0.23095271737156670     
 mdl_I2x33 =  ( 0.99366614581500623     ,  0.0000000000000000     )
 mdl_I3x33 =  ( 0.99366614581500623     ,  0.0000000000000000     )
 mdl_Vector_tbGp =  (-0.99366614581500623     ,  0.0000000000000000     )
 mdl_Axial_tbGp =  (-0.99366614581500623     , -0.0000000000000000     )
 mdl_Vector_tbGm =  ( 0.99366614581500623     ,  0.0000000000000000     )
 mdl_Axial_tbGm =  (-0.99366614581500623     ,  0.0000000000000000     )
 mdl_gw__exp__2 =   0.42671326129048615     
 mdl_cw__exp__2 =   0.77775351421422245     
 mdl_ee__exp__2 =    9.4835522759998875E-002
 mdl_sw__exp__2 =   0.22224648578577769     
 mdl_yt__exp__2 =   0.98737240933884918     
  Internal Params evaluated point by point
  ----------------------------------------
  
 mdl_sqrt__aS =   0.34351128074635334     
 mdl_G__exp__4 =    2.1987899468922913     
 mdl_G__exp__2 =    1.4828317324943823     
 mdl_R2MixedFactor_FIN_ =   -2.5040377713124864E-002
 mdl_G_UVg_1EPS_ =   -5.1645779033320030E-002
 mdl_G_UVq_1EPS_ =    3.1300472141406080E-003
 mdl_GWcft_UV_t_1EPS_ =   -3.1300472141406080E-003
 mdl_tWcft_UV_1EPS_ =   -1.8780283284843650E-002
 mdl_G__exp__3 =    1.8056676068262196     
 mdl_MU_R__exp__2 =    8315.2513440000002     
 mdl_G_UVt_FIN_ =   -4.0087659331150384E-003
 mdl_GWcft_UV_t_FIN_ =    4.0087659331150384E-003
 mdl_tWcft_UV_FIN_ =   -9.8778211443463623E-004
  Couplings of loop_sm-no_b_mass
  ---------------------------------
  
      UV_GQQt =   0.00000E+00  -0.48815E-02
   UVWfct_G_2 =   0.40088E-02   0.00000E+00
       R2_DDA =   0.00000E+00   0.25704E-02
       R2_UUA =  -0.00000E+00  -0.51409E-02
    R2_DDZ_V2 =   0.00000E+00   0.72127E-02
    R2_UUZ_V2 =  -0.00000E+00  -0.72127E-02
    R2_UUZ_V5 =   0.00000E+00   0.68702E-03
      R2_GGHt =   0.00000E+00  -0.45657E+01
     R2_GGZup =  -0.46369E-02   0.00000E+00
   R2_GGZdown =   0.46369E-02   0.00000E+00
    R2_GGZAup =   0.00000E+00   0.19389E-03
  R2_GGZAdown =   0.00000E+00   0.16747E-03
  R2_GGAAdown =   0.00000E+00   0.13193E-03
    R2_GGAAup =   0.00000E+00   0.52771E-03
         GC_4 =  -0.12177E+01   0.00000E+00
         GC_5 =   0.00000E+00   0.12177E+01
       R2_GQQ =  -0.00000E+00  -0.30492E-01
       R2_QQq =   0.00000E+00   0.12520E-01
 UV_GQQg_1eps =   0.00000E+00  -0.62890E-01
 UV_GQQq_1eps =   0.00000E+00   0.38115E-02
 UVWfct_G_2_1eps -0.31300E-02   0.00000E+00
         GC_1 =  -0.00000E+00  -0.10265E+00
         GC_2 =   0.00000E+00   0.20530E+00
        GC_21 =  -0.00000E+00  -0.28804E+00
        GC_22 =   0.00000E+00   0.28804E+00
        GC_23 =  -0.00000E+00  -0.27437E-01
        GC_24 =   0.00000E+00   0.82310E-01
        GC_37 =  -0.00000E+00  -0.70263E+00
        GC_38 =  -0.00000E+00  -0.72172E-02
      GC_1003 =  -0.00000E+00  -0.30795E+00

 Collider parameters:
 --------------------

 Running at P P   machine @    13000.000000000000       GeV
 PDF set = lhapdf 
 alpha_s(Mz)= 0.1180 running at 3 loops.
 alpha_s(Mz)= 0.1180 running at 3 loops.
 Renormalization scale set on event-by-event basis
 Factorization   scale set on event-by-event basis


 ===============================================================
 INFO: MadFKS read these parameters from FKS_params.dat
 ===============================================================
  > IRPoleCheckThreshold      =    1.0000000000000001E-005
  > PrecisionVirtualAtRunTime =    1.0000000000000000E-003
  > NHelForMCoverHels         =            4
  > VirtualFraction           =    1.0000000000000000     
  > MinVirtualFraction        =    5.0000000000000001E-003
 ===============================================================
  Insert the number of points to test
 Insert the relative tolerance
  A negative number will mean use the default one:    1.0000000000000001E-005
Using random seed offsets:     1 ,     30 ,      0
  with seed                   32
 Ranmar initialization seeds       10730        9436
  ========================================================================================== 
 {                                                                                          }
 {       [32m                                                                            [0m       }
 {       [32m                               ,,                                           [0m       }
 {       [32m`7MMM.     ,MMF'             `7MM  `7MMF'                                   [0m       }
 {       [32m  MMMb    dPMM                 MM    MM                                     [0m       }
 {       [32m  M YM   ,M MM   ,6"Yb.   ,M""bMM    MM         ,pW"Wq.   ,pW"Wq.`7MMpdMAo. [0m       }
 {       [32m  M  Mb  M' MM  8)   MM ,AP    MM    MM        6W'   `Wb 6W'   `Wb MM   `Wb [0m       }
 {       [32m  M  YM.P'  MM   ,pm9MM 8MI    MM    MM      , 8M     M8 8M     M8 MM    M8 [0m       }
 {       [32m  M  `YM'   MM  8M   MM `Mb    MM    MM     ,M YA.   ,A9 YA.   ,A9 MM   ,AP [0m       }
 {       [32m.JML. `'  .JMML.`Moo9^Yo.`Wbmd"MML..JMMmmmmMMM  `Ybmd9'   `Ybmd9'  MMbmmd'  [0m       }
 {       [32m                                                                   MM       [0m       }
 {       [32m                                                                 .JMML.     [0m       }
 {       [32m[0mv2.6.1 (2017-12-12), Ref: arXiv:1103.0621v2, arXiv:1405.0301[32m                [0m       }
 {       [32m                                                                            [0m       }
 {                                                                                          }
  ========================================================================================== 
 ===============================================================
 INFO: MadLoop read these parameters from ./MadLoop5_resources/MadLoopParams.dat                                                                                                                                                                                                                                                                                                                                                                                                                                                                                          
 ===============================================================
  > MLReductionLib            = 6|7|1
  > CTModeRun                 =           -1
  > MLStabThres               =    1.0000000000000000E-003
  > NRotations_DP             =            0
  > NRotations_QP             =            0
  > CTStabThres               =    1.0000000000000000E-002
  > CTLoopLibrary             =            2
  > CTModeInit                =            1
  > CheckCycle                =            3
  > MaxAttempts               =           10
  > UseLoopFilter             =  F
  > HelicityFilterLevel       =            2
  > ImprovePSPoint            =            2
  > DoubleCheckHelicityFilter =  T
  > LoopInitStartOver         =  F
  > HelInitStartOver          =  F
  > ZeroThres                 =    1.0000000000000001E-009
  > OSThres                   =    1.0000000000000000E-008
  > WriteOutFilters           =  T
  > UseQPIntegrandForNinja    =  T
  > UseQPIntegrandForCutTools =  T
  > IREGIMODE                 =            2
  > IREGIRECY                 =  T
  > COLLIERMode               =            1
  > COLLIERRequiredAccuracy   =    1.0000000000000000E-008
  > COLLIERCanOutput          =  F
  > COLLIERComputeUVpoles     =  T
  > COLLIERComputeIRpoles     =  T
  > COLLIERGlobalCache        =           -1
  > COLLIERUseCacheForPoles   =  F
  > COLLIERUseInternalStabilityTest =  T
 ===============================================================
  
------------------------------------------------------------------------
|              You are using CutTools - Version 1.9.3                  |
|              Authors: G. Ossola, C. Papadopoulos, R. Pittau          |
|              Published in JHEP 0803:042,2008                         |
|              http://www.ugr.es/~pittau/CutTools                      |
|                                                                      |
|              Compiler with  34  significant digits detetected        |
 ---------------------------------------------------------------------- 
   
########################################################################
#                                                                      #
#                      You are using OneLOop-3.6                       #
#                                                                      #
# for the evaluation of 1-loop scalar 1-, 2-, 3- and 4-point functions #
#                                                                      #
# author: Andreas van Hameren <hamerenREMOVETHIS@ifj.edu.pl>           #
#   date: 18-02-2015                                                   #
#                                                                      #
# Please cite                                                          #
#    A. van Hameren,                                                   #
#      Comput.Phys.Commun. 182 (2011) 2427-2438, arXiv:1007.4716       #
#    A. van Hameren, C.G. Papadopoulos and R. Pittau,                  #
#      JHEP 0909:106,2009, arXiv:0903.4665                             #
# in publications with results obtained with the help of this program. #
#                                                                      #
########################################################################
 PASSED   1.0000000000000001E-005
 MU_R    =    325.00000000000000     
 ALPHA_S =   0.11799999999999999     
 BORN                    1.0237797715869550E-013
 SINGLE POLE (MadFKS)   -6.3176025971733357E-015
 DOUBLE POLE (MadFKS)   -1.0895228674627473E-014
 SINGLE POLE (MadLoop)  -6.3176025971225299E-015
 DOUBLE POLE (MadLoop)  -1.0895228674627124E-014
 FINITE PART (MadLoop)   4.4123495516161574E-014
   325.00000000000000        0.0000000000000000        0.0000000000000000        325.00000000000000        0.0000000000000000     
   325.00000000000000        0.0000000000000000        0.0000000000000000       -325.00000000000000        0.0000000000000000     
   145.13790530007614       -82.849145322927512        84.220268742836950        84.290090034586143        1.7769999999999999     
   193.28560908610768       -30.400002746579485       -29.123674026786805       -188.63674190087440        1.7769999999999999     
   208.90064449980576        159.91219499842376       -126.06100442320506        46.649676601591040        0.0000000000000000     
   102.67584111401429       -46.663046928916728        70.964409707154928        57.696975264697180        0.0000000000000000     

 PASSED   1.0000000000000001E-005
 MU_R    =    325.00000000000000     
 ALPHA_S =   0.11799999999999999     
 BORN                    1.2107698621596592E-011
 SINGLE POLE (MadFKS)   -5.0951756529579902E-013
 DOUBLE POLE (MadFKS)   -1.2885207235662046E-012
 SINGLE POLE (MadLoop)  -5.0951756572062362E-013
 DOUBLE POLE (MadLoop)  -1.2885207235661622E-012
 FINITE PART (MadLoop)   1.6821331658370033E-012
   325.00000000000000        0.0000000000000000        0.0000000000000000        325.00000000000000        0.0000000000000000     
   325.00000000000000        0.0000000000000000        0.0000000000000000       -325.00000000000000        0.0000000000000000     
   150.03317120523380       -59.366160967413961        60.794084327479666        123.63871956500267        1.7769999999999999     
   223.41539263308619       -108.60890103291926       -124.59387161555576       -150.30553452439472        1.7769999999999999     
   49.975371693196088       -47.761977521004610        7.0021028678053687       -12.934521041956952        0.0000000000000000     
   226.57606446848646        215.73703952133783        56.797684420270713        39.601336001348947        0.0000000000000000     

 PASSED   1.0000000000000001E-005
 MU_R    =    325.00000000000000     
 ALPHA_S =   0.11799999999999999     
 BORN                    2.0370018991276868E-013
 SINGLE POLE (MadFKS)   -2.9561223457639538E-015
 DOUBLE POLE (MadFKS)   -2.1678101206516729E-014
 SINGLE POLE (MadLoop)  -2.9561223457463906E-015
 DOUBLE POLE (MadLoop)  -2.1678101206516714E-014
 FINITE PART (MadLoop)  -8.7051190508854606E-014
   325.00000000000000        0.0000000000000000        0.0000000000000000        325.00000000000000        0.0000000000000000     
   325.00000000000000        0.0000000000000000        0.0000000000000000       -325.00000000000000        0.0000000000000000     
   125.68407803687387        67.181737334081859        52.803431776595644       -92.150645707818256        1.7769999999999999     
   101.40704368472676       -88.803832973694682        45.799235692219376       -17.220337948622181        1.7769999999999999     
   212.00065207977860       -76.296920566760690       -190.48789490658379       -53.267422392481642        0.0000000000000000     
   210.90822619862078        97.919016206373485        91.885227437768805        162.63840604892206        0.0000000000000000     

 PASSED   1.0000000000000001E-005
 MU_R    =    325.00000000000000     
 ALPHA_S =   0.11799999999999999     
 BORN                    1.6579607213149041E-012
 SINGLE POLE (MadFKS)   -2.1948896882518932E-013
 DOUBLE POLE (MadFKS)   -1.7644284145481314E-013
 SINGLE POLE (MadLoop)  -2.1948896882306543E-013
 DOUBLE POLE (MadLoop)  -1.7644284145481420E-013
 FINITE PART (MadLoop)   6.7071624131702521E-014
   325.00000000000000        0.0000000000000000        0.0000000000000000        325.00000000000000        0.0000000000000000     
   325.00000000000000        0.0000000000000000        0.0000000000000000       -325.00000000000000        0.0000000000000000     
   36.523244343957607        4.8820940648502855        33.821616526527919        12.769223213762007        1.7769999999999999     
   226.90680079182857       -198.60357109224736       -61.203842260820565       -91.072771773465803        1.7769999999999999     
   267.95898631674800        187.80052613780944        126.33823653471768        143.42813782364601        0.0000000000000000     
   118.61096854746580        5.9209508895876457       -98.956010800425005       -65.124589263942198        0.0000000000000000     

 PASSED   1.0000000000000001E-005
 MU_R    =    325.00000000000000     
 ALPHA_S =   0.11799999999999999     
 BORN                    8.0582980022796139E-014
 SINGLE POLE (MadFKS)   -4.0913179965723346E-015
 DOUBLE POLE (MadFKS)   -8.5757700923350449E-015
 SINGLE POLE (MadLoop)  -4.0913179965771498E-015
 DOUBLE POLE (MadLoop)  -8.5757700923348320E-015
 FINITE PART (MadLoop)  -2.2601373588138948E-014
   325.00000000000000        0.0000000000000000        0.0000000000000000        325.00000000000000        0.0000000000000000     
   325.00000000000000        0.0000000000000000        0.0000000000000000       -325.00000000000000        0.0000000000000000     
   128.50295146689814       -30.646991929223969       -121.33291298360430        29.136522086672748        1.7769999999999999     
   201.86771449958687       -114.19051881232873        16.386989440651305       -165.64844828349555        1.7769999999999999     
   195.88403345002263        184.93636222536864        13.769021574290162        63.083361771417657        0.0000000000000000     
   123.74530058349755       -40.098851483815920        91.176901968662875        73.428564425405156        0.0000000000000000     

 PASSED   1.0000000000000001E-005
 MU_R    =    325.00000000000000     
 ALPHA_S =   0.11799999999999999     
 BORN                    6.3691256725612265E-013
 SINGLE POLE (MadFKS)   -8.4149069218942157E-014
 DOUBLE POLE (MadFKS)   -6.7781257830899767E-014
 SINGLE POLE (MadLoop)  -8.4149069218432262E-014
 DOUBLE POLE (MadLoop)  -6.7781257830899123E-014
 FINITE PART (MadLoop)   7.3292592311440439E-014
   325.00000000000000        0.0000000000000000        0.0000000000000000        325.00000000000000        0.0000000000000000     
   325.00000000000000        0.0000000000000000        0.0000000000000000       -325.00000000000000        0.0000000000000000     
   171.05593300155977       0.18882294727034332       -74.242180602195504        154.09424859922478        1.7769999999999999     
   199.54856549779916        169.48046925517289        104.95155645086648       -8.8325309405870307        1.7769999999999999     
   145.93337364672232       -85.497329947251956       -97.860785790342291       -66.408001929747527        0.0000000000000000     
   133.46212785392100       -84.171962255191289        67.151409941671318       -78.853715728890180        0.0000000000000000     

 PASSED   1.0000000000000001E-005
 MU_R    =    325.00000000000000     
 ALPHA_S =   0.11799999999999999     
 BORN                    3.2704439725827124E-010
 SINGLE POLE (MadFKS)   -8.6001640882120505E-011
 DOUBLE POLE (MadFKS)   -3.4804589754310574E-011
 SINGLE POLE (MadLoop)  -8.6001640882115542E-011
 DOUBLE POLE (MadLoop)  -3.4804589754310167E-011
 FINITE PART (MadLoop)   3.4640707425447085E-011
   325.00000000000000        0.0000000000000000        0.0000000000000000        325.00000000000000        0.0000000000000000     
   325.00000000000000        0.0000000000000000        0.0000000000000000       -325.00000000000000        0.0000000000000000     
   21.562621145342973       -6.8926813660714208        19.149063339462423       -6.8987838395372245        1.7769999999999999     
   96.466476761047545       -73.982376107274547       -28.363044323105793        54.997901341206088        1.7769999999999999     
   244.55728269073381        58.159925111998170       -44.469705844766338        233.34123701163978        0.0000000000000000     
   287.41361940287578        22.715132361347841        53.683686828409726       -281.44035451330865        0.0000000000000000     

 PASSED   1.0000000000000001E-005
 MU_R    =    325.00000000000000     
 ALPHA_S =   0.11799999999999999     
 BORN                    4.0010070066885775E-013
 SINGLE POLE (MadFKS)   -5.3050612411427012E-014
 DOUBLE POLE (MadFKS)   -4.2579358839144959E-014
 SINGLE POLE (MadLoop)  -5.3050612411500540E-014
 DOUBLE POLE (MadLoop)  -4.2579358839144902E-014
 FINITE PART (MadLoop)   7.0401468798766773E-014
   325.00000000000000        0.0000000000000000        0.0000000000000000        325.00000000000000        0.0000000000000000     
   325.00000000000000        0.0000000000000000        0.0000000000000000       -325.00000000000000        0.0000000000000000     
   218.92214965681180        141.59943238206807       -89.647712505094262        140.84260105891110        1.7769999999999999     
   270.52453948221012       -236.05161639240464       -7.5140117266676043       -131.92248769397295        1.7769999999999999     
   122.97171037719549        58.712313676840481        106.98650525687131       -15.125920425765447        0.0000000000000000     
   37.581600483782935        35.739870333496029       -9.8247810251094467        6.2058070608273166        0.0000000000000000     

 PASSED   1.0000000000000001E-005
 MU_R    =    325.00000000000000     
 ALPHA_S =   0.11799999999999999     
 BORN                    1.4572649748461170E-012
 SINGLE POLE (MadFKS)   -1.5994166110103977E-013
 DOUBLE POLE (MadFKS)   -1.5508447794258024E-013
 SINGLE POLE (MadLoop)  -1.5994166110299648E-013
 DOUBLE POLE (MadLoop)  -1.5508447794257915E-013
 FINITE PART (MadLoop)   1.9712444960464262E-013
   325.00000000000000        0.0000000000000000        0.0000000000000000        325.00000000000000        0.0000000000000000     
   325.00000000000000        0.0000000000000000        0.0000000000000000       -325.00000000000000        0.0000000000000000     
   306.04690882773093        175.50713481828981       -180.40755736516311        174.10316351927506        1.7769999999999999     
   136.45962402417371       -24.308561419943256        115.51714047870024       -68.432122260937675        1.7769999999999999     
   94.481100839125986       -62.553797027153607        4.1454739407353527       -70.686037794358228        0.0000000000000000     
   113.01236630897141       -88.644776371192961        60.744942945727530       -34.985003463979105        0.0000000000000000     

 PASSED   1.0000000000000001E-005
 MU_R    =    325.00000000000000     
 ALPHA_S =   0.11799999999999999     
 BORN                    3.6690764217598288E-010
 SINGLE POLE (MadFKS)   -3.3253788843557410E-011
 DOUBLE POLE (MadFKS)   -3.9046900270154362E-011
 SINGLE POLE (MadLoop)  -3.3253789166116412E-011
 DOUBLE POLE (MadLoop)  -3.9046900270173290E-011
 FINITE PART (MadLoop)   6.0448491805272989E-011
   325.00000000000000        0.0000000000000000        0.0000000000000000        325.00000000000000        0.0000000000000000     
   325.00000000000000        0.0000000000000000        0.0000000000000000       -325.00000000000000        0.0000000000000000     
   264.65945237585680       -240.21637742368520       -74.125814169123373       -82.721966212696699        1.7769999999999999     
   190.85195714069212        99.887350279356411       -24.400179912960255        160.77456356593510        1.7769999999999999     
   8.7218219673238799      -0.71843396562205208      -0.48005763836865811       -8.6789155849436543        0.0000000000000000     
   185.76676851612797        141.04746110995106        99.006051720452277       -69.373681768294759        0.0000000000000000     

 PASSED   1.0000000000000001E-005
 MU_R    =    325.00000000000000     
 ALPHA_S =   0.11799999999999999     
 BORN                    7.4876482966981583E-013
 SINGLE POLE (MadFKS)   -1.0061808221233016E-013
 DOUBLE POLE (MadFKS)   -7.9684755151252104E-014
 SINGLE POLE (MadLoop)  -1.0061808221156382E-013
 DOUBLE POLE (MadLoop)  -7.9684755151252015E-014
 FINITE PART (MadLoop)  -9.9055370991300893E-015
   325.00000000000000        0.0000000000000000        0.0000000000000000        325.00000000000000        0.0000000000000000     
   325.00000000000000        0.0000000000000000        0.0000000000000000       -325.00000000000000        0.0000000000000000     
   61.102914552777428       -31.112444629925371        14.650248423262934       -50.475681750032187        1.7769999999999999     
   228.35703829341554       -177.44699380125985       -37.577903870047038        138.72362719007026        1.7769999999999999     
   198.16916573652989        173.91355881524910       -92.823346939045152        20.221735137242611        0.0000000000000000     
   162.37088141727716        34.645879615936096        115.75100238582931       -108.46968057728071        0.0000000000000000     

 PASSED   1.0000000000000001E-005
 MU_R    =    325.00000000000000     
 ALPHA_S =   0.11799999999999999     
 BORN                    9.7941163655510377E-014
 SINGLE POLE (MadFKS)   -4.2376078041044885E-015
 DOUBLE POLE (MadFKS)   -1.0423055859287067E-014
 SINGLE POLE (MadLoop)  -4.2376078040896090E-015
 DOUBLE POLE (MadLoop)  -1.0423055859287208E-014
 FINITE PART (MadLoop)   5.1459907504006060E-014
   325.00000000000000        0.0000000000000000        0.0000000000000000        325.00000000000000        0.0000000000000000     
   325.00000000000000        0.0000000000000000        0.0000000000000000       -325.00000000000000        0.0000000000000000     
   101.81126390563249       -15.912487198419365        9.9001296513670809        100.05576401741482        1.7769999999999999     
   198.53089883427623       -59.004683136639734       -94.160510973118932       -164.51019908860212        1.7769999999999999     
   211.63277545761360        90.431922678733599        189.95830554006395       -22.942126424286649        0.0000000000000000     
   138.02506180247761       -15.514752343674497       -105.69792421831210        87.396561495473961        0.0000000000000000     

 PASSED   1.0000000000000001E-005
 MU_R    =    325.00000000000000     
 ALPHA_S =   0.11799999999999999     
 BORN                    3.4770718767995866E-011
 SINGLE POLE (MadFKS)   -9.3656576062278397E-013
 DOUBLE POLE (MadFKS)   -3.7003557080566884E-012
 SINGLE POLE (MadLoop)  -9.3656576062988549E-013
 DOUBLE POLE (MadLoop)  -3.7003557080565947E-012
 FINITE PART (MadLoop)   2.6791619640513195E-012
   325.00000000000000        0.0000000000000000        0.0000000000000000        325.00000000000000        0.0000000000000000     
   325.00000000000000        0.0000000000000000        0.0000000000000000       -325.00000000000000        0.0000000000000000     
   118.37655898551074       -17.131523890910238       -7.1837163472310976       -116.89635193994638        1.7769999999999999     
   197.92377852444085        16.974892299883887       -195.36499311677517        26.740173377928585        1.7769999999999999     
   62.488096931195045       -25.359749085598082       -55.862821586351238        11.873944113453945        0.0000000000000000     
   271.21156555885329        25.516380676624397        258.41153105035750        78.282234448563855        0.0000000000000000     

 PASSED   1.0000000000000001E-005
 MU_R    =    325.00000000000000     
 ALPHA_S =   0.11799999999999999     
 BORN                    1.6031818975383698E-012
 SINGLE POLE (MadFKS)   -1.2691832686338126E-013
 DOUBLE POLE (MadFKS)   -1.7061319109312134E-013
 SINGLE POLE (MadLoop)  -1.2691832686926372E-013
 DOUBLE POLE (MadLoop)  -1.7061319109311828E-013
 FINITE PART (MadLoop)   2.0777174543547777E-013
   325.00000000000000        0.0000000000000000        0.0000000000000000        325.00000000000000        0.0000000000000000     
   325.00000000000000        0.0000000000000000        0.0000000000000000       -325.00000000000000        0.0000000000000000     
   59.535295633255089       -59.190003898179370        4.0052056305913526        4.6685611840557222        1.7769999999999999     
   171.82234107121599       -117.89872054494091        29.910750029957271        121.34660229567459        1.7769999999999999     
   204.98287455331499        49.529107835663687       -190.66521802563744       -56.671165263998205        0.0000000000000000     
   213.65948874221388        127.55961660745662        156.74926236508881       -69.343998215732071        0.0000000000000000     

 PASSED   1.0000000000000001E-005
 MU_R    =    325.00000000000000     
 ALPHA_S =   0.11799999999999999     
 BORN                    3.7550139116256632E-012
 SINGLE POLE (MadFKS)   -2.6968776277288888E-013
 DOUBLE POLE (MadFKS)   -3.9961460832686658E-013
 SINGLE POLE (MadLoop)  -2.6968776273911180E-013
 DOUBLE POLE (MadLoop)  -3.9961460832686319E-013
 FINITE PART (MadLoop)   4.9608978082745857E-013
   325.00000000000000        0.0000000000000000        0.0000000000000000        325.00000000000000        0.0000000000000000     
   325.00000000000000        0.0000000000000000        0.0000000000000000       -325.00000000000000        0.0000000000000000     
   252.60155603147032       -6.8754655542822380        207.89272610212421        143.30991168708147        1.7769999999999999     
   144.31597318202498       -31.347435811142027        20.435585945835221       -139.36881818251763        1.7769999999999999     
   50.136212588860765       -1.0165595582647149       -33.522465717715683        37.267287419726678        0.0000000000000000     
   202.94625819764622        39.239460923688966       -194.80584633024378       -41.208380924290488        0.0000000000000000     

 PASSED   1.0000000000000001E-005
 MU_R    =    325.00000000000000     
 ALPHA_S =   0.11799999999999999     
 BORN                    1.1104312543285262E-009
 SINGLE POLE (MadFKS)   -7.5606621042797826E-011
 DOUBLE POLE (MadFKS)   -1.1817387663959257E-010
 SINGLE POLE (MadLoop)  -7.5606621042829608E-011
 DOUBLE POLE (MadLoop)  -1.1817387663959345E-010
 FINITE PART (MadLoop)   8.5216618342416084E-011
   325.00000000000000        0.0000000000000000        0.0000000000000000        325.00000000000000        0.0000000000000000     
   325.00000000000000        0.0000000000000000        0.0000000000000000       -325.00000000000000        0.0000000000000000     
   281.01164449750564        62.124273633027556       -233.53243133039715        143.41396290694485        1.7769999999999999     
   51.935639682140476       -4.5662438427694694       -49.008001999112068       -16.477806207639428        1.7769999999999999     
   20.046047688066036       -8.4387318050815061        12.675007389109689       -13.037485229910642        0.0000000000000000     
   297.00666813228781       -49.119297985176566        269.86542594039946       -113.89867146939488        0.0000000000000000     

 PASSED   1.0000000000000001E-005
 MU_R    =    325.00000000000000     
 ALPHA_S =   0.11799999999999999     
 BORN                    3.9224185873760530E-011
 SINGLE POLE (MadFKS)   -4.6593202695076251E-012
 DOUBLE POLE (MadFKS)   -4.1743008265173164E-012
 SINGLE POLE (MadLoop)  -4.6593202695085557E-012
 DOUBLE POLE (MadLoop)  -4.1743008265176621E-012
Thanks for using LHAPDF 6.2.1. Please make sure to cite the paper:
  Eur.Phys.J. C75 (2015) 3, 132  (http://arxiv.org/abs/1412.7420)
 FINITE PART (MadLoop)   3.2586727985627267E-012
   325.00000000000000        0.0000000000000000        0.0000000000000000        325.00000000000000        0.0000000000000000     
   325.00000000000000        0.0000000000000000        0.0000000000000000       -325.00000000000000        0.0000000000000000     
   177.97051898252138        124.33644736869229       -44.083893749212535       -119.44624759927973        1.7769999999999999     
   291.48303107162343       -161.58072306404370       -96.466656671120546        222.58718237692378        1.7769999999999999     
   34.568885881719410      -0.17587516822498003        21.943828567844928       -26.710397354093633        0.0000000000000000     
   145.97756406413654        37.420150863576175        118.60672185248828       -76.430537423550348        0.0000000000000000     

 PASSED   1.0000000000000001E-005
 MU_R    =    325.00000000000000     
 ALPHA_S =   0.11799999999999999     
 BORN                    1.3702178909832706E-013
 SINGLE POLE (MadFKS)   -5.4494707743532702E-015
 DOUBLE POLE (MadFKS)   -1.4582078754288540E-014
 SINGLE POLE (MadLoop)  -5.4494707712328457E-015
 DOUBLE POLE (MadLoop)  -1.4582078754288929E-014
 FINITE PART (MadLoop)   1.8350608057236919E-013
   325.00000000000000        0.0000000000000000        0.0000000000000000        325.00000000000000        0.0000000000000000     
   325.00000000000000        0.0000000000000000        0.0000000000000000       -325.00000000000000        0.0000000000000000     
   84.683137420477479        57.699655928769261        28.293464629948424        55.120827273463284        1.7769999999999999     
   209.07384944828709        142.35841979063878       -152.67508395646178        11.537584137271063        1.7769999999999999     
   250.25897044701614       -156.91818776283523        108.27932620722459       -162.11669301628845        0.0000000000000000     
   105.98404268421930       -43.139887956572785        16.102293119288763        95.458281605554092        0.0000000000000000     

 PASSED   1.0000000000000001E-005
 MU_R    =    325.00000000000000     
 ALPHA_S =   0.11799999999999999     
 BORN                    4.9727956662767411E-011
 SINGLE POLE (MadFKS)   -1.1245400099415218E-011
 DOUBLE POLE (MadFKS)   -5.2921289753848012E-012
 SINGLE POLE (MadLoop)  -1.1245400099344541E-011
 DOUBLE POLE (MadLoop)  -5.2921289753847252E-012
 FINITE PART (MadLoop)  -4.7409476687443489E-013
   325.00000000000000        0.0000000000000000        0.0000000000000000        325.00000000000000        0.0000000000000000     
   325.00000000000000        0.0000000000000000        0.0000000000000000       -325.00000000000000        0.0000000000000000     
   120.77240982803838        120.06654375436385       -11.408650209323360        6.0568158263565035        1.7769999999999999     
   21.418840655725980        16.374265811698969        11.950860687762759        6.6835135957737970        1.7769999999999999     
   261.59317765236972       -118.46280852514334        70.876138987835262        222.20289492438337        0.0000000000000000     
   246.21557186386585       -17.978001040919420       -71.418349466274762       -234.94322434651363        0.0000000000000000     

 PASSED   1.0000000000000001E-005
 MU_R    =    325.00000000000000     
 ALPHA_S =   0.11799999999999999     
 BORN                    9.4766152355287589E-013
 SINGLE POLE (MadFKS)   -1.2073406449700655E-014
 DOUBLE POLE (MadFKS)   -1.0085166059932739E-013
 SINGLE POLE (MadLoop)  -1.2073406449682663E-014
 DOUBLE POLE (MadLoop)  -1.0085166059932786E-013
 FINITE PART (MadLoop)   1.0854570579816778E-013
   325.00000000000000        0.0000000000000000        0.0000000000000000        325.00000000000000        0.0000000000000000     
   325.00000000000000        0.0000000000000000        0.0000000000000000       -325.00000000000000        0.0000000000000000     
   88.797241103747098        53.885615604314545       -68.556787246439541       -16.676320098495101        1.7769999999999999     
   170.39978963107521        131.36641051035889        84.222222317959904       -68.428166969185185        1.7769999999999999     
   147.89523137661951       -38.877418488063171       -118.81092083561599       -79.028544753404290        0.0000000000000000     
   242.90773788855822       -146.37460762661021        103.14548576409560        164.13303182108459        0.0000000000000000     

 NUMBER OF POINTS PASSING THE CHECK          20
 NUMBER OF POINTS FAILING THE CHECK           0
 TOLERANCE    1.0000000000000001E-005
