==== LHAPDF6 USING DEFAULT-TYPE LHAGLUE INTERFACE ====
LHAPDF 6.2.1 loading /cvmfs/cms.cern.ch/slc6_amd64_gcc481/external/lhapdf/6.2.1/share/LHAPDF/NNPDF31_nnlo_as_0118_nf_4/NNPDF31_nnlo_as_0118_nf_4_0000.dat
NNPDF31_nnlo_as_0118_nf_4 PDF set, member #0, version 1; LHAPDF ID = 320900
 A PDF is used, so alpha_s(MZ) is going to be modified
 Old value of alpha_s from param_card:   0.11799999999999999     
 New value of alpha_s from PDF lhapdf :  0.11800240511781991     
 using LHAPDF
WARNING: the value of maxjetflavorspecified in the run_card (  4) is inconsistent with the number of light flavours inthe model. Hence it will be set to:  5
 *****************************************************
 *               MadGraph/MadEvent                   *
 *        --------------------------------           *
 *          http://madgraph.hep.uiuc.edu             *
 *          http://madgraph.phys.ucl.ac.be           *
 *          http://madgraph.roma2.infn.it            *
 *        --------------------------------           *
 *                                                   *
 *          PARAMETER AND COUPLING VALUES            *
 *                                                   *
 *****************************************************

  External Params
  ---------------------------------
  
 MU_R =    91.188000000000002     
 aEWM1 =    132.50700000000001     
 mdl_Gf =    1.1663900000000000E-005
 aS =   0.11799999999999999     
 mdl_ymt =    173.00000000000000     
 mdl_ymtau =    1.7769999999999999     
 mdl_MT =    173.00000000000000     
 mdl_MZ =    91.188000000000002     
 mdl_MH =    125.00000000000000     
 mdl_MTA =    1.7769999999999999     
 mdl_WT =    1.4915000000000000     
 mdl_WZ =    2.4414039999999999     
 mdl_WW =    2.0476000000000001     
 mdl_WH =    6.3823389999999999E-003
  Internal Params
  ---------------------------------
  
 mdl_conjg__CKM3x3 =    1.0000000000000000     
 mdl_CKM22 =    1.0000000000000000     
 mdl_I4x33 =    0.0000000000000000     
 mdl_I1x33 =    0.0000000000000000     
 mdl_lhv =    1.0000000000000000     
 mdl_CKM3x3 =    1.0000000000000000     
 mdl_conjg__CKM22 =    1.0000000000000000     
 mdl_conjg__CKM33 =    1.0000000000000000     
 mdl_Ncol =    3.0000000000000000     
 mdl_CA =    3.0000000000000000     
 mdl_TF =   0.50000000000000000     
 mdl_CF =    1.3333333333333333     
 mdl_complexi =  (  0.0000000000000000     ,  1.0000000000000000     )
 mdl_MZ__exp__2 =    8315.2513440000002     
 mdl_MZ__exp__4 =    69143404.913893804     
 mdl_sqrt__2 =    1.4142135623730951     
 mdl_MH__exp__2 =    15625.000000000000     
 mdl_Ncol__exp__2 =    9.0000000000000000     
 mdl_MT__exp__2 =    29929.000000000000     
 mdl_aEW =    7.5467711139788835E-003
 mdl_MW =    80.419002445756163     
 mdl_sqrt__aEW =    8.6872153846781555E-002
 mdl_ee =   0.30795376724436879     
 mdl_MW__exp__2 =    6467.2159543705357     
 mdl_sw2 =   0.22224648578577766     
 mdl_cw =   0.88190334743339216     
 mdl_sqrt__sw2 =   0.47143025548407230     
 mdl_sw =   0.47143025548407230     
 mdl_g1 =   0.34919219678733299     
 mdl_gw =   0.65323293034757990     
 mdl_v =    246.21845810181637     
 mdl_v__exp__2 =    60623.529110035903     
 mdl_lam =   0.12886910601690263     
 mdl_yt =   0.99366614581500623     
 mdl_ytau =    1.0206617000654717E-002
 mdl_muH =    88.388347648318430     
 mdl_AxialZUp =  -0.18517701861793787     
 mdl_AxialZDown =   0.18517701861793787     
 mdl_VectorZUp =    7.5430507588273299E-002
 mdl_VectorZDown =  -0.13030376310310560     
 mdl_VectorAUp =   0.20530251149624587     
 mdl_VectorADown =  -0.10265125574812294     
 mdl_VectorWmDxU =   0.23095271737156670     
 mdl_AxialWmDxU =  -0.23095271737156670     
 mdl_VectorWpUxD =   0.23095271737156670     
 mdl_AxialWpUxD =  -0.23095271737156670     
 mdl_I2x33 =  ( 0.99366614581500623     ,  0.0000000000000000     )
 mdl_I3x33 =  ( 0.99366614581500623     ,  0.0000000000000000     )
 mdl_Vector_tbGp =  (-0.99366614581500623     ,  0.0000000000000000     )
 mdl_Axial_tbGp =  (-0.99366614581500623     , -0.0000000000000000     )
 mdl_Vector_tbGm =  ( 0.99366614581500623     ,  0.0000000000000000     )
 mdl_Axial_tbGm =  (-0.99366614581500623     ,  0.0000000000000000     )
 mdl_gw__exp__2 =   0.42671326129048615     
 mdl_cw__exp__2 =   0.77775351421422245     
 mdl_ee__exp__2 =    9.4835522759998875E-002
 mdl_sw__exp__2 =   0.22224648578577769     
 mdl_yt__exp__2 =   0.98737240933884918     
  Internal Params evaluated point by point
  ----------------------------------------
  
 mdl_sqrt__aS =   0.34351128074635334     
 mdl_G__exp__4 =    2.1987899468922913     
 mdl_G__exp__2 =    1.4828317324943823     
 mdl_R2MixedFactor_FIN_ =   -2.5040377713124864E-002
 mdl_G_UVg_1EPS_ =   -5.1645779033320030E-002
 mdl_G_UVq_1EPS_ =    3.1300472141406080E-003
 mdl_GWcft_UV_t_1EPS_ =   -3.1300472141406080E-003
 mdl_tWcft_UV_1EPS_ =   -1.8780283284843650E-002
 mdl_G__exp__3 =    1.8056676068262196     
 mdl_MU_R__exp__2 =    8315.2513440000002     
 mdl_G_UVt_FIN_ =   -4.0087659331150384E-003
 mdl_GWcft_UV_t_FIN_ =    4.0087659331150384E-003
 mdl_tWcft_UV_FIN_ =   -9.8778211443463623E-004
  Couplings of loop_sm-no_b_mass
  ---------------------------------
  
      UV_GQQt =   0.00000E+00  -0.48815E-02
   UVWfct_G_2 =   0.40088E-02   0.00000E+00
       R2_DDA =   0.00000E+00   0.25704E-02
       R2_UUA =  -0.00000E+00  -0.51409E-02
    R2_DDZ_V2 =   0.00000E+00   0.72127E-02
    R2_UUZ_V2 =  -0.00000E+00  -0.72127E-02
    R2_UUZ_V5 =   0.00000E+00   0.68702E-03
      R2_GGHt =   0.00000E+00  -0.45657E+01
     R2_GGZup =  -0.46369E-02   0.00000E+00
   R2_GGZdown =   0.46369E-02   0.00000E+00
    R2_GGZAup =   0.00000E+00   0.19389E-03
  R2_GGZAdown =   0.00000E+00   0.16747E-03
  R2_GGAAdown =   0.00000E+00   0.13193E-03
    R2_GGAAup =   0.00000E+00   0.52771E-03
         GC_4 =  -0.12177E+01   0.00000E+00
         GC_5 =   0.00000E+00   0.12177E+01
       R2_GQQ =  -0.00000E+00  -0.30492E-01
       R2_QQq =   0.00000E+00   0.12520E-01
 UV_GQQg_1eps =   0.00000E+00  -0.62890E-01
 UV_GQQq_1eps =   0.00000E+00   0.38115E-02
 UVWfct_G_2_1eps -0.31300E-02   0.00000E+00
         GC_1 =  -0.00000E+00  -0.10265E+00
         GC_2 =   0.00000E+00   0.20530E+00
        GC_21 =  -0.00000E+00  -0.28804E+00
        GC_22 =   0.00000E+00   0.28804E+00
        GC_23 =  -0.00000E+00  -0.27437E-01
        GC_24 =   0.00000E+00   0.82310E-01
        GC_37 =  -0.00000E+00  -0.70263E+00
        GC_38 =  -0.00000E+00  -0.72172E-02
      GC_1003 =  -0.00000E+00  -0.30795E+00

 Collider parameters:
 --------------------

 Running at P P   machine @    13000.000000000000       GeV
 PDF set = lhapdf 
 alpha_s(Mz)= 0.1180 running at 3 loops.
 alpha_s(Mz)= 0.1180 running at 3 loops.
 Renormalization scale set on event-by-event basis
 Factorization   scale set on event-by-event basis


 ===============================================================
 INFO: MadFKS read these parameters from FKS_params.dat
 ===============================================================
  > IRPoleCheckThreshold      =    1.0000000000000001E-005
  > PrecisionVirtualAtRunTime =    1.0000000000000000E-003
  > NHelForMCoverHels         =            4
  > VirtualFraction           =    1.0000000000000000     
  > MinVirtualFraction        =    5.0000000000000001E-003
 ===============================================================
  Insert the number of points to test
 Insert the relative tolerance
  A negative number will mean use the default one:    1.0000000000000001E-005
Using random seed offsets:     1 ,     21 ,      0
  with seed                   32
 Ranmar initialization seeds       10730        9427
  ========================================================================================== 
 {                                                                                          }
 {       [32m                                                                            [0m       }
 {       [32m                               ,,                                           [0m       }
 {       [32m`7MMM.     ,MMF'             `7MM  `7MMF'                                   [0m       }
 {       [32m  MMMb    dPMM                 MM    MM                                     [0m       }
 {       [32m  M YM   ,M MM   ,6"Yb.   ,M""bMM    MM         ,pW"Wq.   ,pW"Wq.`7MMpdMAo. [0m       }
 {       [32m  M  Mb  M' MM  8)   MM ,AP    MM    MM        6W'   `Wb 6W'   `Wb MM   `Wb [0m       }
 {       [32m  M  YM.P'  MM   ,pm9MM 8MI    MM    MM      , 8M     M8 8M     M8 MM    M8 [0m       }
 {       [32m  M  `YM'   MM  8M   MM `Mb    MM    MM     ,M YA.   ,A9 YA.   ,A9 MM   ,AP [0m       }
 {       [32m.JML. `'  .JMML.`Moo9^Yo.`Wbmd"MML..JMMmmmmMMM  `Ybmd9'   `Ybmd9'  MMbmmd'  [0m       }
 {       [32m                                                                   MM       [0m       }
 {       [32m                                                                 .JMML.     [0m       }
 {       [32m[0mv2.6.0 (2017-08-16), Ref: arXiv:1103.0621v2, arXiv:1405.0301[32m                [0m       }
 {       [32m                                                                            [0m       }
 {                                                                                          }
  ========================================================================================== 
 ===============================================================
 INFO: MadLoop read these parameters from ./MadLoop5_resources/MadLoopParams.dat                                                                                                                                                                                                                                                                                                                                                                                                                                                                                          
 ===============================================================
  > MLReductionLib            = 6|7|1
  > CTModeRun                 =           -1
  > MLStabThres               =    1.0000000000000000E-003
  > NRotations_DP             =            0
  > NRotations_QP             =            0
  > CTStabThres               =    1.0000000000000000E-002
  > CTLoopLibrary             =            2
  > CTModeInit                =            1
  > CheckCycle                =            3
  > MaxAttempts               =           10
  > UseLoopFilter             =  F
  > HelicityFilterLevel       =            2
  > ImprovePSPoint            =            2
  > DoubleCheckHelicityFilter =  T
  > LoopInitStartOver         =  F
  > HelInitStartOver          =  F
  > ZeroThres                 =    1.0000000000000001E-009
  > OSThres                   =    1.0000000000000000E-008
  > WriteOutFilters           =  T
  > UseQPIntegrandForNinja    =  T
  > UseQPIntegrandForCutTools =  T
  > IREGIMODE                 =            2
  > IREGIRECY                 =  T
  > COLLIERMode               =            1
  > COLLIERRequiredAccuracy   =    1.0000000000000000E-008
  > COLLIERCanOutput          =  F
  > COLLIERComputeUVpoles     =  T
  > COLLIERComputeIRpoles     =  T
  > COLLIERGlobalCache        =           -1
  > COLLIERUseCacheForPoles   =  F
  > COLLIERUseInternalStabilityTest =  T
 ===============================================================
  
------------------------------------------------------------------------
|              You are using CutTools - Version 1.9.3                  |
|              Authors: G. Ossola, C. Papadopoulos, R. Pittau          |
|              Published in JHEP 0803:042,2008                         |
|              http://www.ugr.es/~pittau/CutTools                      |
|                                                                      |
|              Compiler with  34  significant digits detetected        |
 ---------------------------------------------------------------------- 
   
########################################################################
#                                                                      #
#                      You are using OneLOop-3.6                       #
#                                                                      #
# for the evaluation of 1-loop scalar 1-, 2-, 3- and 4-point functions #
#                                                                      #
# author: Andreas van Hameren <hamerenREMOVETHIS@ifj.edu.pl>           #
#   date: 18-02-2015                                                   #
#                                                                      #
# Please cite                                                          #
#    A. van Hameren,                                                   #
#      Comput.Phys.Commun. 182 (2011) 2427-2438, arXiv:1007.4716       #
#    A. van Hameren, C.G. Papadopoulos and R. Pittau,                  #
#      JHEP 0909:106,2009, arXiv:0903.4665                             #
# in publications with results obtained with the help of this program. #
#                                                                      #
########################################################################
 PASSED   1.0000000000000001E-005
 MU_R    =    325.00000000000000     
 ALPHA_S =   0.11799999999999999     
 BORN                    2.3899256211821640E-013
 SINGLE POLE (MadFKS)   -2.5198830604392108E-014
 DOUBLE POLE (MadFKS)   -2.5433972110787285E-014
 SINGLE POLE (MadLoop)  -2.5198830603210836E-014
 DOUBLE POLE (MadLoop)  -2.5433972110787670E-014
 FINITE PART (MadLoop)   1.1898955638938501E-013
   325.00000000000000        0.0000000000000000        0.0000000000000000        325.00000000000000        0.0000000000000000     
   325.00000000000000        0.0000000000000000        0.0000000000000000       -325.00000000000000        0.0000000000000000     
   182.74653145709667        47.319504004235249       -169.96275508429218       -47.642640402791450        0.0000000000000000     
   260.34980794919227       -176.67224713956003        124.03932780436334        145.54444251733304        0.0000000000000000     
   177.64444538698999        122.67161775628763        34.185257534817168       -123.85714085665288        0.0000000000000000     
   29.259215206720988        6.6811253790371365        11.738169745111691        25.955338742111291        0.0000000000000000     

 PASSED   1.0000000000000001E-005
 MU_R    =    325.00000000000000     
 ALPHA_S =   0.11799999999999999     
 BORN                    7.9530364915887241E-012
 SINGLE POLE (MadFKS)   -1.6841448459424403E-012
 DOUBLE POLE (MadFKS)   -8.4637491029150003E-013
 SINGLE POLE (MadLoop)  -1.6841448459580963E-012
 DOUBLE POLE (MadLoop)  -8.4637491029149760E-013
 FINITE PART (MadLoop)  -6.3163159038152831E-013
   325.00000000000000        0.0000000000000000        0.0000000000000000        325.00000000000000        0.0000000000000000     
   325.00000000000000        0.0000000000000000        0.0000000000000000       -325.00000000000000        0.0000000000000000     
   48.582535760423902        39.313184085549842        11.334093603624948        26.196844469378487        0.0000000000000000     
   176.43673912873930        147.43162375909031       -61.497813976290800        74.912336142176031        0.0000000000000000     
   232.79469058411672       -182.47772227493746        122.37110421605682        76.945186272101722        0.0000000000000000     
   192.18603452672002       -4.2670855697027266       -72.207383843390971       -178.05436688365629        0.0000000000000000     

 PASSED   1.0000000000000001E-005
 MU_R    =    325.00000000000000     
 ALPHA_S =   0.11799999999999999     
 BORN                    5.3748888594959911E-013
 SINGLE POLE (MadFKS)   -4.4143454018879377E-014
 DOUBLE POLE (MadFKS)   -5.7200430063334786E-014
 SINGLE POLE (MadLoop)  -4.4143454018878771E-014
 DOUBLE POLE (MadLoop)  -5.7200430063334319E-014
 FINITE PART (MadLoop)   6.6222820996354413E-014
   325.00000000000000        0.0000000000000000        0.0000000000000000        325.00000000000000        0.0000000000000000     
   325.00000000000000        0.0000000000000000        0.0000000000000000       -325.00000000000000        0.0000000000000000     
   287.86815680155422       -140.10660099460370       -232.78373573931867       -95.131216923311484        0.0000000000000000     
   168.05981935401485        69.130272589284687        73.513180597436204        134.39092443868378        0.0000000000000000     
   74.899235545418264        42.028038488325265        43.760907323053367       -43.914945706160424        0.0000000000000000     
   119.17278829901250        28.948289916993726        115.50964781882918        4.6552381907881051        0.0000000000000000     

 PASSED   1.0000000000000001E-005
 MU_R    =    325.00000000000000     
 ALPHA_S =   0.11799999999999999     
 BORN                    7.8531798553743017E-013
 SINGLE POLE (MadFKS)    6.5533749125760676E-016
 DOUBLE POLE (MadFKS)   -8.3574800676762229E-014
 SINGLE POLE (MadLoop)   6.5533749125757610E-016
 DOUBLE POLE (MadLoop)  -8.3574800676762140E-014
 FINITE PART (MadLoop)   6.0191101372608481E-013
   325.00000000000000        0.0000000000000000        0.0000000000000000        325.00000000000000        0.0000000000000000     
   325.00000000000000        0.0000000000000000        0.0000000000000000       -325.00000000000000        0.0000000000000000     
   191.41681065956587       -24.776643025587962       -33.693573394323067       -186.79201394969763        0.0000000000000000     
   48.541481445421525        40.870984896317559       -18.054084743684392        18.970715289335960        0.0000000000000000     
   160.09204019800606       -137.22976611806723        65.251179277314321       -50.395795745878928        0.0000000000000000     
   249.94966769700682        121.13542424733767       -13.503521139306921        218.21709440624016        0.0000000000000000     

 PASSED   1.0000000000000001E-005
 MU_R    =    325.00000000000000     
 ALPHA_S =   0.11799999999999999     
 BORN                    5.6957402067620735E-013
 SINGLE POLE (MadFKS)   -5.0398152910163166E-014
 DOUBLE POLE (MadFKS)   -6.0614981606590553E-014
 SINGLE POLE (MadLoop)  -5.0398152946712032E-014
 DOUBLE POLE (MadLoop)  -6.0614981606590263E-014
 FINITE PART (MadLoop)   5.5413166994639522E-013
   325.00000000000000        0.0000000000000000        0.0000000000000000        325.00000000000000        0.0000000000000000     
   325.00000000000000        0.0000000000000000        0.0000000000000000       -325.00000000000000        0.0000000000000000     
   71.921435264578193       -28.501594559560328       -31.369648121702696       -58.105913079478469        0.0000000000000000     
   272.53902623633888        130.32391378212347        198.53837151734808       -133.70008733580147        0.0000000000000000     
   262.98960456225950       -98.439090972403349       -188.26804294797137        155.01103664217388        0.0000000000000000     
   42.549933936823301       -3.3832282501598203        21.099319552325991        36.794963773105984        0.0000000000000000     

 PASSED   1.0000000000000001E-005
 MU_R    =    325.00000000000000     
 ALPHA_S =   0.11799999999999999     
 BORN                    5.3073864474538751E-013
 SINGLE POLE (MadFKS)   -7.5599148641214912E-014
 DOUBLE POLE (MadFKS)   -5.6482058558350111E-014
 SINGLE POLE (MadLoop)  -7.5599148641273502E-014
 DOUBLE POLE (MadLoop)  -5.6482058558350357E-014
 FINITE PART (MadLoop)   8.3293802948582672E-014
   325.00000000000000        0.0000000000000000        0.0000000000000000        325.00000000000000        0.0000000000000000     
   325.00000000000000        0.0000000000000000        0.0000000000000000       -325.00000000000000        0.0000000000000000     
   180.33282816312669       -109.00473957396459       -143.05284479247365       -13.182536193933947        0.0000000000000000     
   218.34926004821600       -2.5706212141772622        216.75537051152031       -26.208789071419940        0.0000000000000000     
   191.83539816997825        132.22149060010034       -126.22828539758366        58.178323971285430        0.0000000000000000     
   59.482513618679036       -20.646129811958460        52.525759678536978       -18.786998705931538        0.0000000000000000     

 PASSED   1.0000000000000001E-005
 MU_R    =    325.00000000000000     
 ALPHA_S =   0.11799999999999999     
 BORN                    5.3825402306021396E-013
 SINGLE POLE (MadFKS)   -4.0796074530172305E-014
 DOUBLE POLE (MadFKS)   -5.7281857182906309E-014
 SINGLE POLE (MadLoop)  -4.0796074530172728E-014
 DOUBLE POLE (MadLoop)  -5.7281857182906321E-014
 FINITE PART (MadLoop)   8.5688828672816937E-014
   325.00000000000000        0.0000000000000000        0.0000000000000000        325.00000000000000        0.0000000000000000     
   325.00000000000000        0.0000000000000000        0.0000000000000000       -325.00000000000000        0.0000000000000000     
   220.28682549972376        205.98740360406325        75.229088537421845        20.882032540710739        0.0000000000000000     
   186.74626765218841       -169.41351364865366       -76.352428056076150        18.534740494055079        0.0000000000000000     
   126.90382535912410       -8.2446928608869445        111.91217823036091       -59.264410012626044        0.0000000000000000     
   116.06308148896342       -28.329197094522556       -110.78883871170660        19.847636977860226        0.0000000000000000     

 PASSED   1.0000000000000001E-005
 MU_R    =    325.00000000000000     
 ALPHA_S =   0.11799999999999999     
 BORN                    2.8508420396907030E-013
 SINGLE POLE (MadFKS)   -3.0266352879620520E-014
 DOUBLE POLE (MadFKS)   -3.0339118626581969E-014
 SINGLE POLE (MadLoop)  -3.0266352877733628E-014
 DOUBLE POLE (MadLoop)  -3.0339118626581988E-014
 FINITE PART (MadLoop)   5.5205763217185951E-014
   325.00000000000000        0.0000000000000000        0.0000000000000000        325.00000000000000        0.0000000000000000     
   325.00000000000000        0.0000000000000000        0.0000000000000000       -325.00000000000000        0.0000000000000000     
   237.44161929912249        136.05481227169963       -142.03165769358100       -133.02112180370244        0.0000000000000000     
   203.58601375006640       -65.043676543654655        192.61894839450341        10.701675369879949        0.0000000000000000     
   161.67941178361031       -112.83385068867491       -56.535665251324559        101.05678051496707        0.0000000000000000     
   47.292955167200581        41.822714960630073        5.9483745504021632        21.262665918855504        0.0000000000000000     

 PASSED   1.0000000000000001E-005
 MU_R    =    325.00000000000000     
 ALPHA_S =   0.11799999999999999     
 BORN                    1.3855503268275013E-013
 SINGLE POLE (MadFKS)   -1.7096266672170257E-014
 DOUBLE POLE (MadFKS)   -1.4745248997829301E-014
 SINGLE POLE (MadLoop)  -1.7096266672187482E-014
 DOUBLE POLE (MadLoop)  -1.4745248997829305E-014
 FINITE PART (MadLoop)  -1.3316108147219747E-014
   325.00000000000000        0.0000000000000000        0.0000000000000000        325.00000000000000        0.0000000000000000     
   325.00000000000000        0.0000000000000000        0.0000000000000000       -325.00000000000000        0.0000000000000000     
   140.01914207128596       -97.347231835727825       -53.120947723923955       -85.481234860126776        0.0000000000000000     
   242.26556365703831       -71.225901446438286       -45.743820419749440        226.99554442898304        0.0000000000000000     
   219.94191652748106        154.56706242801167        53.525200185120717       -147.03238691968295        0.0000000000000000     
   47.773377744194562        14.006070854154432        45.339567958552543        5.5180773508266530        0.0000000000000000     

 PASSED   1.0000000000000001E-005
 MU_R    =    325.00000000000000     
 ALPHA_S =   0.11799999999999999     
 BORN                    1.8343771828330191E-013
 SINGLE POLE (MadFKS)   -1.0307412301341557E-014
 DOUBLE POLE (MadFKS)   -1.9521736448752599E-014
 SINGLE POLE (MadLoop)  -1.0307412301374329E-014
 DOUBLE POLE (MadLoop)  -1.9521736448752066E-014
 FINITE PART (MadLoop)   2.9033759410967175E-014
   325.00000000000000        0.0000000000000000        0.0000000000000000        325.00000000000000        0.0000000000000000     
   325.00000000000000        0.0000000000000000        0.0000000000000000       -325.00000000000000        0.0000000000000000     
   163.01387326876511        79.094502070526758       -10.736419179147910       -142.13483712134075        0.0000000000000000     
   268.39165007931683       -240.85054640469795        95.521825077918209        70.004807425208369        0.0000000000000000     
   124.79352046909970        117.70208644246868       -41.438892561906513        1.5683690267275960        0.0000000000000000     
   93.800956182818481        44.053957891702481       -43.346513336863786        70.561660669404773        0.0000000000000000     

 PASSED   1.0000000000000001E-005
 MU_R    =    325.00000000000000     
 ALPHA_S =   0.11799999999999999     
 BORN                    2.4531729322611998E-011
 SINGLE POLE (MadFKS)   -4.3463816372360321E-012
 DOUBLE POLE (MadFKS)   -2.6107060148259669E-012
 SINGLE POLE (MadLoop)  -4.3463816372346451E-012
 DOUBLE POLE (MadLoop)  -2.6107060148259580E-012
 FINITE PART (MadLoop)  -8.0362700064131192E-013
   325.00000000000000        0.0000000000000000        0.0000000000000000        325.00000000000000        0.0000000000000000     
   325.00000000000000        0.0000000000000000        0.0000000000000000       -325.00000000000000        0.0000000000000000     
   147.47342763307887       -143.98127679999678       -17.185872791413562        26.878421927059112        0.0000000000000000     
   26.730277086511496        20.300201409532395       -14.753546489623043        9.2055636347065786        0.0000000000000000     
   269.77093067876490        220.19039493797573        60.328306701657631        143.71165724065679        0.0000000000000000     
   206.02536460164470       -96.509319547511339       -28.388887420621000       -179.79564280242252        0.0000000000000000     

 PASSED   1.0000000000000001E-005
 MU_R    =    325.00000000000000     
 ALPHA_S =   0.11799999999999999     
 BORN                    2.3742721859931247E-012
 SINGLE POLE (MadFKS)   -3.1135528044334694E-013
 DOUBLE POLE (MadFKS)   -2.5267385740689663E-013
 SINGLE POLE (MadLoop)  -3.1135528043933660E-013
 DOUBLE POLE (MadLoop)  -2.5267385740689668E-013
 FINITE PART (MadLoop)  -2.5187676563297413E-014
   325.00000000000000        0.0000000000000000        0.0000000000000000        325.00000000000000        0.0000000000000000     
   325.00000000000000        0.0000000000000000        0.0000000000000000       -325.00000000000000        0.0000000000000000     
   269.13234469618385       -150.94690088373051        130.35929437467541        180.70336589394086        0.0000000000000000     
   51.538744830657599        6.9360608111187174        31.816934846257620       -39.947664964714725        0.0000000000000000     
   84.115802922379103        68.578966002047494       -20.136220860172099        44.350043211218079        0.0000000000000000     
   245.21310755077937        75.431874070564305       -142.04000836076096       -185.10574414044419        0.0000000000000000     

 PASSED   1.0000000000000001E-005
 MU_R    =    325.00000000000000     
 ALPHA_S =   0.11799999999999999     
 BORN                    2.2787706173210194E-012
 SINGLE POLE (MadFKS)   -3.1368453873346168E-013
 DOUBLE POLE (MadFKS)   -2.4251042716197844E-013
 SINGLE POLE (MadLoop)  -3.1368453873340720E-013
 DOUBLE POLE (MadLoop)  -2.4251042716197839E-013
 FINITE PART (MadLoop)   2.1053012272725319E-013
   325.00000000000000        0.0000000000000000        0.0000000000000000        325.00000000000000        0.0000000000000000     
   325.00000000000000        0.0000000000000000        0.0000000000000000       -325.00000000000000        0.0000000000000000     
   93.494939176084287       -69.751836231243558        1.7300215936033441        62.233367410057021        0.0000000000000000     
   202.75927106307913        178.73439261237999       -55.712758928143920        77.855169334664780        0.0000000000000000     
   120.46355321694777        28.434585185050913        110.05222777859188        39.892971561108602        0.0000000000000000     
   233.28223654388876       -137.41714156618738       -56.069490444051375       -179.98150830583043        0.0000000000000000     

 PASSED   1.0000000000000001E-005
 MU_R    =    325.00000000000000     
 ALPHA_S =   0.11799999999999999     
 BORN                    9.5597905270719581E-012
 SINGLE POLE (MadFKS)   -4.3438648268028017E-013
 DOUBLE POLE (MadFKS)   -1.0173682540389983E-012
 SINGLE POLE (MadLoop)  -4.3438648267855649E-013
 DOUBLE POLE (MadLoop)  -1.0173682540389815E-012
 FINITE PART (MadLoop)  -2.5510004361142581E-013
   325.00000000000000        0.0000000000000000        0.0000000000000000        325.00000000000000        0.0000000000000000     
   325.00000000000000        0.0000000000000000        0.0000000000000000       -325.00000000000000        0.0000000000000000     
   15.726989944180353       -3.3248547081445983       -15.051553375551812        3.1199831501136996        0.0000000000000000     
   294.83811181351143        146.27513245668408       -193.45139151774958       -167.65934785266975        0.0000000000000000     
   180.81115984230661       -139.92445285873634        67.040433074786776        92.840741858563533        0.0000000000000000     
   158.62373840000188       -3.0258248898031250        141.46251181851460        71.698622843992510        0.0000000000000000     

 PASSED   1.0000000000000001E-005
 MU_R    =    325.00000000000000     
 ALPHA_S =   0.11799999999999999     
 BORN                    3.3806942638255277E-012
 SINGLE POLE (MadFKS)   -4.9478403531697448E-013
 DOUBLE POLE (MadFKS)   -3.5977891051983976E-013
 SINGLE POLE (MadLoop)  -4.9478403531659997E-013
 DOUBLE POLE (MadLoop)  -3.5977891051983946E-013
 FINITE PART (MadLoop)   4.2840715635461822E-013
   325.00000000000000        0.0000000000000000        0.0000000000000000        325.00000000000000        0.0000000000000000     
   325.00000000000000        0.0000000000000000        0.0000000000000000       -325.00000000000000        0.0000000000000000     
   277.74875041817853       -92.173481838918988        184.35231825570966       -186.17905456386774        0.0000000000000000     
   201.69603149956330        35.290249959347229       -115.98514839957414        161.19346367396037        0.0000000000000000     
   109.93394396987779        9.4472365106094838       -98.742752942920688        47.392937241092831        0.0000000000000000     
   60.621274112380597        47.435995368962267        30.375583086785152       -22.407346351185510        0.0000000000000000     

 PASSED   1.0000000000000001E-005
 MU_R    =    325.00000000000000     
 ALPHA_S =   0.11799999999999999     
 BORN                    1.1584867531058479E-009
 SINGLE POLE (MadFKS)    5.9186605093163992E-012
 DOUBLE POLE (MadFKS)   -1.2328801996204375E-010
 SINGLE POLE (MadLoop)   5.9186605095263706E-012
 DOUBLE POLE (MadLoop)  -1.2328801996204876E-010
 FINITE PART (MadLoop)   1.9914939101024504E-010
   325.00000000000000        0.0000000000000000        0.0000000000000000        325.00000000000000        0.0000000000000000     
   325.00000000000000        0.0000000000000000        0.0000000000000000       -325.00000000000000        0.0000000000000000     
   66.363602150914389       -17.671732295290685       -8.0470358534229867       -63.459300201799842        0.0000000000000000     
   140.36338311309260       -117.42265874362221       -63.588018232672162       -43.247687450001372        0.0000000000000000     
   138.64880265486448       -33.617711376603921       -7.3808308437428662       -134.30883550788073        0.0000000000000000     
   304.62421208112823        168.71210241551682        79.015884929838066        241.01582315968176        0.0000000000000000     

 PASSED   1.0000000000000001E-005
 MU_R    =    325.00000000000000     
 ALPHA_S =   0.11799999999999999     
 BORN                    4.7264829226092872E-013
 SINGLE POLE (MadFKS)   -2.8065866210916036E-014
 DOUBLE POLE (MadFKS)   -5.0299989995627615E-014
 SINGLE POLE (MadLoop)  -2.8065866208673510E-014
 DOUBLE POLE (MadLoop)  -5.0299989995222418E-014
Thanks for using LHAPDF 6.2.1. Please make sure to cite the paper:
  Eur.Phys.J. C75 (2015) 3, 132  (http://arxiv.org/abs/1412.7420)
 FINITE PART (MadLoop)   3.6605561875628979E-013
   325.00000000000000        0.0000000000000000        0.0000000000000000        325.00000000000000        0.0000000000000000     
   325.00000000000000        0.0000000000000000        0.0000000000000000       -325.00000000000000        0.0000000000000000     
   140.97805698694091       -2.3564447939485147        129.83974839909320       -54.871663501359258        0.0000000000000000     
   230.85792937160531        7.1260127585223643       -121.47614361855112       -196.18396985349136        0.0000000000000000     
   192.47332145661414        43.872839163608553       -32.127355766826568        184.63202990731864        0.0000000000000000     
   85.690692184839861       -48.642407128182434        23.763750986284489        66.423603447531988        0.0000000000000000     

 PASSED   1.0000000000000001E-005
 MU_R    =    325.00000000000000     
 ALPHA_S =   0.11799999999999999     
 BORN                    3.5117570063900693E-013
 SINGLE POLE (MadFKS)   -2.9907033831290824E-014
 DOUBLE POLE (MadFKS)   -3.7372681797605990E-014
 SINGLE POLE (MadLoop)  -2.9907033831290660E-014
 DOUBLE POLE (MadLoop)  -3.7372681797605844E-014
 FINITE PART (MadLoop)  -3.4872400482061921E-015
   325.00000000000000        0.0000000000000000        0.0000000000000000        325.00000000000000        0.0000000000000000     
   325.00000000000000        0.0000000000000000        0.0000000000000000       -325.00000000000000        0.0000000000000000     
   148.69464549625204        80.158970597248640        115.17186337773177       -49.194297618185203        0.0000000000000000     
   62.354773561424032        19.621753933134116        58.365980106467745        9.8243027587413785        0.0000000000000000     
   292.97500818214615       -242.28781420675952       -152.27674889136685        62.791418627986523        0.0000000000000000     
   145.97557276017767        142.50708967637678       -21.261094592832691       -23.421423768542635        0.0000000000000000     

 PASSED   1.0000000000000001E-005
 MU_R    =    325.00000000000000     
 ALPHA_S =   0.11799999999999999     
 BORN                    5.4297171312299746E-012
 SINGLE POLE (MadFKS)   -4.4765133442170458E-013
 DOUBLE POLE (MadFKS)   -5.7783921332604914E-013
 SINGLE POLE (MadLoop)  -4.4765133439523228E-013
 DOUBLE POLE (MadLoop)  -5.7783921332599118E-013
 FINITE PART (MadLoop)   1.3006682855441223E-012
   325.00000000000000        0.0000000000000000        0.0000000000000000        325.00000000000000        0.0000000000000000     
   325.00000000000000        0.0000000000000000        0.0000000000000000       -325.00000000000000        0.0000000000000000     
   107.42447643835720       -77.425412477675209       -30.221526058550857        68.058673241618195        0.0000000000000000     
   172.46459320925538       -100.02713849510945       -40.460247915794064        134.54209680953628        0.0000000000000000     
   126.41839924154166       -42.730975650899765        67.126338787050813       -98.233039389821045        0.0000000000000000     
   243.69253111084547        220.18352662368437        3.5554351872941488       -104.36773066133345        0.0000000000000000     

 PASSED   1.0000000000000001E-005
 MU_R    =    325.00000000000000     
 ALPHA_S =   0.11799999999999999     
 BORN                    2.7075428033432168E-012
 SINGLE POLE (MadFKS)   -1.7721102828465439E-013
 DOUBLE POLE (MadFKS)   -2.8814105149821021E-013
 SINGLE POLE (MadLoop)  -1.7721102828456361E-013
 DOUBLE POLE (MadLoop)  -2.8814105149820647E-013
 FINITE PART (MadLoop)   1.4932124151113493E-012
   325.00000000000000        0.0000000000000000        0.0000000000000000        325.00000000000000        0.0000000000000000     
   325.00000000000000        0.0000000000000000        0.0000000000000000       -325.00000000000000        0.0000000000000000     
   96.464398802786903       -22.493704876384562        79.304180964116441        50.102498529792896        0.0000000000000000     
   203.74161275158184        62.803478514261649        170.10217556291857        92.906499890407176        0.0000000000000000     
   227.96712958664313       -28.433731194421135       -134.54016152080609       -181.82266096472171        0.0000000000000000     
   121.82685885898807       -11.876042443455956       -114.86619500622901        38.813662544521598        0.0000000000000000     

 NUMBER OF POINTS PASSING THE CHECK          20
 NUMBER OF POINTS FAILING THE CHECK           0
 TOLERANCE    1.0000000000000001E-005
