==== LHAPDF6 USING DEFAULT-TYPE LHAGLUE INTERFACE ====
LHAPDF 6.2.1 loading /cvmfs/cms.cern.ch/slc6_amd64_gcc481/external/lhapdf/6.2.1/share/LHAPDF/NNPDF31_nnlo_as_0118_nf_4/NNPDF31_nnlo_as_0118_nf_4_0000.dat
NNPDF31_nnlo_as_0118_nf_4 PDF set, member #0, version 1; LHAPDF ID = 320900
 A PDF is used, so alpha_s(MZ) is going to be modified
 Old value of alpha_s from param_card:   0.11799999999999999     
 New value of alpha_s from PDF lhapdf :  0.11800240511781991     
 using LHAPDF
WARNING: the value of maxjetflavorspecified in the run_card (  4) is inconsistent with the number of light flavours inthe model. Hence it will be set to:  5
 *****************************************************
 *               MadGraph/MadEvent                   *
 *        --------------------------------           *
 *          http://madgraph.hep.uiuc.edu             *
 *          http://madgraph.phys.ucl.ac.be           *
 *          http://madgraph.roma2.infn.it            *
 *        --------------------------------           *
 *                                                   *
 *          PARAMETER AND COUPLING VALUES            *
 *                                                   *
 *****************************************************

  External Params
  ---------------------------------
  
 MU_R =    91.188000000000002     
 aEWM1 =    132.50700000000001     
 mdl_Gf =    1.1663900000000000E-005
 aS =   0.11799999999999999     
 mdl_ymt =    173.00000000000000     
 mdl_ymtau =    1.7769999999999999     
 mdl_MT =    173.00000000000000     
 mdl_MZ =    91.188000000000002     
 mdl_MH =    125.00000000000000     
 mdl_MTA =    1.7769999999999999     
 mdl_WT =    1.4915000000000000     
 mdl_WZ =    2.4414039999999999     
 mdl_WW =    2.0476000000000001     
 mdl_WH =    6.3823389999999999E-003
  Internal Params
  ---------------------------------
  
 mdl_conjg__CKM3x3 =    1.0000000000000000     
 mdl_CKM22 =    1.0000000000000000     
 mdl_I4x33 =    0.0000000000000000     
 mdl_I1x33 =    0.0000000000000000     
 mdl_lhv =    1.0000000000000000     
 mdl_CKM3x3 =    1.0000000000000000     
 mdl_conjg__CKM22 =    1.0000000000000000     
 mdl_conjg__CKM33 =    1.0000000000000000     
 mdl_Ncol =    3.0000000000000000     
 mdl_CA =    3.0000000000000000     
 mdl_TF =   0.50000000000000000     
 mdl_CF =    1.3333333333333333     
 mdl_complexi =  (  0.0000000000000000     ,  1.0000000000000000     )
 mdl_MZ__exp__2 =    8315.2513440000002     
 mdl_MZ__exp__4 =    69143404.913893804     
 mdl_sqrt__2 =    1.4142135623730951     
 mdl_MH__exp__2 =    15625.000000000000     
 mdl_Ncol__exp__2 =    9.0000000000000000     
 mdl_MT__exp__2 =    29929.000000000000     
 mdl_aEW =    7.5467711139788835E-003
 mdl_MW =    80.419002445756163     
 mdl_sqrt__aEW =    8.6872153846781555E-002
 mdl_ee =   0.30795376724436879     
 mdl_MW__exp__2 =    6467.2159543705357     
 mdl_sw2 =   0.22224648578577766     
 mdl_cw =   0.88190334743339216     
 mdl_sqrt__sw2 =   0.47143025548407230     
 mdl_sw =   0.47143025548407230     
 mdl_g1 =   0.34919219678733299     
 mdl_gw =   0.65323293034757990     
 mdl_v =    246.21845810181637     
 mdl_v__exp__2 =    60623.529110035903     
 mdl_lam =   0.12886910601690263     
 mdl_yt =   0.99366614581500623     
 mdl_ytau =    1.0206617000654717E-002
 mdl_muH =    88.388347648318430     
 mdl_AxialZUp =  -0.18517701861793787     
 mdl_AxialZDown =   0.18517701861793787     
 mdl_VectorZUp =    7.5430507588273299E-002
 mdl_VectorZDown =  -0.13030376310310560     
 mdl_VectorAUp =   0.20530251149624587     
 mdl_VectorADown =  -0.10265125574812294     
 mdl_VectorWmDxU =   0.23095271737156670     
 mdl_AxialWmDxU =  -0.23095271737156670     
 mdl_VectorWpUxD =   0.23095271737156670     
 mdl_AxialWpUxD =  -0.23095271737156670     
 mdl_I2x33 =  ( 0.99366614581500623     ,  0.0000000000000000     )
 mdl_I3x33 =  ( 0.99366614581500623     ,  0.0000000000000000     )
 mdl_Vector_tbGp =  (-0.99366614581500623     ,  0.0000000000000000     )
 mdl_Axial_tbGp =  (-0.99366614581500623     , -0.0000000000000000     )
 mdl_Vector_tbGm =  ( 0.99366614581500623     ,  0.0000000000000000     )
 mdl_Axial_tbGm =  (-0.99366614581500623     ,  0.0000000000000000     )
 mdl_gw__exp__2 =   0.42671326129048615     
 mdl_cw__exp__2 =   0.77775351421422245     
 mdl_ee__exp__2 =    9.4835522759998875E-002
 mdl_sw__exp__2 =   0.22224648578577769     
 mdl_yt__exp__2 =   0.98737240933884918     
  Internal Params evaluated point by point
  ----------------------------------------
  
 mdl_sqrt__aS =   0.34351128074635334     
 mdl_G__exp__4 =    2.1987899468922913     
 mdl_G__exp__2 =    1.4828317324943823     
 mdl_R2MixedFactor_FIN_ =   -2.5040377713124864E-002
 mdl_G_UVg_1EPS_ =   -5.1645779033320030E-002
 mdl_G_UVq_1EPS_ =    3.1300472141406080E-003
 mdl_GWcft_UV_t_1EPS_ =   -3.1300472141406080E-003
 mdl_tWcft_UV_1EPS_ =   -1.8780283284843650E-002
 mdl_G__exp__3 =    1.8056676068262196     
 mdl_MU_R__exp__2 =    8315.2513440000002     
 mdl_G_UVt_FIN_ =   -4.0087659331150384E-003
 mdl_GWcft_UV_t_FIN_ =    4.0087659331150384E-003
 mdl_tWcft_UV_FIN_ =   -9.8778211443463623E-004
  Couplings of loop_sm-no_b_mass
  ---------------------------------
  
      UV_GQQt =   0.00000E+00  -0.48815E-02
   UVWfct_G_2 =   0.40088E-02   0.00000E+00
       R2_DDA =   0.00000E+00   0.25704E-02
       R2_UUA =  -0.00000E+00  -0.51409E-02
    R2_DDZ_V2 =   0.00000E+00   0.72127E-02
    R2_UUZ_V2 =  -0.00000E+00  -0.72127E-02
    R2_UUZ_V5 =   0.00000E+00   0.68702E-03
      R2_GGHt =   0.00000E+00  -0.45657E+01
     R2_GGZup =  -0.46369E-02   0.00000E+00
   R2_GGZdown =   0.46369E-02   0.00000E+00
    R2_GGZAup =   0.00000E+00   0.19389E-03
  R2_GGZAdown =   0.00000E+00   0.16747E-03
  R2_GGAAdown =   0.00000E+00   0.13193E-03
    R2_GGAAup =   0.00000E+00   0.52771E-03
         GC_4 =  -0.12177E+01   0.00000E+00
         GC_5 =   0.00000E+00   0.12177E+01
       R2_GQQ =  -0.00000E+00  -0.30492E-01
       R2_QQq =   0.00000E+00   0.12520E-01
 UV_GQQg_1eps =   0.00000E+00  -0.62890E-01
 UV_GQQq_1eps =   0.00000E+00   0.38115E-02
 UVWfct_G_2_1eps -0.31300E-02   0.00000E+00
         GC_1 =  -0.00000E+00  -0.10265E+00
         GC_2 =   0.00000E+00   0.20530E+00
        GC_21 =  -0.00000E+00  -0.28804E+00
        GC_22 =   0.00000E+00   0.28804E+00
        GC_23 =  -0.00000E+00  -0.27437E-01
        GC_24 =   0.00000E+00   0.82310E-01
        GC_37 =  -0.00000E+00  -0.70263E+00
        GC_38 =  -0.00000E+00  -0.72172E-02
      GC_1003 =  -0.00000E+00  -0.30795E+00

 Collider parameters:
 --------------------

 Running at P P   machine @    13000.000000000000       GeV
 PDF set = lhapdf 
 alpha_s(Mz)= 0.1180 running at 3 loops.
 alpha_s(Mz)= 0.1180 running at 3 loops.
 Renormalization scale set on event-by-event basis
 Factorization   scale set on event-by-event basis


 ===============================================================
 INFO: MadFKS read these parameters from FKS_params.dat
 ===============================================================
  > IRPoleCheckThreshold      =    1.0000000000000001E-005
  > PrecisionVirtualAtRunTime =    1.0000000000000000E-003
  > NHelForMCoverHels         =            4
  > VirtualFraction           =    1.0000000000000000     
  > MinVirtualFraction        =    5.0000000000000001E-003
 ===============================================================
  Insert the number of points to test
 Insert the relative tolerance
  A negative number will mean use the default one:    1.0000000000000001E-005
Using random seed offsets:     1 ,      7 ,      0
  with seed                   32
 Ranmar initialization seeds       10730        9413
  ========================================================================================== 
 {                                                                                          }
 {       [32m                                                                            [0m       }
 {       [32m                               ,,                                           [0m       }
 {       [32m`7MMM.     ,MMF'             `7MM  `7MMF'                                   [0m       }
 {       [32m  MMMb    dPMM                 MM    MM                                     [0m       }
 {       [32m  M YM   ,M MM   ,6"Yb.   ,M""bMM    MM         ,pW"Wq.   ,pW"Wq.`7MMpdMAo. [0m       }
 {       [32m  M  Mb  M' MM  8)   MM ,AP    MM    MM        6W'   `Wb 6W'   `Wb MM   `Wb [0m       }
 {       [32m  M  YM.P'  MM   ,pm9MM 8MI    MM    MM      , 8M     M8 8M     M8 MM    M8 [0m       }
 {       [32m  M  `YM'   MM  8M   MM `Mb    MM    MM     ,M YA.   ,A9 YA.   ,A9 MM   ,AP [0m       }
 {       [32m.JML. `'  .JMML.`Moo9^Yo.`Wbmd"MML..JMMmmmmMMM  `Ybmd9'   `Ybmd9'  MMbmmd'  [0m       }
 {       [32m                                                                   MM       [0m       }
 {       [32m                                                                 .JMML.     [0m       }
 {       [32m[0mv2.6.0 (2017-08-16), Ref: arXiv:1103.0621v2, arXiv:1405.0301[32m                [0m       }
 {       [32m                                                                            [0m       }
 {                                                                                          }
  ========================================================================================== 
 ===============================================================
 INFO: MadLoop read these parameters from ./MadLoop5_resources/MadLoopParams.dat                                                                                                                                                                                                                                                                                                                                                                                                                                                                                          
 ===============================================================
  > MLReductionLib            = 6|7|1
  > CTModeRun                 =           -1
  > MLStabThres               =    1.0000000000000000E-003
  > NRotations_DP             =            0
  > NRotations_QP             =            0
  > CTStabThres               =    1.0000000000000000E-002
  > CTLoopLibrary             =            2
  > CTModeInit                =            1
  > CheckCycle                =            3
  > MaxAttempts               =           10
  > UseLoopFilter             =  F
  > HelicityFilterLevel       =            2
  > ImprovePSPoint            =            2
  > DoubleCheckHelicityFilter =  T
  > LoopInitStartOver         =  F
  > HelInitStartOver          =  F
  > ZeroThres                 =    1.0000000000000001E-009
  > OSThres                   =    1.0000000000000000E-008
  > WriteOutFilters           =  T
  > UseQPIntegrandForNinja    =  T
  > UseQPIntegrandForCutTools =  T
  > IREGIMODE                 =            2
  > IREGIRECY                 =  T
  > COLLIERMode               =            1
  > COLLIERRequiredAccuracy   =    1.0000000000000000E-008
  > COLLIERCanOutput          =  F
  > COLLIERComputeUVpoles     =  T
  > COLLIERComputeIRpoles     =  T
  > COLLIERGlobalCache        =           -1
  > COLLIERUseCacheForPoles   =  F
  > COLLIERUseInternalStabilityTest =  T
 ===============================================================
  
------------------------------------------------------------------------
|              You are using CutTools - Version 1.9.3                  |
|              Authors: G. Ossola, C. Papadopoulos, R. Pittau          |
|              Published in JHEP 0803:042,2008                         |
|              http://www.ugr.es/~pittau/CutTools                      |
|                                                                      |
|              Compiler with  34  significant digits detetected        |
 ---------------------------------------------------------------------- 
   
########################################################################
#                                                                      #
#                      You are using OneLOop-3.6                       #
#                                                                      #
# for the evaluation of 1-loop scalar 1-, 2-, 3- and 4-point functions #
#                                                                      #
# author: Andreas van Hameren <hamerenREMOVETHIS@ifj.edu.pl>           #
#   date: 18-02-2015                                                   #
#                                                                      #
# Please cite                                                          #
#    A. van Hameren,                                                   #
#      Comput.Phys.Commun. 182 (2011) 2427-2438, arXiv:1007.4716       #
#    A. van Hameren, C.G. Papadopoulos and R. Pittau,                  #
#      JHEP 0909:106,2009, arXiv:0903.4665                             #
# in publications with results obtained with the help of this program. #
#                                                                      #
########################################################################
 PASSED   1.0000000000000001E-005
 MU_R    =    325.00000000000000     
 ALPHA_S =   0.11799999999999999     
 BORN                    2.3615569602093557E-004
 SINGLE POLE (MadFKS)   -1.3447801781878176E-006
 DOUBLE POLE (MadFKS)   -1.1826855654940251E-005
 SINGLE POLE (MadLoop)  -1.3447801782032465E-006
 DOUBLE POLE (MadLoop)  -1.1826855655075932E-005
 FINITE PART (MadLoop)   2.4321401727196267E-005
   325.00000000000000        0.0000000000000000        0.0000000000000000        325.00000000000000        0.0000000000000000     
   325.00000000000000        0.0000000000000000        0.0000000000000000       -325.00000000000000        0.0000000000000000     
   300.49844806506985       -213.98484145314481        81.168711949553696        194.73429363683817        0.0000000000000000     
   324.99516817481003        231.93082680478847       -87.590291134121870       -210.13779244500509        0.0000000000000000     
   24.506383760120208       -17.945985351643635        6.4215791845681949        15.403498808166800        0.0000000000000000     

 PASSED   1.0000000000000001E-005
 MU_R    =    325.00000000000000     
 ALPHA_S =   0.11799999999999999     
 BORN                    2.0235350899173342E-008
 SINGLE POLE (MadFKS)   -1.1522948311808212E-010
 DOUBLE POLE (MadFKS)   -1.0134016593458428E-009
 SINGLE POLE (MadLoop)  -1.1522948311807965E-010
 DOUBLE POLE (MadLoop)  -1.0134016593458418E-009
 FINITE PART (MadLoop)   2.0524080697302620E-009
   325.00000000000000        0.0000000000000000        0.0000000000000000        325.00000000000000        0.0000000000000000     
   325.00000000000000        0.0000000000000000        0.0000000000000000       -325.00000000000000        0.0000000000000000     
   261.31441627300313        85.440551362284424        226.22541630373655       -99.031294817397509        0.0000000000000000     
   256.31802694910795        36.853629533665590       -207.39044187291776        146.04775092083739        0.0000000000000000     
   132.36755677788878       -122.29418089594984       -18.834974430818761       -47.016456103439964        0.0000000000000000     

 PASSED   1.0000000000000001E-005
 MU_R    =    325.00000000000000     
 ALPHA_S =   0.11799999999999999     
 BORN                    1.3265884858992272E-008
 SINGLE POLE (MadFKS)   -7.5542107622562715E-011
 DOUBLE POLE (MadFKS)   -6.6436553513598148E-010
 SINGLE POLE (MadLoop)  -7.5542107622558799E-011
 DOUBLE POLE (MadLoop)  -6.6436553513597600E-010
 FINITE PART (MadLoop)   1.1642535848611223E-009
   325.00000000000000        0.0000000000000000        0.0000000000000000        325.00000000000000        0.0000000000000000     
   325.00000000000000        0.0000000000000000        0.0000000000000000       -325.00000000000000        0.0000000000000000     
   76.118843031790618       -47.116218041483251        59.756802329052242        1.8068860983378197        0.0000000000000000     
   312.81304672245136        305.41582552322097       -54.947637999390082       -39.419954313012830        0.0000000000000000     
   261.06811024575796       -258.29960748173767       -4.8091643296622077        37.613068214675010        0.0000000000000000     

 PASSED   1.0000000000000001E-005
 MU_R    =    325.00000000000000     
 ALPHA_S =   0.11799999999999999     
 BORN                    5.7562779589911642E-009
 SINGLE POLE (MadFKS)   -3.2778919288503949E-011
 DOUBLE POLE (MadFKS)   -2.8827874862974846E-010
 SINGLE POLE (MadLoop)  -3.2778919288456793E-011
 DOUBLE POLE (MadLoop)  -2.8827874862974593E-010
 FINITE PART (MadLoop)   6.5775166046338366E-010
   325.00000000000000        0.0000000000000000        0.0000000000000000        325.00000000000000        0.0000000000000000     
   325.00000000000000        0.0000000000000000        0.0000000000000000       -325.00000000000000        0.0000000000000000     
   60.354279729304366        60.037928554762381       0.80473709465212329        6.1187102157937243        0.0000000000000000     
   285.27756833480004        82.451347248853082       -223.11877897089866       -157.48992603465422        0.0000000000000000     
   304.36815193589547       -142.48927580361550        222.31404187624651        151.37121581886043        0.0000000000000000     

 PASSED   1.0000000000000001E-005
 MU_R    =    325.00000000000000     
 ALPHA_S =   0.11799999999999999     
 BORN                    1.0123543062752980E-007
 SINGLE POLE (MadFKS)   -5.7648154472691761E-010
 DOUBLE POLE (MadFKS)   -5.0699468417283912E-009
 SINGLE POLE (MadLoop)  -5.7648154472689041E-010
 DOUBLE POLE (MadLoop)  -5.0699468417285550E-009
 FINITE PART (MadLoop)   4.8195956152197854E-009
   325.00000000000000        0.0000000000000000        0.0000000000000000        325.00000000000000        0.0000000000000000     
   325.00000000000000        0.0000000000000000        0.0000000000000000       -325.00000000000000        0.0000000000000000     
   119.58868475090011       -71.964185104342505        78.270506833543934        54.738810205723709        0.0000000000000000     
   214.59454012626401      -0.68526788977108466        133.46457338472592        168.04033655987206        0.0000000000000000     
   315.81677512283602        72.649452994113602       -211.73508021826984       -222.77914676559575        0.0000000000000000     

 PASSED   1.0000000000000001E-005
 MU_R    =    325.00000000000000     
 ALPHA_S =   0.11799999999999999     
 BORN                    6.6934193643859410E-009
 SINGLE POLE (MadFKS)   -3.8115437557460999E-011
 DOUBLE POLE (MadFKS)   -3.3521149815313625E-010
 SINGLE POLE (MadLoop)  -3.8115437557460980E-011
 DOUBLE POLE (MadLoop)  -3.3521149815313605E-010
 FINITE PART (MadLoop)   7.8359652241426824E-010
   325.00000000000000        0.0000000000000000        0.0000000000000000        325.00000000000000        0.0000000000000000     
   325.00000000000000        0.0000000000000000        0.0000000000000000       -325.00000000000000        0.0000000000000000     
   282.67611856027037        85.238172676487835       -249.73915887236669        101.34394135218972        0.0000000000000000     
   167.86403315114649       -76.637355306438153        54.095102644627644       -139.20764802003933        0.0000000000000000     
   199.45984828858320       -8.6008173700496826        195.64405622773907        37.863706667849598        0.0000000000000000     

 PASSED   1.0000000000000001E-005
 MU_R    =    325.00000000000000     
 ALPHA_S =   0.11799999999999999     
 BORN                    5.2418463127324443E-009
 SINGLE POLE (MadFKS)   -2.9849506648548347E-011
 DOUBLE POLE (MadFKS)   -2.6251562316994250E-010
 SINGLE POLE (MadLoop)  -2.9849506648546324E-011
 DOUBLE POLE (MadLoop)  -2.6251562316994395E-010
 FINITE PART (MadLoop)   7.6225591008129685E-010
   325.00000000000000        0.0000000000000000        0.0000000000000000        325.00000000000000        0.0000000000000000     
   325.00000000000000        0.0000000000000000        0.0000000000000000       -325.00000000000000        0.0000000000000000     
   262.68473388911650        114.18746955074076        233.12264255305669       -40.228407190371378        0.0000000000000000     
   128.26103265705785        95.819983842593274       -84.865728654198548        8.1994691689139128        0.0000000000000000     
   259.05423345382576       -210.00745339333398       -148.25691389885816        32.028938021457471        0.0000000000000000     

 PASSED   1.0000000000000001E-005
 MU_R    =    325.00000000000000     
 ALPHA_S =   0.11799999999999999     
 BORN                    4.8145146508691858E-007
 SINGLE POLE (MadFKS)   -2.7416081759508919E-009
 DOUBLE POLE (MadFKS)   -2.4111453072627582E-008
 SINGLE POLE (MadLoop)  -2.7416081759516823E-009
 DOUBLE POLE (MadLoop)  -2.4111453072627310E-008
 FINITE PART (MadLoop)   5.9596852515631115E-008
   325.00000000000000        0.0000000000000000        0.0000000000000000        325.00000000000000        0.0000000000000000     
   325.00000000000000        0.0000000000000000        0.0000000000000000       -325.00000000000000        0.0000000000000000     
   164.97796544976981       -87.808341326752867       -23.226772210162220        137.72414940774598        0.0000000000000000     
   160.15524688863889       -75.074495005450856       -29.035922322577782        138.45735271380369        0.0000000000000000     
   324.86678766159133        162.88283633220371        52.262694532739893       -276.18150212154961        0.0000000000000000     

 PASSED   1.0000000000000001E-005
 MU_R    =    325.00000000000000     
 ALPHA_S =   0.11799999999999999     
 BORN                    2.3234894166639596E-009
 SINGLE POLE (MadFKS)   -1.3231027514499918E-011
 DOUBLE POLE (MadFKS)   -1.1636210521142742E-010
 SINGLE POLE (MadLoop)  -1.3231027514499049E-011
 DOUBLE POLE (MadLoop)  -1.1636210521142718E-010
 FINITE PART (MadLoop)   3.4363895652300780E-010
   325.00000000000000        0.0000000000000000        0.0000000000000000        325.00000000000000        0.0000000000000000     
   325.00000000000000        0.0000000000000000        0.0000000000000000       -325.00000000000000        0.0000000000000000     
   172.08079030976620       -148.97308518019923        21.959130767353990       -83.286342586699490        0.0000000000000000     
   213.40417646105237       -69.938079045819180       -167.63019977150972        112.02733485611648        0.0000000000000000     
   264.51503322918154        218.91116422601846        145.67106900415575       -28.740992269416910        0.0000000000000000     

 PASSED   1.0000000000000001E-005
 MU_R    =    325.00000000000000     
 ALPHA_S =   0.11799999999999999     
 BORN                    6.3559095757539310E-009
 SINGLE POLE (MadFKS)   -3.6193500118118164E-011
 DOUBLE POLE (MadFKS)   -3.1830875297469128E-010
 SINGLE POLE (MadLoop)  -3.6193500118121434E-011
 DOUBLE POLE (MadLoop)  -3.1830875297469050E-010
 FINITE PART (MadLoop)   9.0833267148994813E-010
   325.00000000000000        0.0000000000000000        0.0000000000000000        325.00000000000000        0.0000000000000000     
   325.00000000000000        0.0000000000000000        0.0000000000000000       -325.00000000000000        0.0000000000000000     
   131.19747318622396       -114.06546336663949        13.116637468624889        63.480712495374782        0.0000000000000000     
   253.15715258025361        36.201958793593796       -248.52195351080141        31.855936734364857        0.0000000000000000     
   265.64537423352249        77.863504573046058        235.40531604217659       -95.336649229739692        0.0000000000000000     

 PASSED   1.0000000000000001E-005
 MU_R    =    325.00000000000000     
 ALPHA_S =   0.11799999999999999     
 BORN                    1.4027285275953064E-006
 SINGLE POLE (MadFKS)   -7.9877875108357569E-009
 DOUBLE POLE (MadFKS)   -7.0249704319923943E-008
 SINGLE POLE (MadLoop)  -7.9877875108360116E-009
 DOUBLE POLE (MadLoop)  -7.0249704319923850E-008
 FINITE PART (MadLoop)   1.3992727072360813E-007
   325.00000000000000        0.0000000000000000        0.0000000000000000        325.00000000000000        0.0000000000000000     
   325.00000000000000        0.0000000000000000        0.0000000000000000       -325.00000000000000        0.0000000000000000     
   321.88031360406046        59.694701063499572       -236.60746427983779       -209.90566166221674        0.0000000000000000     
   290.07291082679535       -38.843774087486899        206.30618173606916        200.17795629802561        0.0000000000000000     
   38.046775569144145       -20.850926976012669        30.301282543768643        9.7277053641910971        0.0000000000000000     

 PASSED   1.0000000000000001E-005
 MU_R    =    325.00000000000000     
 ALPHA_S =   0.11799999999999999     
 BORN                    2.5343579739932205E-008
 SINGLE POLE (MadFKS)   -1.4431810984377782E-010
 DOUBLE POLE (MadFKS)   -1.2692256185812025E-009
 SINGLE POLE (MadLoop)  -1.4431810984379018E-010
 DOUBLE POLE (MadLoop)  -1.2692256185812013E-009
 FINITE PART (MadLoop)   1.8952345196055752E-009
   325.00000000000000        0.0000000000000000        0.0000000000000000        325.00000000000000        0.0000000000000000     
   325.00000000000000        0.0000000000000000        0.0000000000000000       -325.00000000000000        0.0000000000000000     
   306.33205040047631       -168.46622568811750       -202.42492571171783       -156.46918340544173        0.0000000000000000     
   79.864244588542491        77.566251118546887       -3.3766028690379284        18.718247892841582        0.0000000000000000     
   263.80370501098110        90.899974569570617        205.80152858075576        137.75093551260014        0.0000000000000000     

 PASSED   1.0000000000000001E-005
 MU_R    =    325.00000000000000     
 ALPHA_S =   0.11799999999999999     
 BORN                    2.6017827088795354E-009
 SINGLE POLE (MadFKS)   -1.4815758729540963E-011
 DOUBLE POLE (MadFKS)   -1.3029924351564153E-010
 SINGLE POLE (MadLoop)  -1.4815758729540114E-011
 DOUBLE POLE (MadLoop)  -1.3029924351564151E-010
 FINITE PART (MadLoop)   2.8814084521541545E-010
   325.00000000000000        0.0000000000000000        0.0000000000000000        325.00000000000000        0.0000000000000000     
   325.00000000000000        0.0000000000000000        0.0000000000000000       -325.00000000000000        0.0000000000000000     
   184.55901420729947       -38.430747389392401       -63.648743690078184        168.91993608493226        0.0000000000000000     
   211.15656687345503       -190.50264882022609       -13.956826257349393       -90.005797185979347        0.0000000000000000     
   254.28441891924578        228.93339620961848        77.605569947427583       -78.914138898952800        0.0000000000000000     

 PASSED   1.0000000000000001E-005
 MU_R    =    325.00000000000000     
 ALPHA_S =   0.11799999999999999     
 BORN                    5.3398833038570754E-008
 SINGLE POLE (MadFKS)   -3.0407774793737976E-010
 DOUBLE POLE (MadFKS)   -2.6742538974518055E-009
 SINGLE POLE (MadLoop)  -3.0407774793741641E-010
 DOUBLE POLE (MadLoop)  -2.6742538974518122E-009
 FINITE PART (MadLoop)   6.0750843677312461E-009
   325.00000000000000        0.0000000000000000        0.0000000000000000        325.00000000000000        0.0000000000000000     
   325.00000000000000        0.0000000000000000        0.0000000000000000       -325.00000000000000        0.0000000000000000     
   316.22300648457008       -50.563781861095578        179.61314309278976        255.30259031661433        0.0000000000000000     
   257.62237283374554        9.5983046726671919       -171.99584829092188       -191.55831410457293        0.0000000000000000     
   76.154620681684378        40.965477188428366       -7.6172948018678461       -63.744276212041363        0.0000000000000000     

 PASSED   1.0000000000000001E-005
 MU_R    =    325.00000000000000     
 ALPHA_S =   0.11799999999999999     
 BORN                    2.4791321458745583E-008
 SINGLE POLE (MadFKS)   -1.4117329478196296E-010
 DOUBLE POLE (MadFKS)   -1.2415681066689744E-009
 SINGLE POLE (MadLoop)  -1.4117329478198211E-010
 DOUBLE POLE (MadLoop)  -1.2415681066689740E-009
 FINITE PART (MadLoop)   2.5508637000029757E-009
   325.00000000000000        0.0000000000000000        0.0000000000000000        325.00000000000000        0.0000000000000000     
   325.00000000000000        0.0000000000000000        0.0000000000000000       -325.00000000000000        0.0000000000000000     
   281.15663753144764       -72.770866952667049       -234.11743814346002       -137.63168569806243        0.0000000000000000     
   130.76242239134879        90.711376162126953        82.643560254464617       -45.169672269048988        0.0000000000000000     
   238.08094007720354       -17.940509209459904        151.47387788899533        182.80135796711141        0.0000000000000000     

 PASSED   1.0000000000000001E-005
 MU_R    =    325.00000000000000     
 ALPHA_S =   0.11799999999999999     
 BORN                    4.7145130349517523E-009
 SINGLE POLE (MadFKS)   -2.6846626128590846E-011
 DOUBLE POLE (MadFKS)   -2.3610637425728508E-010
 SINGLE POLE (MadLoop)  -2.6846626128589143E-011
 DOUBLE POLE (MadLoop)  -2.3610637425729123E-010
 FINITE PART (MadLoop)   4.7575454067606743E-010
   325.00000000000000        0.0000000000000000        0.0000000000000000        325.00000000000000        0.0000000000000000     
   325.00000000000000        0.0000000000000000        0.0000000000000000       -325.00000000000000        0.0000000000000000     
   136.00233865554927        110.63311946221941        8.8520323177725242        78.604010849841231        0.0000000000000000     
   259.22317106094096       -48.076793000802937       -252.14919154949948       -36.139446462026726        0.0000000000000000     
   254.77449028351103       -62.556326461416404        243.29715923172654       -42.464564387815557        0.0000000000000000     

 PASSED   1.0000000000000001E-005
 MU_R    =    325.00000000000000     
 ALPHA_S =   0.11799999999999999     
 BORN                    2.8137824344609872E-009
 SINGLE POLE (MadFKS)   -1.6022983596638451E-011
 DOUBLE POLE (MadFKS)   -1.4091634992291826E-010
 SINGLE POLE (MadLoop)  -1.6022983596632137E-011
 DOUBLE POLE (MadLoop)  -1.4091634992291808E-010
 FINITE PART (MadLoop)   3.4084819741835758E-010
   325.00000000000000        0.0000000000000000        0.0000000000000000        325.00000000000000        0.0000000000000000     
   325.00000000000000        0.0000000000000000        0.0000000000000000       -325.00000000000000        0.0000000000000000     
   111.20397437083325        32.772004362754217       -102.56627171297069        27.793516380940847        0.0000000000000000     
   265.39686648495541       -203.17616883990837       -68.084988138784269       -156.58663910344302        0.0000000000000000     
   273.39915914421113        170.40416447715418        170.65125985175493        128.79312272250220        0.0000000000000000     

 PASSED   1.0000000000000001E-005
 MU_R    =    325.00000000000000     
 ALPHA_S =   0.11799999999999999     
 BORN                    9.4348414704216067E-009
 SINGLE POLE (MadFKS)   -5.3726367847771763E-011
 DOUBLE POLE (MadFKS)   -4.7250398816562293E-010
 SINGLE POLE (MadLoop)  -5.3726367847769689E-011
 DOUBLE POLE (MadLoop)  -4.7250398816567836E-010
 FINITE PART (MadLoop)   8.7527466133421895E-010
   325.00000000000000        0.0000000000000000        0.0000000000000000        325.00000000000000        0.0000000000000000     
   325.00000000000000        0.0000000000000000        0.0000000000000000       -325.00000000000000        0.0000000000000000     
   126.82785483193543        75.663069549735212       -98.148026841240096       -26.969788555968144        0.0000000000000000     
   295.39491810509924       -292.76526326407077        29.237523432795680        26.302575762736204        0.0000000000000000     
   227.77722706296504        217.10219371433556        68.910503408444441       0.66721279323197114        0.0000000000000000     

 PASSED   1.0000000000000001E-005
 MU_R    =    325.00000000000000     
 ALPHA_S =   0.11799999999999999     
 BORN                    2.8664768256443245E-009
 SINGLE POLE (MadFKS)   -1.6323049925585870E-011
 DOUBLE POLE (MadFKS)   -1.4355532484010612E-010
 SINGLE POLE (MadLoop)  -1.6323049925582300E-011
 DOUBLE POLE (MadLoop)  -1.4355532484010506E-010
 FINITE PART (MadLoop)   1.5547609224714692E-010
Thanks for using LHAPDF 6.2.1. Please make sure to cite the paper:
  Eur.Phys.J. C75 (2015) 3, 132  (http://arxiv.org/abs/1412.7420)
   325.00000000000000        0.0000000000000000        0.0000000000000000        325.00000000000000        0.0000000000000000     
   325.00000000000000        0.0000000000000000        0.0000000000000000       -325.00000000000000        0.0000000000000000     
   310.58363796014993       -273.40301663100416        146.38969213408993        16.823932433134502        0.0000000000000000     
   45.997568275669281        13.426716323623925       -21.943502610660598        38.131119433026349        0.0000000000000000     
   293.41879376418080        259.97630030738026       -124.44618952342933       -54.955051866160829        0.0000000000000000     

 PASSED   1.0000000000000001E-005
 MU_R    =    325.00000000000000     
 ALPHA_S =   0.11799999999999999     
 BORN                    8.9906459598437137E-009
 SINGLE POLE (MadFKS)   -5.1196912374412159E-011
 DOUBLE POLE (MadFKS)   -4.5025834143893331E-010
 SINGLE POLE (MadLoop)  -5.1196912374364629E-011
 DOUBLE POLE (MadLoop)  -4.5025834143894086E-010
 FINITE PART (MadLoop)   3.9778102145374610E-009
   325.00000000000000        0.0000000000000000        0.0000000000000000        325.00000000000000        0.0000000000000000     
   325.00000000000000        0.0000000000000000        0.0000000000000000       -325.00000000000000        0.0000000000000000     
   238.04381915840148        84.564629802501912        198.42968471402264        100.69430694024915        0.0000000000000000     
   196.68445681115719       -75.405777472217622       -146.12009560047053        107.92433431168200        0.0000000000000000     
   215.27172403044150       -9.1588523302842688       -52.309589113552100       -208.61864125193117        0.0000000000000000     

 NUMBER OF POINTS PASSING THE CHECK          20
 NUMBER OF POINTS FAILING THE CHECK           0
 TOLERANCE    1.0000000000000001E-005
