==== LHAPDF6 USING DEFAULT-TYPE LHAGLUE INTERFACE ====
LHAPDF 6.2.1 loading /cvmfs/cms.cern.ch/slc6_amd64_gcc481/external/lhapdf/6.2.1/share/LHAPDF/NNPDF31_nnlo_as_0118_nf_4/NNPDF31_nnlo_as_0118_nf_4_0000.dat
NNPDF31_nnlo_as_0118_nf_4 PDF set, member #0, version 1; LHAPDF ID = 320900
 A PDF is used, so alpha_s(MZ) is going to be modified
 Old value of alpha_s from param_card:   0.11799999999999999     
 New value of alpha_s from PDF lhapdf :  0.11800240511781991     
 using LHAPDF
WARNING: the value of maxjetflavorspecified in the run_card (  4) is inconsistent with the number of light flavours inthe model. Hence it will be set to:  5
 *****************************************************
 *               MadGraph/MadEvent                   *
 *        --------------------------------           *
 *          http://madgraph.hep.uiuc.edu             *
 *          http://madgraph.phys.ucl.ac.be           *
 *          http://madgraph.roma2.infn.it            *
 *        --------------------------------           *
 *                                                   *
 *          PARAMETER AND COUPLING VALUES            *
 *                                                   *
 *****************************************************

  External Params
  ---------------------------------
  
 MU_R =    91.188000000000002     
 aEWM1 =    132.50700000000001     
 mdl_Gf =    1.1663900000000000E-005
 aS =   0.11799999999999999     
 mdl_ymt =    173.00000000000000     
 mdl_ymtau =    1.7769999999999999     
 mdl_MT =    173.00000000000000     
 mdl_MZ =    91.188000000000002     
 mdl_MH =    125.00000000000000     
 mdl_MTA =    1.7769999999999999     
 mdl_WT =    1.4915000000000000     
 mdl_WZ =    2.4414039999999999     
 mdl_WW =    2.0476000000000001     
 mdl_WH =    6.3823389999999999E-003
  Internal Params
  ---------------------------------
  
 mdl_conjg__CKM3x3 =    1.0000000000000000     
 mdl_CKM22 =    1.0000000000000000     
 mdl_I4x33 =    0.0000000000000000     
 mdl_I1x33 =    0.0000000000000000     
 mdl_lhv =    1.0000000000000000     
 mdl_CKM3x3 =    1.0000000000000000     
 mdl_conjg__CKM22 =    1.0000000000000000     
 mdl_conjg__CKM33 =    1.0000000000000000     
 mdl_Ncol =    3.0000000000000000     
 mdl_CA =    3.0000000000000000     
 mdl_TF =   0.50000000000000000     
 mdl_CF =    1.3333333333333333     
 mdl_complexi =  (  0.0000000000000000     ,  1.0000000000000000     )
 mdl_MZ__exp__2 =    8315.2513440000002     
 mdl_MZ__exp__4 =    69143404.913893804     
 mdl_sqrt__2 =    1.4142135623730951     
 mdl_MH__exp__2 =    15625.000000000000     
 mdl_Ncol__exp__2 =    9.0000000000000000     
 mdl_MT__exp__2 =    29929.000000000000     
 mdl_aEW =    7.5467711139788835E-003
 mdl_MW =    80.419002445756163     
 mdl_sqrt__aEW =    8.6872153846781555E-002
 mdl_ee =   0.30795376724436879     
 mdl_MW__exp__2 =    6467.2159543705357     
 mdl_sw2 =   0.22224648578577766     
 mdl_cw =   0.88190334743339216     
 mdl_sqrt__sw2 =   0.47143025548407230     
 mdl_sw =   0.47143025548407230     
 mdl_g1 =   0.34919219678733299     
 mdl_gw =   0.65323293034757990     
 mdl_v =    246.21845810181637     
 mdl_v__exp__2 =    60623.529110035903     
 mdl_lam =   0.12886910601690263     
 mdl_yt =   0.99366614581500623     
 mdl_ytau =    1.0206617000654717E-002
 mdl_muH =    88.388347648318430     
 mdl_AxialZUp =  -0.18517701861793787     
 mdl_AxialZDown =   0.18517701861793787     
 mdl_VectorZUp =    7.5430507588273299E-002
 mdl_VectorZDown =  -0.13030376310310560     
 mdl_VectorAUp =   0.20530251149624587     
 mdl_VectorADown =  -0.10265125574812294     
 mdl_VectorWmDxU =   0.23095271737156670     
 mdl_AxialWmDxU =  -0.23095271737156670     
 mdl_VectorWpUxD =   0.23095271737156670     
 mdl_AxialWpUxD =  -0.23095271737156670     
 mdl_I2x33 =  ( 0.99366614581500623     ,  0.0000000000000000     )
 mdl_I3x33 =  ( 0.99366614581500623     ,  0.0000000000000000     )
 mdl_Vector_tbGp =  (-0.99366614581500623     ,  0.0000000000000000     )
 mdl_Axial_tbGp =  (-0.99366614581500623     , -0.0000000000000000     )
 mdl_Vector_tbGm =  ( 0.99366614581500623     ,  0.0000000000000000     )
 mdl_Axial_tbGm =  (-0.99366614581500623     ,  0.0000000000000000     )
 mdl_gw__exp__2 =   0.42671326129048615     
 mdl_cw__exp__2 =   0.77775351421422245     
 mdl_ee__exp__2 =    9.4835522759998875E-002
 mdl_sw__exp__2 =   0.22224648578577769     
 mdl_yt__exp__2 =   0.98737240933884918     
  Internal Params evaluated point by point
  ----------------------------------------
  
 mdl_sqrt__aS =   0.34351128074635334     
 mdl_G__exp__4 =    2.1987899468922913     
 mdl_G__exp__2 =    1.4828317324943823     
 mdl_R2MixedFactor_FIN_ =   -2.5040377713124864E-002
 mdl_G_UVg_1EPS_ =   -5.1645779033320030E-002
 mdl_G_UVq_1EPS_ =    3.1300472141406080E-003
 mdl_GWcft_UV_t_1EPS_ =   -3.1300472141406080E-003
 mdl_tWcft_UV_1EPS_ =   -1.8780283284843650E-002
 mdl_G__exp__3 =    1.8056676068262196     
 mdl_MU_R__exp__2 =    8315.2513440000002     
 mdl_G_UVt_FIN_ =   -4.0087659331150384E-003
 mdl_GWcft_UV_t_FIN_ =    4.0087659331150384E-003
 mdl_tWcft_UV_FIN_ =   -9.8778211443463623E-004
  Couplings of loop_sm-no_b_mass
  ---------------------------------
  
      UV_GQQt =   0.00000E+00  -0.48815E-02
   UVWfct_G_2 =   0.40088E-02   0.00000E+00
       R2_DDA =   0.00000E+00   0.25704E-02
       R2_UUA =  -0.00000E+00  -0.51409E-02
    R2_DDZ_V2 =   0.00000E+00   0.72127E-02
    R2_UUZ_V2 =  -0.00000E+00  -0.72127E-02
    R2_UUZ_V5 =   0.00000E+00   0.68702E-03
      R2_GGHt =   0.00000E+00  -0.45657E+01
     R2_GGZup =  -0.46369E-02   0.00000E+00
   R2_GGZdown =   0.46369E-02   0.00000E+00
    R2_GGZAup =   0.00000E+00   0.19389E-03
  R2_GGZAdown =   0.00000E+00   0.16747E-03
  R2_GGAAdown =   0.00000E+00   0.13193E-03
    R2_GGAAup =   0.00000E+00   0.52771E-03
         GC_4 =  -0.12177E+01   0.00000E+00
         GC_5 =   0.00000E+00   0.12177E+01
       R2_GQQ =  -0.00000E+00  -0.30492E-01
       R2_QQq =   0.00000E+00   0.12520E-01
 UV_GQQg_1eps =   0.00000E+00  -0.62890E-01
 UV_GQQq_1eps =   0.00000E+00   0.38115E-02
 UVWfct_G_2_1eps -0.31300E-02   0.00000E+00
         GC_1 =  -0.00000E+00  -0.10265E+00
         GC_2 =   0.00000E+00   0.20530E+00
        GC_21 =  -0.00000E+00  -0.28804E+00
        GC_22 =   0.00000E+00   0.28804E+00
        GC_23 =  -0.00000E+00  -0.27437E-01
        GC_24 =   0.00000E+00   0.82310E-01
        GC_37 =  -0.00000E+00  -0.70263E+00
        GC_38 =  -0.00000E+00  -0.72172E-02
      GC_1003 =  -0.00000E+00  -0.30795E+00

 Collider parameters:
 --------------------

 Running at P P   machine @    13000.000000000000       GeV
 PDF set = lhapdf 
 alpha_s(Mz)= 0.1180 running at 3 loops.
 alpha_s(Mz)= 0.1180 running at 3 loops.
 Renormalization scale set on event-by-event basis
 Factorization   scale set on event-by-event basis


 ===============================================================
 INFO: MadFKS read these parameters from FKS_params.dat
 ===============================================================
  > IRPoleCheckThreshold      =    1.0000000000000001E-005
  > PrecisionVirtualAtRunTime =    1.0000000000000000E-003
  > NHelForMCoverHels         =            4
  > VirtualFraction           =    1.0000000000000000     
  > MinVirtualFraction        =    5.0000000000000001E-003
 ===============================================================
  Insert the number of points to test
 Insert the relative tolerance
  A negative number will mean use the default one:    1.0000000000000001E-005
Using random seed offsets:     1 ,     11 ,      0
  with seed                   32
 Ranmar initialization seeds       10730        9417
  ========================================================================================== 
 {                                                                                          }
 {       [32m                                                                            [0m       }
 {       [32m                               ,,                                           [0m       }
 {       [32m`7MMM.     ,MMF'             `7MM  `7MMF'                                   [0m       }
 {       [32m  MMMb    dPMM                 MM    MM                                     [0m       }
 {       [32m  M YM   ,M MM   ,6"Yb.   ,M""bMM    MM         ,pW"Wq.   ,pW"Wq.`7MMpdMAo. [0m       }
 {       [32m  M  Mb  M' MM  8)   MM ,AP    MM    MM        6W'   `Wb 6W'   `Wb MM   `Wb [0m       }
 {       [32m  M  YM.P'  MM   ,pm9MM 8MI    MM    MM      , 8M     M8 8M     M8 MM    M8 [0m       }
 {       [32m  M  `YM'   MM  8M   MM `Mb    MM    MM     ,M YA.   ,A9 YA.   ,A9 MM   ,AP [0m       }
 {       [32m.JML. `'  .JMML.`Moo9^Yo.`Wbmd"MML..JMMmmmmMMM  `Ybmd9'   `Ybmd9'  MMbmmd'  [0m       }
 {       [32m                                                                   MM       [0m       }
 {       [32m                                                                 .JMML.     [0m       }
 {       [32m[0mv2.6.1 (2017-12-12), Ref: arXiv:1103.0621v2, arXiv:1405.0301[32m                [0m       }
 {       [32m                                                                            [0m       }
 {                                                                                          }
  ========================================================================================== 
 ===============================================================
 INFO: MadLoop read these parameters from ./MadLoop5_resources/MadLoopParams.dat                                                                                                                                                                                                                                                                                                                                                                                                                                                                                          
 ===============================================================
  > MLReductionLib            = 6|7|1
  > CTModeRun                 =           -1
  > MLStabThres               =    1.0000000000000000E-003
  > NRotations_DP             =            0
  > NRotations_QP             =            0
  > CTStabThres               =    1.0000000000000000E-002
  > CTLoopLibrary             =            2
  > CTModeInit                =            1
  > CheckCycle                =            3
  > MaxAttempts               =           10
  > UseLoopFilter             =  F
  > HelicityFilterLevel       =            2
  > ImprovePSPoint            =            2
  > DoubleCheckHelicityFilter =  T
  > LoopInitStartOver         =  F
  > HelInitStartOver          =  F
  > ZeroThres                 =    1.0000000000000001E-009
  > OSThres                   =    1.0000000000000000E-008
  > WriteOutFilters           =  T
  > UseQPIntegrandForNinja    =  T
  > UseQPIntegrandForCutTools =  T
  > IREGIMODE                 =            2
  > IREGIRECY                 =  T
  > COLLIERMode               =            1
  > COLLIERRequiredAccuracy   =    1.0000000000000000E-008
  > COLLIERCanOutput          =  F
  > COLLIERComputeUVpoles     =  T
  > COLLIERComputeIRpoles     =  T
  > COLLIERGlobalCache        =           -1
  > COLLIERUseCacheForPoles   =  F
  > COLLIERUseInternalStabilityTest =  T
 ===============================================================
  
------------------------------------------------------------------------
|              You are using CutTools - Version 1.9.3                  |
|              Authors: G. Ossola, C. Papadopoulos, R. Pittau          |
|              Published in JHEP 0803:042,2008                         |
|              http://www.ugr.es/~pittau/CutTools                      |
|                                                                      |
|              Compiler with  34  significant digits detetected        |
 ---------------------------------------------------------------------- 
   
########################################################################
#                                                                      #
#                      You are using OneLOop-3.6                       #
#                                                                      #
# for the evaluation of 1-loop scalar 1-, 2-, 3- and 4-point functions #
#                                                                      #
# author: Andreas van Hameren <hamerenREMOVETHIS@ifj.edu.pl>           #
#   date: 18-02-2015                                                   #
#                                                                      #
# Please cite                                                          #
#    A. van Hameren,                                                   #
#      Comput.Phys.Commun. 182 (2011) 2427-2438, arXiv:1007.4716       #
#    A. van Hameren, C.G. Papadopoulos and R. Pittau,                  #
#      JHEP 0909:106,2009, arXiv:0903.4665                             #
# in publications with results obtained with the help of this program. #
#                                                                      #
########################################################################
 PASSED   1.0000000000000001E-005
 MU_R    =    325.00000000000000     
 ALPHA_S =   0.11799999999999999     
 BORN                    4.2640448411786175E-011
 SINGLE POLE (MadFKS)   -4.8869283004585338E-012
 DOUBLE POLE (MadFKS)   -4.5378649698745998E-012
 SINGLE POLE (MadLoop)  -4.8869283004669349E-012
 DOUBLE POLE (MadLoop)  -4.5378649698743615E-012
 FINITE PART (MadLoop)   4.6370003915967852E-012
   325.00000000000000        0.0000000000000000        0.0000000000000000        325.00000000000000        0.0000000000000000     
   325.00000000000000        0.0000000000000000        0.0000000000000000       -325.00000000000000        0.0000000000000000     
   73.127981624922640        44.426535343139513        11.174125182231652       -57.001084027864081        0.0000000000000000     
   189.97193400271203       -137.09842785443058        119.24935056038818        55.434187822136742        0.0000000000000000     
   159.27693155744225        49.947204058350664        36.957107475911130       -146.65807151371379        0.0000000000000000     
   227.62315281492286        42.724688452940477       -167.38058321853092        148.22496771944111        0.0000000000000000     

 PASSED   1.0000000000000001E-005
 MU_R    =    325.00000000000000     
 ALPHA_S =   0.11799999999999999     
 BORN                    4.1114374233642098E-013
 SINGLE POLE (MadFKS)   -1.6828681927993322E-014
 DOUBLE POLE (MadFKS)   -4.3754577060589591E-014
 SINGLE POLE (MadLoop)  -1.6828681926609903E-014
 DOUBLE POLE (MadLoop)  -4.3754577060589143E-014
 FINITE PART (MadLoop)   7.9836655377121046E-014
   325.00000000000000        0.0000000000000000        0.0000000000000000        325.00000000000000        0.0000000000000000     
   325.00000000000000        0.0000000000000000        0.0000000000000000       -325.00000000000000        0.0000000000000000     
   198.31004950661000        74.848468558109062       -13.185479845121469        183.16857157021718        0.0000000000000000     
   154.42560622870872       -102.14723325219003       -112.22159679719451       -28.627326286518318        0.0000000000000000     
   115.88246388500338       -83.329059951366148        2.2053203715062111       -80.499377424547561        0.0000000000000000     
   181.38188037967799        110.62782464544709        123.20175627080975       -74.041867859151282        0.0000000000000000     

 PASSED   1.0000000000000001E-005
 MU_R    =    325.00000000000000     
 ALPHA_S =   0.11799999999999999     
 BORN                    4.2766908373848176E-012
 SINGLE POLE (MadFKS)   -1.2095701387868270E-013
 DOUBLE POLE (MadFKS)   -4.5513230420409842E-013
 SINGLE POLE (MadLoop)  -1.2095701387917912E-013
 DOUBLE POLE (MadLoop)  -4.5513230420409832E-013
 FINITE PART (MadLoop)   3.5184142372685419E-013
   325.00000000000000        0.0000000000000000        0.0000000000000000        325.00000000000000        0.0000000000000000     
   325.00000000000000        0.0000000000000000        0.0000000000000000       -325.00000000000000        0.0000000000000000     
   160.20229582071210       -143.56045084681716       -71.003648400816033       -3.6951931828861562        0.0000000000000000     
   177.42521310996293        95.192306600074431       -146.38844444461020        31.441284076202486        0.0000000000000000     
   64.358224152662615        22.383539042566262       -13.577311248368307        58.792982704394319        0.0000000000000000     
   248.01426691666236        25.984605204176496        230.96940409379454       -86.539073597710654        0.0000000000000000     

 PASSED   1.0000000000000001E-005
 MU_R    =    325.00000000000000     
 ALPHA_S =   0.11799999999999999     
 BORN                    1.3519024561410021E-010
 SINGLE POLE (MadFKS)   -1.6080100779122983E-011
 DOUBLE POLE (MadFKS)   -1.4387162956555563E-011
 SINGLE POLE (MadLoop)  -1.6080100779125462E-011
 DOUBLE POLE (MadLoop)  -1.4387162956554660E-011
 FINITE PART (MadLoop)   2.9963104708306591E-011
   325.00000000000000        0.0000000000000000        0.0000000000000000        325.00000000000000        0.0000000000000000     
   325.00000000000000        0.0000000000000000        0.0000000000000000       -325.00000000000000        0.0000000000000000     
   194.30660097937587       -65.252783130280491        71.862181333864598       -168.32396255984980        0.0000000000000000     
   95.085907610067451        16.924711748016534        66.295491288578674       -66.028719456633596        0.0000000000000000     
   189.61980800087630        131.15418817453849       -26.990781250248375        134.26000237624075        0.0000000000000000     
   170.98768340968044       -82.826116792274490       -111.16689137219490        100.09267964024261        0.0000000000000000     

 PASSED   1.0000000000000001E-005
 MU_R    =    325.00000000000000     
 ALPHA_S =   0.11799999999999999     
 BORN                    1.8256563231967254E-011
 SINGLE POLE (MadFKS)   -4.9610873085522200E-014
 DOUBLE POLE (MadFKS)   -1.9428927660560329E-012
 SINGLE POLE (MadLoop)  -4.9610873086082594E-014
 DOUBLE POLE (MadLoop)  -1.9428927660560329E-012
 FINITE PART (MadLoop)   1.1164012715360393E-012
   325.00000000000000        0.0000000000000000        0.0000000000000000        325.00000000000000        0.0000000000000000     
   325.00000000000000        0.0000000000000000        0.0000000000000000       -325.00000000000000        0.0000000000000000     
   58.222400309783119       -11.769030834291369        8.7837422865183559       -56.339894235773635        0.0000000000000000     
   274.33624948420777       -73.430374393294656        72.349070810007092        254.23211805444768        0.0000000000000000     
   54.126367162609604       -53.049495093905705        6.9919453914427123        8.1564325624858984        0.0000000000000000     
   263.31498304339959        138.24890032149173       -88.124758487968151       -206.04865638115993        0.0000000000000000     

 PASSED   1.0000000000000001E-005
 MU_R    =    325.00000000000000     
 ALPHA_S =   0.11799999999999999     
 BORN                    2.8116482155993029E-011
 SINGLE POLE (MadFKS)   -1.0130674079134306E-011
 DOUBLE POLE (MadFKS)   -2.9922011658892033E-012
 SINGLE POLE (MadLoop)  -1.0130674075484867E-011
 DOUBLE POLE (MadLoop)  -2.9922011658892647E-012
 FINITE PART (MadLoop)  -1.2688985314090090E-011
   325.00000000000000        0.0000000000000000        0.0000000000000000        325.00000000000000        0.0000000000000000     
   325.00000000000000        0.0000000000000000        0.0000000000000000       -325.00000000000000        0.0000000000000000     
   67.298057273389134       -22.256621837148366       -36.026441855627660        52.304557969584387        0.0000000000000000     
   232.48085299988634       -132.47371513384570        181.92600661797871       -58.318006878035831        0.0000000000000000     
   237.60468571597332        144.42926726647838       -156.31735502467956       -105.64590834075358        0.0000000000000000     
   112.61640401075125        10.301069704515660        10.417790262328491        111.65935724920503        0.0000000000000000     

 PASSED   1.0000000000000001E-005
 MU_R    =    325.00000000000000     
 ALPHA_S =   0.11799999999999999     
 BORN                    5.2157581242700009E-013
 SINGLE POLE (MadFKS)   -3.0959837405311917E-014
 DOUBLE POLE (MadFKS)   -5.5506935234108709E-014
 SINGLE POLE (MadLoop)  -3.0959837406502523E-014
 DOUBLE POLE (MadLoop)  -5.5506935234108494E-014
 FINITE PART (MadLoop)   8.8326206654303780E-014
   325.00000000000000        0.0000000000000000        0.0000000000000000        325.00000000000000        0.0000000000000000     
   325.00000000000000        0.0000000000000000        0.0000000000000000       -325.00000000000000        0.0000000000000000     
   90.440951048226225       -50.429677587358697        71.699467614882209        22.262066136932596        0.0000000000000000     
   201.99487236656745       -21.089026823811615       -200.85439415975702       -3.8332436300621326        0.0000000000000000     
   151.64541899413359        133.58325959607774       -67.057065756195058       -25.596792567870544        0.0000000000000000     
   205.91875759107251       -62.064555184907370        196.21199230106984        7.1679700610000232        0.0000000000000000     

 PASSED   1.0000000000000001E-005
 MU_R    =    325.00000000000000     
 ALPHA_S =   0.11799999999999999     
 BORN                    3.2002026006833980E-013
 SINGLE POLE (MadFKS)   -3.3549657721246443E-014
 DOUBLE POLE (MadFKS)   -3.4057069798845637E-014
 SINGLE POLE (MadLoop)  -3.3549657719313607E-014
 DOUBLE POLE (MadLoop)  -3.4057069798846912E-014
 FINITE PART (MadLoop)   1.6280672051395358E-013
   325.00000000000000        0.0000000000000000        0.0000000000000000        325.00000000000000        0.0000000000000000     
   325.00000000000000        0.0000000000000000        0.0000000000000000       -325.00000000000000        0.0000000000000000     
   155.95090738468204        37.828194372544097       -107.79158530896667        106.16349354273554        0.0000000000000000     
   280.69956628737322        90.106817791418450        243.22915815052301       -107.29671256292728        0.0000000000000000     
   188.88698314661852       -133.15133429608466       -131.67088368942487        24.734448969993196        0.0000000000000000     
   24.462543181326346        5.2163221321220998       -3.7666891521314976       -23.601229949801436        0.0000000000000000     

 PASSED   1.0000000000000001E-005
 MU_R    =    325.00000000000000     
 ALPHA_S =   0.11799999999999999     
 BORN                    5.0749014351997416E-011
 SINGLE POLE (MadFKS)   -5.0018651245001208E-012
 DOUBLE POLE (MadFKS)   -5.4007915737569424E-012
 SINGLE POLE (MadLoop)  -5.0018654015509004E-012
 DOUBLE POLE (MadLoop)  -5.4007915737569173E-012
 FINITE PART (MadLoop)   5.0371310696783773E-012
   325.00000000000000        0.0000000000000000        0.0000000000000000        325.00000000000000        0.0000000000000000     
   325.00000000000000        0.0000000000000000        0.0000000000000000       -325.00000000000000        0.0000000000000000     
   97.924918786337926        6.3381907874915511       -71.322474010644228       -66.799863456845586        0.0000000000000000     
   198.05444471167166        14.265860458982386       -195.01540211145664       -31.480807402611571        0.0000000000000000     
   112.64432023515880       -75.692734204919930        74.522451278147372       -37.493427761682518        0.0000000000000000     
   241.37631626683162        55.088682958446007        191.81542484395348        135.77409862113967        0.0000000000000000     

 PASSED   1.0000000000000001E-005
 MU_R    =    325.00000000000000     
 ALPHA_S =   0.11799999999999999     
 BORN                    2.9110177269242439E-013
 SINGLE POLE (MadFKS)   -7.6992922136059882E-015
 DOUBLE POLE (MadFKS)   -3.0979517950008726E-014
 SINGLE POLE (MadLoop)  -7.6992922135577857E-015
 DOUBLE POLE (MadLoop)  -3.0979517950009275E-014
 FINITE PART (MadLoop)   1.2058691738005076E-013
   325.00000000000000        0.0000000000000000        0.0000000000000000        325.00000000000000        0.0000000000000000     
   325.00000000000000        0.0000000000000000        0.0000000000000000       -325.00000000000000        0.0000000000000000     
   123.59753338570559        27.022714571289420        113.75417968904802       -40.076299224117527        0.0000000000000000     
   190.01933274295689        146.83273466924362        77.212131534523465        92.659492711354318        0.0000000000000000     
   158.69453002701496       -70.083847754499587       -121.68434555898271        73.926505329965110        0.0000000000000000     
   177.68860384432250       -103.77160148603348       -69.281965664588867       -126.50969881720192        0.0000000000000000     

 PASSED   1.0000000000000001E-005
 MU_R    =    325.00000000000000     
 ALPHA_S =   0.11799999999999999     
 BORN                    4.3747311130073203E-013
 SINGLE POLE (MadFKS)   -8.3236783757849348E-016
 DOUBLE POLE (MadFKS)   -4.6556590771801537E-014
 SINGLE POLE (MadLoop)  -8.3236783750748693E-016
 DOUBLE POLE (MadLoop)  -4.6556590771804364E-014
 FINITE PART (MadLoop)   1.8259001515651814E-013
   325.00000000000000        0.0000000000000000        0.0000000000000000        325.00000000000000        0.0000000000000000     
   325.00000000000000        0.0000000000000000        0.0000000000000000       -325.00000000000000        0.0000000000000000     
   45.571305066900031        27.574460898873191        35.557898805296112        7.2130980992430498        0.0000000000000000     
   121.55181317209120        118.37001865052954       -6.9452287374900052        26.742209480149597        0.0000000000000000     
   223.36960905712544       -34.587408353360523       -133.67436085543034        175.58148730325519        0.0000000000000000     
   259.50727270388313       -111.35707119604226        105.06169078762426       -209.53679488264774        0.0000000000000000     

 PASSED   1.0000000000000001E-005
 MU_R    =    325.00000000000000     
 ALPHA_S =   0.11799999999999999     
 BORN                    1.7004538187215409E-012
 SINGLE POLE (MadFKS)   -1.3137951388681834E-013
 DOUBLE POLE (MadFKS)   -1.8096502509418001E-013
 SINGLE POLE (MadLoop)  -1.3137951388659489E-013
 DOUBLE POLE (MadLoop)  -1.8096502509418074E-013
 FINITE PART (MadLoop)   2.4719822073185096E-013
   325.00000000000000        0.0000000000000000        0.0000000000000000        325.00000000000000        0.0000000000000000     
   325.00000000000000        0.0000000000000000        0.0000000000000000       -325.00000000000000        0.0000000000000000     
   178.49311075768347        123.44861951785873        89.172607002408498        93.104645896344081        0.0000000000000000     
   146.60535425545106       -69.516651666130826        121.55855471799426       -43.406022766069377        0.0000000000000000     
   117.57581192835806       -42.977686812715582       -12.294060649406136       -108.74670597121313        0.0000000000000000     
   207.32572305850741       -10.954281039012315       -198.43710107099659        59.048082840938434        0.0000000000000000     

 PASSED   1.0000000000000001E-005
 MU_R    =    325.00000000000000     
 ALPHA_S =   0.11799999999999999     
 BORN                    1.0240176580774495E-011
 SINGLE POLE (MadFKS)   -2.6569925106260092E-012
 DOUBLE POLE (MadFKS)   -1.0897760300846778E-012
 SINGLE POLE (MadLoop)  -2.6569925106265884E-012
 DOUBLE POLE (MadLoop)  -1.0897760300846856E-012
 FINITE PART (MadLoop)   1.4905035258716615E-013
   325.00000000000000        0.0000000000000000        0.0000000000000000        325.00000000000000        0.0000000000000000     
   325.00000000000000        0.0000000000000000        0.0000000000000000       -325.00000000000000        0.0000000000000000     
   173.40425942081831        155.07559212035514        25.741995664765049       -73.198002520553217        0.0000000000000000     
   195.38530641796771       -111.71013753043266        9.5655664954638855       -160.01488391582765        0.0000000000000000     
   119.27618167019136       -45.323436154277573       -78.785072767632215        77.236687901466311        0.0000000000000000     
   161.93425249102276        1.9579815643551068        43.477510607403318        155.97619853491460        0.0000000000000000     

 PASSED   1.0000000000000001E-005
 MU_R    =    325.00000000000000     
 ALPHA_S =   0.11799999999999999     
 BORN                    5.3307192642547400E-013
 SINGLE POLE (MadFKS)   -5.4588053598970279E-014
 DOUBLE POLE (MadFKS)   -5.6730370140317149E-014
 SINGLE POLE (MadLoop)  -5.4588053598970165E-014
 DOUBLE POLE (MadLoop)  -5.6730370140317073E-014
 FINITE PART (MadLoop)   8.5398668479790839E-014
   325.00000000000000        0.0000000000000000        0.0000000000000000        325.00000000000000        0.0000000000000000     
   325.00000000000000        0.0000000000000000        0.0000000000000000       -325.00000000000000        0.0000000000000000     
   82.177631903248795        32.275303320292124       -17.649184915166551        73.484517094686353        0.0000000000000000     
   178.19080024732446       -144.49555105860753       -100.20076517911163       -28.858338042440472        0.0000000000000000     
   264.76656594596909        230.96193617447551        101.92203067416096       -79.811140479347387        0.0000000000000000     
   124.86500190345767       -118.74168843616010        15.927919420117252        35.184961427101527        0.0000000000000000     

 PASSED   1.0000000000000001E-005
 MU_R    =    325.00000000000000     
 ALPHA_S =   0.11799999999999999     
 BORN                    1.1630590834757204E-012
 SINGLE POLE (MadFKS)   -2.0192508301132119E-014
 DOUBLE POLE (MadFKS)   -1.2377461469987967E-013
 SINGLE POLE (MadLoop)  -2.0192508301071226E-014
 DOUBLE POLE (MadLoop)  -1.2377461469988113E-013
 FINITE PART (MadLoop)   1.1998046280181669E-013
   325.00000000000000        0.0000000000000000        0.0000000000000000        325.00000000000000        0.0000000000000000     
   325.00000000000000        0.0000000000000000        0.0000000000000000       -325.00000000000000        0.0000000000000000     
   209.61667669001807        148.32819750859068        147.48415174931833       -13.649979970832883        0.0000000000000000     
   94.740439273544325        39.628394353968403       -7.6791927630823764        85.710974753399739        0.0000000000000000     
   122.85267986290370       -30.069597946980391       -90.671835086072676        77.247773760336187        0.0000000000000000     
   222.79020417353402       -157.88699391557870       -49.133123900163248       -149.30876854290301        0.0000000000000000     

 PASSED   1.0000000000000001E-005
 MU_R    =    325.00000000000000     
 ALPHA_S =   0.11799999999999999     
 BORN                    8.5093215426953853E-012
 SINGLE POLE (MadFKS)   -3.6434219579449709E-013
 DOUBLE POLE (MadFKS)   -9.0557565842397199E-013
 SINGLE POLE (MadLoop)  -3.6434219579410834E-013
 DOUBLE POLE (MadLoop)  -9.0557565842396897E-013
 FINITE PART (MadLoop)   5.7761273017349619E-013
   325.00000000000000        0.0000000000000000        0.0000000000000000        325.00000000000000        0.0000000000000000     
   325.00000000000000        0.0000000000000000        0.0000000000000000       -325.00000000000000        0.0000000000000000     
   64.739797852359800       -57.459732203019392        21.243821028630855        20.936109218888010        0.0000000000000000     
   106.99357874787762       -56.039639254376375        4.5538052281145198       -91.029926856292960        0.0000000000000000     
   302.60151299942248        266.89594874380856        22.419135479541815        140.82475129760340        0.0000000000000000     
   175.66511040034021       -153.39657728641282       -48.216761736287211       -70.730933660198460        0.0000000000000000     

 PASSED   1.0000000000000001E-005
 MU_R    =    325.00000000000000     
 ALPHA_S =   0.11799999999999999     
 BORN                    6.2359124013509923E-010
 SINGLE POLE (MadFKS)   -1.4144749332849550E-010
 DOUBLE POLE (MadFKS)   -6.6363580814210048E-011
 SINGLE POLE (MadLoop)  -1.4144749332848865E-010
 DOUBLE POLE (MadLoop)  -6.6363580814209867E-011
Thanks for using LHAPDF 6.2.1. Please make sure to cite the paper:
  Eur.Phys.J. C75 (2015) 3, 132  (http://arxiv.org/abs/1412.7420)
 FINITE PART (MadLoop)   1.7225623040065096E-011
   325.00000000000000        0.0000000000000000        0.0000000000000000        325.00000000000000        0.0000000000000000     
   325.00000000000000        0.0000000000000000        0.0000000000000000       -325.00000000000000        0.0000000000000000     
   209.06334346371332        143.17080143778614        88.358549730087830       -124.10628463331018        0.0000000000000000     
   6.2068690703821341       -5.9619405755740100      -0.18590072120517062       -1.7163709249594126        0.0000000000000000     
   164.65188829261683       -93.974741508411213       -24.277648300020967       -133.00221077024304        0.0000000000000000     
   270.07789917328773       -43.234119353800914       -63.895000708861701        258.82486632851266        0.0000000000000000     

 PASSED   1.0000000000000001E-005
 MU_R    =    325.00000000000000     
 ALPHA_S =   0.11799999999999999     
 BORN                    9.0438821117709353E-010
 SINGLE POLE (MadFKS)   -2.9717138082854072E-011
 DOUBLE POLE (MadFKS)   -9.6246445230479958E-011
 SINGLE POLE (MadLoop)  -2.9717138082815595E-011
 DOUBLE POLE (MadLoop)  -9.6246445230481134E-011
 FINITE PART (MadLoop)   1.4959670769079523E-010
   325.00000000000000        0.0000000000000000        0.0000000000000000        325.00000000000000        0.0000000000000000     
   325.00000000000000        0.0000000000000000        0.0000000000000000       -325.00000000000000        0.0000000000000000     
   138.37302761607532       -64.891135219525836       -105.01751639246889        62.510451864611277        0.0000000000000000     
   148.77009666913122       -55.890102002818878       -132.97030789036415       -36.438103416600967        0.0000000000000000     
   49.865145143694143       -3.1485882093246134       -48.922987087913967       -9.1192338979537286        0.0000000000000000     
   312.99173057109959        123.92982543166916        286.91081137074679       -16.953114550056426        0.0000000000000000     

 PASSED   1.0000000000000001E-005
 MU_R    =    325.00000000000000     
 ALPHA_S =   0.11799999999999999     
 BORN                    1.1833184257664540E-013
 SINGLE POLE (MadFKS)   -6.3177463249815150E-015
 DOUBLE POLE (MadFKS)   -1.2593064642839234E-014
 SINGLE POLE (MadLoop)  -6.3177463244438306E-015
 DOUBLE POLE (MadLoop)  -1.2593064642840054E-014
 FINITE PART (MadLoop)   1.2767080846346634E-013
   325.00000000000000        0.0000000000000000        0.0000000000000000        325.00000000000000        0.0000000000000000     
   325.00000000000000        0.0000000000000000        0.0000000000000000       -325.00000000000000        0.0000000000000000     
   183.03495398404476        65.880535104180780       -170.66809445228387        5.8267495530962883        0.0000000000000000     
   157.67287533863117        54.043833961440313        70.224209761393269       -130.41687004252034        0.0000000000000000     
   233.97441216903411       -99.171555444704381        83.189695425078199        194.90639475298323        0.0000000000000000     
   75.317758508289756       -20.752813620916712        17.254189265812425       -70.316274263559180        0.0000000000000000     

 PASSED   1.0000000000000001E-005
 MU_R    =    325.00000000000000     
 ALPHA_S =   0.11799999999999999     
 BORN                    1.1858287458621679E-013
 SINGLE POLE (MadFKS)   -9.0643753091232861E-015
 DOUBLE POLE (MadFKS)   -1.2619779872274681E-014
 SINGLE POLE (MadLoop)  -9.0643753091828451E-015
 DOUBLE POLE (MadLoop)  -1.2619779872274435E-014
 FINITE PART (MadLoop)   2.0736468316662178E-014
   325.00000000000000        0.0000000000000000        0.0000000000000000        325.00000000000000        0.0000000000000000     
   325.00000000000000        0.0000000000000000        0.0000000000000000       -325.00000000000000        0.0000000000000000     
   152.74483521976956        52.548164304716458        105.34061369660988        97.329493066288450        0.0000000000000000     
   227.92881371031123        16.770489236990109        72.907151261237843       -215.30174663739436        0.0000000000000000     
   118.20138305600955       -32.654654837316016       -31.910846060868806        109.02723686074408        0.0000000000000000     
   151.12496801390955       -36.663998704390565       -146.33691889697889        8.9450167103618199        0.0000000000000000     

 NUMBER OF POINTS PASSING THE CHECK          20
 NUMBER OF POINTS FAILING THE CHECK           0
 TOLERANCE    1.0000000000000001E-005
