==== LHAPDF6 USING DEFAULT-TYPE LHAGLUE INTERFACE ====
LHAPDF 6.2.1 loading /cvmfs/cms.cern.ch/slc6_amd64_gcc481/external/lhapdf/6.2.1/share/LHAPDF/NNPDF31_nnlo_as_0118_nf_4/NNPDF31_nnlo_as_0118_nf_4_0000.dat
NNPDF31_nnlo_as_0118_nf_4 PDF set, member #0, version 1; LHAPDF ID = 320900
 A PDF is used, so alpha_s(MZ) is going to be modified
 Old value of alpha_s from param_card:   0.11799999999999999     
 New value of alpha_s from PDF lhapdf :  0.11800240511781991     
 using LHAPDF
WARNING: the value of maxjetflavorspecified in the run_card (  4) is inconsistent with the number of light flavours inthe model. Hence it will be set to:  5
 *****************************************************
 *               MadGraph/MadEvent                   *
 *        --------------------------------           *
 *          http://madgraph.hep.uiuc.edu             *
 *          http://madgraph.phys.ucl.ac.be           *
 *          http://madgraph.roma2.infn.it            *
 *        --------------------------------           *
 *                                                   *
 *          PARAMETER AND COUPLING VALUES            *
 *                                                   *
 *****************************************************

  External Params
  ---------------------------------
  
 MU_R =    91.188000000000002     
 aEWM1 =    132.50700000000001     
 mdl_Gf =    1.1663900000000000E-005
 aS =   0.11799999999999999     
 mdl_ymt =    173.00000000000000     
 mdl_ymtau =    1.7769999999999999     
 mdl_MT =    173.00000000000000     
 mdl_MZ =    91.188000000000002     
 mdl_MH =    125.00000000000000     
 mdl_MTA =    1.7769999999999999     
 mdl_WT =    1.4915000000000000     
 mdl_WZ =    2.4414039999999999     
 mdl_WW =    2.0476000000000001     
 mdl_WH =    6.3823389999999999E-003
  Internal Params
  ---------------------------------
  
 mdl_conjg__CKM3x3 =    1.0000000000000000     
 mdl_CKM22 =    1.0000000000000000     
 mdl_I4x33 =    0.0000000000000000     
 mdl_I1x33 =    0.0000000000000000     
 mdl_lhv =    1.0000000000000000     
 mdl_CKM3x3 =    1.0000000000000000     
 mdl_conjg__CKM22 =    1.0000000000000000     
 mdl_conjg__CKM33 =    1.0000000000000000     
 mdl_Ncol =    3.0000000000000000     
 mdl_CA =    3.0000000000000000     
 mdl_TF =   0.50000000000000000     
 mdl_CF =    1.3333333333333333     
 mdl_complexi =  (  0.0000000000000000     ,  1.0000000000000000     )
 mdl_MZ__exp__2 =    8315.2513440000002     
 mdl_MZ__exp__4 =    69143404.913893804     
 mdl_sqrt__2 =    1.4142135623730951     
 mdl_MH__exp__2 =    15625.000000000000     
 mdl_Ncol__exp__2 =    9.0000000000000000     
 mdl_MT__exp__2 =    29929.000000000000     
 mdl_aEW =    7.5467711139788835E-003
 mdl_MW =    80.419002445756163     
 mdl_sqrt__aEW =    8.6872153846781555E-002
 mdl_ee =   0.30795376724436879     
 mdl_MW__exp__2 =    6467.2159543705357     
 mdl_sw2 =   0.22224648578577766     
 mdl_cw =   0.88190334743339216     
 mdl_sqrt__sw2 =   0.47143025548407230     
 mdl_sw =   0.47143025548407230     
 mdl_g1 =   0.34919219678733299     
 mdl_gw =   0.65323293034757990     
 mdl_v =    246.21845810181637     
 mdl_v__exp__2 =    60623.529110035903     
 mdl_lam =   0.12886910601690263     
 mdl_yt =   0.99366614581500623     
 mdl_ytau =    1.0206617000654717E-002
 mdl_muH =    88.388347648318430     
 mdl_AxialZUp =  -0.18517701861793787     
 mdl_AxialZDown =   0.18517701861793787     
 mdl_VectorZUp =    7.5430507588273299E-002
 mdl_VectorZDown =  -0.13030376310310560     
 mdl_VectorAUp =   0.20530251149624587     
 mdl_VectorADown =  -0.10265125574812294     
 mdl_VectorWmDxU =   0.23095271737156670     
 mdl_AxialWmDxU =  -0.23095271737156670     
 mdl_VectorWpUxD =   0.23095271737156670     
 mdl_AxialWpUxD =  -0.23095271737156670     
 mdl_I2x33 =  ( 0.99366614581500623     ,  0.0000000000000000     )
 mdl_I3x33 =  ( 0.99366614581500623     ,  0.0000000000000000     )
 mdl_Vector_tbGp =  (-0.99366614581500623     ,  0.0000000000000000     )
 mdl_Axial_tbGp =  (-0.99366614581500623     , -0.0000000000000000     )
 mdl_Vector_tbGm =  ( 0.99366614581500623     ,  0.0000000000000000     )
 mdl_Axial_tbGm =  (-0.99366614581500623     ,  0.0000000000000000     )
 mdl_gw__exp__2 =   0.42671326129048615     
 mdl_cw__exp__2 =   0.77775351421422245     
 mdl_ee__exp__2 =    9.4835522759998875E-002
 mdl_sw__exp__2 =   0.22224648578577769     
 mdl_yt__exp__2 =   0.98737240933884918     
  Internal Params evaluated point by point
  ----------------------------------------
  
 mdl_sqrt__aS =   0.34351128074635334     
 mdl_G__exp__4 =    2.1987899468922913     
 mdl_G__exp__2 =    1.4828317324943823     
 mdl_R2MixedFactor_FIN_ =   -2.5040377713124864E-002
 mdl_G_UVg_1EPS_ =   -5.1645779033320030E-002
 mdl_G_UVq_1EPS_ =    3.1300472141406080E-003
 mdl_GWcft_UV_t_1EPS_ =   -3.1300472141406080E-003
 mdl_tWcft_UV_1EPS_ =   -1.8780283284843650E-002
 mdl_G__exp__3 =    1.8056676068262196     
 mdl_MU_R__exp__2 =    8315.2513440000002     
 mdl_G_UVt_FIN_ =   -4.0087659331150384E-003
 mdl_GWcft_UV_t_FIN_ =    4.0087659331150384E-003
 mdl_tWcft_UV_FIN_ =   -9.8778211443463623E-004
  Couplings of loop_sm-no_b_mass
  ---------------------------------
  
      UV_GQQt =   0.00000E+00  -0.48815E-02
   UVWfct_G_2 =   0.40088E-02   0.00000E+00
       R2_DDA =   0.00000E+00   0.25704E-02
       R2_UUA =  -0.00000E+00  -0.51409E-02
    R2_DDZ_V2 =   0.00000E+00   0.72127E-02
    R2_UUZ_V2 =  -0.00000E+00  -0.72127E-02
    R2_UUZ_V5 =   0.00000E+00   0.68702E-03
      R2_GGHt =   0.00000E+00  -0.45657E+01
     R2_GGZup =  -0.46369E-02   0.00000E+00
   R2_GGZdown =   0.46369E-02   0.00000E+00
    R2_GGZAup =   0.00000E+00   0.19389E-03
  R2_GGZAdown =   0.00000E+00   0.16747E-03
  R2_GGAAdown =   0.00000E+00   0.13193E-03
    R2_GGAAup =   0.00000E+00   0.52771E-03
         GC_4 =  -0.12177E+01   0.00000E+00
         GC_5 =   0.00000E+00   0.12177E+01
       R2_GQQ =  -0.00000E+00  -0.30492E-01
       R2_QQq =   0.00000E+00   0.12520E-01
 UV_GQQg_1eps =   0.00000E+00  -0.62890E-01
 UV_GQQq_1eps =   0.00000E+00   0.38115E-02
 UVWfct_G_2_1eps -0.31300E-02   0.00000E+00
         GC_1 =  -0.00000E+00  -0.10265E+00
         GC_2 =   0.00000E+00   0.20530E+00
        GC_21 =  -0.00000E+00  -0.28804E+00
        GC_22 =   0.00000E+00   0.28804E+00
        GC_23 =  -0.00000E+00  -0.27437E-01
        GC_24 =   0.00000E+00   0.82310E-01
        GC_37 =  -0.00000E+00  -0.70263E+00
        GC_38 =  -0.00000E+00  -0.72172E-02
      GC_1003 =  -0.00000E+00  -0.30795E+00

 Collider parameters:
 --------------------

 Running at P P   machine @    13000.000000000000       GeV
 PDF set = lhapdf 
 alpha_s(Mz)= 0.1180 running at 3 loops.
 alpha_s(Mz)= 0.1180 running at 3 loops.
 Renormalization scale set on event-by-event basis
 Factorization   scale set on event-by-event basis


 ===============================================================
 INFO: MadFKS read these parameters from FKS_params.dat
 ===============================================================
  > IRPoleCheckThreshold      =    1.0000000000000001E-005
  > PrecisionVirtualAtRunTime =    1.0000000000000000E-003
  > NHelForMCoverHels         =            4
  > VirtualFraction           =    1.0000000000000000     
  > MinVirtualFraction        =    5.0000000000000001E-003
 ===============================================================
  Insert the number of points to test
 Insert the relative tolerance
  A negative number will mean use the default one:    1.0000000000000001E-005
Using random seed offsets:     1 ,     12 ,      0
  with seed                   32
 Ranmar initialization seeds       10730        9418
  ========================================================================================== 
 {                                                                                          }
 {       [32m                                                                            [0m       }
 {       [32m                               ,,                                           [0m       }
 {       [32m`7MMM.     ,MMF'             `7MM  `7MMF'                                   [0m       }
 {       [32m  MMMb    dPMM                 MM    MM                                     [0m       }
 {       [32m  M YM   ,M MM   ,6"Yb.   ,M""bMM    MM         ,pW"Wq.   ,pW"Wq.`7MMpdMAo. [0m       }
 {       [32m  M  Mb  M' MM  8)   MM ,AP    MM    MM        6W'   `Wb 6W'   `Wb MM   `Wb [0m       }
 {       [32m  M  YM.P'  MM   ,pm9MM 8MI    MM    MM      , 8M     M8 8M     M8 MM    M8 [0m       }
 {       [32m  M  `YM'   MM  8M   MM `Mb    MM    MM     ,M YA.   ,A9 YA.   ,A9 MM   ,AP [0m       }
 {       [32m.JML. `'  .JMML.`Moo9^Yo.`Wbmd"MML..JMMmmmmMMM  `Ybmd9'   `Ybmd9'  MMbmmd'  [0m       }
 {       [32m                                                                   MM       [0m       }
 {       [32m                                                                 .JMML.     [0m       }
 {       [32m[0mv2.6.1 (2017-12-12), Ref: arXiv:1103.0621v2, arXiv:1405.0301[32m                [0m       }
 {       [32m                                                                            [0m       }
 {                                                                                          }
  ========================================================================================== 
 ===============================================================
 INFO: MadLoop read these parameters from ./MadLoop5_resources/MadLoopParams.dat                                                                                                                                                                                                                                                                                                                                                                                                                                                                                          
 ===============================================================
  > MLReductionLib            = 6|7|1
  > CTModeRun                 =           -1
  > MLStabThres               =    1.0000000000000000E-003
  > NRotations_DP             =            0
  > NRotations_QP             =            0
  > CTStabThres               =    1.0000000000000000E-002
  > CTLoopLibrary             =            2
  > CTModeInit                =            1
  > CheckCycle                =            3
  > MaxAttempts               =           10
  > UseLoopFilter             =  F
  > HelicityFilterLevel       =            2
  > ImprovePSPoint            =            2
  > DoubleCheckHelicityFilter =  T
  > LoopInitStartOver         =  F
  > HelInitStartOver          =  F
  > ZeroThres                 =    1.0000000000000001E-009
  > OSThres                   =    1.0000000000000000E-008
  > WriteOutFilters           =  T
  > UseQPIntegrandForNinja    =  T
  > UseQPIntegrandForCutTools =  T
  > IREGIMODE                 =            2
  > IREGIRECY                 =  T
  > COLLIERMode               =            1
  > COLLIERRequiredAccuracy   =    1.0000000000000000E-008
  > COLLIERCanOutput          =  F
  > COLLIERComputeUVpoles     =  T
  > COLLIERComputeIRpoles     =  T
  > COLLIERGlobalCache        =           -1
  > COLLIERUseCacheForPoles   =  F
  > COLLIERUseInternalStabilityTest =  T
 ===============================================================
  
------------------------------------------------------------------------
|              You are using CutTools - Version 1.9.3                  |
|              Authors: G. Ossola, C. Papadopoulos, R. Pittau          |
|              Published in JHEP 0803:042,2008                         |
|              http://www.ugr.es/~pittau/CutTools                      |
|                                                                      |
|              Compiler with  34  significant digits detetected        |
 ---------------------------------------------------------------------- 
   
########################################################################
#                                                                      #
#                      You are using OneLOop-3.6                       #
#                                                                      #
# for the evaluation of 1-loop scalar 1-, 2-, 3- and 4-point functions #
#                                                                      #
# author: Andreas van Hameren <hamerenREMOVETHIS@ifj.edu.pl>           #
#   date: 18-02-2015                                                   #
#                                                                      #
# Please cite                                                          #
#    A. van Hameren,                                                   #
#      Comput.Phys.Commun. 182 (2011) 2427-2438, arXiv:1007.4716       #
#    A. van Hameren, C.G. Papadopoulos and R. Pittau,                  #
#      JHEP 0909:106,2009, arXiv:0903.4665                             #
# in publications with results obtained with the help of this program. #
#                                                                      #
########################################################################
 PASSED   1.0000000000000001E-005
 MU_R    =    325.00000000000000     
 ALPHA_S =   0.11799999999999999     
 BORN                    3.1907690875189206E-012
 SINGLE POLE (MadFKS)   -2.8685456241043063E-013
 DOUBLE POLE (MadFKS)   -3.3956676837405529E-013
 SINGLE POLE (MadLoop)  -2.8685456241063808E-013
 DOUBLE POLE (MadLoop)  -3.3956676837405751E-013
 FINITE PART (MadLoop)   2.3328902687666455E-013
   325.00000000000000        0.0000000000000000        0.0000000000000000        325.00000000000000        0.0000000000000000     
   325.00000000000000        0.0000000000000000        0.0000000000000000       -325.00000000000000        0.0000000000000000     
   53.604772710584321        52.276975665662086        10.914710776202496        4.2779472036282673        1.7769999999999999     
   119.57608930461440       -24.935840250672104       -72.862965196115127       -91.457506953818765        1.7769999999999999     
   258.47065553366144       -174.45271838551614        190.43299863157992       -10.421221237894724        0.0000000000000000     
   218.34848245113986        147.11158297052614       -128.48474421166725        97.600780988085234        0.0000000000000000     

 PASSED   1.0000000000000001E-005
 MU_R    =    325.00000000000000     
 ALPHA_S =   0.11799999999999999     
 BORN                    1.0794180326542005E-011
 SINGLE POLE (MadFKS)   -1.5807878708094020E-012
 DOUBLE POLE (MadFKS)   -1.1487339980408215E-012
 SINGLE POLE (MadLoop)  -1.5807878708112076E-012
 DOUBLE POLE (MadLoop)  -1.1487339980408378E-012
 FINITE PART (MadLoop)   2.3376956202309656E-012
   325.00000000000000        0.0000000000000000        0.0000000000000000        325.00000000000000        0.0000000000000000     
   325.00000000000000        0.0000000000000000        0.0000000000000000       -325.00000000000000        0.0000000000000000     
   137.70945268848058       -23.848243000950195       -126.23801617812317        49.557645302621097        1.7769999999999999     
   219.96136280445009        117.36190513222193        176.13440547454437       -59.855641585860582        1.7769999999999999     
   119.48771734563745        13.489157790735094       -7.0882909710889459       -118.51208102837772        0.0000000000000000     
   172.84146716143547       -107.00281992200678       -42.808098325332310        128.81007731161728        0.0000000000000000     

 PASSED   1.0000000000000001E-005
 MU_R    =    325.00000000000000     
 ALPHA_S =   0.11799999999999999     
 BORN                    8.7342180296683032E-012
 SINGLE POLE (MadFKS)   -2.1165933312708500E-013
 DOUBLE POLE (MadFKS)   -9.2950950358963817E-013
 SINGLE POLE (MadLoop)  -2.1165933312711360E-013
 DOUBLE POLE (MadLoop)  -9.2950950358956669E-013
 FINITE PART (MadLoop)   6.8243986505814802E-013
   325.00000000000000        0.0000000000000000        0.0000000000000000        325.00000000000000        0.0000000000000000     
   325.00000000000000        0.0000000000000000        0.0000000000000000       -325.00000000000000        0.0000000000000000     
   264.42288530433689       -207.46485503430537        156.80989389452836        47.804765934495698        1.7769999999999999     
   76.355783971880655        18.097703956523425        58.688746800134744        45.333785717632473        1.7769999999999999     
   39.840549707938884        8.7607218074236268       -38.863454812612488       0.38863153720128030        0.0000000000000000     
   269.38078101584358        180.60642927035829       -176.63518588205059       -93.527183189329463        0.0000000000000000     

 PASSED   1.0000000000000001E-005
 MU_R    =    325.00000000000000     
 ALPHA_S =   0.11799999999999999     
 BORN                    9.2206914443259126E-013
 SINGLE POLE (MadFKS)   -4.3724880339778681E-014
 DOUBLE POLE (MadFKS)   -9.8128078530392371E-014
 SINGLE POLE (MadLoop)  -4.3724880312169357E-014
 DOUBLE POLE (MadLoop)  -9.8128078530392043E-014
 FINITE PART (MadLoop)  -9.1158168650300493E-014
   325.00000000000000        0.0000000000000000        0.0000000000000000        325.00000000000000        0.0000000000000000     
   325.00000000000000        0.0000000000000000        0.0000000000000000       -325.00000000000000        0.0000000000000000     
   51.613194453123207       -7.3140935466417991       -8.9674170865657921        50.267818522812881        1.7769999999999999     
   243.31079012690890       -73.662256352460290        158.72389459311069       -169.04904654401403        1.7769999999999999     
   198.22653204379415        70.053858626874700       -8.1113701414259172        185.25771393392500        0.0000000000000000     
   156.84948337617371        10.922491272227436       -141.64510736511917       -66.476485912723831        0.0000000000000000     

 PASSED   1.0000000000000001E-005
 MU_R    =    325.00000000000000     
 ALPHA_S =   0.11799999999999999     
 BORN                    2.5992789687442225E-012
 SINGLE POLE (MadFKS)   -4.7737551585322033E-013
 DOUBLE POLE (MadFKS)   -2.7661944042633228E-013
 SINGLE POLE (MadLoop)  -4.7737551585318519E-013
 DOUBLE POLE (MadLoop)  -2.7661944042632652E-013
 FINITE PART (MadLoop)   2.9598066277512711E-013
   325.00000000000000        0.0000000000000000        0.0000000000000000        325.00000000000000        0.0000000000000000     
   325.00000000000000        0.0000000000000000        0.0000000000000000       -325.00000000000000        0.0000000000000000     
   259.53704928534626        176.62337040476837       -17.024557519363388       -189.39554295408891        1.7769999999999999     
   130.45764619703627       -104.06557409220153        78.607120598892024        2.7049218626146101        1.7769999999999999     
   120.08154942024217       -6.0113696200287077       -98.010649290639776        69.118409791347631        0.0000000000000000     
   139.92375509737840       -66.546426692538148        36.428086211111086        117.57221130012665        0.0000000000000000     

 PASSED   1.0000000000000001E-005
 MU_R    =    325.00000000000000     
 ALPHA_S =   0.11799999999999999     
 BORN                    1.4895319396246042E-012
 SINGLE POLE (MadFKS)   -9.9751685407121720E-015
 DOUBLE POLE (MadFKS)   -1.5851838013184527E-013
 SINGLE POLE (MadLoop)  -9.9751685362513592E-015
 DOUBLE POLE (MadLoop)  -1.5851838013188977E-013
 FINITE PART (MadLoop)   4.7978713340403741E-014
   325.00000000000000        0.0000000000000000        0.0000000000000000        325.00000000000000        0.0000000000000000     
   325.00000000000000        0.0000000000000000        0.0000000000000000       -325.00000000000000        0.0000000000000000     
   223.45273251664042        199.55594514341374        9.7261311223510898        100.05395080386829        1.7769999999999999     
   185.61955643063021       -170.12688109700971        72.105646346699459        17.580730747967241        1.7769999999999999     
   68.381411729021522       -29.484964443655915       -37.378160864135047        49.086937490794341        0.0000000000000000     
   172.54629932370921        5.5900397251926075E-002  -44.453616604915503       -166.72161904262990        0.0000000000000000     

 PASSED   1.0000000000000001E-005
 MU_R    =    325.00000000000000     
 ALPHA_S =   0.11799999999999999     
 BORN                    8.7140148863145308E-013
 SINGLE POLE (MadFKS)   -1.3358935298164928E-013
 DOUBLE POLE (MadFKS)   -9.2735945264221181E-014
 SINGLE POLE (MadLoop)  -1.3358935298163711E-013
 DOUBLE POLE (MadLoop)  -9.2735945264221080E-014
 FINITE PART (MadLoop)   1.3469103826709743E-013
   325.00000000000000        0.0000000000000000        0.0000000000000000        325.00000000000000        0.0000000000000000     
   325.00000000000000        0.0000000000000000        0.0000000000000000       -325.00000000000000        0.0000000000000000     
   115.69677343165151        25.483155896303156       -28.013461064242687       -109.30892195178657        1.7769999999999999     
   202.43949983517774        158.37311728815857        80.264069167863681        97.232855998188683        1.7769999999999999     
   162.18406257530467       -107.79432566920934        24.693163454189772       -118.63515998883069        0.0000000000000000     
   169.67966415786603       -76.061947515252427       -76.943771557810734        130.71122594242860        0.0000000000000000     

 PASSED   1.0000000000000001E-005
 MU_R    =    325.00000000000000     
 ALPHA_S =   0.11799999999999999     
 BORN                    2.3453179437893351E-010
 SINGLE POLE (MadFKS)   -1.1083551587667518E-011
 DOUBLE POLE (MadFKS)   -2.4959250047188079E-011
 SINGLE POLE (MadLoop)  -1.1083551587663946E-011
 DOUBLE POLE (MadLoop)  -2.4959250047188334E-011
 FINITE PART (MadLoop)   3.7342681135515333E-011
   325.00000000000000        0.0000000000000000        0.0000000000000000        325.00000000000000        0.0000000000000000     
   325.00000000000000        0.0000000000000000        0.0000000000000000       -325.00000000000000        0.0000000000000000     
   116.45444664534597        88.286226446952710        60.029999174153943        46.480338137563109        1.7769999999999999     
   77.192383463532522        6.6454574522327254        76.179838316338461       -10.391172461668930        1.7769999999999999     
   167.66187926623823        153.48019188752997        7.5784561696826209       -67.058955101744857        0.0000000000000000     
   288.69129062488327       -248.41187578671548       -143.78829366017493        30.969789425850689        0.0000000000000000     

 PASSED   1.0000000000000001E-005
 MU_R    =    325.00000000000000     
 ALPHA_S =   0.11799999999999999     
 BORN                    7.0809693777584992E-013
 SINGLE POLE (MadFKS)   -1.7322474551479550E-014
 DOUBLE POLE (MadFKS)   -7.5356812812511018E-014
 SINGLE POLE (MadLoop)  -1.7322474551500530E-014
 DOUBLE POLE (MadLoop)  -7.5356812812512975E-014
 FINITE PART (MadLoop)  -2.1339632966556264E-014
   325.00000000000000        0.0000000000000000        0.0000000000000000        325.00000000000000        0.0000000000000000     
   325.00000000000000        0.0000000000000000        0.0000000000000000       -325.00000000000000        0.0000000000000000     
   258.58812015123510       -219.19019482042810        125.57906559579800        55.228750963774878        1.7769999999999999     
   58.799298147455730        27.647736379869098       -4.1078084283462326        51.700370565583583        1.7769999999999999     
   159.18773150362000        156.13971256626238       -16.318957789243122        26.359355790050149        0.0000000000000000     
   173.42485019768915        35.402745874296606       -105.15229937820865       -133.28847731940851        0.0000000000000000     

 PASSED   1.0000000000000001E-005
 MU_R    =    325.00000000000000     
 ALPHA_S =   0.11799999999999999     
 BORN                    1.1780669760220878E-012
 SINGLE POLE (MadFKS)   -1.0392866897163129E-013
 DOUBLE POLE (MadFKS)   -1.2537177871654553E-013
 SINGLE POLE (MadLoop)  -1.0392866897106401E-013
 DOUBLE POLE (MadLoop)  -1.2537177871654714E-013
 FINITE PART (MadLoop)   2.5727834011664263E-013
   325.00000000000000        0.0000000000000000        0.0000000000000000        325.00000000000000        0.0000000000000000     
   325.00000000000000        0.0000000000000000        0.0000000000000000       -325.00000000000000        0.0000000000000000     
   73.087469349396613        46.551374374820327        56.307064712334515        1.0509301571872669        1.7769999999999999     
   263.29800209876703        73.994679998490014       -208.55098254464261        142.66728844338337        1.7769999999999999     
   212.07535821559350       -19.654438795790917        161.12226256524178       -136.48910983573765        0.0000000000000000     
   101.53917033624293       -100.89161557751942       -8.8783447329337140       -7.2291087648329606        0.0000000000000000     

 PASSED   1.0000000000000001E-005
 MU_R    =    325.00000000000000     
 ALPHA_S =   0.11799999999999999     
 BORN                    1.4411579354842648E-012
 SINGLE POLE (MadFKS)   -3.0140464606996499E-014
 DOUBLE POLE (MadFKS)   -1.5337034095737121E-013
 SINGLE POLE (MadLoop)  -3.0140464599048182E-014
 DOUBLE POLE (MadLoop)  -1.5337034095737295E-013
 FINITE PART (MadLoop)  -1.5709631916654725E-014
   325.00000000000000        0.0000000000000000        0.0000000000000000        325.00000000000000        0.0000000000000000     
   325.00000000000000        0.0000000000000000        0.0000000000000000       -325.00000000000000        0.0000000000000000     
   232.73358513052455        48.600837087954986        225.91134331773716       -27.636705907770843        1.7769999999999999     
   46.338677034126590       -37.765106420266797       -7.0379572447429988        25.853029902898882        1.7769999999999999     
   137.29764492496128        28.325099609653382       -28.416461009205150        131.30436694092194        0.0000000000000000     
   233.63009291038753       -39.160830277341624       -190.45692506378901       -129.52069093604990        0.0000000000000000     

 PASSED   1.0000000000000001E-005
 MU_R    =    325.00000000000000     
 ALPHA_S =   0.11799999999999999     
 BORN                    1.0054897649248085E-012
 SINGLE POLE (MadFKS)   -2.2606324172049801E-013
 DOUBLE POLE (MadFKS)   -1.0700583487669291E-013
 SINGLE POLE (MadLoop)  -2.2606324172048617E-013
 DOUBLE POLE (MadLoop)  -1.0700583487669545E-013
 FINITE PART (MadLoop)   5.1711883812242323E-014
   325.00000000000000        0.0000000000000000        0.0000000000000000        325.00000000000000        0.0000000000000000     
   325.00000000000000        0.0000000000000000        0.0000000000000000       -325.00000000000000        0.0000000000000000     
   150.80974216647860       -24.092079900324002        18.668317789097124        147.68712266247641        1.7769999999999999     
   264.93720968458751        204.64143407707928        96.774254154610048       -137.64154364925747        1.7769999999999999     
   221.42323005283367       -191.33172576956838       -110.44862928269688       -14.883474414331003        0.0000000000000000     
   12.829818096101896        10.782371592813080       -4.9939426610103270        4.8378954011121724        0.0000000000000000     

 PASSED   1.0000000000000001E-005
 MU_R    =    325.00000000000000     
 ALPHA_S =   0.11799999999999999     
 BORN                    2.6386804820269414E-012
 SINGLE POLE (MadFKS)   -4.8067729519556444E-013
 DOUBLE POLE (MadFKS)   -2.8081261272037122E-013
 SINGLE POLE (MadLoop)  -4.8067729519559443E-013
 DOUBLE POLE (MadLoop)  -2.8081261272037243E-013
 FINITE PART (MadLoop)   1.7386564906330824E-013
   325.00000000000000        0.0000000000000000        0.0000000000000000        325.00000000000000        0.0000000000000000     
   325.00000000000000        0.0000000000000000        0.0000000000000000       -325.00000000000000        0.0000000000000000     
   63.850732957568887        19.200448489856491       -5.7416069267846721        60.598144343745687        1.7769999999999999     
   165.38908073256013        132.52139394223164       -28.180779409114354       -94.838357830911249        1.7769999999999999     
   200.08703395437323       -103.74070368667765       -54.386949412116898       -162.21820886970519        0.0000000000000000     
   220.67315235549782       -47.981138745410504        88.309335748015926        196.45842235687073        0.0000000000000000     

 PASSED   1.0000000000000001E-005
 MU_R    =    325.00000000000000     
 ALPHA_S =   0.11799999999999999     
 BORN                    5.7540766991939391E-013
 SINGLE POLE (MadFKS)   -7.9080885409054799E-014
 DOUBLE POLE (MadFKS)   -6.1235807923695476E-014
 SINGLE POLE (MadLoop)  -7.9080885409055695E-014
 DOUBLE POLE (MadLoop)  -6.1235807923694958E-014
 FINITE PART (MadLoop)  -7.0992996305670846E-015
   325.00000000000000        0.0000000000000000        0.0000000000000000        325.00000000000000        0.0000000000000000     
   325.00000000000000        0.0000000000000000        0.0000000000000000       -325.00000000000000        0.0000000000000000     
   268.09337822920571       -251.71418133735884        74.882603774265931        53.883840685288121        1.7769999999999999     
   133.33685855993139        87.408487030288043        42.010939286967350       -91.489876472393647        1.7769999999999999     
   157.81936978380710        86.139848294149175       -132.10548324614820       -5.9178806274439051        0.0000000000000000     
   90.750393427058441        78.165846012921634        15.211940184914809        43.523916414549461        0.0000000000000000     

 PASSED   1.0000000000000001E-005
 MU_R    =    325.00000000000000     
 ALPHA_S =   0.11799999999999999     
 BORN                    1.3726648637865911E-013
 SINGLE POLE (MadFKS)   -1.9764033280207586E-014
 DOUBLE POLE (MadFKS)   -1.4608119831669318E-014
 SINGLE POLE (MadLoop)  -1.9764033280230280E-014
 DOUBLE POLE (MadLoop)  -1.4608119831669236E-014
 FINITE PART (MadLoop)   2.4908197857939998E-014
   325.00000000000000        0.0000000000000000        0.0000000000000000        325.00000000000000        0.0000000000000000     
   325.00000000000000        0.0000000000000000        0.0000000000000000       -325.00000000000000        0.0000000000000000     
   186.68144456988213       -99.615667398030951       -84.979960172564759        133.04859712004551        1.7769999999999999     
   198.70046417598826       -87.628396167199767       -33.349133358845734       -175.17938298821412        1.7769999999999999     
   240.55033030960286        207.88111386257415        109.74213974054031        51.054546090257965        0.0000000000000000     
   24.067760944528420       -20.637050297343453        8.5869537908702078       -8.9237602220893386        0.0000000000000000     

 PASSED   1.0000000000000001E-005
 MU_R    =    325.00000000000000     
 ALPHA_S =   0.11799999999999999     
 BORN                    9.4553742272390163E-013
 SINGLE POLE (MadFKS)   -6.8767342301918266E-014
 DOUBLE POLE (MadFKS)   -1.0062561037932972E-013
 SINGLE POLE (MadLoop)  -6.8767342301453242E-014
 DOUBLE POLE (MadLoop)  -1.0062561037933003E-013
 FINITE PART (MadLoop)   6.1983636038644497E-014
   325.00000000000000        0.0000000000000000        0.0000000000000000        325.00000000000000        0.0000000000000000     
   325.00000000000000        0.0000000000000000        0.0000000000000000       -325.00000000000000        0.0000000000000000     
   197.52260984243827        52.384997492708486       -168.15591595008038       -89.394762926284002        1.7769999999999999     
   83.517173243220853        19.920071230254614        53.595056434928267       -60.849989198492032        1.7769999999999999     
   212.78111948249270        82.978267824888263        130.70677089251205        145.96626980181517        0.0000000000000000     
   156.17909743184816       -155.28333654785135       -16.145911377359926        4.2784823229608646        0.0000000000000000     

 PASSED   1.0000000000000001E-005
 MU_R    =    325.00000000000000     
 ALPHA_S =   0.11799999999999999     
 BORN                    1.1174210792515387E-013
 SINGLE POLE (MadFKS)   -4.8188832989160098E-015
 DOUBLE POLE (MadFKS)   -1.1891774502853120E-014
 SINGLE POLE (MadLoop)  -4.8188832990462444E-015
 DOUBLE POLE (MadLoop)  -1.1891774502853253E-014
Thanks for using LHAPDF 6.2.1. Please make sure to cite the paper:
  Eur.Phys.J. C75 (2015) 3, 132  (http://arxiv.org/abs/1412.7420)
 FINITE PART (MadLoop)  -5.5139100164843811E-014
   325.00000000000000        0.0000000000000000        0.0000000000000000        325.00000000000000        0.0000000000000000     
   325.00000000000000        0.0000000000000000        0.0000000000000000       -325.00000000000000        0.0000000000000000     
   109.62395671816984        95.437007060438134        32.509877591581422        43.001624386451304        1.7769999999999999     
   153.54294120529809        47.975224215638221        85.995073375095629       -117.79432194144503        1.7769999999999999     
   275.31186573085409       -126.01868427695852       -179.25672452757962        166.68215662437157        0.0000000000000000     
   111.52123634567796       -17.393546999117813        60.751773560902521       -91.889459069377850        0.0000000000000000     

 PASSED   1.0000000000000001E-005
 MU_R    =    325.00000000000000     
 ALPHA_S =   0.11799999999999999     
 BORN                    7.4155359960933942E-011
 SINGLE POLE (MadFKS)   -2.2239512528342782E-012
 DOUBLE POLE (MadFKS)   -7.8917324472167195E-012
 SINGLE POLE (MadLoop)  -2.2239512528369746E-012
 DOUBLE POLE (MadLoop)  -7.8917324472178908E-012
 FINITE PART (MadLoop)   6.9219412855458959E-012
   325.00000000000000        0.0000000000000000        0.0000000000000000        325.00000000000000        0.0000000000000000     
   325.00000000000000        0.0000000000000000        0.0000000000000000       -325.00000000000000        0.0000000000000000     
   36.418722639516247       -28.084130609906609        7.8077599068852432       -21.759736276346615        1.7769999999999999     
   240.53940209458179       -27.218796932501110        124.28853691925245        204.12629158204436        1.7769999999999999     
   141.91359820644891       -106.55897023340940        6.8959566827561698       -93.472461185775614        0.0000000000000000     
   231.12827705945304        161.86189777581711       -138.99225350889390       -88.894094119922158        0.0000000000000000     

 PASSED   1.0000000000000001E-005
 MU_R    =    325.00000000000000     
 ALPHA_S =   0.11799999999999999     
 BORN                    3.5059409559092224E-011
 SINGLE POLE (MadFKS)   -9.9648113961262444E-012
 DOUBLE POLE (MadFKS)   -3.7310786454749411E-012
 SINGLE POLE (MadLoop)  -9.9648113961249810E-012
 DOUBLE POLE (MadLoop)  -3.7310786454744508E-012
 FINITE PART (MadLoop)  -3.9033442183097251E-012
   325.00000000000000        0.0000000000000000        0.0000000000000000        325.00000000000000        0.0000000000000000     
   325.00000000000000        0.0000000000000000        0.0000000000000000       -325.00000000000000        0.0000000000000000     
   199.59634450704178       -10.062025445147082        116.95097363929207       -161.42109038268987        1.7769999999999999     
   135.70778422404456        55.876606582519585       -100.67338207904810        71.806127507254999        1.7769999999999999     
   127.16711743946038       -75.980044163991820       -39.509903311089950       -94.007851730840500        0.0000000000000000     
   187.52875382945783        30.165463026619339        23.232311750845984        183.62281460627537        0.0000000000000000     

 PASSED   1.0000000000000001E-005
 MU_R    =    325.00000000000000     
 ALPHA_S =   0.11799999999999999     
 BORN                    9.6014206768210192E-013
 SINGLE POLE (MadFKS)   -6.7338617623490185E-014
 DOUBLE POLE (MadFKS)   -1.0217986014033726E-013
 SINGLE POLE (MadLoop)  -6.7338617622596526E-014
 DOUBLE POLE (MadLoop)  -1.0217986014033439E-013
 FINITE PART (MadLoop)   9.9708748043722177E-014
   325.00000000000000        0.0000000000000000        0.0000000000000000        325.00000000000000        0.0000000000000000     
   325.00000000000000        0.0000000000000000        0.0000000000000000       -325.00000000000000        0.0000000000000000     
   200.12801227942020        113.76635141117423        29.317027122136874       -162.00553316853370        1.7769999999999999     
   159.71516646511466       -2.8082209897251729        153.98229881765116        42.276970275597456        1.7769999999999999     
   116.25135352063572       -8.3991875941812246       -43.385654169142214        107.52448956146303        0.0000000000000000     
   173.90546773483220       -102.55894282726783       -139.91367177064583        12.204073331473213        0.0000000000000000     

 NUMBER OF POINTS PASSING THE CHECK          20
 NUMBER OF POINTS FAILING THE CHECK           0
 TOLERANCE    1.0000000000000001E-005
