==== LHAPDF6 USING DEFAULT-TYPE LHAGLUE INTERFACE ====
LHAPDF 6.2.1 loading /cvmfs/cms.cern.ch/slc6_amd64_gcc481/external/lhapdf/6.2.1/share/LHAPDF/NNPDF31_nnlo_as_0118_nf_4/NNPDF31_nnlo_as_0118_nf_4_0000.dat
NNPDF31_nnlo_as_0118_nf_4 PDF set, member #0, version 1; LHAPDF ID = 320900
 A PDF is used, so alpha_s(MZ) is going to be modified
 Old value of alpha_s from param_card:   0.11799999999999999     
 New value of alpha_s from PDF lhapdf :  0.11800240511781991     
 using LHAPDF
WARNING: the value of maxjetflavorspecified in the run_card (  4) is inconsistent with the number of light flavours inthe model. Hence it will be set to:  5
 *****************************************************
 *               MadGraph/MadEvent                   *
 *        --------------------------------           *
 *          http://madgraph.hep.uiuc.edu             *
 *          http://madgraph.phys.ucl.ac.be           *
 *          http://madgraph.roma2.infn.it            *
 *        --------------------------------           *
 *                                                   *
 *          PARAMETER AND COUPLING VALUES            *
 *                                                   *
 *****************************************************

  External Params
  ---------------------------------
  
 MU_R =    91.188000000000002     
 aEWM1 =    132.50700000000001     
 mdl_Gf =    1.1663900000000000E-005
 aS =   0.11799999999999999     
 mdl_ymt =    173.00000000000000     
 mdl_ymtau =    1.7769999999999999     
 mdl_MT =    173.00000000000000     
 mdl_MZ =    91.188000000000002     
 mdl_MH =    125.00000000000000     
 mdl_MTA =    1.7769999999999999     
 mdl_WT =    1.4915000000000000     
 mdl_WZ =    2.4414039999999999     
 mdl_WW =    2.0476000000000001     
 mdl_WH =    6.3823389999999999E-003
  Internal Params
  ---------------------------------
  
 mdl_conjg__CKM3x3 =    1.0000000000000000     
 mdl_CKM22 =    1.0000000000000000     
 mdl_I4x33 =    0.0000000000000000     
 mdl_I1x33 =    0.0000000000000000     
 mdl_lhv =    1.0000000000000000     
 mdl_CKM3x3 =    1.0000000000000000     
 mdl_conjg__CKM22 =    1.0000000000000000     
 mdl_conjg__CKM33 =    1.0000000000000000     
 mdl_Ncol =    3.0000000000000000     
 mdl_CA =    3.0000000000000000     
 mdl_TF =   0.50000000000000000     
 mdl_CF =    1.3333333333333333     
 mdl_complexi =  (  0.0000000000000000     ,  1.0000000000000000     )
 mdl_MZ__exp__2 =    8315.2513440000002     
 mdl_MZ__exp__4 =    69143404.913893804     
 mdl_sqrt__2 =    1.4142135623730951     
 mdl_MH__exp__2 =    15625.000000000000     
 mdl_Ncol__exp__2 =    9.0000000000000000     
 mdl_MT__exp__2 =    29929.000000000000     
 mdl_aEW =    7.5467711139788835E-003
 mdl_MW =    80.419002445756163     
 mdl_sqrt__aEW =    8.6872153846781555E-002
 mdl_ee =   0.30795376724436879     
 mdl_MW__exp__2 =    6467.2159543705357     
 mdl_sw2 =   0.22224648578577766     
 mdl_cw =   0.88190334743339216     
 mdl_sqrt__sw2 =   0.47143025548407230     
 mdl_sw =   0.47143025548407230     
 mdl_g1 =   0.34919219678733299     
 mdl_gw =   0.65323293034757990     
 mdl_v =    246.21845810181637     
 mdl_v__exp__2 =    60623.529110035903     
 mdl_lam =   0.12886910601690263     
 mdl_yt =   0.99366614581500623     
 mdl_ytau =    1.0206617000654717E-002
 mdl_muH =    88.388347648318430     
 mdl_AxialZUp =  -0.18517701861793787     
 mdl_AxialZDown =   0.18517701861793787     
 mdl_VectorZUp =    7.5430507588273299E-002
 mdl_VectorZDown =  -0.13030376310310560     
 mdl_VectorAUp =   0.20530251149624587     
 mdl_VectorADown =  -0.10265125574812294     
 mdl_VectorWmDxU =   0.23095271737156670     
 mdl_AxialWmDxU =  -0.23095271737156670     
 mdl_VectorWpUxD =   0.23095271737156670     
 mdl_AxialWpUxD =  -0.23095271737156670     
 mdl_I2x33 =  ( 0.99366614581500623     ,  0.0000000000000000     )
 mdl_I3x33 =  ( 0.99366614581500623     ,  0.0000000000000000     )
 mdl_Vector_tbGp =  (-0.99366614581500623     ,  0.0000000000000000     )
 mdl_Axial_tbGp =  (-0.99366614581500623     , -0.0000000000000000     )
 mdl_Vector_tbGm =  ( 0.99366614581500623     ,  0.0000000000000000     )
 mdl_Axial_tbGm =  (-0.99366614581500623     ,  0.0000000000000000     )
 mdl_gw__exp__2 =   0.42671326129048615     
 mdl_cw__exp__2 =   0.77775351421422245     
 mdl_ee__exp__2 =    9.4835522759998875E-002
 mdl_sw__exp__2 =   0.22224648578577769     
 mdl_yt__exp__2 =   0.98737240933884918     
  Internal Params evaluated point by point
  ----------------------------------------
  
 mdl_sqrt__aS =   0.34351128074635334     
 mdl_G__exp__4 =    2.1987899468922913     
 mdl_G__exp__2 =    1.4828317324943823     
 mdl_R2MixedFactor_FIN_ =   -2.5040377713124864E-002
 mdl_G_UVg_1EPS_ =   -5.1645779033320030E-002
 mdl_G_UVq_1EPS_ =    3.1300472141406080E-003
 mdl_GWcft_UV_t_1EPS_ =   -3.1300472141406080E-003
 mdl_tWcft_UV_1EPS_ =   -1.8780283284843650E-002
 mdl_G__exp__3 =    1.8056676068262196     
 mdl_MU_R__exp__2 =    8315.2513440000002     
 mdl_G_UVt_FIN_ =   -4.0087659331150384E-003
 mdl_GWcft_UV_t_FIN_ =    4.0087659331150384E-003
 mdl_tWcft_UV_FIN_ =   -9.8778211443463623E-004
  Couplings of loop_sm-no_b_mass
  ---------------------------------
  
      UV_GQQt =   0.00000E+00  -0.48815E-02
   UVWfct_G_2 =   0.40088E-02   0.00000E+00
       R2_DDA =   0.00000E+00   0.25704E-02
       R2_UUA =  -0.00000E+00  -0.51409E-02
    R2_DDZ_V2 =   0.00000E+00   0.72127E-02
    R2_UUZ_V2 =  -0.00000E+00  -0.72127E-02
    R2_UUZ_V5 =   0.00000E+00   0.68702E-03
      R2_GGHt =   0.00000E+00  -0.45657E+01
     R2_GGZup =  -0.46369E-02   0.00000E+00
   R2_GGZdown =   0.46369E-02   0.00000E+00
    R2_GGZAup =   0.00000E+00   0.19389E-03
  R2_GGZAdown =   0.00000E+00   0.16747E-03
  R2_GGAAdown =   0.00000E+00   0.13193E-03
    R2_GGAAup =   0.00000E+00   0.52771E-03
         GC_4 =  -0.12177E+01   0.00000E+00
         GC_5 =   0.00000E+00   0.12177E+01
       R2_GQQ =  -0.00000E+00  -0.30492E-01
       R2_QQq =   0.00000E+00   0.12520E-01
 UV_GQQg_1eps =   0.00000E+00  -0.62890E-01
 UV_GQQq_1eps =   0.00000E+00   0.38115E-02
 UVWfct_G_2_1eps -0.31300E-02   0.00000E+00
         GC_1 =  -0.00000E+00  -0.10265E+00
         GC_2 =   0.00000E+00   0.20530E+00
        GC_21 =  -0.00000E+00  -0.28804E+00
        GC_22 =   0.00000E+00   0.28804E+00
        GC_23 =  -0.00000E+00  -0.27437E-01
        GC_24 =   0.00000E+00   0.82310E-01
        GC_37 =  -0.00000E+00  -0.70263E+00
        GC_38 =  -0.00000E+00  -0.72172E-02
      GC_1003 =  -0.00000E+00  -0.30795E+00

 Collider parameters:
 --------------------

 Running at P P   machine @    13000.000000000000       GeV
 PDF set = lhapdf 
 alpha_s(Mz)= 0.1180 running at 3 loops.
 alpha_s(Mz)= 0.1180 running at 3 loops.
 Renormalization scale set on event-by-event basis
 Factorization   scale set on event-by-event basis


 ===============================================================
 INFO: MadFKS read these parameters from FKS_params.dat
 ===============================================================
  > IRPoleCheckThreshold      =    1.0000000000000001E-005
  > PrecisionVirtualAtRunTime =    1.0000000000000000E-003
  > NHelForMCoverHels         =            4
  > VirtualFraction           =    1.0000000000000000     
  > MinVirtualFraction        =    5.0000000000000001E-003
 ===============================================================
  Insert the number of points to test
 Insert the relative tolerance
  A negative number will mean use the default one:    1.0000000000000001E-005
Using random seed offsets:     1 ,     14 ,      0
  with seed                   32
 Ranmar initialization seeds       10730        9420
  ========================================================================================== 
 {                                                                                          }
 {       [32m                                                                            [0m       }
 {       [32m                               ,,                                           [0m       }
 {       [32m`7MMM.     ,MMF'             `7MM  `7MMF'                                   [0m       }
 {       [32m  MMMb    dPMM                 MM    MM                                     [0m       }
 {       [32m  M YM   ,M MM   ,6"Yb.   ,M""bMM    MM         ,pW"Wq.   ,pW"Wq.`7MMpdMAo. [0m       }
 {       [32m  M  Mb  M' MM  8)   MM ,AP    MM    MM        6W'   `Wb 6W'   `Wb MM   `Wb [0m       }
 {       [32m  M  YM.P'  MM   ,pm9MM 8MI    MM    MM      , 8M     M8 8M     M8 MM    M8 [0m       }
 {       [32m  M  `YM'   MM  8M   MM `Mb    MM    MM     ,M YA.   ,A9 YA.   ,A9 MM   ,AP [0m       }
 {       [32m.JML. `'  .JMML.`Moo9^Yo.`Wbmd"MML..JMMmmmmMMM  `Ybmd9'   `Ybmd9'  MMbmmd'  [0m       }
 {       [32m                                                                   MM       [0m       }
 {       [32m                                                                 .JMML.     [0m       }
 {       [32m[0mv2.6.0 (2017-08-16), Ref: arXiv:1103.0621v2, arXiv:1405.0301[32m                [0m       }
 {       [32m                                                                            [0m       }
 {                                                                                          }
  ========================================================================================== 
 ===============================================================
 INFO: MadLoop read these parameters from ./MadLoop5_resources/MadLoopParams.dat                                                                                                                                                                                                                                                                                                                                                                                                                                                                                          
 ===============================================================
  > MLReductionLib            = 6|7|1
  > CTModeRun                 =           -1
  > MLStabThres               =    1.0000000000000000E-003
  > NRotations_DP             =            0
  > NRotations_QP             =            0
  > CTStabThres               =    1.0000000000000000E-002
  > CTLoopLibrary             =            2
  > CTModeInit                =            1
  > CheckCycle                =            3
  > MaxAttempts               =           10
  > UseLoopFilter             =  F
  > HelicityFilterLevel       =            2
  > ImprovePSPoint            =            2
  > DoubleCheckHelicityFilter =  T
  > LoopInitStartOver         =  F
  > HelInitStartOver          =  F
  > ZeroThres                 =    1.0000000000000001E-009
  > OSThres                   =    1.0000000000000000E-008
  > WriteOutFilters           =  T
  > UseQPIntegrandForNinja    =  T
  > UseQPIntegrandForCutTools =  T
  > IREGIMODE                 =            2
  > IREGIRECY                 =  T
  > COLLIERMode               =            1
  > COLLIERRequiredAccuracy   =    1.0000000000000000E-008
  > COLLIERCanOutput          =  F
  > COLLIERComputeUVpoles     =  T
  > COLLIERComputeIRpoles     =  T
  > COLLIERGlobalCache        =           -1
  > COLLIERUseCacheForPoles   =  F
  > COLLIERUseInternalStabilityTest =  T
 ===============================================================
  
------------------------------------------------------------------------
|              You are using CutTools - Version 1.9.3                  |
|              Authors: G. Ossola, C. Papadopoulos, R. Pittau          |
|              Published in JHEP 0803:042,2008                         |
|              http://www.ugr.es/~pittau/CutTools                      |
|                                                                      |
|              Compiler with  34  significant digits detetected        |
 ---------------------------------------------------------------------- 
   
########################################################################
#                                                                      #
#                      You are using OneLOop-3.6                       #
#                                                                      #
# for the evaluation of 1-loop scalar 1-, 2-, 3- and 4-point functions #
#                                                                      #
# author: Andreas van Hameren <hamerenREMOVETHIS@ifj.edu.pl>           #
#   date: 18-02-2015                                                   #
#                                                                      #
# Please cite                                                          #
#    A. van Hameren,                                                   #
#      Comput.Phys.Commun. 182 (2011) 2427-2438, arXiv:1007.4716       #
#    A. van Hameren, C.G. Papadopoulos and R. Pittau,                  #
#      JHEP 0909:106,2009, arXiv:0903.4665                             #
# in publications with results obtained with the help of this program. #
#                                                                      #
########################################################################
 PASSED   1.0000000000000001E-005
 MU_R    =    325.00000000000000     
 ALPHA_S =   0.11799999999999999     
 BORN                    6.7176047970383589E-012
 SINGLE POLE (MadFKS)   -7.3217117754500813E-013
 DOUBLE POLE (MadFKS)   -7.1489828614269500E-013
 SINGLE POLE (MadLoop)  -7.3217117754513001E-013
 DOUBLE POLE (MadLoop)  -7.1489828614268722E-013
 FINITE PART (MadLoop)   1.2248213867752408E-012
   325.00000000000000        0.0000000000000000        0.0000000000000000        325.00000000000000        0.0000000000000000     
   325.00000000000000        0.0000000000000000        0.0000000000000000       -325.00000000000000        0.0000000000000000     
   160.04164409181263       -81.384394428694208        137.04759219424733        14.307617965420627        1.7769999999999999     
   203.85826590742639        114.50598605994389       -25.521077872988275       -166.70959357644588        1.7769999999999999     
   119.44414488210190        90.185631839671586       -35.982705909942744        69.560767906157650        0.0000000000000000     
   166.65594511866169       -123.30722347092130       -75.543808411316320        82.841207704867585        0.0000000000000000     

 PASSED   1.0000000000000001E-005
 MU_R    =    325.00000000000000     
 ALPHA_S =   0.11799999999999999     
 BORN                    1.6617431709877053E-012
 SINGLE POLE (MadFKS)   -4.7395861179703107E-014
 DOUBLE POLE (MadFKS)   -1.7684537582088642E-013
 SINGLE POLE (MadLoop)  -4.7395861179672575E-014
 DOUBLE POLE (MadLoop)  -1.7684537582088685E-013
 FINITE PART (MadLoop)   4.6691056308007615E-013
   325.00000000000000        0.0000000000000000        0.0000000000000000        325.00000000000000        0.0000000000000000     
   325.00000000000000        0.0000000000000000        0.0000000000000000       -325.00000000000000        0.0000000000000000     
   59.074358455069557       -48.956307021407675        9.3821958035524983E-002   33.013532045873347        1.7769999999999999     
   115.18877240518772        50.727206083290604       -7.1177910387288028       -103.15708009112365        1.7769999999999999     
   257.69900346647034        190.19967692355442        17.659308649939977        172.97690049192573        0.0000000000000000     
   218.03786567327236       -191.97057598543742       -10.635339569246726       -102.83335244667551        0.0000000000000000     

 PASSED   1.0000000000000001E-005
 MU_R    =    325.00000000000000     
 ALPHA_S =   0.11799999999999999     
 BORN                    9.6500418782823199E-012
 SINGLE POLE (MadFKS)   -2.0735925265103535E-012
 DOUBLE POLE (MadFKS)   -1.0269729477135644E-012
 SINGLE POLE (MadLoop)  -2.0735925265083106E-012
 DOUBLE POLE (MadLoop)  -1.0269729477135749E-012
 FINITE PART (MadLoop)  -5.5685074653393898E-013
   325.00000000000000        0.0000000000000000        0.0000000000000000        325.00000000000000        0.0000000000000000     
   325.00000000000000        0.0000000000000000        0.0000000000000000       -325.00000000000000        0.0000000000000000     
   157.40556800886262        38.762903770097132        54.774739927892654       -142.37457732451600        1.7769999999999999     
   121.93354903839031       -58.187114750370590        99.969903582434583       -38.534539141443794        1.7769999999999999     
   200.15346260034582       -31.599076757951373       -196.23016243324983        23.593013592450394        0.0000000000000000     
   170.50742035240120        51.023287738224759        41.485518922922502        157.31610287350941        0.0000000000000000     

 PASSED   1.0000000000000001E-005
 MU_R    =    325.00000000000000     
 ALPHA_S =   0.11799999999999999     
 BORN                    2.2399615530241507E-010
 SINGLE POLE (MadFKS)   -7.7165272232747303E-012
 DOUBLE POLE (MadFKS)   -2.3838030424006066E-011
 SINGLE POLE (MadLoop)  -7.7165272232638929E-012
 DOUBLE POLE (MadLoop)  -2.3838030424015999E-011
 FINITE PART (MadLoop)   1.4808963217601057E-011
   325.00000000000000        0.0000000000000000        0.0000000000000000        325.00000000000000        0.0000000000000000     
   325.00000000000000        0.0000000000000000        0.0000000000000000       -325.00000000000000        0.0000000000000000     
   49.289416244269731       -32.913395126610972       -29.900370243287004       -21.188796691997840        1.7769999999999999     
   196.72311247247882        24.837736647437623       -194.41355457773739       -16.830979963779946        1.7769999999999999     
   169.23074867749469       -125.85331866237088        43.335956412317032        104.50829326633767        0.0000000000000000     
   234.75672260575672        133.92897714154429        180.97796840870731       -66.488516610559941        0.0000000000000000     

 PASSED   1.0000000000000001E-005
 MU_R    =    325.00000000000000     
 ALPHA_S =   0.11799999999999999     
 BORN                    4.5085697428788976E-013
 SINGLE POLE (MadFKS)   -1.2809923759556135E-014
 DOUBLE POLE (MadFKS)   -4.7980922955752892E-014
 SINGLE POLE (MadLoop)  -1.2809923759604212E-014
 DOUBLE POLE (MadLoop)  -4.7980922955753769E-014
 FINITE PART (MadLoop)   5.4437505562067466E-014
   325.00000000000000        0.0000000000000000        0.0000000000000000        325.00000000000000        0.0000000000000000     
   325.00000000000000        0.0000000000000000        0.0000000000000000       -325.00000000000000        0.0000000000000000     
   157.83365933260819        108.50562225307851        27.092553206542910        111.35901305931500        1.7769999999999999     
   72.185305633590076       -34.718426471345055       -42.719624347510624        46.660745593873592        1.7769999999999999     
   196.79780755057490       -48.127442491625885       -181.96287993677834       -57.468571071864901        0.0000000000000000     
   223.18322748322683       -25.659753290107545        197.58995107774604       -100.55118758132376        0.0000000000000000     

 PASSED   1.0000000000000001E-005
 MU_R    =    325.00000000000000     
 ALPHA_S =   0.11799999999999999     
 BORN                    1.7361922660313207E-010
 SINGLE POLE (MadFKS)    7.0044310249428757E-012
 DOUBLE POLE (MadFKS)   -1.8476836802712936E-011
 SINGLE POLE (MadLoop)   7.0044310255118370E-012
 DOUBLE POLE (MadLoop)  -1.8476836802636706E-011
 FINITE PART (MadLoop)   1.1878340412956893E-010
   325.00000000000000        0.0000000000000000        0.0000000000000000        325.00000000000000        0.0000000000000000     
   325.00000000000000        0.0000000000000000        0.0000000000000000       -325.00000000000000        0.0000000000000000     
   157.16166806850305        33.012243116502489       -2.1242650430068136E-002   153.64512206458451        1.7769999999999999     
   81.844713839278484       -78.922795500997395       -12.859460086137684        17.355866185073058        1.7769999999999999     
   124.43532903729779        47.016799125182722       -1.3109715578139458        115.20352887918577        0.0000000000000000     
   286.55828905492069       -1.1062467406878242        14.191674294381702       -286.20451712884335        0.0000000000000000     

 PASSED   1.0000000000000001E-005
 MU_R    =    325.00000000000000     
 ALPHA_S =   0.11799999999999999     
 BORN                    3.6820224585948661E-012
 SINGLE POLE (MadFKS)   -2.1914478777601418E-013
 DOUBLE POLE (MadFKS)   -3.9184674072355246E-013
 SINGLE POLE (MadLoop)  -2.1914478778042703E-013
 DOUBLE POLE (MadLoop)  -3.9184674072356942E-013
 FINITE PART (MadLoop)   2.6522543681217364E-013
   325.00000000000000        0.0000000000000000        0.0000000000000000        325.00000000000000        0.0000000000000000     
   325.00000000000000        0.0000000000000000        0.0000000000000000       -325.00000000000000        0.0000000000000000     
   208.26867827714034       -144.08852064369913       -150.36864641227959      -0.67306549171140606        1.7769999999999999     
   110.16007577751266        54.493111734527659       -94.431234931250373        15.662924667973686        1.7769999999999999     
   117.29939297452437        108.95575667296740        31.898393760746224       -29.500561952230676        0.0000000000000000     
   214.27185297082264       -19.360347763795922        212.90148758278372        14.510702775968459        0.0000000000000000     

 PASSED   1.0000000000000001E-005
 MU_R    =    325.00000000000000     
 ALPHA_S =   0.11799999999999999     
 BORN                    7.2591108962493966E-013
 SINGLE POLE (MadFKS)   -1.0021923086048335E-013
 DOUBLE POLE (MadFKS)   -7.7252623449006728E-014
 SINGLE POLE (MadLoop)  -1.0021923086048238E-013
 DOUBLE POLE (MadLoop)  -7.7252623449007271E-014
 FINITE PART (MadLoop)   8.8136694255102312E-014
   325.00000000000000        0.0000000000000000        0.0000000000000000        325.00000000000000        0.0000000000000000     
   325.00000000000000        0.0000000000000000        0.0000000000000000       -325.00000000000000        0.0000000000000000     
   287.57378648192002        225.01894639673912        176.90597284003005       -27.681681281542978        1.7769999999999999     
   95.815085978566486       -89.617677179981470       -11.491950223101650        31.843052444991354        1.7769999999999999     
   223.94383784141945       -106.60244243365464       -196.86499932594890       -5.5618175731908428        0.0000000000000000     
   42.667289698094045       -28.798826783103063        31.450976709020456        1.4004464097424831        0.0000000000000000     

 PASSED   1.0000000000000001E-005
 MU_R    =    325.00000000000000     
 ALPHA_S =   0.11799999999999999     
 BORN                    5.5156287803506101E-010
 SINGLE POLE (MadFKS)   -1.8163125535805928E-011
 DOUBLE POLE (MadFKS)   -5.8698206893778630E-011
 SINGLE POLE (MadLoop)  -1.8163125535726347E-011
 DOUBLE POLE (MadLoop)  -5.8698206893776975E-011
 FINITE PART (MadLoop)   6.2264483299676611E-011
   325.00000000000000        0.0000000000000000        0.0000000000000000        325.00000000000000        0.0000000000000000     
   325.00000000000000        0.0000000000000000        0.0000000000000000       -325.00000000000000        0.0000000000000000     
   16.623976959078817        13.105504695024841        6.1802057951275167        7.9529669906606273        1.7769999999999999     
   282.28656070517428        279.58942234341595       -6.0248157526433870        38.418760190533945        1.7769999999999999     
   41.591423755730148        14.960783014523717       -27.805283263437929       -27.071899162434644        0.0000000000000000     
   309.49803858001673       -307.65571005296442        27.649893220953874       -19.299828018759943        0.0000000000000000     

 PASSED   1.0000000000000001E-005
 MU_R    =    325.00000000000000     
 ALPHA_S =   0.11799999999999999     
 BORN                    7.1570316445883340E-012
 SINGLE POLE (MadFKS)   -9.7903038279990174E-014
 DOUBLE POLE (MadFKS)   -7.6166279666243620E-013
 SINGLE POLE (MadLoop)  -9.7903038279401924E-014
 DOUBLE POLE (MadLoop)  -7.6166279666244357E-013
 FINITE PART (MadLoop)   6.2177808295471403E-013
   325.00000000000000        0.0000000000000000        0.0000000000000000        325.00000000000000        0.0000000000000000     
   325.00000000000000        0.0000000000000000        0.0000000000000000       -325.00000000000000        0.0000000000000000     
   165.67427260123924        105.53357984560218        124.81405766536061        26.998544535394487        1.7769999999999999     
   121.98792782857322       -88.406692775526921        65.140562558875175        53.092942929508624        1.7769999999999999     
   88.453586423636807        47.384110451497797        31.366954417384946        67.785671041170190        0.0000000000000000     
   273.88421314655068       -64.510997521573074       -221.32157464162066       -147.87715850607330        0.0000000000000000     

 PASSED   1.0000000000000001E-005
 MU_R    =    325.00000000000000     
 ALPHA_S =   0.11799999999999999     
 BORN                    1.1227613605834729E-011
 SINGLE POLE (MadFKS)   -1.2231158085177006E-012
 DOUBLE POLE (MadFKS)   -1.1948606634052662E-012
 SINGLE POLE (MadLoop)  -1.2231158085194011E-012
 DOUBLE POLE (MadLoop)  -1.1948606634052250E-012
 FINITE PART (MadLoop)   8.7805053804731981E-013
   325.00000000000000        0.0000000000000000        0.0000000000000000        325.00000000000000        0.0000000000000000     
   325.00000000000000        0.0000000000000000        0.0000000000000000       -325.00000000000000        0.0000000000000000     
   203.87618659036582        105.68813925699507        161.04062287886296        66.770328236511787        1.7769999999999999     
   149.33587195796613       -115.23120794305953       -89.586731258955211       -31.528260699968328        1.7769999999999999     
   169.05400903122035       -104.58157327400517       -104.22862592767176       -82.330711391869400        0.0000000000000000     
   127.73393242045100        114.12464196006967        32.774734307763950        47.088643855325934        0.0000000000000000     

 PASSED   1.0000000000000001E-005
 MU_R    =    325.00000000000000     
 ALPHA_S =   0.11799999999999999     
 BORN                    3.5534644960326161E-011
 SINGLE POLE (MadFKS)   -3.3897932918715442E-012
 DOUBLE POLE (MadFKS)   -3.7816539597605127E-012
 SINGLE POLE (MadLoop)  -3.3897932918859399E-012
 DOUBLE POLE (MadLoop)  -3.7816539597605119E-012
 FINITE PART (MadLoop)   3.9819691626112301E-012
   325.00000000000000        0.0000000000000000        0.0000000000000000        325.00000000000000        0.0000000000000000     
   325.00000000000000        0.0000000000000000        0.0000000000000000       -325.00000000000000        0.0000000000000000     
   208.36621467755504        5.9375744181502714        69.213287410574793       -196.43723614911471        1.7769999999999999     
   85.327159737890113        57.521255991674408        62.858355013665907       -4.2069910924104894        1.7769999999999999     
   85.642034820406565        38.206943485593747        63.265546753536675        43.269598930940447        0.0000000000000000     
   270.66459076414822       -101.66577389541845       -195.33718917777739        157.37462831058477        0.0000000000000000     

 PASSED   1.0000000000000001E-005
 MU_R    =    325.00000000000000     
 ALPHA_S =   0.11799999999999999     
 BORN                    9.6193853827417041E-012
 SINGLE POLE (MadFKS)   -3.3447509907574739E-013
 DOUBLE POLE (MadFKS)   -1.0237104342458490E-012
 SINGLE POLE (MadLoop)  -3.3447509907028757E-013
 DOUBLE POLE (MadLoop)  -1.0237104342458559E-012
 FINITE PART (MadLoop)   1.4435695640481911E-012
   325.00000000000000        0.0000000000000000        0.0000000000000000        325.00000000000000        0.0000000000000000     
   325.00000000000000        0.0000000000000000        0.0000000000000000       -325.00000000000000        0.0000000000000000     
   65.436655334646446        53.301291562731009       -32.652318425664980        19.276839771057723        1.7769999999999999     
   115.33996946352448        2.1922103940732405       -48.287029822643461       -104.70772555710499        1.7769999999999999     
   212.56149198405470        151.85449965273457       -61.890355528568300        135.24859593449534        0.0000000000000000     
   256.66188321777440       -207.34800160953881        142.82970377687673       -49.817710148448079        0.0000000000000000     

 PASSED   1.0000000000000001E-005
 MU_R    =    325.00000000000000     
 ALPHA_S =   0.11799999999999999     
 BORN                    3.0971807796384084E-011
 SINGLE POLE (MadFKS)   -2.5922056518471580E-012
 DOUBLE POLE (MadFKS)   -3.2960695041389927E-012
 SINGLE POLE (MadLoop)  -2.5922056518465057E-012
 DOUBLE POLE (MadLoop)  -3.2960695041388323E-012
 FINITE PART (MadLoop)  -4.6604578573488762E-012
   325.00000000000000        0.0000000000000000        0.0000000000000000        325.00000000000000        0.0000000000000000     
   325.00000000000000        0.0000000000000000        0.0000000000000000       -325.00000000000000        0.0000000000000000     
   141.91265909670813        35.879510009224646       -45.752176932746963        129.44282193428515        1.7769999999999999     
   260.74165299139736       -121.28922681677494       -184.81277354862448       -138.26139760301882        1.7769999999999999     
   134.40324589498974        39.728320478791709        127.47868774363393        15.332228481358406        0.0000000000000000     
   112.94244201690699        45.681396328758595        103.08626273773757       -6.5136528126247288        0.0000000000000000     

 PASSED   1.0000000000000001E-005
 MU_R    =    325.00000000000000     
 ALPHA_S =   0.11799999999999999     
 BORN                    6.3193742462183584E-012
 SINGLE POLE (MadFKS)   -4.5638789009070921E-014
 DOUBLE POLE (MadFKS)   -6.7251795165258112E-013
 SINGLE POLE (MadLoop)  -4.5638789008400730E-014
 DOUBLE POLE (MadLoop)  -6.7251795165257143E-013
 FINITE PART (MadLoop)   7.6283573217565304E-013
   325.00000000000000        0.0000000000000000        0.0000000000000000        325.00000000000000        0.0000000000000000     
   325.00000000000000        0.0000000000000000        0.0000000000000000       -325.00000000000000        0.0000000000000000     
   111.10595082845411        39.898676642259019       -74.839023705992972        71.753680835376997        1.7769999999999999     
   119.00807268487137       -85.069508081088998       -42.637090778636320        71.449429108590465        1.7769999999999999     
   145.84190028353274        120.14946185130296       -72.752243001344908        39.256564208135657        0.0000000000000000     
   274.04407620314180       -74.978630412472995        190.22835748597413       -182.45967415210313        0.0000000000000000     

 PASSED   1.0000000000000001E-005
 MU_R    =    325.00000000000000     
 ALPHA_S =   0.11799999999999999     
 BORN                    1.5341913275921980E-010
 SINGLE POLE (MadFKS)   -4.9326851435600412E-012
 DOUBLE POLE (MadFKS)   -1.6327110389021377E-011
 SINGLE POLE (MadLoop)  -4.9326851436231403E-012
 DOUBLE POLE (MadLoop)  -1.6327110389021532E-011
 FINITE PART (MadLoop)   2.0425666997882399E-011
   325.00000000000000        0.0000000000000000        0.0000000000000000        325.00000000000000        0.0000000000000000     
   325.00000000000000        0.0000000000000000        0.0000000000000000       -325.00000000000000        0.0000000000000000     
   282.42563121971563        245.83946104328135       -44.102425826483845        131.82949165882133        1.7769999999999999     
   98.613384054932041       0.14890363268754639        58.246309024830055       -79.553674324054271        1.7769999999999999     
   12.933979301850696        2.1652586814633659       -7.4213541472932887        10.369328717110982        0.0000000000000000     
   256.02700542350163       -248.15362335743228       -6.7225290510529065       -62.645146051878022        0.0000000000000000     

 PASSED   1.0000000000000001E-005
 MU_R    =    325.00000000000000     
 ALPHA_S =   0.11799999999999999     
 BORN                    1.0559377783312742E-010
 SINGLE POLE (MadFKS)   -2.3411598153322345E-011
 DOUBLE POLE (MadFKS)   -1.1237459344663533E-011
 SINGLE POLE (MadLoop)  -2.3411598153321272E-011
 DOUBLE POLE (MadLoop)  -1.1237459344663540E-011
Thanks for using LHAPDF 6.2.1. Please make sure to cite the paper:
  Eur.Phys.J. C75 (2015) 3, 132  (http://arxiv.org/abs/1412.7420)
 FINITE PART (MadLoop)   1.2774484525057792E-011
   325.00000000000000        0.0000000000000000        0.0000000000000000        325.00000000000000        0.0000000000000000     
   325.00000000000000        0.0000000000000000        0.0000000000000000       -325.00000000000000        0.0000000000000000     
   41.714599758594296       -12.614784640683370       -1.1148303549211098       -39.706101115176750        1.7769999999999999     
   130.21992385829611        60.161072597930421       -78.846387129241322        84.368023689030352        1.7769999999999999     
   260.79824333741186        23.133838667966366        70.888606233290488       -249.91069353404194        0.0000000000000000     
   217.26723304569768       -70.680126625213404        9.0726112508719474        205.24877096018832        0.0000000000000000     

 PASSED   1.0000000000000001E-005
 MU_R    =    325.00000000000000     
 ALPHA_S =   0.11799999999999999     
 BORN                    1.8454014235498088E-012
 SINGLE POLE (MadFKS)   -2.4575690449374030E-013
 DOUBLE POLE (MadFKS)   -1.9639058188160848E-013
 SINGLE POLE (MadLoop)  -2.4575690449375135E-013
 DOUBLE POLE (MadLoop)  -1.9639058188160608E-013
 FINITE PART (MadLoop)   6.8122822197162758E-014
   325.00000000000000        0.0000000000000000        0.0000000000000000        325.00000000000000        0.0000000000000000     
   325.00000000000000        0.0000000000000000        0.0000000000000000       -325.00000000000000        0.0000000000000000     
   299.90577825252609       -90.304351415552460       -102.80604036089781       -266.86393589427422        1.7769999999999999     
   156.17436169859857        50.949929190777155       -27.676896320825140        145.00126774778826        1.7769999999999999     
   94.498585445182201       -9.1766772484594963        58.166079741127419        73.908581459576240        0.0000000000000000     
   99.421274603694329        48.531099473234768        72.316856940595457        47.954086686909598        0.0000000000000000     

 PASSED   1.0000000000000001E-005
 MU_R    =    325.00000000000000     
 ALPHA_S =   0.11799999999999999     
 BORN                    1.6417507354512940E-011
 SINGLE POLE (MadFKS)   -5.3359205143868047E-013
 DOUBLE POLE (MadFKS)   -1.7471774873762896E-012
 SINGLE POLE (MadLoop)  -5.3359205143902196E-013
 DOUBLE POLE (MadLoop)  -1.7471774873763070E-012
 FINITE PART (MadLoop)   1.7936959072675715E-012
   325.00000000000000        0.0000000000000000        0.0000000000000000        325.00000000000000        0.0000000000000000     
   325.00000000000000        0.0000000000000000        0.0000000000000000       -325.00000000000000        0.0000000000000000     
   132.43644676021523        70.927943225775820        26.592158025338943       -108.62015790260959        1.7769999999999999     
   32.495784987607657       -14.081421052585597       -29.107327124059221        2.7010001469146294        1.7769999999999999     
   285.86057825458300       -113.00125782932196        167.71887478429150        202.03307890077511        0.0000000000000000     
   199.20718999759407        56.154735656131727       -165.20370568557124       -96.113921145080184        0.0000000000000000     

 PASSED   1.0000000000000001E-005
 MU_R    =    325.00000000000000     
 ALPHA_S =   0.11799999999999999     
 BORN                    1.0596896477538741E-012
 SINGLE POLE (MadFKS)   -5.3270399253150861E-014
 DOUBLE POLE (MadFKS)   -1.1277387341339231E-013
 SINGLE POLE (MadLoop)  -5.3270399253292035E-014
 DOUBLE POLE (MadLoop)  -1.1277387341339534E-013
 FINITE PART (MadLoop)   9.4106735133536378E-013
   325.00000000000000        0.0000000000000000        0.0000000000000000        325.00000000000000        0.0000000000000000     
   325.00000000000000        0.0000000000000000        0.0000000000000000       -325.00000000000000        0.0000000000000000     
   145.17334754455717       -113.12924822747041       -90.787882629898760       -5.6104074147865406        1.7769999999999999     
   150.91599007611600       -100.51478228277841        29.338842538730823       -108.66687256375586        1.7769999999999999     
   267.06986295196396        181.23923508990671        40.207024489272790        191.99491280480692        0.0000000000000000     
   86.840799427362796        32.404795420342204        21.242015601895194       -77.717632826264506        0.0000000000000000     

 NUMBER OF POINTS PASSING THE CHECK          20
 NUMBER OF POINTS FAILING THE CHECK           0
 TOLERANCE    1.0000000000000001E-005
