==== LHAPDF6 USING DEFAULT-TYPE LHAGLUE INTERFACE ====
LHAPDF 6.2.1 loading /cvmfs/cms.cern.ch/slc6_amd64_gcc481/external/lhapdf/6.2.1/share/LHAPDF/NNPDF31_nnlo_as_0118_nf_4/NNPDF31_nnlo_as_0118_nf_4_0000.dat
NNPDF31_nnlo_as_0118_nf_4 PDF set, member #0, version 1; LHAPDF ID = 320900
 A PDF is used, so alpha_s(MZ) is going to be modified
 Old value of alpha_s from param_card:   0.11799999999999999     
 New value of alpha_s from PDF lhapdf :  0.11800240511781991     
 using LHAPDF
WARNING: the value of maxjetflavorspecified in the run_card (  4) is inconsistent with the number of light flavours inthe model. Hence it will be set to:  5
 *****************************************************
 *               MadGraph/MadEvent                   *
 *        --------------------------------           *
 *          http://madgraph.hep.uiuc.edu             *
 *          http://madgraph.phys.ucl.ac.be           *
 *          http://madgraph.roma2.infn.it            *
 *        --------------------------------           *
 *                                                   *
 *          PARAMETER AND COUPLING VALUES            *
 *                                                   *
 *****************************************************

  External Params
  ---------------------------------
  
 MU_R =    91.188000000000002     
 aEWM1 =    132.50700000000001     
 mdl_Gf =    1.1663900000000000E-005
 aS =   0.11799999999999999     
 mdl_ymt =    173.00000000000000     
 mdl_ymtau =    1.7769999999999999     
 mdl_MT =    173.00000000000000     
 mdl_MZ =    91.188000000000002     
 mdl_MH =    125.00000000000000     
 mdl_MTA =    1.7769999999999999     
 mdl_WT =    1.4915000000000000     
 mdl_WZ =    2.4414039999999999     
 mdl_WW =    2.0476000000000001     
 mdl_WH =    6.3823389999999999E-003
  Internal Params
  ---------------------------------
  
 mdl_conjg__CKM3x3 =    1.0000000000000000     
 mdl_CKM22 =    1.0000000000000000     
 mdl_I4x33 =    0.0000000000000000     
 mdl_I1x33 =    0.0000000000000000     
 mdl_lhv =    1.0000000000000000     
 mdl_CKM3x3 =    1.0000000000000000     
 mdl_conjg__CKM22 =    1.0000000000000000     
 mdl_conjg__CKM33 =    1.0000000000000000     
 mdl_Ncol =    3.0000000000000000     
 mdl_CA =    3.0000000000000000     
 mdl_TF =   0.50000000000000000     
 mdl_CF =    1.3333333333333333     
 mdl_complexi =  (  0.0000000000000000     ,  1.0000000000000000     )
 mdl_MZ__exp__2 =    8315.2513440000002     
 mdl_MZ__exp__4 =    69143404.913893804     
 mdl_sqrt__2 =    1.4142135623730951     
 mdl_MH__exp__2 =    15625.000000000000     
 mdl_Ncol__exp__2 =    9.0000000000000000     
 mdl_MT__exp__2 =    29929.000000000000     
 mdl_aEW =    7.5467711139788835E-003
 mdl_MW =    80.419002445756163     
 mdl_sqrt__aEW =    8.6872153846781555E-002
 mdl_ee =   0.30795376724436879     
 mdl_MW__exp__2 =    6467.2159543705357     
 mdl_sw2 =   0.22224648578577766     
 mdl_cw =   0.88190334743339216     
 mdl_sqrt__sw2 =   0.47143025548407230     
 mdl_sw =   0.47143025548407230     
 mdl_g1 =   0.34919219678733299     
 mdl_gw =   0.65323293034757990     
 mdl_v =    246.21845810181637     
 mdl_v__exp__2 =    60623.529110035903     
 mdl_lam =   0.12886910601690263     
 mdl_yt =   0.99366614581500623     
 mdl_ytau =    1.0206617000654717E-002
 mdl_muH =    88.388347648318430     
 mdl_AxialZUp =  -0.18517701861793787     
 mdl_AxialZDown =   0.18517701861793787     
 mdl_VectorZUp =    7.5430507588273299E-002
 mdl_VectorZDown =  -0.13030376310310560     
 mdl_VectorAUp =   0.20530251149624587     
 mdl_VectorADown =  -0.10265125574812294     
 mdl_VectorWmDxU =   0.23095271737156670     
 mdl_AxialWmDxU =  -0.23095271737156670     
 mdl_VectorWpUxD =   0.23095271737156670     
 mdl_AxialWpUxD =  -0.23095271737156670     
 mdl_I2x33 =  ( 0.99366614581500623     ,  0.0000000000000000     )
 mdl_I3x33 =  ( 0.99366614581500623     ,  0.0000000000000000     )
 mdl_Vector_tbGp =  (-0.99366614581500623     ,  0.0000000000000000     )
 mdl_Axial_tbGp =  (-0.99366614581500623     , -0.0000000000000000     )
 mdl_Vector_tbGm =  ( 0.99366614581500623     ,  0.0000000000000000     )
 mdl_Axial_tbGm =  (-0.99366614581500623     ,  0.0000000000000000     )
 mdl_gw__exp__2 =   0.42671326129048615     
 mdl_cw__exp__2 =   0.77775351421422245     
 mdl_ee__exp__2 =    9.4835522759998875E-002
 mdl_sw__exp__2 =   0.22224648578577769     
 mdl_yt__exp__2 =   0.98737240933884918     
  Internal Params evaluated point by point
  ----------------------------------------
  
 mdl_sqrt__aS =   0.34351128074635334     
 mdl_G__exp__4 =    2.1987899468922913     
 mdl_G__exp__2 =    1.4828317324943823     
 mdl_R2MixedFactor_FIN_ =   -2.5040377713124864E-002
 mdl_G_UVg_1EPS_ =   -5.1645779033320030E-002
 mdl_G_UVq_1EPS_ =    3.1300472141406080E-003
 mdl_GWcft_UV_t_1EPS_ =   -3.1300472141406080E-003
 mdl_tWcft_UV_1EPS_ =   -1.8780283284843650E-002
 mdl_G__exp__3 =    1.8056676068262196     
 mdl_MU_R__exp__2 =    8315.2513440000002     
 mdl_G_UVt_FIN_ =   -4.0087659331150384E-003
 mdl_GWcft_UV_t_FIN_ =    4.0087659331150384E-003
 mdl_tWcft_UV_FIN_ =   -9.8778211443463623E-004
  Couplings of loop_sm-no_b_mass
  ---------------------------------
  
      UV_GQQt =   0.00000E+00  -0.48815E-02
   UVWfct_G_2 =   0.40088E-02   0.00000E+00
       R2_DDA =   0.00000E+00   0.25704E-02
       R2_UUA =  -0.00000E+00  -0.51409E-02
    R2_DDZ_V2 =   0.00000E+00   0.72127E-02
    R2_UUZ_V2 =  -0.00000E+00  -0.72127E-02
    R2_UUZ_V5 =   0.00000E+00   0.68702E-03
      R2_GGHt =   0.00000E+00  -0.45657E+01
     R2_GGZup =  -0.46369E-02   0.00000E+00
   R2_GGZdown =   0.46369E-02   0.00000E+00
    R2_GGZAup =   0.00000E+00   0.19389E-03
  R2_GGZAdown =   0.00000E+00   0.16747E-03
  R2_GGAAdown =   0.00000E+00   0.13193E-03
    R2_GGAAup =   0.00000E+00   0.52771E-03
         GC_4 =  -0.12177E+01   0.00000E+00
         GC_5 =   0.00000E+00   0.12177E+01
       R2_GQQ =  -0.00000E+00  -0.30492E-01
       R2_QQq =   0.00000E+00   0.12520E-01
 UV_GQQg_1eps =   0.00000E+00  -0.62890E-01
 UV_GQQq_1eps =   0.00000E+00   0.38115E-02
 UVWfct_G_2_1eps -0.31300E-02   0.00000E+00
         GC_1 =  -0.00000E+00  -0.10265E+00
         GC_2 =   0.00000E+00   0.20530E+00
        GC_21 =  -0.00000E+00  -0.28804E+00
        GC_22 =   0.00000E+00   0.28804E+00
        GC_23 =  -0.00000E+00  -0.27437E-01
        GC_24 =   0.00000E+00   0.82310E-01
        GC_37 =  -0.00000E+00  -0.70263E+00
        GC_38 =  -0.00000E+00  -0.72172E-02
      GC_1003 =  -0.00000E+00  -0.30795E+00

 Collider parameters:
 --------------------

 Running at P P   machine @    13000.000000000000       GeV
 PDF set = lhapdf 
 alpha_s(Mz)= 0.1180 running at 3 loops.
 alpha_s(Mz)= 0.1180 running at 3 loops.
 Renormalization scale set on event-by-event basis
 Factorization   scale set on event-by-event basis


 ===============================================================
 INFO: MadFKS read these parameters from FKS_params.dat
 ===============================================================
  > IRPoleCheckThreshold      =    1.0000000000000001E-005
  > PrecisionVirtualAtRunTime =    1.0000000000000000E-003
  > NHelForMCoverHels         =            4
  > VirtualFraction           =    1.0000000000000000     
  > MinVirtualFraction        =    5.0000000000000001E-003
 ===============================================================
  Insert the number of points to test
 Insert the relative tolerance
  A negative number will mean use the default one:    1.0000000000000001E-005
Using random seed offsets:     1 ,      3 ,      0
  with seed                   32
 Ranmar initialization seeds       10730        9409
  ========================================================================================== 
 {                                                                                          }
 {       [32m                                                                            [0m       }
 {       [32m                               ,,                                           [0m       }
 {       [32m`7MMM.     ,MMF'             `7MM  `7MMF'                                   [0m       }
 {       [32m  MMMb    dPMM                 MM    MM                                     [0m       }
 {       [32m  M YM   ,M MM   ,6"Yb.   ,M""bMM    MM         ,pW"Wq.   ,pW"Wq.`7MMpdMAo. [0m       }
 {       [32m  M  Mb  M' MM  8)   MM ,AP    MM    MM        6W'   `Wb 6W'   `Wb MM   `Wb [0m       }
 {       [32m  M  YM.P'  MM   ,pm9MM 8MI    MM    MM      , 8M     M8 8M     M8 MM    M8 [0m       }
 {       [32m  M  `YM'   MM  8M   MM `Mb    MM    MM     ,M YA.   ,A9 YA.   ,A9 MM   ,AP [0m       }
 {       [32m.JML. `'  .JMML.`Moo9^Yo.`Wbmd"MML..JMMmmmmMMM  `Ybmd9'   `Ybmd9'  MMbmmd'  [0m       }
 {       [32m                                                                   MM       [0m       }
 {       [32m                                                                 .JMML.     [0m       }
 {       [32m[0mv2.6.1 (2017-12-12), Ref: arXiv:1103.0621v2, arXiv:1405.0301[32m                [0m       }
 {       [32m                                                                            [0m       }
 {                                                                                          }
  ========================================================================================== 
 ===============================================================
 INFO: MadLoop read these parameters from ./MadLoop5_resources/MadLoopParams.dat                                                                                                                                                                                                                                                                                                                                                                                                                                                                                          
 ===============================================================
  > MLReductionLib            = 6|7|1
  > CTModeRun                 =           -1
  > MLStabThres               =    1.0000000000000000E-003
  > NRotations_DP             =            0
  > NRotations_QP             =            0
  > CTStabThres               =    1.0000000000000000E-002
  > CTLoopLibrary             =            2
  > CTModeInit                =            1
  > CheckCycle                =            3
  > MaxAttempts               =           10
  > UseLoopFilter             =  F
  > HelicityFilterLevel       =            2
  > ImprovePSPoint            =            2
  > DoubleCheckHelicityFilter =  T
  > LoopInitStartOver         =  F
  > HelInitStartOver          =  F
  > ZeroThres                 =    1.0000000000000001E-009
  > OSThres                   =    1.0000000000000000E-008
  > WriteOutFilters           =  T
  > UseQPIntegrandForNinja    =  T
  > UseQPIntegrandForCutTools =  T
  > IREGIMODE                 =            2
  > IREGIRECY                 =  T
  > COLLIERMode               =            1
  > COLLIERRequiredAccuracy   =    1.0000000000000000E-008
  > COLLIERCanOutput          =  F
  > COLLIERComputeUVpoles     =  T
  > COLLIERComputeIRpoles     =  T
  > COLLIERGlobalCache        =           -1
  > COLLIERUseCacheForPoles   =  F
  > COLLIERUseInternalStabilityTest =  T
 ===============================================================
  
------------------------------------------------------------------------
|              You are using CutTools - Version 1.9.3                  |
|              Authors: G. Ossola, C. Papadopoulos, R. Pittau          |
|              Published in JHEP 0803:042,2008                         |
|              http://www.ugr.es/~pittau/CutTools                      |
|                                                                      |
|              Compiler with  34  significant digits detetected        |
 ---------------------------------------------------------------------- 
   
########################################################################
#                                                                      #
#                      You are using OneLOop-3.6                       #
#                                                                      #
# for the evaluation of 1-loop scalar 1-, 2-, 3- and 4-point functions #
#                                                                      #
# author: Andreas van Hameren <hamerenREMOVETHIS@ifj.edu.pl>           #
#   date: 18-02-2015                                                   #
#                                                                      #
# Please cite                                                          #
#    A. van Hameren,                                                   #
#      Comput.Phys.Commun. 182 (2011) 2427-2438, arXiv:1007.4716       #
#    A. van Hameren, C.G. Papadopoulos and R. Pittau,                  #
#      JHEP 0909:106,2009, arXiv:0903.4665                             #
# in publications with results obtained with the help of this program. #
#                                                                      #
########################################################################
 PASSED   1.0000000000000001E-005
 MU_R    =    325.00000000000000     
 ALPHA_S =   0.11799999999999999     
 BORN                    1.9405046204388503E-009
 SINGLE POLE (MadFKS)   -1.1050134268269746E-011
 DOUBLE POLE (MadFKS)   -9.7181937299705625E-011
 SINGLE POLE (MadLoop)  -1.1050134268266999E-011
 DOUBLE POLE (MadLoop)  -9.7181937299705444E-011
 FINITE PART (MadLoop)   1.8434129772858469E-010
   325.00000000000000        0.0000000000000000        0.0000000000000000        325.00000000000000        0.0000000000000000     
   325.00000000000000        0.0000000000000000        0.0000000000000000       -325.00000000000000        0.0000000000000000     
   189.59997596444913       -81.319461626923882       -53.073518296486817        162.84501129005889        0.0000000000000000     
   240.27180618028964       -85.008933426629923       -83.675551175215915       -208.57234768379365        0.0000000000000000     
   220.12821785526137        166.32839505355381        136.74906947170265        45.727336393734817        0.0000000000000000     

 PASSED   1.0000000000000001E-005
 MU_R    =    325.00000000000000     
 ALPHA_S =   0.11799999999999999     
 BORN                    1.1195956353070086E-008
 SINGLE POLE (MadFKS)   -6.3754973659961536E-011
 DOUBLE POLE (MadFKS)   -5.6070195188106986E-010
 SINGLE POLE (MadLoop)  -6.3754973659956366E-011
 DOUBLE POLE (MadLoop)  -5.6070195188107110E-010
 FINITE PART (MadLoop)   2.8271284517285542E-009
   325.00000000000000        0.0000000000000000        0.0000000000000000        325.00000000000000        0.0000000000000000     
   325.00000000000000        0.0000000000000000        0.0000000000000000       -325.00000000000000        0.0000000000000000     
   253.46177566947063        13.334728882297089        221.59867979069369       -122.30732539867873        0.0000000000000000     
   204.02664106358671        41.262495769794427       -190.68556620954291       -59.693312405019498        0.0000000000000000     
   192.51158326694272       -54.597224652091597       -30.913113581150611        182.00063780369825        0.0000000000000000     

 PASSED   1.0000000000000001E-005
 MU_R    =    325.00000000000000     
 ALPHA_S =   0.11799999999999999     
 BORN                    4.7310147272206421E-008
 SINGLE POLE (MadFKS)   -2.6940594425962686E-010
 DOUBLE POLE (MadFKS)   -2.3693279147192256E-009
 SINGLE POLE (MadLoop)  -2.6940594425961223E-010
 DOUBLE POLE (MadLoop)  -2.3693279147192380E-009
 FINITE PART (MadLoop)   3.8186641349467280E-009
   325.00000000000000        0.0000000000000000        0.0000000000000000        325.00000000000000        0.0000000000000000     
   325.00000000000000        0.0000000000000000        0.0000000000000000       -325.00000000000000        0.0000000000000000     
   308.16654578630124       -30.635535797279939        289.06999444238971        102.30651104084629        0.0000000000000000     
   33.173638346689586        26.829832889874748       -5.1900095768122174        18.807289779522900        0.0000000000000000     
   308.65981586700929        3.8057029074052786       -283.87998486557757       -121.11380082036928        0.0000000000000000     

 PASSED   1.0000000000000001E-005
 MU_R    =    325.00000000000000     
 ALPHA_S =   0.11799999999999999     
 BORN                    4.4156905078041285E-006
 SINGLE POLE (MadFKS)   -2.5144991918300571E-008
 DOUBLE POLE (MadFKS)   -2.2114111635935103E-007
 SINGLE POLE (MadLoop)  -2.5144991918306619E-008
 DOUBLE POLE (MadLoop)  -2.2114111635932554E-007
 FINITE PART (MadLoop)   4.6147451487326776E-007
   325.00000000000000        0.0000000000000000        0.0000000000000000        325.00000000000000        0.0000000000000000     
   325.00000000000000        0.0000000000000000        0.0000000000000000       -325.00000000000000        0.0000000000000000     
   314.08403101566080        12.294011764674893       -109.64245906713109       -294.06830326216590        0.0000000000000000     
   324.22164940392241       -18.405625896096762        114.51954807146868        302.76423828959639        0.0000000000000000     
   11.694319580416757        6.1116141314218622       -4.8770890043375594       -8.6959350274305223        0.0000000000000000     

 PASSED   1.0000000000000001E-005
 MU_R    =    325.00000000000000     
 ALPHA_S =   0.11799999999999999     
 BORN                    9.5966777685563975E-007
 SINGLE POLE (MadFKS)   -5.4647938868543234E-009
 DOUBLE POLE (MadFKS)   -4.8060887223160097E-008
 SINGLE POLE (MadLoop)  -5.4647938868543383E-009
 DOUBLE POLE (MadLoop)  -4.8060887223160263E-008
 FINITE PART (MadLoop)   1.0228475586759314E-007
   325.00000000000000        0.0000000000000000        0.0000000000000000        325.00000000000000        0.0000000000000000     
   325.00000000000000        0.0000000000000000        0.0000000000000000       -325.00000000000000        0.0000000000000000     
   277.64682473741692       -65.842851977380732       -245.81629259484555        111.02625106334045        0.0000000000000000     
   320.78947397834077        50.678820842844587        281.75171932219314       -144.75328111054174        0.0000000000000000     
   51.563701284242242        15.164031134536053       -35.935426727347583        33.727030047201303        0.0000000000000000     

 PASSED   1.0000000000000001E-005
 MU_R    =    325.00000000000000     
 ALPHA_S =   0.11799999999999999     
 BORN                    2.8781270558925821E-009
 SINGLE POLE (MadFKS)   -1.6389391745720478E-011
 DOUBLE POLE (MadFKS)   -1.4413877717182859E-010
 SINGLE POLE (MadLoop)  -1.6389391745720514E-011
 DOUBLE POLE (MadLoop)  -1.4413877717182859E-010
 FINITE PART (MadLoop)   3.6769471961320252E-010
   325.00000000000000        0.0000000000000000        0.0000000000000000        325.00000000000000        0.0000000000000000     
   325.00000000000000        0.0000000000000000        0.0000000000000000       -325.00000000000000        0.0000000000000000     
   203.50309026733319       -168.53233421490120        93.121995637645753        65.868459833925613        0.0000000000000000     
   182.14715555292022       -91.663541551486333       -139.16581213264186       -73.540860477157949        0.0000000000000000     
   264.34975417974704        260.19587576638781        46.043816494996101        7.6724006432323417        0.0000000000000000     

 PASSED   1.0000000000000001E-005
 MU_R    =    325.00000000000000     
 ALPHA_S =   0.11799999999999999     
 BORN                    5.0608109797917759E-008
 SINGLE POLE (MadFKS)   -2.8818607409646778E-010
 DOUBLE POLE (MadFKS)   -2.5344923693743119E-009
 SINGLE POLE (MadLoop)  -2.8818607409648396E-010
 DOUBLE POLE (MadLoop)  -2.5344923693743744E-009
 FINITE PART (MadLoop)   5.8994962606249321E-009
   325.00000000000000        0.0000000000000000        0.0000000000000000        325.00000000000000        0.0000000000000000     
   325.00000000000000        0.0000000000000000        0.0000000000000000       -325.00000000000000        0.0000000000000000     
   305.74766757338665        104.79944735663098        285.81626223291971        28.421405727262691        0.0000000000000000     
   31.417996298050273       -9.0661533117918207        6.3421337755057188        29.405317455946236        0.0000000000000000     
   312.83433612856351       -95.733294044839155       -292.15839600842537       -57.826723183208884        0.0000000000000000     

 PASSED   1.0000000000000001E-005
 MU_R    =    325.00000000000000     
 ALPHA_S =   0.11799999999999999     
 BORN                    1.3651348232442924E-007
 SINGLE POLE (MadFKS)   -7.7737115038296749E-010
 DOUBLE POLE (MadFKS)   -6.8366983206754068E-009
 SINGLE POLE (MadLoop)  -7.7737115038267167E-010
 DOUBLE POLE (MadLoop)  -6.8366983206753720E-009
 FINITE PART (MadLoop)   4.0577381623348962E-008
   325.00000000000000        0.0000000000000000        0.0000000000000000        325.00000000000000        0.0000000000000000     
   325.00000000000000        0.0000000000000000        0.0000000000000000       -325.00000000000000        0.0000000000000000     
   110.58373939682942        79.781313260573938        3.5661086421703065        76.491753428433626        0.0000000000000000     
   312.46751159402083       -77.812479833109137       -53.784127851906092       -297.80602978313135        0.0000000000000000     
   226.94874900914968       -1.9688334274647981        50.218019209735807        221.31427635469774        0.0000000000000000     

 PASSED   1.0000000000000001E-005
 MU_R    =    325.00000000000000     
 ALPHA_S =   0.11799999999999999     
 BORN                    6.2867385454775973E-009
 SINGLE POLE (MadFKS)   -3.5799608156214417E-011
 DOUBLE POLE (MadFKS)   -3.1484461552484057E-010
 SINGLE POLE (MadLoop)  -3.5799608156216266E-011
 DOUBLE POLE (MadLoop)  -3.1484461552484073E-010
 FINITE PART (MadLoop)   8.4229785177300603E-010
   325.00000000000000        0.0000000000000000        0.0000000000000000        325.00000000000000        0.0000000000000000     
   325.00000000000000        0.0000000000000000        0.0000000000000000       -325.00000000000000        0.0000000000000000     
   197.17300668392855        70.612294516519938       -165.92284650939783       -79.754043371553436        0.0000000000000000     
   275.68831278834597        42.672795066161676        166.00059668570233        215.93258269496295        0.0000000000000000     
   177.13868052772514       -113.28508958268149       -7.7750176304604249E-002  -136.17853932340944        0.0000000000000000     

 PASSED   1.0000000000000001E-005
 MU_R    =    325.00000000000000     
 ALPHA_S =   0.11799999999999999     
 BORN                    1.8208774196023354E-008
 SINGLE POLE (MadFKS)   -1.0368921444833226E-010
 DOUBLE POLE (MadFKS)   -9.1190916712285266E-010
 SINGLE POLE (MadLoop)  -1.0368921444831655E-010
 DOUBLE POLE (MadLoop)  -9.1190916712285948E-010
 FINITE PART (MadLoop)   1.8538586036405697E-009
   325.00000000000000        0.0000000000000000        0.0000000000000000        325.00000000000000        0.0000000000000000     
   325.00000000000000        0.0000000000000000        0.0000000000000000       -325.00000000000000        0.0000000000000000     
   55.929275548237428       -15.951102162727688       -17.159176914969347       -50.785911931811128        0.0000000000000000     
   293.72652509351150        229.35210390228153       -182.59177086616023       -18.251827061034621        0.0000000000000000     
   300.34419935825122       -213.40100173955386        199.75094778112958        69.037738992845746        0.0000000000000000     

 PASSED   1.0000000000000001E-005
 MU_R    =    325.00000000000000     
 ALPHA_S =   0.11799999999999999     
 BORN                    2.4464889365458523E-009
 SINGLE POLE (MadFKS)   -1.3931443888319272E-011
 DOUBLE POLE (MadFKS)   -1.2252201408417862E-010
 SINGLE POLE (MadLoop)  -1.3931443888318921E-011
 DOUBLE POLE (MadLoop)  -1.2252201408417818E-010
 FINITE PART (MadLoop)   2.8033394163296406E-010
   325.00000000000000        0.0000000000000000        0.0000000000000000        325.00000000000000        0.0000000000000000     
   325.00000000000000        0.0000000000000000        0.0000000000000000       -325.00000000000000        0.0000000000000000     
   189.27914848305699       -68.005983761638063       -19.672600071855257       -175.54136557944344        0.0000000000000000     
   211.11062596226162       -162.34127409733816        84.905122380667549        104.90055916035308        0.0000000000000000     
   249.61022555468111        230.34725785897621       -65.232522308812449        70.640806419090381        0.0000000000000000     

 PASSED   1.0000000000000001E-005
 MU_R    =    325.00000000000000     
 ALPHA_S =   0.11799999999999999     
 BORN                    8.7092549201631696E-008
 SINGLE POLE (MadFKS)   -4.9594541147048131E-010
 DOUBLE POLE (MadFKS)   -4.3616606560155385E-009
 SINGLE POLE (MadLoop)  -4.9594541147052711E-010
 DOUBLE POLE (MadLoop)  -4.3616606560155765E-009
 FINITE PART (MadLoop)   8.8134983745072871E-009
   325.00000000000000        0.0000000000000000        0.0000000000000000        325.00000000000000        0.0000000000000000     
   325.00000000000000        0.0000000000000000        0.0000000000000000       -325.00000000000000        0.0000000000000000     
   317.33370896029146        9.8356199339244466       -283.47957994820268        142.27885006353171        0.0000000000000000     
   39.096938954177197       -6.9879455582024956        35.498036236591496        14.819874351960387        0.0000000000000000     
   293.56935208553136       -2.8476743757219554        247.98154371161124       -157.09872441549206        0.0000000000000000     

 PASSED   1.0000000000000001E-005
 MU_R    =    325.00000000000000     
 ALPHA_S =   0.11799999999999999     
 BORN                    6.7922304659883541E-008
 SINGLE POLE (MadFKS)   -3.8678113847123782E-010
 DOUBLE POLE (MadFKS)   -3.4016003276588501E-009
 SINGLE POLE (MadLoop)  -3.8678113847120261E-010
 DOUBLE POLE (MadLoop)  -3.4016003276588720E-009
 FINITE PART (MadLoop)   6.3306383757447569E-009
   325.00000000000000        0.0000000000000000        0.0000000000000000        325.00000000000000        0.0000000000000000     
   325.00000000000000        0.0000000000000000        0.0000000000000000       -325.00000000000000        0.0000000000000000     
   272.35843893135228       -47.370560623865856        234.33007651947301       -130.47821458650370        0.0000000000000000     
   320.33752491177529        64.850987487535846       -256.76708878124089        180.22525185805705        0.0000000000000000     
   57.304036156872499       -17.480426863670012        22.437012261767833       -49.747037271553317        0.0000000000000000     

 PASSED   1.0000000000000001E-005
 MU_R    =    325.00000000000000     
 ALPHA_S =   0.11799999999999999     
 BORN                    6.7918708852951498E-008
 SINGLE POLE (MadFKS)   -3.8676066227706476E-010
 DOUBLE POLE (MadFKS)   -3.4014202469313263E-009
 SINGLE POLE (MadLoop)  -3.8676066227701591E-010
 DOUBLE POLE (MadLoop)  -3.4014202469312510E-009
 FINITE PART (MadLoop)   6.4564017438583840E-009
   325.00000000000000        0.0000000000000000        0.0000000000000000        325.00000000000000        0.0000000000000000     
   325.00000000000000        0.0000000000000000        0.0000000000000000       -325.00000000000000        0.0000000000000000     
   320.06580539914108        175.38339820959067        260.55477664526126        61.595387697415894        0.0000000000000000     
   79.845550340525207       -17.113480335391582       -77.939739985368490        2.7995769331543015        0.0000000000000000     
   250.08864426033435       -158.26991787419894       -182.61503665989278       -64.394964630570172        0.0000000000000000     

 PASSED   1.0000000000000001E-005
 MU_R    =    325.00000000000000     
 ALPHA_S =   0.11799999999999999     
 BORN                    1.1140485517668712E-007
 SINGLE POLE (MadFKS)   -6.3439096968557531E-010
 DOUBLE POLE (MadFKS)   -5.5792393054004389E-009
 SINGLE POLE (MadLoop)  -6.3439096968284499E-010
 DOUBLE POLE (MadLoop)  -5.5792393054006159E-009
 FINITE PART (MadLoop)   3.4925667759531454E-008
   325.00000000000000        0.0000000000000000        0.0000000000000000        325.00000000000000        0.0000000000000000     
   325.00000000000000        0.0000000000000000        0.0000000000000000       -325.00000000000000        0.0000000000000000     
   293.78655086615584       -149.79402376540810       -124.41303993396645       -219.98564364155681        0.0000000000000000     
   202.33094465756142        139.20081690174939        130.86210322704355        66.603706194937004        0.0000000000000000     
   153.88250447628266        10.593206863658651       -6.4490632930770992        153.38193744661979        0.0000000000000000     

 PASSED   1.0000000000000001E-005
 MU_R    =    325.00000000000000     
 ALPHA_S =   0.11799999999999999     
 BORN                    3.7321392700053120E-010
 SINGLE POLE (MadFKS)   -2.1252533803353800E-012
 DOUBLE POLE (MadFKS)   -1.8690835399783824E-011
 SINGLE POLE (MadLoop)  -2.1252533803376244E-012
 DOUBLE POLE (MadLoop)  -1.8690835399783750E-011
 FINITE PART (MadLoop)   5.0740406942494882E-011
   325.00000000000000        0.0000000000000000        0.0000000000000000        325.00000000000000        0.0000000000000000     
   325.00000000000000        0.0000000000000000        0.0000000000000000       -325.00000000000000        0.0000000000000000     
   174.66153312426371        9.0777083420521940       -9.2067222903130421        174.18232582338536        0.0000000000000000     
   201.25027861507382       -170.99514516751324        102.84856830845266        26.163084082108433        0.0000000000000000     
   274.08818826066266        161.91743682546101       -93.641846018139645       -200.34540990549368        0.0000000000000000     

 PASSED   1.0000000000000001E-005
 MU_R    =    325.00000000000000     
 ALPHA_S =   0.11799999999999999     
 BORN                    1.5329463783000231E-008
 SINGLE POLE (MadFKS)   -8.7293084117687483E-011
 DOUBLE POLE (MadFKS)   -7.6771112653198758E-010
 SINGLE POLE (MadLoop)  -8.7293084117680672E-011
 DOUBLE POLE (MadLoop)  -7.6771112653198624E-010
 FINITE PART (MadLoop)   1.5719651589018766E-009
   325.00000000000000        0.0000000000000000        0.0000000000000000        325.00000000000000        0.0000000000000000     
   325.00000000000000        0.0000000000000000        0.0000000000000000       -325.00000000000000        0.0000000000000000     
   234.09376551493878       -147.10343720295981       -73.737662289592720        166.50293383632609        0.0000000000000000     
   267.69004811177791        82.399466062989291        206.02657568573019       -149.73757030829771        0.0000000000000000     
   148.21618637328328        64.703971139970534       -132.28891339613747       -16.765363528028420        0.0000000000000000     

 PASSED   1.0000000000000001E-005
 MU_R    =    325.00000000000000     
 ALPHA_S =   0.11799999999999999     
 BORN                    8.2249040214770300E-009
 SINGLE POLE (MadFKS)   -4.6836422250001710E-011
 DOUBLE POLE (MadFKS)   -4.1190940670396902E-010
 SINGLE POLE (MadLoop)  -4.6836422249975667E-011
 DOUBLE POLE (MadLoop)  -4.1190940670394374E-010
 FINITE PART (MadLoop)   6.7644980453361834E-010
   325.00000000000000        0.0000000000000000        0.0000000000000000        325.00000000000000        0.0000000000000000     
   325.00000000000000        0.0000000000000000        0.0000000000000000       -325.00000000000000        0.0000000000000000     
   252.28480332049975       -143.92000149859575       -127.80637828209245        163.09563092101601        0.0000000000000000     
   248.17018331268372        21.722816751379170        79.097614598812470       -234.22238680923434        0.0000000000000000     
   149.54501336681585        122.19718474721640        48.708763683279869        71.126755888218256        0.0000000000000000     

 PASSED   1.0000000000000001E-005
 MU_R    =    325.00000000000000     
 ALPHA_S =   0.11799999999999999     
 BORN                    2.3695408162385264E-008
 SINGLE POLE (MadFKS)   -1.3493265564943434E-010
 DOUBLE POLE (MadFKS)   -1.1866839409055782E-009
 SINGLE POLE (MadLoop)  -1.3493265564942726E-010
 DOUBLE POLE (MadLoop)  -1.1866839409055767E-009
 FINITE PART (MadLoop)   3.7834492654767080E-009
Thanks for using LHAPDF 6.2.1. Please make sure to cite the paper:
  Eur.Phys.J. C75 (2015) 3, 132  (http://arxiv.org/abs/1412.7420)
   325.00000000000000        0.0000000000000000        0.0000000000000000        325.00000000000000        0.0000000000000000     
   325.00000000000000        0.0000000000000000        0.0000000000000000       -325.00000000000000        0.0000000000000000     
   261.29674318410258       -245.13871588075986       -26.264385515915407        86.563156298868520        0.0000000000000000     
   207.72207387106647        189.99126408158773       -47.588918568366402        69.188686759256939        0.0000000000000000     
   180.98118294483095        55.147451799172124        73.853304084281802       -155.75184305812544        0.0000000000000000     

 PASSED   1.0000000000000001E-005
 MU_R    =    325.00000000000000     
 ALPHA_S =   0.11799999999999999     
 BORN                    2.1724491848433879E-007
 SINGLE POLE (MadFKS)   -1.2370934307841876E-009
 DOUBLE POLE (MadFKS)   -1.0879789630209731E-008
 SINGLE POLE (MadLoop)  -1.2370934307842260E-009
 DOUBLE POLE (MadLoop)  -1.0879789630209726E-008
 FINITE PART (MadLoop)   2.2291017980952754E-008
   325.00000000000000        0.0000000000000000        0.0000000000000000        325.00000000000000        0.0000000000000000     
   325.00000000000000        0.0000000000000000        0.0000000000000000       -325.00000000000000        0.0000000000000000     
   299.90855597403959        212.94169999928016       -150.76886707309379        147.88415421993670        0.0000000000000000     
   300.87850015465949       -182.53775040258270        189.42250373780078       -146.03751781985576        0.0000000000000000     
   49.212943871300830       -30.403949596697473       -38.653636664707015       -1.8466364000809572        0.0000000000000000     

 NUMBER OF POINTS PASSING THE CHECK          20
 NUMBER OF POINTS FAILING THE CHECK           0
 TOLERANCE    1.0000000000000001E-005
