==== LHAPDF6 USING DEFAULT-TYPE LHAGLUE INTERFACE ====
LHAPDF 6.2.1 loading /cvmfs/cms.cern.ch/slc6_amd64_gcc481/external/lhapdf/6.2.1/share/LHAPDF/NNPDF31_nnlo_as_0118_nf_4/NNPDF31_nnlo_as_0118_nf_4_0000.dat
NNPDF31_nnlo_as_0118_nf_4 PDF set, member #0, version 1; LHAPDF ID = 320900
 A PDF is used, so alpha_s(MZ) is going to be modified
 Old value of alpha_s from param_card:   0.11799999999999999     
 New value of alpha_s from PDF lhapdf :  0.11800240511781991     
 using LHAPDF
WARNING: the value of maxjetflavorspecified in the run_card (  4) is inconsistent with the number of light flavours inthe model. Hence it will be set to:  5
 *****************************************************
 *               MadGraph/MadEvent                   *
 *        --------------------------------           *
 *          http://madgraph.hep.uiuc.edu             *
 *          http://madgraph.phys.ucl.ac.be           *
 *          http://madgraph.roma2.infn.it            *
 *        --------------------------------           *
 *                                                   *
 *          PARAMETER AND COUPLING VALUES            *
 *                                                   *
 *****************************************************

  External Params
  ---------------------------------
  
 MU_R =    91.188000000000002     
 aEWM1 =    132.50700000000001     
 mdl_Gf =    1.1663900000000000E-005
 aS =   0.11799999999999999     
 mdl_ymt =    173.00000000000000     
 mdl_ymtau =    1.7769999999999999     
 mdl_MT =    173.00000000000000     
 mdl_MZ =    91.188000000000002     
 mdl_MH =    125.00000000000000     
 mdl_MTA =    1.7769999999999999     
 mdl_WT =    1.4915000000000000     
 mdl_WZ =    2.4414039999999999     
 mdl_WW =    2.0476000000000001     
 mdl_WH =    6.3823389999999999E-003
  Internal Params
  ---------------------------------
  
 mdl_conjg__CKM3x3 =    1.0000000000000000     
 mdl_CKM22 =    1.0000000000000000     
 mdl_I4x33 =    0.0000000000000000     
 mdl_I1x33 =    0.0000000000000000     
 mdl_lhv =    1.0000000000000000     
 mdl_CKM3x3 =    1.0000000000000000     
 mdl_conjg__CKM22 =    1.0000000000000000     
 mdl_conjg__CKM33 =    1.0000000000000000     
 mdl_Ncol =    3.0000000000000000     
 mdl_CA =    3.0000000000000000     
 mdl_TF =   0.50000000000000000     
 mdl_CF =    1.3333333333333333     
 mdl_complexi =  (  0.0000000000000000     ,  1.0000000000000000     )
 mdl_MZ__exp__2 =    8315.2513440000002     
 mdl_MZ__exp__4 =    69143404.913893804     
 mdl_sqrt__2 =    1.4142135623730951     
 mdl_MH__exp__2 =    15625.000000000000     
 mdl_Ncol__exp__2 =    9.0000000000000000     
 mdl_MT__exp__2 =    29929.000000000000     
 mdl_aEW =    7.5467711139788835E-003
 mdl_MW =    80.419002445756163     
 mdl_sqrt__aEW =    8.6872153846781555E-002
 mdl_ee =   0.30795376724436879     
 mdl_MW__exp__2 =    6467.2159543705357     
 mdl_sw2 =   0.22224648578577766     
 mdl_cw =   0.88190334743339216     
 mdl_sqrt__sw2 =   0.47143025548407230     
 mdl_sw =   0.47143025548407230     
 mdl_g1 =   0.34919219678733299     
 mdl_gw =   0.65323293034757990     
 mdl_v =    246.21845810181637     
 mdl_v__exp__2 =    60623.529110035903     
 mdl_lam =   0.12886910601690263     
 mdl_yt =   0.99366614581500623     
 mdl_ytau =    1.0206617000654717E-002
 mdl_muH =    88.388347648318430     
 mdl_AxialZUp =  -0.18517701861793787     
 mdl_AxialZDown =   0.18517701861793787     
 mdl_VectorZUp =    7.5430507588273299E-002
 mdl_VectorZDown =  -0.13030376310310560     
 mdl_VectorAUp =   0.20530251149624587     
 mdl_VectorADown =  -0.10265125574812294     
 mdl_VectorWmDxU =   0.23095271737156670     
 mdl_AxialWmDxU =  -0.23095271737156670     
 mdl_VectorWpUxD =   0.23095271737156670     
 mdl_AxialWpUxD =  -0.23095271737156670     
 mdl_I2x33 =  ( 0.99366614581500623     ,  0.0000000000000000     )
 mdl_I3x33 =  ( 0.99366614581500623     ,  0.0000000000000000     )
 mdl_Vector_tbGp =  (-0.99366614581500623     ,  0.0000000000000000     )
 mdl_Axial_tbGp =  (-0.99366614581500623     , -0.0000000000000000     )
 mdl_Vector_tbGm =  ( 0.99366614581500623     ,  0.0000000000000000     )
 mdl_Axial_tbGm =  (-0.99366614581500623     ,  0.0000000000000000     )
 mdl_gw__exp__2 =   0.42671326129048615     
 mdl_cw__exp__2 =   0.77775351421422245     
 mdl_ee__exp__2 =    9.4835522759998875E-002
 mdl_sw__exp__2 =   0.22224648578577769     
 mdl_yt__exp__2 =   0.98737240933884918     
  Internal Params evaluated point by point
  ----------------------------------------
  
 mdl_sqrt__aS =   0.34351128074635334     
 mdl_G__exp__4 =    2.1987899468922913     
 mdl_G__exp__2 =    1.4828317324943823     
 mdl_R2MixedFactor_FIN_ =   -2.5040377713124864E-002
 mdl_G_UVg_1EPS_ =   -5.1645779033320030E-002
 mdl_G_UVq_1EPS_ =    3.1300472141406080E-003
 mdl_GWcft_UV_t_1EPS_ =   -3.1300472141406080E-003
 mdl_tWcft_UV_1EPS_ =   -1.8780283284843650E-002
 mdl_G__exp__3 =    1.8056676068262196     
 mdl_MU_R__exp__2 =    8315.2513440000002     
 mdl_G_UVt_FIN_ =   -4.0087659331150384E-003
 mdl_GWcft_UV_t_FIN_ =    4.0087659331150384E-003
 mdl_tWcft_UV_FIN_ =   -9.8778211443463623E-004
  Couplings of loop_sm-no_b_mass
  ---------------------------------
  
      UV_GQQt =   0.00000E+00  -0.48815E-02
   UVWfct_G_2 =   0.40088E-02   0.00000E+00
       R2_DDA =   0.00000E+00   0.25704E-02
       R2_UUA =  -0.00000E+00  -0.51409E-02
    R2_DDZ_V2 =   0.00000E+00   0.72127E-02
    R2_UUZ_V2 =  -0.00000E+00  -0.72127E-02
    R2_UUZ_V5 =   0.00000E+00   0.68702E-03
      R2_GGHt =   0.00000E+00  -0.45657E+01
     R2_GGZup =  -0.46369E-02   0.00000E+00
   R2_GGZdown =   0.46369E-02   0.00000E+00
    R2_GGZAup =   0.00000E+00   0.19389E-03
  R2_GGZAdown =   0.00000E+00   0.16747E-03
  R2_GGAAdown =   0.00000E+00   0.13193E-03
    R2_GGAAup =   0.00000E+00   0.52771E-03
         GC_4 =  -0.12177E+01   0.00000E+00
         GC_5 =   0.00000E+00   0.12177E+01
       R2_GQQ =  -0.00000E+00  -0.30492E-01
       R2_QQq =   0.00000E+00   0.12520E-01
 UV_GQQg_1eps =   0.00000E+00  -0.62890E-01
 UV_GQQq_1eps =   0.00000E+00   0.38115E-02
 UVWfct_G_2_1eps -0.31300E-02   0.00000E+00
         GC_1 =  -0.00000E+00  -0.10265E+00
         GC_2 =   0.00000E+00   0.20530E+00
        GC_21 =  -0.00000E+00  -0.28804E+00
        GC_22 =   0.00000E+00   0.28804E+00
        GC_23 =  -0.00000E+00  -0.27437E-01
        GC_24 =   0.00000E+00   0.82310E-01
        GC_37 =  -0.00000E+00  -0.70263E+00
        GC_38 =  -0.00000E+00  -0.72172E-02
      GC_1003 =  -0.00000E+00  -0.30795E+00

 Collider parameters:
 --------------------

 Running at P P   machine @    13000.000000000000       GeV
 PDF set = lhapdf 
 alpha_s(Mz)= 0.1180 running at 3 loops.
 alpha_s(Mz)= 0.1180 running at 3 loops.
 Renormalization scale set on event-by-event basis
 Factorization   scale set on event-by-event basis


 ===============================================================
 INFO: MadFKS read these parameters from FKS_params.dat
 ===============================================================
  > IRPoleCheckThreshold      =    1.0000000000000001E-005
  > PrecisionVirtualAtRunTime =    1.0000000000000000E-003
  > NHelForMCoverHels         =            4
  > VirtualFraction           =    1.0000000000000000     
  > MinVirtualFraction        =    5.0000000000000001E-003
 ===============================================================
  Insert the number of points to test
 Insert the relative tolerance
  A negative number will mean use the default one:    1.0000000000000001E-005
Using random seed offsets:     1 ,      8 ,      0
  with seed                   32
 Ranmar initialization seeds       10730        9414
  ========================================================================================== 
 {                                                                                          }
 {       [32m                                                                            [0m       }
 {       [32m                               ,,                                           [0m       }
 {       [32m`7MMM.     ,MMF'             `7MM  `7MMF'                                   [0m       }
 {       [32m  MMMb    dPMM                 MM    MM                                     [0m       }
 {       [32m  M YM   ,M MM   ,6"Yb.   ,M""bMM    MM         ,pW"Wq.   ,pW"Wq.`7MMpdMAo. [0m       }
 {       [32m  M  Mb  M' MM  8)   MM ,AP    MM    MM        6W'   `Wb 6W'   `Wb MM   `Wb [0m       }
 {       [32m  M  YM.P'  MM   ,pm9MM 8MI    MM    MM      , 8M     M8 8M     M8 MM    M8 [0m       }
 {       [32m  M  `YM'   MM  8M   MM `Mb    MM    MM     ,M YA.   ,A9 YA.   ,A9 MM   ,AP [0m       }
 {       [32m.JML. `'  .JMML.`Moo9^Yo.`Wbmd"MML..JMMmmmmMMM  `Ybmd9'   `Ybmd9'  MMbmmd'  [0m       }
 {       [32m                                                                   MM       [0m       }
 {       [32m                                                                 .JMML.     [0m       }
 {       [32m[0mv2.6.0 (2017-08-16), Ref: arXiv:1103.0621v2, arXiv:1405.0301[32m                [0m       }
 {       [32m                                                                            [0m       }
 {                                                                                          }
  ========================================================================================== 
 ===============================================================
 INFO: MadLoop read these parameters from ./MadLoop5_resources/MadLoopParams.dat                                                                                                                                                                                                                                                                                                                                                                                                                                                                                          
 ===============================================================
  > MLReductionLib            = 6|7|1
  > CTModeRun                 =           -1
  > MLStabThres               =    1.0000000000000000E-003
  > NRotations_DP             =            0
  > NRotations_QP             =            0
  > CTStabThres               =    1.0000000000000000E-002
  > CTLoopLibrary             =            2
  > CTModeInit                =            1
  > CheckCycle                =            3
  > MaxAttempts               =           10
  > UseLoopFilter             =  F
  > HelicityFilterLevel       =            2
  > ImprovePSPoint            =            2
  > DoubleCheckHelicityFilter =  T
  > LoopInitStartOver         =  F
  > HelInitStartOver          =  F
  > ZeroThres                 =    1.0000000000000001E-009
  > OSThres                   =    1.0000000000000000E-008
  > WriteOutFilters           =  T
  > UseQPIntegrandForNinja    =  T
  > UseQPIntegrandForCutTools =  T
  > IREGIMODE                 =            2
  > IREGIRECY                 =  T
  > COLLIERMode               =            1
  > COLLIERRequiredAccuracy   =    1.0000000000000000E-008
  > COLLIERCanOutput          =  F
  > COLLIERComputeUVpoles     =  T
  > COLLIERComputeIRpoles     =  T
  > COLLIERGlobalCache        =           -1
  > COLLIERUseCacheForPoles   =  F
  > COLLIERUseInternalStabilityTest =  T
 ===============================================================
  
------------------------------------------------------------------------
|              You are using CutTools - Version 1.9.3                  |
|              Authors: G. Ossola, C. Papadopoulos, R. Pittau          |
|              Published in JHEP 0803:042,2008                         |
|              http://www.ugr.es/~pittau/CutTools                      |
|                                                                      |
|              Compiler with  34  significant digits detetected        |
 ---------------------------------------------------------------------- 
   
########################################################################
#                                                                      #
#                      You are using OneLOop-3.6                       #
#                                                                      #
# for the evaluation of 1-loop scalar 1-, 2-, 3- and 4-point functions #
#                                                                      #
# author: Andreas van Hameren <hamerenREMOVETHIS@ifj.edu.pl>           #
#   date: 18-02-2015                                                   #
#                                                                      #
# Please cite                                                          #
#    A. van Hameren,                                                   #
#      Comput.Phys.Commun. 182 (2011) 2427-2438, arXiv:1007.4716       #
#    A. van Hameren, C.G. Papadopoulos and R. Pittau,                  #
#      JHEP 0909:106,2009, arXiv:0903.4665                             #
# in publications with results obtained with the help of this program. #
#                                                                      #
########################################################################
 PASSED   1.0000000000000001E-005
 MU_R    =    325.00000000000000     
 ALPHA_S =   0.11799999999999999     
 BORN                    3.2061999924737532E-009
 SINGLE POLE (MadFKS)   -1.8257591368036949E-011
 DOUBLE POLE (MadFKS)   -1.6056891767072176E-010
 SINGLE POLE (MadLoop)  -1.8257591368053079E-011
 DOUBLE POLE (MadLoop)  -1.6056891767071987E-010
 FINITE PART (MadLoop)   1.2789184608211965E-010
   325.00000000000000        0.0000000000000000        0.0000000000000000        325.00000000000000        0.0000000000000000     
   325.00000000000000        0.0000000000000000        0.0000000000000000       -325.00000000000000        0.0000000000000000     
   255.36473190427773        26.376024472120850       0.57926415241128870       -253.99204388647956        1.7769999999999999     
   219.10186276780490       -162.81816145516063       -19.852521116562247        145.25354468996522        1.7769999999999999     
   175.53340532791776        136.44213698303969        19.273256964151127        108.73849919651420        0.0000000000000000     

 PASSED   1.0000000000000001E-005
 MU_R    =    325.00000000000000     
 ALPHA_S =   0.11799999999999999     
 BORN                    1.8705288621229746E-008
 SINGLE POLE (MadFKS)   -1.0651659811280573E-010
 DOUBLE POLE (MadFKS)   -9.3677498461721890E-010
 SINGLE POLE (MadLoop)  -1.0651659811280408E-010
 DOUBLE POLE (MadLoop)  -9.3677498461715976E-010
 FINITE PART (MadLoop)   2.1040182208086930E-009
   325.00000000000000        0.0000000000000000        0.0000000000000000        325.00000000000000        0.0000000000000000     
   325.00000000000000        0.0000000000000000        0.0000000000000000       -325.00000000000000        0.0000000000000000     
   312.42729212520254       -31.604138763379591       -289.05928037051666        114.25220339402969        1.7769999999999999     
   162.39144219981281       -32.453128559106112        127.06185362836784       -95.759608238467152        1.7769999999999999     
   175.18126567498553        64.057267322485771        161.99742674214926       -18.492595155562793        0.0000000000000000     

 PASSED   1.0000000000000001E-005
 MU_R    =    325.00000000000000     
 ALPHA_S =   0.11799999999999999     
 BORN                    5.7168361499310127E-007
 SINGLE POLE (MadFKS)   -3.2554319315225181E-009
 DOUBLE POLE (MadFKS)   -2.8630347303663820E-008
 SINGLE POLE (MadLoop)  -3.2554319315289763E-009
 DOUBLE POLE (MadLoop)  -2.8630347303665620E-008
 FINITE PART (MadLoop)   2.8744232647937333E-007
   325.00000000000000        0.0000000000000000        0.0000000000000000        325.00000000000000        0.0000000000000000     
   325.00000000000000        0.0000000000000000        0.0000000000000000       -325.00000000000000        0.0000000000000000     
   107.26574874995909        38.217534682140787       -72.387747756601740        69.298031309953586        1.7769999999999999     
   240.08683253021871       -54.172571524892334        37.337094967545099        230.88915795064537        1.7769999999999999     
   302.64741871982210        15.955036842751475        35.050652789056308       -300.18718926059915        0.0000000000000000     

 PASSED   1.0000000000000001E-005
 MU_R    =    325.00000000000000     
 ALPHA_S =   0.11799999999999999     
 BORN                    4.2467131746189070E-009
 SINGLE POLE (MadFKS)   -2.4182756528431502E-011
 DOUBLE POLE (MadFKS)   -2.1267860386352205E-010
 SINGLE POLE (MadLoop)  -2.4182756528429712E-011
 DOUBLE POLE (MadLoop)  -2.1267860386352190E-010
 FINITE PART (MadLoop)   4.8143208112562275E-010
   325.00000000000000        0.0000000000000000        0.0000000000000000        325.00000000000000        0.0000000000000000     
   325.00000000000000        0.0000000000000000        0.0000000000000000       -325.00000000000000        0.0000000000000000     
   222.80562926710036        10.300279004152243        217.67941054729584        46.354818307560976        1.7769999999999999     
   217.29325794123378       -183.51893456435843       -99.878781225464977       -59.650917302200476        1.7769999999999999     
   209.90111279166666        173.21865556020623       -117.80062932183088        13.296098994639493        0.0000000000000000     

 PASSED   1.0000000000000001E-005
 MU_R    =    325.00000000000000     
 ALPHA_S =   0.11799999999999999     
 BORN                    1.9470031712301119E-008
 SINGLE POLE (MadFKS)   -1.1087140033696069E-010
 DOUBLE POLE (MadFKS)   -9.7507389632507852E-010
 SINGLE POLE (MadLoop)  -1.1087140033696607E-010
 DOUBLE POLE (MadLoop)  -9.7507389632506570E-010
 FINITE PART (MadLoop)   2.0688115981244967E-009
   325.00000000000000        0.0000000000000000        0.0000000000000000        325.00000000000000        0.0000000000000000     
   325.00000000000000        0.0000000000000000        0.0000000000000000       -325.00000000000000        0.0000000000000000     
   277.59202212295577       -3.9617364541813664       -275.50044338486344       -33.734008897890909        1.7769999999999999     
   238.13011732018319        117.90453218606881        206.01944733978544        18.902477449210640        1.7769999999999999     
   134.27786055686124       -113.94279573188734        69.480996045077660        14.831531448679725        0.0000000000000000     

 PASSED   1.0000000000000001E-005
 MU_R    =    325.00000000000000     
 ALPHA_S =   0.11799999999999999     
 BORN                    3.3650009699774873E-009
 SINGLE POLE (MadFKS)   -1.9161877863862104E-011
 DOUBLE POLE (MadFKS)   -1.6852179058653567E-010
 SINGLE POLE (MadLoop)  -1.9161877863859090E-011
 DOUBLE POLE (MadLoop)  -1.6852179058653502E-010
 FINITE PART (MadLoop)   3.9651614031301100E-010
   325.00000000000000        0.0000000000000000        0.0000000000000000        325.00000000000000        0.0000000000000000     
   325.00000000000000        0.0000000000000000        0.0000000000000000       -325.00000000000000        0.0000000000000000     
   192.36800457126466       -151.91312892576701       -30.113185972263224       -114.09596287473660        1.7769999999999999     
   216.88743024754240        60.707149707620360       -190.61305572924448        83.775322322979207        1.7769999999999999     
   240.74456518119422        91.205979218146638        220.72624170150772        30.320640551757410        0.0000000000000000     

 PASSED   1.0000000000000001E-005
 MU_R    =    325.00000000000000     
 ALPHA_S =   0.11799999999999999     
 BORN                    1.1006330362193821E-008
 SINGLE POLE (MadFKS)   -6.2675155226206560E-011
 DOUBLE POLE (MadFKS)   -5.5120533900953541E-010
 SINGLE POLE (MadLoop)  -6.2675155226204958E-011
 DOUBLE POLE (MadLoop)  -5.5120533900953758E-010
 FINITE PART (MadLoop)   1.4386262459644154E-009
   325.00000000000000        0.0000000000000000        0.0000000000000000        325.00000000000000        0.0000000000000000     
   325.00000000000000        0.0000000000000000        0.0000000000000000       -325.00000000000000        0.0000000000000000     
   78.459398632195274       -55.103320559546844        12.402358469227416        54.429082965252420        1.7769999999999999     
   288.42175651800648        25.703661170059753       -287.18024068871279        7.1262237096472418        1.7769999999999999     
   283.11884484979822        29.399659389487095        274.77788221948538       -61.555306674899683        0.0000000000000000     

 PASSED   1.0000000000000001E-005
 MU_R    =    325.00000000000000     
 ALPHA_S =   0.11799999999999999     
 BORN                    8.0956154807094897E-009
 SINGLE POLE (MadFKS)   -4.6100193271321286E-011
 DOUBLE POLE (MadFKS)   -4.0543453891437309E-010
 SINGLE POLE (MadLoop)  -4.6100193271326255E-011
 DOUBLE POLE (MadLoop)  -4.0543453891436978E-010
 FINITE PART (MadLoop)   1.0043654299776041E-009
   325.00000000000000        0.0000000000000000        0.0000000000000000        325.00000000000000        0.0000000000000000     
   325.00000000000000        0.0000000000000000        0.0000000000000000       -325.00000000000000        0.0000000000000000     
   109.12095292101372       -10.594539383912206       -52.409122930817837        95.106593915749343        1.7769999999999999     
   240.05440267830721        68.837936715796971       -229.80013781379483       -8.7288971646881137        1.7769999999999999     
   300.82464440068543       -58.243397331884729        282.20926074461266       -86.377696751061237        0.0000000000000000     

 PASSED   1.0000000000000001E-005
 MU_R    =    325.00000000000000     
 ALPHA_S =   0.11799999999999999     
 BORN                    9.1436562101219927E-009
 SINGLE POLE (MadFKS)   -5.2068223780831217E-011
 DOUBLE POLE (MadFKS)   -4.5792121036082902E-010
 SINGLE POLE (MadLoop)  -5.2068223780739516E-011
 DOUBLE POLE (MadLoop)  -4.5792121036083130E-010
 FINITE PART (MadLoop)   9.9954108947664111E-010
   325.00000000000000        0.0000000000000000        0.0000000000000000        325.00000000000000        0.0000000000000000     
   325.00000000000000        0.0000000000000000        0.0000000000000000       -325.00000000000000        0.0000000000000000     
   43.476145222037644        10.771100186856261       -33.899188875597986        24.936837584363928        1.7769999999999999     
   301.09402503677501       -134.71949358588228       -192.39075247749957       -188.39031448816837        1.7769999999999999     
   305.42982974118735        123.94839339902599        226.28994135309762        163.45347690380444        0.0000000000000000     

 PASSED   1.0000000000000001E-005
 MU_R    =    325.00000000000000     
 ALPHA_S =   0.11799999999999999     
 BORN                    1.0011440531626525E-008
 SINGLE POLE (MadFKS)   -5.7009790612223578E-011
 DOUBLE POLE (MadFKS)   -5.0138050472883164E-010
 SINGLE POLE (MadLoop)  -5.7009790612224774E-011
 DOUBLE POLE (MadLoop)  -5.0138050472883174E-010
 FINITE PART (MadLoop)   8.3451507296806196E-010
   325.00000000000000        0.0000000000000000        0.0000000000000000        325.00000000000000        0.0000000000000000     
   325.00000000000000        0.0000000000000000        0.0000000000000000       -325.00000000000000        0.0000000000000000     
   287.96557621424398        133.16249665107725        252.18330786645589       -39.904186178716905        1.7769999999999999     
   78.082612464254652       -72.855675242268035        18.512882599839518       -21.049000049425384        1.7769999999999999     
   283.95181132150122       -60.306821408809270       -270.69619046629538        60.953186228142272        0.0000000000000000     

 PASSED   1.0000000000000001E-005
 MU_R    =    325.00000000000000     
 ALPHA_S =   0.11799999999999999     
 BORN                    2.9776038174297548E-009
 SINGLE POLE (MadFKS)   -1.6955858612112124E-011
 DOUBLE POLE (MadFKS)   -1.4912064853696710E-010
 SINGLE POLE (MadLoop)  -1.6955858612117872E-011
 DOUBLE POLE (MadLoop)  -1.4912064853696673E-010
 FINITE PART (MadLoop)   3.3810709669129150E-010
   325.00000000000000        0.0000000000000000        0.0000000000000000        325.00000000000000        0.0000000000000000     
   325.00000000000000        0.0000000000000000        0.0000000000000000       -325.00000000000000        0.0000000000000000     
   213.45353908811549        119.03352150703762       -132.49142362497545        117.62779877096469        1.7769999999999999     
   212.38555760267221        20.449680015414984       -16.228283225364983       -210.76745659617964        1.7769999999999999     
   224.16090330921321       -139.48320152245262        148.71970685034046        93.139657825214968        0.0000000000000000     

 PASSED   1.0000000000000001E-005
 MU_R    =    325.00000000000000     
 ALPHA_S =   0.11799999999999999     
 BORN                    1.1894523164748433E-008
 SINGLE POLE (MadFKS)   -6.7732937424178778E-011
 DOUBLE POLE (MadFKS)   -5.9568670552562814E-010
 SINGLE POLE (MadLoop)  -6.7732937424176257E-011
 DOUBLE POLE (MadLoop)  -5.9568670552562152E-010
 FINITE PART (MadLoop)   9.3979757142475588E-010
   325.00000000000000        0.0000000000000000        0.0000000000000000        325.00000000000000        0.0000000000000000     
   325.00000000000000        0.0000000000000000        0.0000000000000000       -325.00000000000000        0.0000000000000000     
   196.51821626823838       -15.735757788358057       -50.297731650277505       -189.31131956096266        1.7769999999999999     
   288.22150441395058        5.6693512358002049       -91.753900793232489        273.16214602948133        1.7769999999999999     
   165.26027931781144        10.066406552557773        142.05163244351007       -83.850826468518662        0.0000000000000000     

 PASSED   1.0000000000000001E-005
 MU_R    =    325.00000000000000     
 ALPHA_S =   0.11799999999999999     
 BORN                    1.2188277026928806E-008
 SINGLE POLE (MadFKS)   -6.9405708302808178E-011
 DOUBLE POLE (MadFKS)   -6.1039812085299980E-010
 SINGLE POLE (MadLoop)  -6.9405708302768551E-011
 DOUBLE POLE (MadLoop)  -6.1039812085299783E-010
 FINITE PART (MadLoop)   1.7343955089326742E-009
   325.00000000000000        0.0000000000000000        0.0000000000000000        325.00000000000000        0.0000000000000000     
   325.00000000000000        0.0000000000000000        0.0000000000000000       -325.00000000000000        0.0000000000000000     
   168.29280266479773       -7.3051800618989695       -137.43365457441269       -96.839736856090298        1.7769999999999999     
   216.31807934504656        99.455652113197274        118.34691391947050       -151.30411412452068        1.7769999999999999     
   265.38911799015762       -92.150472051298365        19.086740654942176        248.14385098061103        0.0000000000000000     

 PASSED   1.0000000000000001E-005
 MU_R    =    325.00000000000000     
 ALPHA_S =   0.11799999999999999     
 BORN                    1.1245440218120200E-007
 SINGLE POLE (MadFKS)   -6.4036757762486865E-010
 DOUBLE POLE (MadFKS)   -5.6318014122419016E-009
 SINGLE POLE (MadLoop)  -6.4036757762558664E-010
 DOUBLE POLE (MadLoop)  -5.6318014122419736E-009
 FINITE PART (MadLoop)   2.1200881230118382E-008
   325.00000000000000        0.0000000000000000        0.0000000000000000        325.00000000000000        0.0000000000000000     
   325.00000000000000        0.0000000000000000        0.0000000000000000       -325.00000000000000        0.0000000000000000     
   257.90069389812624        144.19389214688235       -213.16739096266414       -16.655181831462819        1.7769999999999999     
   258.42061833269759       -129.00014426382074        192.40859686337942       -114.52490071348147        1.7769999999999999     
   133.67868776917638       -15.193747883061539        20.758794099284756        131.18008254494436        0.0000000000000000     

 PASSED   1.0000000000000001E-005
 MU_R    =    325.00000000000000     
 ALPHA_S =   0.11799999999999999     
 BORN                    4.8340194305011345E-009
 SINGLE POLE (MadFKS)   -2.7527151030633552E-011
 DOUBLE POLE (MadFKS)   -2.4209134482466633E-010
 SINGLE POLE (MadLoop)  -2.7527151030589570E-011
 DOUBLE POLE (MadLoop)  -2.4209134482466949E-010
 FINITE PART (MadLoop)   5.9748032431087272E-010
   325.00000000000000        0.0000000000000000        0.0000000000000000        325.00000000000000        0.0000000000000000     
   325.00000000000000        0.0000000000000000        0.0000000000000000       -325.00000000000000        0.0000000000000000     
   263.03985892755770       -122.04058097622411        168.16183392061521        161.29012326571805        1.7769999999999999     
   83.457580236371868        24.275144609698302        78.579935350729798       -14.068442854979178        1.7769999999999999     
   303.50256083607042        97.765436366525776       -246.74176927134491       -147.22168041073886        0.0000000000000000     

 PASSED   1.0000000000000001E-005
 MU_R    =    325.00000000000000     
 ALPHA_S =   0.11799999999999999     
 BORN                    1.2113021302784889E-004
 SINGLE POLE (MadFKS)   -6.8977167268952219E-007
 DOUBLE POLE (MadFKS)   -6.0662925733772294E-006
 SINGLE POLE (MadLoop)  -6.8977167269298020E-007
 DOUBLE POLE (MadLoop)  -6.0662925733778003E-006
 FINITE PART (MadLoop)   1.2864181562033536E-005
   325.00000000000000        0.0000000000000000        0.0000000000000000        325.00000000000000        0.0000000000000000     
   325.00000000000000        0.0000000000000000        0.0000000000000000       -325.00000000000000        0.0000000000000000     
   321.19603521147525       -19.782506378463999        312.40358138218511       -71.947133977259881        1.7769999999999999     
   323.64258844309887        19.970730363977133       -313.72582647169770        76.932717737829890        1.7769999999999999     
   5.1613763454259365      -0.18822398551321870        1.3222450895126319       -4.9855837605700373        0.0000000000000000     

 PASSED   1.0000000000000001E-005
 MU_R    =    325.00000000000000     
 ALPHA_S =   0.11799999999999999     
 BORN                    2.5906025010816198E-009
 SINGLE POLE (MadFKS)   -1.4752093435466074E-011
 DOUBLE POLE (MadFKS)   -1.2973933026329944E-010
 SINGLE POLE (MadLoop)  -1.4752093435467295E-011
 DOUBLE POLE (MadLoop)  -1.2973933026329838E-010
 FINITE PART (MadLoop)   1.6783099160068265E-010
   325.00000000000000        0.0000000000000000        0.0000000000000000        325.00000000000000        0.0000000000000000     
   325.00000000000000        0.0000000000000000        0.0000000000000000       -325.00000000000000        0.0000000000000000     
   202.57243915934126        108.90697224130803        4.8582738465872515       -170.72815804789659        1.7769999999999999     
   227.32136889213140       -148.79229193772323        167.25922797591957        39.459492429720790        1.7769999999999999     
   220.10619194852822        39.885319696415060       -172.11750182250697        131.26866561817582        0.0000000000000000     

 PASSED   1.0000000000000001E-005
 MU_R    =    325.00000000000000     
 ALPHA_S =   0.11799999999999999     
 BORN                    8.0455660153294403E-007
 SINGLE POLE (MadFKS)   -4.5815188377914012E-009
 DOUBLE POLE (MadFKS)   -4.0292802387946032E-008
 SINGLE POLE (MadLoop)  -4.5815188377916982E-009
 DOUBLE POLE (MadLoop)  -4.0292802387949003E-008
 FINITE PART (MadLoop)   8.0363599273057739E-008
   325.00000000000000        0.0000000000000000        0.0000000000000000        325.00000000000000        0.0000000000000000     
   325.00000000000000        0.0000000000000000        0.0000000000000000       -325.00000000000000        0.0000000000000000     
   322.97154631016633       -14.297169827392969       -283.33239594736892       -154.35610236926181        1.7769999999999999     
   247.11285556997353        23.704734264129620        206.89420823082406        133.02059176290689        1.7769999999999999     
   79.915598119860221       -9.4075644367372604        76.438187716544959        21.335510606354795        0.0000000000000000     

 PASSED   1.0000000000000001E-005
 MU_R    =    325.00000000000000     
 ALPHA_S =   0.11799999999999999     
 BORN                    1.3824473070381859E-008
 SINGLE POLE (MadFKS)   -7.8722968245884150E-011
 DOUBLE POLE (MadFKS)   -6.9234005473456958E-010
 SINGLE POLE (MadLoop)  -7.8722968245869325E-011
 DOUBLE POLE (MadLoop)  -6.9234005473455862E-010
 FINITE PART (MadLoop)   1.4351174989725450E-009
Thanks for using LHAPDF 6.2.1. Please make sure to cite the paper:
  Eur.Phys.J. C75 (2015) 3, 132  (http://arxiv.org/abs/1412.7420)
   325.00000000000000        0.0000000000000000        0.0000000000000000        325.00000000000000        0.0000000000000000     
   325.00000000000000        0.0000000000000000        0.0000000000000000       -325.00000000000000        0.0000000000000000     
   129.24734530071149       -3.7236096530821090        100.69996256568764        80.915825452762562        1.7769999999999999     
   293.17586422118507        149.51481212076877       -252.09917776691137        6.3446953100388832        1.7769999999999999     
   227.57679047810601       -145.79120246768667        151.39921520122374       -87.260520762801434        0.0000000000000000     

 PASSED   1.0000000000000001E-005
 MU_R    =    325.00000000000000     
 ALPHA_S =   0.11799999999999999     
 BORN                    1.3916422511240891E-007
 SINGLE POLE (MadFKS)   -7.9246571053464444E-010
 DOUBLE POLE (MadFKS)   -6.9694495219381116E-009
 SINGLE POLE (MadLoop)  -7.9246571053456523E-010
 DOUBLE POLE (MadLoop)  -6.9694495219380760E-009
 FINITE PART (MadLoop)   1.2631780944633968E-008
   325.00000000000000        0.0000000000000000        0.0000000000000000        325.00000000000000        0.0000000000000000     
   325.00000000000000        0.0000000000000000        0.0000000000000000       -325.00000000000000        0.0000000000000000     
   118.67160884011547       -94.112728377410718        7.5930672952879057       -71.867466228539797        1.7769999999999999     
   320.30395386963704        229.56970415031873        77.557929842981750        209.46117442220361        1.7769999999999999     
   211.02443729025063       -135.45697577290804       -85.150997138269631       -137.59370819366387        0.0000000000000000     

 NUMBER OF POINTS PASSING THE CHECK          20
 NUMBER OF POINTS FAILING THE CHECK           0
 TOLERANCE    1.0000000000000001E-005
