==== LHAPDF6 USING DEFAULT-TYPE LHAGLUE INTERFACE ====
LHAPDF 6.2.1 loading /cvmfs/cms.cern.ch/slc6_amd64_gcc481/external/lhapdf/6.2.1/share/LHAPDF/NNPDF31_nnlo_as_0118_nf_4/NNPDF31_nnlo_as_0118_nf_4_0000.dat
NNPDF31_nnlo_as_0118_nf_4 PDF set, member #0, version 1; LHAPDF ID = 320900
 A PDF is used, so alpha_s(MZ) is going to be modified
 Old value of alpha_s from param_card:   0.11799999999999999     
 New value of alpha_s from PDF lhapdf :  0.11800240511781991     
 using LHAPDF
WARNING: the value of maxjetflavorspecified in the run_card (  4) is inconsistent with the number of light flavours inthe model. Hence it will be set to:  5
 *****************************************************
 *               MadGraph/MadEvent                   *
 *        --------------------------------           *
 *          http://madgraph.hep.uiuc.edu             *
 *          http://madgraph.phys.ucl.ac.be           *
 *          http://madgraph.roma2.infn.it            *
 *        --------------------------------           *
 *                                                   *
 *          PARAMETER AND COUPLING VALUES            *
 *                                                   *
 *****************************************************

  External Params
  ---------------------------------
  
 MU_R =    91.188000000000002     
 aEWM1 =    132.50700000000001     
 mdl_Gf =    1.1663900000000000E-005
 aS =   0.11799999999999999     
 mdl_ymt =    173.00000000000000     
 mdl_ymtau =    1.7769999999999999     
 mdl_MT =    173.00000000000000     
 mdl_MZ =    91.188000000000002     
 mdl_MH =    125.00000000000000     
 mdl_MTA =    1.7769999999999999     
 mdl_WT =    1.4915000000000000     
 mdl_WZ =    2.4414039999999999     
 mdl_WW =    2.0476000000000001     
 mdl_WH =    6.3823389999999999E-003
  Internal Params
  ---------------------------------
  
 mdl_conjg__CKM3x3 =    1.0000000000000000     
 mdl_CKM22 =    1.0000000000000000     
 mdl_I4x33 =    0.0000000000000000     
 mdl_I1x33 =    0.0000000000000000     
 mdl_lhv =    1.0000000000000000     
 mdl_CKM3x3 =    1.0000000000000000     
 mdl_conjg__CKM22 =    1.0000000000000000     
 mdl_conjg__CKM33 =    1.0000000000000000     
 mdl_Ncol =    3.0000000000000000     
 mdl_CA =    3.0000000000000000     
 mdl_TF =   0.50000000000000000     
 mdl_CF =    1.3333333333333333     
 mdl_complexi =  (  0.0000000000000000     ,  1.0000000000000000     )
 mdl_MZ__exp__2 =    8315.2513440000002     
 mdl_MZ__exp__4 =    69143404.913893804     
 mdl_sqrt__2 =    1.4142135623730951     
 mdl_MH__exp__2 =    15625.000000000000     
 mdl_Ncol__exp__2 =    9.0000000000000000     
 mdl_MT__exp__2 =    29929.000000000000     
 mdl_aEW =    7.5467711139788835E-003
 mdl_MW =    80.419002445756163     
 mdl_sqrt__aEW =    8.6872153846781555E-002
 mdl_ee =   0.30795376724436879     
 mdl_MW__exp__2 =    6467.2159543705357     
 mdl_sw2 =   0.22224648578577766     
 mdl_cw =   0.88190334743339216     
 mdl_sqrt__sw2 =   0.47143025548407230     
 mdl_sw =   0.47143025548407230     
 mdl_g1 =   0.34919219678733299     
 mdl_gw =   0.65323293034757990     
 mdl_v =    246.21845810181637     
 mdl_v__exp__2 =    60623.529110035903     
 mdl_lam =   0.12886910601690263     
 mdl_yt =   0.99366614581500623     
 mdl_ytau =    1.0206617000654717E-002
 mdl_muH =    88.388347648318430     
 mdl_AxialZUp =  -0.18517701861793787     
 mdl_AxialZDown =   0.18517701861793787     
 mdl_VectorZUp =    7.5430507588273299E-002
 mdl_VectorZDown =  -0.13030376310310560     
 mdl_VectorAUp =   0.20530251149624587     
 mdl_VectorADown =  -0.10265125574812294     
 mdl_VectorWmDxU =   0.23095271737156670     
 mdl_AxialWmDxU =  -0.23095271737156670     
 mdl_VectorWpUxD =   0.23095271737156670     
 mdl_AxialWpUxD =  -0.23095271737156670     
 mdl_I2x33 =  ( 0.99366614581500623     ,  0.0000000000000000     )
 mdl_I3x33 =  ( 0.99366614581500623     ,  0.0000000000000000     )
 mdl_Vector_tbGp =  (-0.99366614581500623     ,  0.0000000000000000     )
 mdl_Axial_tbGp =  (-0.99366614581500623     , -0.0000000000000000     )
 mdl_Vector_tbGm =  ( 0.99366614581500623     ,  0.0000000000000000     )
 mdl_Axial_tbGm =  (-0.99366614581500623     ,  0.0000000000000000     )
 mdl_gw__exp__2 =   0.42671326129048615     
 mdl_cw__exp__2 =   0.77775351421422245     
 mdl_ee__exp__2 =    9.4835522759998875E-002
 mdl_sw__exp__2 =   0.22224648578577769     
 mdl_yt__exp__2 =   0.98737240933884918     
  Internal Params evaluated point by point
  ----------------------------------------
  
 mdl_sqrt__aS =   0.34351128074635334     
 mdl_G__exp__4 =    2.1987899468922913     
 mdl_G__exp__2 =    1.4828317324943823     
 mdl_R2MixedFactor_FIN_ =   -2.5040377713124864E-002
 mdl_G_UVg_1EPS_ =   -5.1645779033320030E-002
 mdl_G_UVq_1EPS_ =    3.1300472141406080E-003
 mdl_GWcft_UV_t_1EPS_ =   -3.1300472141406080E-003
 mdl_tWcft_UV_1EPS_ =   -1.8780283284843650E-002
 mdl_G__exp__3 =    1.8056676068262196     
 mdl_MU_R__exp__2 =    8315.2513440000002     
 mdl_G_UVt_FIN_ =   -4.0087659331150384E-003
 mdl_GWcft_UV_t_FIN_ =    4.0087659331150384E-003
 mdl_tWcft_UV_FIN_ =   -9.8778211443463623E-004
  Couplings of loop_sm-no_b_mass
  ---------------------------------
  
      UV_GQQt =   0.00000E+00  -0.48815E-02
   UVWfct_G_2 =   0.40088E-02   0.00000E+00
       R2_DDA =   0.00000E+00   0.25704E-02
       R2_UUA =  -0.00000E+00  -0.51409E-02
    R2_DDZ_V2 =   0.00000E+00   0.72127E-02
    R2_UUZ_V2 =  -0.00000E+00  -0.72127E-02
    R2_UUZ_V5 =   0.00000E+00   0.68702E-03
      R2_GGHt =   0.00000E+00  -0.45657E+01
     R2_GGZup =  -0.46369E-02   0.00000E+00
   R2_GGZdown =   0.46369E-02   0.00000E+00
    R2_GGZAup =   0.00000E+00   0.19389E-03
  R2_GGZAdown =   0.00000E+00   0.16747E-03
  R2_GGAAdown =   0.00000E+00   0.13193E-03
    R2_GGAAup =   0.00000E+00   0.52771E-03
         GC_4 =  -0.12177E+01   0.00000E+00
         GC_5 =   0.00000E+00   0.12177E+01
       R2_GQQ =  -0.00000E+00  -0.30492E-01
       R2_QQq =   0.00000E+00   0.12520E-01
 UV_GQQg_1eps =   0.00000E+00  -0.62890E-01
 UV_GQQq_1eps =   0.00000E+00   0.38115E-02
 UVWfct_G_2_1eps -0.31300E-02   0.00000E+00
         GC_1 =  -0.00000E+00  -0.10265E+00
         GC_2 =   0.00000E+00   0.20530E+00
        GC_21 =  -0.00000E+00  -0.28804E+00
        GC_22 =   0.00000E+00   0.28804E+00
        GC_23 =  -0.00000E+00  -0.27437E-01
        GC_24 =   0.00000E+00   0.82310E-01
        GC_37 =  -0.00000E+00  -0.70263E+00
        GC_38 =  -0.00000E+00  -0.72172E-02
      GC_1003 =  -0.00000E+00  -0.30795E+00

 Collider parameters:
 --------------------

 Running at P P   machine @    13000.000000000000       GeV
 PDF set = lhapdf 
 alpha_s(Mz)= 0.1180 running at 3 loops.
 alpha_s(Mz)= 0.1180 running at 3 loops.
 Renormalization scale set on event-by-event basis
 Factorization   scale set on event-by-event basis


 ===============================================================
 INFO: MadFKS read these parameters from FKS_params.dat
 ===============================================================
  > IRPoleCheckThreshold      =    1.0000000000000001E-005
  > PrecisionVirtualAtRunTime =    1.0000000000000000E-003
  > NHelForMCoverHels         =            4
  > VirtualFraction           =    1.0000000000000000     
  > MinVirtualFraction        =    5.0000000000000001E-003
 ===============================================================
  Insert the number of points to test
 Insert the relative tolerance
  A negative number will mean use the default one:    1.0000000000000001E-005
Using random seed offsets:     1 ,      2 ,      0
  with seed                   32
 Ranmar initialization seeds       10730        9408
  ========================================================================================== 
 {                                                                                          }
 {       [32m                                                                            [0m       }
 {       [32m                               ,,                                           [0m       }
 {       [32m`7MMM.     ,MMF'             `7MM  `7MMF'                                   [0m       }
 {       [32m  MMMb    dPMM                 MM    MM                                     [0m       }
 {       [32m  M YM   ,M MM   ,6"Yb.   ,M""bMM    MM         ,pW"Wq.   ,pW"Wq.`7MMpdMAo. [0m       }
 {       [32m  M  Mb  M' MM  8)   MM ,AP    MM    MM        6W'   `Wb 6W'   `Wb MM   `Wb [0m       }
 {       [32m  M  YM.P'  MM   ,pm9MM 8MI    MM    MM      , 8M     M8 8M     M8 MM    M8 [0m       }
 {       [32m  M  `YM'   MM  8M   MM `Mb    MM    MM     ,M YA.   ,A9 YA.   ,A9 MM   ,AP [0m       }
 {       [32m.JML. `'  .JMML.`Moo9^Yo.`Wbmd"MML..JMMmmmmMMM  `Ybmd9'   `Ybmd9'  MMbmmd'  [0m       }
 {       [32m                                                                   MM       [0m       }
 {       [32m                                                                 .JMML.     [0m       }
 {       [32m[0mv2.6.1 (2017-12-12), Ref: arXiv:1103.0621v2, arXiv:1405.0301[32m                [0m       }
 {       [32m                                                                            [0m       }
 {                                                                                          }
  ========================================================================================== 
 ===============================================================
 INFO: MadLoop read these parameters from ./MadLoop5_resources/MadLoopParams.dat                                                                                                                                                                                                                                                                                                                                                                                                                                                                                          
 ===============================================================
  > MLReductionLib            = 6|7|1
  > CTModeRun                 =           -1
  > MLStabThres               =    1.0000000000000000E-003
  > NRotations_DP             =            0
  > NRotations_QP             =            0
  > CTStabThres               =    1.0000000000000000E-002
  > CTLoopLibrary             =            2
  > CTModeInit                =            1
  > CheckCycle                =            3
  > MaxAttempts               =           10
  > UseLoopFilter             =  F
  > HelicityFilterLevel       =            2
  > ImprovePSPoint            =            2
  > DoubleCheckHelicityFilter =  T
  > LoopInitStartOver         =  F
  > HelInitStartOver          =  F
  > ZeroThres                 =    1.0000000000000001E-009
  > OSThres                   =    1.0000000000000000E-008
  > WriteOutFilters           =  T
  > UseQPIntegrandForNinja    =  T
  > UseQPIntegrandForCutTools =  T
  > IREGIMODE                 =            2
  > IREGIRECY                 =  T
  > COLLIERMode               =            1
  > COLLIERRequiredAccuracy   =    1.0000000000000000E-008
  > COLLIERCanOutput          =  F
  > COLLIERComputeUVpoles     =  T
  > COLLIERComputeIRpoles     =  T
  > COLLIERGlobalCache        =           -1
  > COLLIERUseCacheForPoles   =  F
  > COLLIERUseInternalStabilityTest =  T
 ===============================================================
  
------------------------------------------------------------------------
|              You are using CutTools - Version 1.9.3                  |
|              Authors: G. Ossola, C. Papadopoulos, R. Pittau          |
|              Published in JHEP 0803:042,2008                         |
|              http://www.ugr.es/~pittau/CutTools                      |
|                                                                      |
|              Compiler with  34  significant digits detetected        |
 ---------------------------------------------------------------------- 
   
########################################################################
#                                                                      #
#                      You are using OneLOop-3.6                       #
#                                                                      #
# for the evaluation of 1-loop scalar 1-, 2-, 3- and 4-point functions #
#                                                                      #
# author: Andreas van Hameren <hamerenREMOVETHIS@ifj.edu.pl>           #
#   date: 18-02-2015                                                   #
#                                                                      #
# Please cite                                                          #
#    A. van Hameren,                                                   #
#      Comput.Phys.Commun. 182 (2011) 2427-2438, arXiv:1007.4716       #
#    A. van Hameren, C.G. Papadopoulos and R. Pittau,                  #
#      JHEP 0909:106,2009, arXiv:0903.4665                             #
# in publications with results obtained with the help of this program. #
#                                                                      #
########################################################################
 PASSED   1.0000000000000001E-005
 MU_R    =    325.00000000000000     
 ALPHA_S =   0.11799999999999999     
 BORN                    1.2751960763909705E-007
 SINGLE POLE (MadFKS)   -7.2615585214655212E-010
 DOUBLE POLE (MadFKS)   -6.3862782822249469E-009
 SINGLE POLE (MadLoop)  -7.2615585214658262E-010
 DOUBLE POLE (MadLoop)  -6.3862782822249502E-009
 FINITE PART (MadLoop)   1.3571956835917410E-008
   325.00000000000000        0.0000000000000000        0.0000000000000000        325.00000000000000        0.0000000000000000     
   325.00000000000000        0.0000000000000000        0.0000000000000000       -325.00000000000000        0.0000000000000000     
   281.42855515584318       -25.155845912030024       -190.82729858292754        205.30708575228948        1.7769999999999999     
   160.36287897481503        79.206324811809949       0.85726377616859561       -139.42280456480319        1.7769999999999999     
   208.20856586934298       -54.050478899779918        189.97003480675897       -65.884281187486337        0.0000000000000000     

 PASSED   1.0000000000000001E-005
 MU_R    =    325.00000000000000     
 ALPHA_S =   0.11799999999999999     
 BORN                    2.2729109045664309E-007
 SINGLE POLE (MadFKS)   -1.2943009983451318E-009
 DOUBLE POLE (MadFKS)   -1.1382909511724747E-008
 SINGLE POLE (MadLoop)  -1.2943009983453038E-009
 DOUBLE POLE (MadLoop)  -1.1382909511724914E-008
 FINITE PART (MadLoop)   3.3551906540860896E-008
   325.00000000000000        0.0000000000000000        0.0000000000000000        325.00000000000000        0.0000000000000000     
   325.00000000000000        0.0000000000000000        0.0000000000000000       -325.00000000000000        0.0000000000000000     
   229.23637176705807        167.27943730200644        69.059444436853397        140.69306806634822        1.7769999999999999     
   107.38520486916077        2.7491753612163854        31.273140655507923        102.67841644749750        1.7769999999999999     
   313.37842336378117       -170.02861266322282       -100.33258509236136       -243.37148451384570        0.0000000000000000     

 PASSED   1.0000000000000001E-005
 MU_R    =    325.00000000000000     
 ALPHA_S =   0.11799999999999999     
 BORN                    3.3793587416338897E-008
 SINGLE POLE (MadFKS)   -1.9243637681862628E-010
 DOUBLE POLE (MadFKS)   -1.6924083863732589E-009
 SINGLE POLE (MadLoop)  -1.9243637681857807E-010
 DOUBLE POLE (MadLoop)  -1.6924083863732680E-009
 FINITE PART (MadLoop)   2.7365113592993453E-009
   325.00000000000000        0.0000000000000000        0.0000000000000000        325.00000000000000        0.0000000000000000     
   325.00000000000000        0.0000000000000000        0.0000000000000000       -325.00000000000000        0.0000000000000000     
   102.08100281270676        97.008042110700558        31.393312085436584       -4.6122801739242494        1.7769999999999999     
   298.25119213473232       -111.60897330151941       -259.15182026016424       -96.614631475844689        1.7769999999999999     
   249.66780505256702        14.600931190818853        227.75850817472764        101.22691164976894        0.0000000000000000     

 PASSED   1.0000000000000001E-005
 MU_R    =    325.00000000000000     
 ALPHA_S =   0.11799999999999999     
 BORN                    7.6262859998988145E-007
 SINGLE POLE (MadFKS)   -4.3427613301971915E-009
 DOUBLE POLE (MadFKS)   -3.8193016397156492E-008
 SINGLE POLE (MadLoop)  -4.3427613301972941E-009
 DOUBLE POLE (MadLoop)  -3.8193016397156168E-008
 FINITE PART (MadLoop)   8.1711438867815467E-008
   325.00000000000000        0.0000000000000000        0.0000000000000000        325.00000000000000        0.0000000000000000     
   325.00000000000000        0.0000000000000000        0.0000000000000000       -325.00000000000000        0.0000000000000000     
   206.55698546587629       -118.81794117010288       -127.93048023141252        110.35723628112645        1.7769999999999999     
   320.74168694363442        165.44820281900925        238.30779119234469       -136.77851021061105        1.7769999999999999     
   122.70132759048958       -46.630261648906391       -110.37731096093215        26.421273929484638        0.0000000000000000     

 PASSED   1.0000000000000001E-005
 MU_R    =    325.00000000000000     
 ALPHA_S =   0.11799999999999999     
 BORN                    6.9597362827123920E-009
 SINGLE POLE (MadFKS)   -3.9631969739050718E-011
 DOUBLE POLE (MadFKS)   -3.4854885060571577E-010
 SINGLE POLE (MadLoop)  -3.9631969739049335E-011
 DOUBLE POLE (MadLoop)  -3.4854885060571536E-010
 FINITE PART (MadLoop)   6.3104651386808025E-010
   325.00000000000000        0.0000000000000000        0.0000000000000000        325.00000000000000        0.0000000000000000     
   325.00000000000000        0.0000000000000000        0.0000000000000000       -325.00000000000000        0.0000000000000000     
   282.92625307062343        75.455168406038041       -227.93999592542980       -149.64619195259851        1.7769999999999999     
   189.21753585292814        72.824643199827875        148.49488515632495        91.901896446600972        1.7769999999999999     
   177.85621107644900       -148.27981160586592        79.445110769104772        57.744295505997499        0.0000000000000000     

 PASSED   1.0000000000000001E-005
 MU_R    =    325.00000000000000     
 ALPHA_S =   0.11799999999999999     
 BORN                    1.6408415652056052E-007
 SINGLE POLE (MadFKS)   -9.3437137008101474E-010
 DOUBLE POLE (MadFKS)   -8.2174585120286725E-009
 SINGLE POLE (MadLoop)  -9.3437137008071965E-010
 DOUBLE POLE (MadLoop)  -8.2174585120288247E-009
 FINITE PART (MadLoop)   1.6233286755181703E-008
   325.00000000000000        0.0000000000000000        0.0000000000000000        325.00000000000000        0.0000000000000000     
   325.00000000000000        0.0000000000000000        0.0000000000000000       -325.00000000000000        0.0000000000000000     
   323.76443330996324        223.47782166924441        99.750949712330453       -211.96146300914981        1.7769999999999999     
   123.32213070761156       -95.002827952627442       -22.095382820053171        75.441679013023034        1.7769999999999999     
   202.91343598242781       -128.47499371661695       -77.655566892277278        136.51978399612676        0.0000000000000000     

 PASSED   1.0000000000000001E-005
 MU_R    =    325.00000000000000     
 ALPHA_S =   0.11799999999999999     
 BORN                    1.6132535730083341E-006
 SINGLE POLE (MadFKS)   -9.1866148643729897E-009
 DOUBLE POLE (MadFKS)   -8.0792957630353890E-008
 SINGLE POLE (MadLoop)  -9.1866148643743380E-009
 DOUBLE POLE (MadLoop)  -8.0792957630353069E-008
 FINITE PART (MadLoop)   1.5000282936565066E-007
   325.00000000000000        0.0000000000000000        0.0000000000000000        325.00000000000000        0.0000000000000000     
   325.00000000000000        0.0000000000000000        0.0000000000000000       -325.00000000000000        0.0000000000000000     
   264.17118817613982        48.199653012151082        246.70081029532588       -81.232767911301337        1.7769999999999999     
   66.616606961751856       -19.867169565869350        62.926709825204640        8.9520588755891861        1.7769999999999999     
   319.21220486210831       -28.332483446281685       -309.62752012053045        72.280709035712135        0.0000000000000000     

 PASSED   1.0000000000000001E-005
 MU_R    =    325.00000000000000     
 ALPHA_S =   0.11799999999999999     
 BORN                    8.4415541824858474E-009
 SINGLE POLE (MadFKS)   -4.8070128855579240E-011
 DOUBLE POLE (MadFKS)   -4.2275941043050920E-010
 SINGLE POLE (MadLoop)  -4.8070128855540427E-011
 DOUBLE POLE (MadLoop)  -4.2275941043050858E-010
 FINITE PART (MadLoop)   8.7384627265977886E-010
   325.00000000000000        0.0000000000000000        0.0000000000000000        325.00000000000000        0.0000000000000000     
   325.00000000000000        0.0000000000000000        0.0000000000000000       -325.00000000000000        0.0000000000000000     
   272.72156912648865        118.15206731034468        152.93393372832142       -192.41932710226195        1.7769999999999999     
   274.60994769513587       -188.58180372695116       -78.776873965729052        183.40821430732746        1.7769999999999999     
   102.66848317837561        70.429736416606488       -74.157059762592354        9.0111127949345686        0.0000000000000000     

 PASSED   1.0000000000000001E-005
 MU_R    =    325.00000000000000     
 ALPHA_S =   0.11799999999999999     
 BORN                    1.8928257333084057E-006
 SINGLE POLE (MadFKS)   -1.0778628548054637E-008
 DOUBLE POLE (MadFKS)   -9.4794142614330068E-008
 SINGLE POLE (MadLoop)  -1.0778628548056877E-008
 DOUBLE POLE (MadLoop)  -9.4794142614329975E-008
 FINITE PART (MadLoop)   2.1485633271523334E-007
   325.00000000000000        0.0000000000000000        0.0000000000000000        325.00000000000000        0.0000000000000000     
   325.00000000000000        0.0000000000000000        0.0000000000000000       -325.00000000000000        0.0000000000000000     
   316.26645712075486       -55.193228955097943        241.80724587593042        196.22506845487837        1.7769999999999999     
   282.51483678344897        82.116910026799758       -218.13003774169360       -159.64828529062447        1.7769999999999999     
   51.218706095796151       -26.923681071701822       -23.677208134237098       -36.576783164253904        0.0000000000000000     

 PASSED   1.0000000000000001E-005
 MU_R    =    325.00000000000000     
 ALPHA_S =   0.11799999999999999     
 BORN                    3.5290755274493172E-007
 SINGLE POLE (MadFKS)   -2.0096194572502684E-009
 DOUBLE POLE (MadFKS)   -1.7673876837095252E-008
 SINGLE POLE (MadLoop)  -2.0096194572527988E-009
 DOUBLE POLE (MadLoop)  -1.7673876837096295E-008
 FINITE PART (MadLoop)   2.9734239693622463E-008
   325.00000000000000        0.0000000000000000        0.0000000000000000        325.00000000000000        0.0000000000000000     
   325.00000000000000        0.0000000000000000        0.0000000000000000       -325.00000000000000        0.0000000000000000     
   185.27158005864368       -95.869961962587212       -132.98742359980801        86.288447697265539        1.7769999999999999     
   140.52091472133048       -53.364472345674805       -98.169034566812499        85.194151727727814        1.7769999999999999     
   324.20750522003061        149.23443430826202        231.15645816662052       -171.48259942499334        0.0000000000000000     

 PASSED   1.0000000000000001E-005
 MU_R    =    325.00000000000000     
 ALPHA_S =   0.11799999999999999     
 BORN                    7.9008271046981541E-006
 SINGLE POLE (MadFKS)   -4.4990977819756612E-008
 DOUBLE POLE (MadFKS)   -3.9567938989547308E-007
 SINGLE POLE (MadLoop)  -4.4990977819742378E-008
 DOUBLE POLE (MadLoop)  -3.9567938989547176E-007
 FINITE PART (MadLoop)   8.7165539628988012E-007
   325.00000000000000        0.0000000000000000        0.0000000000000000        325.00000000000000        0.0000000000000000     
   325.00000000000000        0.0000000000000000        0.0000000000000000       -325.00000000000000        0.0000000000000000     
   302.84946916431130        118.98058518799073        35.013435373984905        276.28304858557681        1.7769999999999999     
   315.15860675092119       -109.67502910187848       -10.989398811718051       -295.24974307430131        1.7769999999999999     
   31.991924084767543       -9.3055560861123396       -24.024036562266868        18.966694488724478        0.0000000000000000     

 PASSED   1.0000000000000001E-005
 MU_R    =    325.00000000000000     
 ALPHA_S =   0.11799999999999999     
 BORN                    6.6340962079223752E-008
 SINGLE POLE (MadFKS)   -3.7777623961329706E-010
 DOUBLE POLE (MadFKS)   -3.3224054966317128E-009
 SINGLE POLE (MadLoop)  -3.7777623961331283E-010
 DOUBLE POLE (MadLoop)  -3.3224054966317124E-009
 FINITE PART (MadLoop)   9.0508722536195199E-009
   325.00000000000000        0.0000000000000000        0.0000000000000000        325.00000000000000        0.0000000000000000     
   325.00000000000000        0.0000000000000000        0.0000000000000000       -325.00000000000000        0.0000000000000000     
   245.74984865246330       -182.27492686430659       -54.760753027699351       -155.45720101738493        1.7769999999999999     
   311.32288317964117        203.58021185040980        12.101595597191579        235.21783220927108        1.7769999999999999     
   92.927268167895633       -21.305284986103214        42.659157430507719       -79.760631191886091        0.0000000000000000     

 PASSED   1.0000000000000001E-005
 MU_R    =    325.00000000000000     
 ALPHA_S =   0.11799999999999999     
 BORN                    8.3205188833183702E-007
 SINGLE POLE (MadFKS)   -4.7380897666478441E-009
 DOUBLE POLE (MadFKS)   -4.1669787121495987E-008
 SINGLE POLE (MadLoop)  -4.7380897666477945E-009
 DOUBLE POLE (MadLoop)  -4.1669787121496226E-008
 FINITE PART (MadLoop)   8.9711728483859798E-008
   325.00000000000000        0.0000000000000000        0.0000000000000000        325.00000000000000        0.0000000000000000     
   325.00000000000000        0.0000000000000000        0.0000000000000000       -325.00000000000000        0.0000000000000000     
   314.88112284144597       -239.31374083159000        200.76662189475829       -39.606322412558690        1.7769999999999999     
   298.78859235926046        208.73763290435249       -212.44258190735715        23.837264881942001        1.7769999999999999     
   36.330284799293601        30.576107927237508        11.675960012598900        15.769057530616680        0.0000000000000000     

 PASSED   1.0000000000000001E-005
 MU_R    =    325.00000000000000     
 ALPHA_S =   0.11799999999999999     
 BORN                    1.8053965331170433E-010
 SINGLE POLE (MadFKS)   -1.0280766089544628E-012
 DOUBLE POLE (MadFKS)   -9.0415622222433832E-012
 SINGLE POLE (MadLoop)  -1.0280766089547983E-012
 DOUBLE POLE (MadLoop)  -9.0415622222443445E-012
 FINITE PART (MadLoop)  -1.5868792909868474E-012
   325.00000000000000        0.0000000000000000        0.0000000000000000        325.00000000000000        0.0000000000000000     
   325.00000000000000        0.0000000000000000        0.0000000000000000       -325.00000000000000        0.0000000000000000     
   301.69455777655065        93.762635030370447        63.672137405289412       -279.59055000731325        1.7769999999999999     
   108.16801691961393        26.701169316681270        37.192377197759484        97.984370135360791        1.7769999999999999     
   240.13742530384019       -120.46380434705185       -100.86451460304879        181.60617987195246        0.0000000000000000     

 PASSED   1.0000000000000001E-005
 MU_R    =    325.00000000000000     
 ALPHA_S =   0.11799999999999999     
 BORN                    3.5585275213844971E-009
 SINGLE POLE (MadFKS)   -2.0263907900275555E-011
 DOUBLE POLE (MadFKS)   -1.7821374647603567E-010
 SINGLE POLE (MadLoop)  -2.0263907900275762E-011
 DOUBLE POLE (MadLoop)  -1.7821374647603665E-010
 FINITE PART (MadLoop)   4.1376577915121697E-010
   325.00000000000000        0.0000000000000000        0.0000000000000000        325.00000000000000        0.0000000000000000     
   325.00000000000000        0.0000000000000000        0.0000000000000000       -325.00000000000000        0.0000000000000000     
   193.12719047903784        111.17558650065254        3.5803908917212075       -157.86742457082440        1.7769999999999999     
   201.39180793372333       -37.386825890222703        197.06424984044799        17.983583027010123        1.7769999999999999     
   255.48100158724031       -73.788760610429861       -200.64464073216922        139.88384154381424        0.0000000000000000     

 PASSED   1.0000000000000001E-005
 MU_R    =    325.00000000000000     
 ALPHA_S =   0.11799999999999999     
 BORN                    1.6621204565022999E-007
 SINGLE POLE (MadFKS)   -9.4648855874584768E-010
 DOUBLE POLE (MadFKS)   -8.3240248071058242E-009
 SINGLE POLE (MadLoop)  -9.4648855874551660E-010
 DOUBLE POLE (MadLoop)  -8.3240248071058093E-009
 FINITE PART (MadLoop)   2.0729973922523358E-008
   325.00000000000000        0.0000000000000000        0.0000000000000000        325.00000000000000        0.0000000000000000     
   325.00000000000000        0.0000000000000000        0.0000000000000000       -325.00000000000000        0.0000000000000000     
   318.83135232295314       -134.32955961160408       -235.95513508622770       -167.12575246225728        1.7769999999999999     
   197.28460732417702        84.741808897896689        166.18719863969858        64.177093974847864        1.7769999999999999     
   133.88404035287016        49.587750713707415        69.767936446529077        102.94865848740942        0.0000000000000000     

 PASSED   1.0000000000000001E-005
 MU_R    =    325.00000000000000     
 ALPHA_S =   0.11799999999999999     
 BORN                    3.3177964450047882E-009
 SINGLE POLE (MadFKS)   -1.8893073382015273E-011
 DOUBLE POLE (MadFKS)   -1.6615775231636561E-010
 SINGLE POLE (MadLoop)  -1.8893073381960896E-011
 DOUBLE POLE (MadLoop)  -1.6615775231636734E-010
 FINITE PART (MadLoop)   2.6078043121330579E-010
   325.00000000000000        0.0000000000000000        0.0000000000000000        325.00000000000000        0.0000000000000000     
   325.00000000000000        0.0000000000000000        0.0000000000000000       -325.00000000000000        0.0000000000000000     
   181.32328939788317        10.121166017768383       -140.12729635185903       -114.61623080797777        1.7769999999999999     
   282.44878175476509       -124.32598126922133        252.81338069678273        20.064932291432758        1.7769999999999999     
   186.22792884735247        114.20481525145300       -112.68608434492423        94.551298516544975        0.0000000000000000     

 PASSED   1.0000000000000001E-005
 MU_R    =    325.00000000000000     
 ALPHA_S =   0.11799999999999999     
 BORN                    1.4857325369157831E-008
 SINGLE POLE (MadFKS)   -8.4604508779492230E-011
 DOUBLE POLE (MadFKS)   -7.4406607810100891E-010
 SINGLE POLE (MadLoop)  -8.4604508779477845E-011
 DOUBLE POLE (MadLoop)  -7.4406607810101397E-010
 FINITE PART (MadLoop)   1.4439148451417504E-009
   325.00000000000000        0.0000000000000000        0.0000000000000000        325.00000000000000        0.0000000000000000     
   325.00000000000000        0.0000000000000000        0.0000000000000000       -325.00000000000000        0.0000000000000000     
   259.09388802689097        162.20448430060375       -174.34348845747309       -102.08103834280524        1.7769999999999999     
   155.33737728187103        35.552308123694679        149.37222679315943       -23.463041186963697        1.7769999999999999     
   235.56873469123960       -197.75679242429840        24.971261664313644        125.54407952976896        0.0000000000000000     

 PASSED   1.0000000000000001E-005
 MU_R    =    325.00000000000000     
 ALPHA_S =   0.11799999999999999     
 BORN                    1.4424430349979810E-008
 SINGLE POLE (MadFKS)   -8.2139403550884579E-011
 DOUBLE POLE (MadFKS)   -7.2238636852031263E-010
 SINGLE POLE (MadLoop)  -8.2139403550882136E-011
 DOUBLE POLE (MadLoop)  -7.2238636852032834E-010
 FINITE PART (MadLoop)   1.5729041353873907E-009
Thanks for using LHAPDF 6.2.1. Please make sure to cite the paper:
  Eur.Phys.J. C75 (2015) 3, 132  (http://arxiv.org/abs/1412.7420)
   325.00000000000000        0.0000000000000000        0.0000000000000000        325.00000000000000        0.0000000000000000     
   325.00000000000000        0.0000000000000000        0.0000000000000000       -325.00000000000000        0.0000000000000000     
   114.85518914189875        75.007701216885096        71.934203240354179       -48.865856240889130        1.7769999999999999     
   248.31991124698118       -155.44963359178996        190.64784221897497       -33.888527057629403        1.7769999999999999     
   286.82489961112520        80.441932374904852       -262.58204545932909        82.754383298518533        0.0000000000000000     

 PASSED   1.0000000000000001E-005
 MU_R    =    325.00000000000000     
 ALPHA_S =   0.11799999999999999     
 BORN                    9.3809480166899949E-007
 SINGLE POLE (MadFKS)   -5.3419473499960044E-009
 DOUBLE POLE (MadFKS)   -4.6980496329021412E-008
 SINGLE POLE (MadLoop)  -5.3419473499957646E-009
 DOUBLE POLE (MadLoop)  -4.6980496329021531E-008
 FINITE PART (MadLoop)   1.0116257012611270E-007
   325.00000000000000        0.0000000000000000        0.0000000000000000        325.00000000000000        0.0000000000000000     
   325.00000000000000        0.0000000000000000        0.0000000000000000       -325.00000000000000        0.0000000000000000     
   302.87774592964581       -150.31502387138093        254.67066452794299        65.421842513530848        1.7769999999999999     
   305.53267259756097        185.32188772848525       -232.65227228092004       -69.826745784718071        1.7769999999999999     
   41.589581472793242       -35.006863857104236       -22.018392247022931        4.4049032711872025        0.0000000000000000     

 NUMBER OF POINTS PASSING THE CHECK          20
 NUMBER OF POINTS FAILING THE CHECK           0
 TOLERANCE    1.0000000000000001E-005
